Building DAG of jobs...
Using shell: /usr/bin/bash
Provided cores: 16
Rules claiming more threads will be scaled down.
Job counts:
	count	jobs
	1	align
	1

[Thu Sep 10 15:57:26 2020]
Job 0: --- Aligning reads to reference.

Activating conda environment: /home/groups/MaxsonLab/kongg/atac_seq2/.snakemake/conda/714e46c9
[M::bwa_idx_load_from_disk] read 0 ALT contigs
[M::process] read 1773050 sequences (160000111 bp)...
[M::process] read 1775334 sequences (160000001 bp)...
[M::mem_pestat] # candidate unique pairs for (FF, FR, RF, RR): (128, 593811, 657, 78)
[M::mem_pestat] analyzing insert size distribution for orientation FF...
[M::mem_pestat] (25, 50, 75) percentile: (89, 209, 427)
[M::mem_pestat] low and high boundaries for computing mean and std.dev: (1, 1103)
[M::mem_pestat] mean and std.dev: (212.94, 184.37)
[M::mem_pestat] low and high boundaries for proper pairs: (1, 1441)
[M::mem_pestat] analyzing insert size distribution for orientation FR...
[M::mem_pestat] (25, 50, 75) percentile: (93, 166, 225)
[M::mem_pestat] low and high boundaries for computing mean and std.dev: (1, 489)
[M::mem_pestat] mean and std.dev: (174.51, 99.06)
[M::mem_pestat] low and high boundaries for proper pairs: (1, 621)
[M::mem_pestat] analyzing insert size distribution for orientation RF...
[M::mem_pestat] (25, 50, 75) percentile: (25, 117, 352)
[M::mem_pestat] low and high boundaries for computing mean and std.dev: (1, 1006)
[M::mem_pestat] mean and std.dev: (171.90, 208.48)
[M::mem_pestat] low and high boundaries for proper pairs: (1, 1333)
[M::mem_pestat] analyzing insert size distribution for orientation RR...
[M::mem_pestat] (25, 50, 75) percentile: (70, 398, 3187)
[M::mem_pestat] low and high boundaries for computing mean and std.dev: (1, 9421)
[M::mem_pestat] mean and std.dev: (1848.82, 2571.62)
[M::mem_pestat] low and high boundaries for proper pairs: (1, 12538)
[M::mem_pestat] skip orientation FF
[M::mem_pestat] skip orientation RF
[M::mem_pestat] skip orientation RR
[M::mem_process_seqs] Processed 1773050 reads in 568.441 CPU sec, 40.949 real sec
[M::process] read 1776504 sequences (160000114 bp)...
[M::mem_pestat] # candidate unique pairs for (FF, FR, RF, RR): (146, 593093, 687, 73)
[M::mem_pestat] analyzing insert size distribution for orientation FF...
[M::mem_pestat] (25, 50, 75) percentile: (105, 234, 546)
[M::mem_pestat] low and high boundaries for computing mean and std.dev: (1, 1428)
[M::mem_pestat] mean and std.dev: (258.46, 251.71)
[M::mem_pestat] low and high boundaries for proper pairs: (1, 1869)
[M::mem_pestat] analyzing insert size distribution for orientation FR...
[M::mem_pestat] (25, 50, 75) percentile: (93, 165, 223)
[M::mem_pestat] low and high boundaries for computing mean and std.dev: (1, 483)
[M::mem_pestat] mean and std.dev: (172.82, 97.43)
[M::mem_pestat] low and high boundaries for proper pairs: (1, 613)
[M::mem_pestat] analyzing insert size distribution for orientation RF...
[M::mem_pestat] (25, 50, 75) percentile: (24, 71, 254)
[M::mem_pestat] low and high boundaries for computing mean and std.dev: (1, 714)
[M::mem_pestat] mean and std.dev: (125.67, 145.18)
[M::mem_pestat] low and high boundaries for proper pairs: (1, 944)
[M::mem_pestat] analyzing insert size distribution for orientation RR...
[M::mem_pestat] (25, 50, 75) percentile: (55, 787, 3630)
[M::mem_pestat] low and high boundaries for computing mean and std.dev: (1, 10780)
[M::mem_pestat] mean and std.dev: (2300.10, 2999.55)
[M::mem_pestat] low and high boundaries for proper pairs: (1, 14355)
[M::mem_pestat] skip orientation FF
[M::mem_pestat] skip orientation RF
[M::mem_pestat] skip orientation RR
[M::mem_process_seqs] Processed 1775334 reads in 561.638 CPU sec, 36.637 real sec
[M::process] read 1775288 sequences (160000198 bp)...
[M::mem_pestat] # candidate unique pairs for (FF, FR, RF, RR): (153, 595167, 676, 55)
[M::mem_pestat] analyzing insert size distribution for orientation FF...
[M::mem_pestat] (25, 50, 75) percentile: (93, 225, 417)
[M::mem_pestat] low and high boundaries for computing mean and std.dev: (1, 1065)
[M::mem_pestat] mean and std.dev: (224.33, 176.46)
[M::mem_pestat] low and high boundaries for proper pairs: (1, 1389)
[M::mem_pestat] analyzing insert size distribution for orientation FR...
[M::mem_pestat] (25, 50, 75) percentile: (92, 165, 223)
[M::mem_pestat] low and high boundaries for computing mean and std.dev: (1, 485)
[M::mem_pestat] mean and std.dev: (172.90, 98.13)
[M::mem_pestat] low and high boundaries for proper pairs: (1, 616)
[M::mem_pestat] analyzing insert size distribution for orientation RF...
[M::mem_pestat] (25, 50, 75) percentile: (25, 88, 281)
[M::mem_pestat] low and high boundaries for computing mean and std.dev: (1, 793)
[M::mem_pestat] mean and std.dev: (136.64, 163.20)
[M::mem_pestat] low and high boundaries for proper pairs: (1, 1049)
[M::mem_pestat] analyzing insert size distribution for orientation RR...
[M::mem_pestat] (25, 50, 75) percentile: (103, 339, 2904)
[M::mem_pestat] low and high boundaries for computing mean and std.dev: (1, 8506)
[M::mem_pestat] mean and std.dev: (1354.19, 1959.68)
[M::mem_pestat] low and high boundaries for proper pairs: (1, 11307)
[M::mem_pestat] skip orientation FF
[M::mem_pestat] skip orientation RF
[M::mem_pestat] skip orientation RR
[M::mem_process_seqs] Processed 1776504 reads in 552.332 CPU sec, 36.376 real sec
[M::process] read 1774858 sequences (160000145 bp)...
[M::mem_pestat] # candidate unique pairs for (FF, FR, RF, RR): (41, 600577, 629, 20)
[M::mem_pestat] analyzing insert size distribution for orientation FF...
[M::mem_pestat] (25, 50, 75) percentile: (65, 191, 375)
[M::mem_pestat] low and high boundaries for computing mean and std.dev: (1, 995)
[M::mem_pestat] mean and std.dev: (219.18, 195.60)
[M::mem_pestat] low and high boundaries for proper pairs: (1, 1305)
[M::mem_pestat] analyzing insert size distribution for orientation FR...
[M::mem_pestat] (25, 50, 75) percentile: (89, 162, 222)
[M::mem_pestat] low and high boundaries for computing mean and std.dev: (1, 488)
[M::mem_pestat] mean and std.dev: (171.63, 99.43)
[M::mem_pestat] low and high boundaries for proper pairs: (1, 621)
[M::mem_pestat] analyzing insert size distribution for orientation RF...
[M::mem_pestat] (25, 50, 75) percentile: (24, 66, 205)
[M::mem_pestat] low and high boundaries for computing mean and std.dev: (1, 567)
[M::mem_pestat] mean and std.dev: (117.24, 128.94)
[M::mem_pestat] low and high boundaries for proper pairs: (1, 748)
[M::mem_pestat] analyzing insert size distribution for orientation RR...
[M::mem_pestat] (25, 50, 75) percentile: (59, 127, 195)
[M::mem_pestat] low and high boundaries for computing mean and std.dev: (1, 467)
[M::mem_pestat] mean and std.dev: (98.88, 64.83)
[M::mem_pestat] low and high boundaries for proper pairs: (1, 603)
[M::mem_pestat] skip orientation FF
[M::mem_pestat] skip orientation RF
[M::mem_pestat] skip orientation RR
[M::mem_process_seqs] Processed 1775288 reads in 535.870 CPU sec, 35.009 real sec
[M::process] read 1774096 sequences (160000042 bp)...
[M::mem_pestat] # candidate unique pairs for (FF, FR, RF, RR): (36, 601508, 641, 36)
[M::mem_pestat] analyzing insert size distribution for orientation FF...
[M::mem_pestat] (25, 50, 75) percentile: (115, 192, 432)
[M::mem_pestat] low and high boundaries for computing mean and std.dev: (1, 1066)
[M::mem_pestat] mean and std.dev: (203.23, 137.87)
[M::mem_pestat] low and high boundaries for proper pairs: (1, 1383)
[M::mem_pestat] analyzing insert size distribution for orientation FR...
[M::mem_pestat] (25, 50, 75) percentile: (89, 161, 221)
[M::mem_pestat] low and high boundaries for computing mean and std.dev: (1, 485)
[M::mem_pestat] mean and std.dev: (170.67, 98.27)
[M::mem_pestat] low and high boundaries for proper pairs: (1, 617)
[M::mem_pestat] analyzing insert size distribution for orientation RF...
[M::mem_pestat] (25, 50, 75) percentile: (24, 71, 207)
[M::mem_pestat] low and high boundaries for computing mean and std.dev: (1, 573)
[M::mem_pestat] mean and std.dev: (119.90, 129.64)
[M::mem_pestat] low and high boundaries for proper pairs: (1, 756)
[M::mem_pestat] analyzing insert size distribution for orientation RR...
[M::mem_pestat] (25, 50, 75) percentile: (41, 191, 671)
[M::mem_pestat] low and high boundaries for computing mean and std.dev: (1, 1931)
[M::mem_pestat] mean and std.dev: (344.38, 505.08)
[M::mem_pestat] low and high boundaries for proper pairs: (1, 2561)
[M::mem_pestat] skip orientation FF
[M::mem_pestat] skip orientation RF
[M::mem_pestat] skip orientation RR
[M::mem_process_seqs] Processed 1774858 reads in 534.627 CPU sec, 34.806 real sec
[M::process] read 1776944 sequences (160000064 bp)...
[M::mem_pestat] # candidate unique pairs for (FF, FR, RF, RR): (45, 600286, 626, 26)
[M::mem_pestat] analyzing insert size distribution for orientation FF...
[M::mem_pestat] (25, 50, 75) percentile: (96, 186, 613)
[M::mem_pestat] low and high boundaries for computing mean and std.dev: (1, 1647)
[M::mem_pestat] mean and std.dev: (234.59, 281.28)
[M::mem_pestat] low and high boundaries for proper pairs: (1, 2164)
[M::mem_pestat] analyzing insert size distribution for orientation FR...
[M::mem_pestat] (25, 50, 75) percentile: (89, 161, 221)
[M::mem_pestat] low and high boundaries for computing mean and std.dev: (1, 485)
[M::mem_pestat] mean and std.dev: (170.82, 98.50)
[M::mem_pestat] low and high boundaries for proper pairs: (1, 617)
[M::mem_pestat] analyzing insert size distribution for orientation RF...
[M::mem_pestat] (25, 50, 75) percentile: (24, 67, 207)
[M::mem_pestat] low and high boundaries for computing mean and std.dev: (1, 573)
[M::mem_pestat] mean and std.dev: (110.48, 121.02)
[M::mem_pestat] low and high boundaries for proper pairs: (1, 756)
[M::mem_pestat] analyzing insert size distribution for orientation RR...
[M::mem_pestat] (25, 50, 75) percentile: (49, 105, 344)
[M::mem_pestat] low and high boundaries for computing mean and std.dev: (1, 934)
[M::mem_pestat] mean and std.dev: (154.39, 189.14)
[M::mem_pestat] low and high boundaries for proper pairs: (1, 1229)
[M::mem_pestat] skip orientation FF
[M::mem_pestat] skip orientation RF
[M::mem_pestat] skip orientation RR
[M::mem_process_seqs] Processed 1774096 reads in 528.444 CPU sec, 34.555 real sec
[M::process] read 1777266 sequences (160000194 bp)...
[M::mem_pestat] # candidate unique pairs for (FF, FR, RF, RR): (50, 599026, 607, 31)
[M::mem_pestat] analyzing insert size distribution for orientation FF...
[M::mem_pestat] (25, 50, 75) percentile: (87, 199, 430)
[M::mem_pestat] low and high boundaries for computing mean and std.dev: (1, 1116)
[M::mem_pestat] mean and std.dev: (224.53, 179.68)
[M::mem_pestat] low and high boundaries for proper pairs: (1, 1459)
[M::mem_pestat] analyzing insert size distribution for orientation FR...
[M::mem_pestat] (25, 50, 75) percentile: (89, 160, 220)
[M::mem_pestat] low and high boundaries for computing mean and std.dev: (1, 482)
[M::mem_pestat] mean and std.dev: (169.73, 97.60)
[M::mem_pestat] low and high boundaries for proper pairs: (1, 613)
[M::mem_pestat] analyzing insert size distribution for orientation RF...
[M::mem_pestat] (25, 50, 75) percentile: (26, 116, 237)
[M::mem_pestat] low and high boundaries for computing mean and std.dev: (1, 659)
[M::mem_pestat] mean and std.dev: (128.74, 136.72)
[M::mem_pestat] low and high boundaries for proper pairs: (1, 870)
[M::mem_pestat] analyzing insert size distribution for orientation RR...
[M::mem_pestat] (25, 50, 75) percentile: (66, 162, 320)
[M::mem_pestat] low and high boundaries for computing mean and std.dev: (1, 828)
[M::mem_pestat] mean and std.dev: (154.50, 116.34)
[M::mem_pestat] low and high boundaries for proper pairs: (1, 1082)
[M::mem_pestat] skip orientation FF
[M::mem_pestat] skip orientation RF
[M::mem_pestat] skip orientation RR
[M::mem_process_seqs] Processed 1776944 reads in 537.613 CPU sec, 34.929 real sec
[M::process] read 1772476 sequences (160000189 bp)...
[M::mem_pestat] # candidate unique pairs for (FF, FR, RF, RR): (42, 599549, 611, 24)
[M::mem_pestat] analyzing insert size distribution for orientation FF...
[M::mem_pestat] (25, 50, 75) percentile: (66, 152, 457)
[M::mem_pestat] low and high boundaries for computing mean and std.dev: (1, 1239)
[M::mem_pestat] mean and std.dev: (218.76, 220.45)
[M::mem_pestat] low and high boundaries for proper pairs: (1, 1630)
[M::mem_pestat] analyzing insert size distribution for orientation FR...
[M::mem_pestat] (25, 50, 75) percentile: (89, 159, 220)
[M::mem_pestat] low and high boundaries for computing mean and std.dev: (1, 482)
[M::mem_pestat] mean and std.dev: (169.63, 97.73)
[M::mem_pestat] low and high boundaries for proper pairs: (1, 613)
[M::mem_pestat] analyzing insert size distribution for orientation RF...
[M::mem_pestat] (25, 50, 75) percentile: (25, 73, 209)
[M::mem_pestat] low and high boundaries for computing mean and std.dev: (1, 577)
[M::mem_pestat] mean and std.dev: (119.25, 133.56)
[M::mem_pestat] low and high boundaries for proper pairs: (1, 761)
[M::mem_pestat] analyzing insert size distribution for orientation RR...
[M::mem_pestat] (25, 50, 75) percentile: (62, 150, 1506)
[M::mem_pestat] low and high boundaries for computing mean and std.dev: (1, 4394)
[M::mem_pestat] mean and std.dev: (667.45, 1041.63)
[M::mem_pestat] low and high boundaries for proper pairs: (1, 5838)
[M::mem_pestat] skip orientation FF
[M::mem_pestat] skip orientation RF
[M::mem_pestat] skip orientation RR
[M::mem_process_seqs] Processed 1777266 reads in 544.982 CPU sec, 35.656 real sec
[M::process] read 1775020 sequences (160000020 bp)...
[M::mem_pestat] # candidate unique pairs for (FF, FR, RF, RR): (79, 595635, 616, 41)
[M::mem_pestat] analyzing insert size distribution for orientation FF...
[M::mem_pestat] (25, 50, 75) percentile: (92, 192, 369)
[M::mem_pestat] low and high boundaries for computing mean and std.dev: (1, 923)
[M::mem_pestat] mean and std.dev: (198.14, 132.94)
[M::mem_pestat] low and high boundaries for proper pairs: (1, 1200)
[M::mem_pestat] analyzing insert size distribution for orientation FR...
[M::mem_pestat] (25, 50, 75) percentile: (91, 163, 224)
[M::mem_pestat] low and high boundaries for computing mean and std.dev: (1, 490)
[M::mem_pestat] mean and std.dev: (173.20, 100.30)
[M::mem_pestat] low and high boundaries for proper pairs: (1, 623)
[M::mem_pestat] analyzing insert size distribution for orientation RF...
[M::mem_pestat] (25, 50, 75) percentile: (26, 123, 247)
[M::mem_pestat] low and high boundaries for computing mean and std.dev: (1, 689)
[M::mem_pestat] mean and std.dev: (143.06, 155.02)
[M::mem_pestat] low and high boundaries for proper pairs: (1, 910)
[M::mem_pestat] analyzing insert size distribution for orientation RR...
[M::mem_pestat] (25, 50, 75) percentile: (64, 344, 3130)
[M::mem_pestat] low and high boundaries for computing mean and std.dev: (1, 9262)
[M::mem_pestat] mean and std.dev: (1378.15, 1973.50)
[M::mem_pestat] low and high boundaries for proper pairs: (1, 12328)
[M::mem_pestat] skip orientation FF
[M::mem_pestat] skip orientation RF
[M::mem_pestat] skip orientation RR
[M::mem_process_seqs] Processed 1772476 reads in 526.956 CPU sec, 34.362 real sec
[M::process] read 1776574 sequences (160000166 bp)...
[M::mem_pestat] # candidate unique pairs for (FF, FR, RF, RR): (155, 592305, 687, 90)
[M::mem_pestat] analyzing insert size distribution for orientation FF...
[M::mem_pestat] (25, 50, 75) percentile: (109, 209, 383)
[M::mem_pestat] low and high boundaries for computing mean and std.dev: (1, 931)
[M::mem_pestat] mean and std.dev: (205.11, 149.11)
[M::mem_pestat] low and high boundaries for proper pairs: (1, 1205)
[M::mem_pestat] analyzing insert size distribution for orientation FR...
[M::mem_pestat] (25, 50, 75) percentile: (93, 165, 224)
[M::mem_pestat] low and high boundaries for computing mean and std.dev: (1, 486)
[M::mem_pestat] mean and std.dev: (173.34, 98.14)
[M::mem_pestat] low and high boundaries for proper pairs: (1, 617)
[M::mem_pestat] analyzing insert size distribution for orientation RF...
[M::mem_pestat] (25, 50, 75) percentile: (25, 111, 340)
[M::mem_pestat] low and high boundaries for computing mean and std.dev: (1, 970)
[M::mem_pestat] mean and std.dev: (167.41, 206.87)
[M::mem_pestat] low and high boundaries for proper pairs: (1, 1285)
[M::mem_pestat] analyzing insert size distribution for orientation RR...
[M::mem_pestat] (25, 50, 75) percentile: (44, 142, 2256)
[M::mem_pestat] low and high boundaries for computing mean and std.dev: (1, 6680)
[M::mem_pestat] mean and std.dev: (898.73, 1467.58)
[M::mem_pestat] low and high boundaries for proper pairs: (1, 8892)
[M::mem_pestat] skip orientation FF
[M::mem_pestat] skip orientation RF
[M::mem_pestat] skip orientation RR
[M::mem_process_seqs] Processed 1775020 reads in 556.729 CPU sec, 36.237 real sec
[M::process] read 1776050 sequences (160000041 bp)...
[M::mem_pestat] # candidate unique pairs for (FF, FR, RF, RR): (169, 594788, 701, 62)
[M::mem_pestat] analyzing insert size distribution for orientation FF...
[M::mem_pestat] (25, 50, 75) percentile: (82, 183, 373)
[M::mem_pestat] low and high boundaries for computing mean and std.dev: (1, 955)
[M::mem_pestat] mean and std.dev: (203.16, 174.09)
[M::mem_pestat] low and high boundaries for proper pairs: (1, 1246)
[M::mem_pestat] analyzing insert size distribution for orientation FR...
[M::mem_pestat] (25, 50, 75) percentile: (93, 165, 224)
[M::mem_pestat] low and high boundaries for computing mean and std.dev: (1, 486)
[M::mem_pestat] mean and std.dev: (173.66, 98.53)
[M::mem_pestat] low and high boundaries for proper pairs: (1, 617)
[M::mem_pestat] analyzing insert size distribution for orientation RF...
[M::mem_pestat] (25, 50, 75) percentile: (26, 102, 229)
[M::mem_pestat] low and high boundaries for computing mean and std.dev: (1, 635)
[M::mem_pestat] mean and std.dev: (127.46, 142.22)
[M::mem_pestat] low and high boundaries for proper pairs: (1, 838)
[M::mem_pestat] analyzing insert size distribution for orientation RR...
[M::mem_pestat] (25, 50, 75) percentile: (37, 147, 1036)
[M::mem_pestat] low and high boundaries for computing mean and std.dev: (1, 3034)
[M::mem_pestat] mean and std.dev: (302.06, 560.78)
[M::mem_pestat] low and high boundaries for proper pairs: (1, 4033)
[M::mem_pestat] skip orientation FF
[M::mem_pestat] skip orientation RF
[M::mem_pestat] skip orientation RR
[M::mem_process_seqs] Processed 1776574 reads in 556.717 CPU sec, 36.422 real sec
[M::process] read 1778956 sequences (160000132 bp)...
[M::mem_pestat] # candidate unique pairs for (FF, FR, RF, RR): (128, 599127, 678, 53)
[M::mem_pestat] analyzing insert size distribution for orientation FF...
[M::mem_pestat] (25, 50, 75) percentile: (107, 232, 367)
[M::mem_pestat] low and high boundaries for computing mean and std.dev: (1, 887)
[M::mem_pestat] mean and std.dev: (218.04, 158.76)
[M::mem_pestat] low and high boundaries for proper pairs: (1, 1147)
[M::mem_pestat] analyzing insert size distribution for orientation FR...
[M::mem_pestat] (25, 50, 75) percentile: (91, 164, 223)
[M::mem_pestat] low and high boundaries for computing mean and std.dev: (1, 487)
[M::mem_pestat] mean and std.dev: (172.86, 99.08)
[M::mem_pestat] low and high boundaries for proper pairs: (1, 619)
[M::mem_pestat] analyzing insert size distribution for orientation RF...
[M::mem_pestat] (25, 50, 75) percentile: (24, 69, 235)
[M::mem_pestat] low and high boundaries for computing mean and std.dev: (1, 657)
[M::mem_pestat] mean and std.dev: (124.10, 142.04)
[M::mem_pestat] low and high boundaries for proper pairs: (1, 868)
[M::mem_pestat] analyzing insert size distribution for orientation RR...
[M::mem_pestat] (25, 50, 75) percentile: (53, 176, 1659)
[M::mem_pestat] low and high boundaries for computing mean and std.dev: (1, 4871)
[M::mem_pestat] mean and std.dev: (673.40, 1097.89)
[M::mem_pestat] low and high boundaries for proper pairs: (1, 6477)
[M::mem_pestat] skip orientation FF
[M::mem_pestat] skip orientation RF
[M::mem_pestat] skip orientation RR
[M::mem_process_seqs] Processed 1776050 reads in 545.783 CPU sec, 35.467 real sec
[M::process] read 1777276 sequences (160000095 bp)...
[M::mem_pestat] # candidate unique pairs for (FF, FR, RF, RR): (73, 600500, 604, 42)
[M::mem_pestat] analyzing insert size distribution for orientation FF...
[M::mem_pestat] (25, 50, 75) percentile: (83, 177, 301)
[M::mem_pestat] low and high boundaries for computing mean and std.dev: (1, 737)
[M::mem_pestat] mean and std.dev: (196.13, 151.70)
[M::mem_pestat] low and high boundaries for proper pairs: (1, 955)
[M::mem_pestat] analyzing insert size distribution for orientation FR...
[M::mem_pestat] (25, 50, 75) percentile: (89, 159, 220)
[M::mem_pestat] low and high boundaries for computing mean and std.dev: (1, 482)
[M::mem_pestat] mean and std.dev: (169.54, 97.94)
[M::mem_pestat] low and high boundaries for proper pairs: (1, 613)
[M::mem_pestat] analyzing insert size distribution for orientation RF...
[M::mem_pestat] (25, 50, 75) percentile: (25, 107, 214)
[M::mem_pestat] low and high boundaries for computing mean and std.dev: (1, 592)
[M::mem_pestat] mean and std.dev: (122.80, 128.13)
[M::mem_pestat] low and high boundaries for proper pairs: (1, 781)
[M::mem_pestat] analyzing insert size distribution for orientation RR...
[M::mem_pestat] (25, 50, 75) percentile: (43, 74, 234)
[M::mem_pestat] low and high boundaries for computing mean and std.dev: (1, 616)
[M::mem_pestat] mean and std.dev: (106.36, 105.67)
[M::mem_pestat] low and high boundaries for proper pairs: (1, 807)
[M::mem_pestat] skip orientation FF
[M::mem_pestat] skip orientation RF
[M::mem_pestat] skip orientation RR
[M::mem_process_seqs] Processed 1778956 reads in 547.028 CPU sec, 35.756 real sec
[M::process] read 1775874 sequences (160000011 bp)...
[M::mem_pestat] # candidate unique pairs for (FF, FR, RF, RR): (74, 600878, 623, 39)
[M::mem_pestat] analyzing insert size distribution for orientation FF...
[M::mem_pestat] (25, 50, 75) percentile: (146, 230, 453)
[M::mem_pestat] low and high boundaries for computing mean and std.dev: (1, 1067)
[M::mem_pestat] mean and std.dev: (263.18, 186.65)
[M::mem_pestat] low and high boundaries for proper pairs: (1, 1374)
[M::mem_pestat] analyzing insert size distribution for orientation FR...
[M::mem_pestat] (25, 50, 75) percentile: (89, 160, 221)
[M::mem_pestat] low and high boundaries for computing mean and std.dev: (1, 485)
[M::mem_pestat] mean and std.dev: (169.99, 98.38)
[M::mem_pestat] low and high boundaries for proper pairs: (1, 617)
[M::mem_pestat] analyzing insert size distribution for orientation RF...
[M::mem_pestat] (25, 50, 75) percentile: (26, 106, 238)
[M::mem_pestat] low and high boundaries for computing mean and std.dev: (1, 662)
[M::mem_pestat] mean and std.dev: (133.84, 146.59)
[M::mem_pestat] low and high boundaries for proper pairs: (1, 874)
[M::mem_pestat] analyzing insert size distribution for orientation RR...
[M::mem_pestat] (25, 50, 75) percentile: (62, 171, 2010)
[M::mem_pestat] low and high boundaries for computing mean and std.dev: (1, 5906)
[M::mem_pestat] mean and std.dev: (783.44, 1283.72)
[M::mem_pestat] low and high boundaries for proper pairs: (1, 7854)
[M::mem_pestat] skip orientation FF
[M::mem_pestat] skip orientation RF
[M::mem_pestat] skip orientation RR
[M::mem_process_seqs] Processed 1777276 reads in 537.695 CPU sec, 35.259 real sec
[M::process] read 1782220 sequences (160000057 bp)...
[M::mem_pestat] # candidate unique pairs for (FF, FR, RF, RR): (51, 601767, 599, 31)
[M::mem_pestat] analyzing insert size distribution for orientation FF...
[M::mem_pestat] (25, 50, 75) percentile: (115, 248, 372)
[M::mem_pestat] low and high boundaries for computing mean and std.dev: (1, 886)
[M::mem_pestat] mean and std.dev: (212.43, 146.73)
[M::mem_pestat] low and high boundaries for proper pairs: (1, 1143)
[M::mem_pestat] analyzing insert size distribution for orientation FR...
[M::mem_pestat] (25, 50, 75) percentile: (89, 160, 221)
[M::mem_pestat] low and high boundaries for computing mean and std.dev: (1, 485)
[M::mem_pestat] mean and std.dev: (170.27, 98.25)
[M::mem_pestat] low and high boundaries for proper pairs: (1, 617)
[M::mem_pestat] analyzing insert size distribution for orientation RF...
[M::mem_pestat] (25, 50, 75) percentile: (26, 140, 240)
[M::mem_pestat] low and high boundaries for computing mean and std.dev: (1, 668)
[M::mem_pestat] mean and std.dev: (134.42, 142.51)
[M::mem_pestat] low and high boundaries for proper pairs: (1, 882)
[M::mem_pestat] analyzing insert size distribution for orientation RR...
[M::mem_pestat] (25, 50, 75) percentile: (56, 109, 365)
[M::mem_pestat] low and high boundaries for computing mean and std.dev: (1, 983)
[M::mem_pestat] mean and std.dev: (173.52, 185.77)
[M::mem_pestat] low and high boundaries for proper pairs: (1, 1292)
[M::mem_pestat] skip orientation FF
[M::mem_pestat] skip orientation RF
[M::mem_pestat] skip orientation RR
[M::mem_process_seqs] Processed 1775874 reads in 532.455 CPU sec, 34.624 real sec
[M::process] read 1778176 sequences (160000071 bp)...
[M::mem_pestat] # candidate unique pairs for (FF, FR, RF, RR): (45, 603559, 631, 27)
[M::mem_pestat] analyzing insert size distribution for orientation FF...
[M::mem_pestat] (25, 50, 75) percentile: (68, 175, 374)
[M::mem_pestat] low and high boundaries for computing mean and std.dev: (1, 986)
[M::mem_pestat] mean and std.dev: (213.74, 174.22)
[M::mem_pestat] low and high boundaries for proper pairs: (1, 1292)
[M::mem_pestat] analyzing insert size distribution for orientation FR...
[M::mem_pestat] (25, 50, 75) percentile: (89, 160, 220)
[M::mem_pestat] low and high boundaries for computing mean and std.dev: (1, 482)
[M::mem_pestat] mean and std.dev: (169.90, 97.85)
[M::mem_pestat] low and high boundaries for proper pairs: (1, 613)
[M::mem_pestat] analyzing insert size distribution for orientation RF...
[M::mem_pestat] (25, 50, 75) percentile: (26, 56, 211)
[M::mem_pestat] low and high boundaries for computing mean and std.dev: (1, 581)
[M::mem_pestat] mean and std.dev: (118.12, 133.39)
[M::mem_pestat] low and high boundaries for proper pairs: (1, 766)
[M::mem_pestat] analyzing insert size distribution for orientation RR...
[M::mem_pestat] (25, 50, 75) percentile: (48, 116, 208)
[M::mem_pestat] low and high boundaries for computing mean and std.dev: (1, 528)
[M::mem_pestat] mean and std.dev: (105.46, 70.86)
[M::mem_pestat] low and high boundaries for proper pairs: (1, 688)
[M::mem_pestat] skip orientation FF
[M::mem_pestat] skip orientation RF
[M::mem_pestat] skip orientation RR
[M::mem_process_seqs] Processed 1782220 reads in 544.557 CPU sec, 35.592 real sec
[M::process] read 1770190 sequences (160000172 bp)...
[M::mem_pestat] # candidate unique pairs for (FF, FR, RF, RR): (46, 601575, 625, 30)
[M::mem_pestat] analyzing insert size distribution for orientation FF...
[M::mem_pestat] (25, 50, 75) percentile: (58, 281, 538)
[M::mem_pestat] low and high boundaries for computing mean and std.dev: (1, 1498)
[M::mem_pestat] mean and std.dev: (259.45, 231.25)
[M::mem_pestat] low and high boundaries for proper pairs: (1, 1978)
[M::mem_pestat] analyzing insert size distribution for orientation FR...
[M::mem_pestat] (25, 50, 75) percentile: (89, 161, 221)
[M::mem_pestat] low and high boundaries for computing mean and std.dev: (1, 485)
[M::mem_pestat] mean and std.dev: (170.78, 98.68)
[M::mem_pestat] low and high boundaries for proper pairs: (1, 617)
[M::mem_pestat] analyzing insert size distribution for orientation RF...
[M::mem_pestat] (25, 50, 75) percentile: (27, 68, 215)
[M::mem_pestat] low and high boundaries for computing mean and std.dev: (1, 591)
[M::mem_pestat] mean and std.dev: (123.66, 132.23)
[M::mem_pestat] low and high boundaries for proper pairs: (1, 779)
[M::mem_pestat] analyzing insert size distribution for orientation RR...
[M::mem_pestat] (25, 50, 75) percentile: (45, 129, 340)
[M::mem_pestat] low and high boundaries for computing mean and std.dev: (1, 930)
[M::mem_pestat] mean and std.dev: (183.37, 214.31)
[M::mem_pestat] low and high boundaries for proper pairs: (1, 1225)
[M::mem_pestat] skip orientation FF
[M::mem_pestat] skip orientation RF
[M::mem_pestat] skip orientation RR
[M::mem_process_seqs] Processed 1778176 reads in 553.166 CPU sec, 36.377 real sec
[M::process] read 1776350 sequences (160000112 bp)...
[M::mem_pestat] # candidate unique pairs for (FF, FR, RF, RR): (90, 598616, 662, 38)
[M::mem_pestat] analyzing insert size distribution for orientation FF...
[M::mem_pestat] (25, 50, 75) percentile: (58, 191, 335)
[M::mem_pestat] low and high boundaries for computing mean and std.dev: (1, 889)
[M::mem_pestat] mean and std.dev: (189.21, 166.11)
[M::mem_pestat] low and high boundaries for proper pairs: (1, 1166)
[M::mem_pestat] analyzing insert size distribution for orientation FR...
[M::mem_pestat] (25, 50, 75) percentile: (91, 165, 225)
[M::mem_pestat] low and high boundaries for computing mean and std.dev: (1, 493)
[M::mem_pestat] mean and std.dev: (174.23, 100.76)
[M::mem_pestat] low and high boundaries for proper pairs: (1, 627)
[M::mem_pestat] analyzing insert size distribution for orientation RF...
[M::mem_pestat] (25, 50, 75) percentile: (25, 119, 274)
[M::mem_pestat] low and high boundaries for computing mean and std.dev: (1, 772)
[M::mem_pestat] mean and std.dev: (152.88, 176.96)
[M::mem_pestat] low and high boundaries for proper pairs: (1, 1021)
[M::mem_pestat] analyzing insert size distribution for orientation RR...
[M::mem_pestat] (25, 50, 75) percentile: (41, 162, 1526)
[M::mem_pestat] low and high boundaries for computing mean and std.dev: (1, 4496)
[M::mem_pestat] mean and std.dev: (949.08, 1258.77)
[M::mem_pestat] low and high boundaries for proper pairs: (1, 5984)
[M::mem_pestat] skip orientation FF
[M::mem_pestat] skip orientation RF
[M::mem_pestat] skip orientation RR
[M::mem_process_seqs] Processed 1770190 reads in 528.501 CPU sec, 34.513 real sec
[M::process] read 1777152 sequences (160000160 bp)...
[M::mem_pestat] # candidate unique pairs for (FF, FR, RF, RR): (141, 596234, 657, 80)
[M::mem_pestat] analyzing insert size distribution for orientation FF...
[M::mem_pestat] (25, 50, 75) percentile: (86, 261, 548)
[M::mem_pestat] low and high boundaries for computing mean and std.dev: (1, 1472)
[M::mem_pestat] mean and std.dev: (261.82, 264.11)
[M::mem_pestat] low and high boundaries for proper pairs: (1, 1934)
[M::mem_pestat] analyzing insert size distribution for orientation FR...
[M::mem_pestat] (25, 50, 75) percentile: (92, 164, 224)
[M::mem_pestat] low and high boundaries for computing mean and std.dev: (1, 488)
[M::mem_pestat] mean and std.dev: (172.90, 98.81)
[M::mem_pestat] low and high boundaries for proper pairs: (1, 620)
[M::mem_pestat] analyzing insert size distribution for orientation RF...
[M::mem_pestat] (25, 50, 75) percentile: (27, 126, 324)
[M::mem_pestat] low and high boundaries for computing mean and std.dev: (1, 918)
[M::mem_pestat] mean and std.dev: (161.89, 189.35)
[M::mem_pestat] low and high boundaries for proper pairs: (1, 1215)
[M::mem_pestat] analyzing insert size distribution for orientation RR...
[M::mem_pestat] (25, 50, 75) percentile: (44, 76, 433)
[M::mem_pestat] low and high boundaries for computing mean and std.dev: (1, 1211)
[M::mem_pestat] mean and std.dev: (135.36, 206.64)
[M::mem_pestat] low and high boundaries for proper pairs: (1, 1600)
[M::mem_pestat] skip orientation FF
[M::mem_pestat] skip orientation RF
[M::mem_pestat] skip orientation RR
[M::mem_process_seqs] Processed 1776350 reads in 545.955 CPU sec, 35.557 real sec
[M::process] read 1798832 sequences (160000168 bp)...
[M::mem_pestat] # candidate unique pairs for (FF, FR, RF, RR): (163, 597207, 675, 93)
[M::mem_pestat] analyzing insert size distribution for orientation FF...
[M::mem_pestat] (25, 50, 75) percentile: (108, 261, 581)
[M::mem_pestat] low and high boundaries for computing mean and std.dev: (1, 1527)
[M::mem_pestat] mean and std.dev: (269.11, 266.14)
[M::mem_pestat] low and high boundaries for proper pairs: (1, 2000)
[M::mem_pestat] analyzing insert size distribution for orientation FR...
[M::mem_pestat] (25, 50, 75) percentile: (92, 164, 223)
[M::mem_pestat] low and high boundaries for computing mean and std.dev: (1, 485)
[M::mem_pestat] mean and std.dev: (172.36, 98.10)
[M::mem_pestat] low and high boundaries for proper pairs: (1, 616)
[M::mem_pestat] analyzing insert size distribution for orientation RF...
[M::mem_pestat] (25, 50, 75) percentile: (26, 131, 307)
[M::mem_pestat] low and high boundaries for computing mean and std.dev: (1, 869)
[M::mem_pestat] mean and std.dev: (153.37, 176.81)
[M::mem_pestat] low and high boundaries for proper pairs: (1, 1150)
[M::mem_pestat] analyzing insert size distribution for orientation RR...
[M::mem_pestat] (25, 50, 75) percentile: (57, 137, 919)
[M::mem_pestat] low and high boundaries for computing mean and std.dev: (1, 2643)
[M::mem_pestat] mean and std.dev: (343.98, 566.96)
[M::mem_pestat] low and high boundaries for proper pairs: (1, 3505)
[M::mem_pestat] skip orientation FF
[M::mem_pestat] skip orientation RF
[M::mem_pestat] skip orientation RR
[M::mem_process_seqs] Processed 1777152 reads in 554.875 CPU sec, 36.038 real sec
[M::process] read 1825160 sequences (160000075 bp)...
[M::mem_pestat] # candidate unique pairs for (FF, FR, RF, RR): (166, 596433, 592, 83)
[M::mem_pestat] analyzing insert size distribution for orientation FF...
[M::mem_pestat] (25, 50, 75) percentile: (91, 201, 421)
[M::mem_pestat] low and high boundaries for computing mean and std.dev: (1, 1081)
[M::mem_pestat] mean and std.dev: (208.81, 168.56)
[M::mem_pestat] low and high boundaries for proper pairs: (1, 1411)
[M::mem_pestat] analyzing insert size distribution for orientation FR...
[M::mem_pestat] (25, 50, 75) percentile: (89, 157, 215)
[M::mem_pestat] low and high boundaries for computing mean and std.dev: (1, 467)
[M::mem_pestat] mean and std.dev: (165.49, 92.87)
[M::mem_pestat] low and high boundaries for proper pairs: (1, 593)
[M::mem_pestat] analyzing insert size distribution for orientation RF...
[M::mem_pestat] (25, 50, 75) percentile: (28, 142, 323)
[M::mem_pestat] low and high boundaries for computing mean and std.dev: (1, 913)
[M::mem_pestat] mean and std.dev: (160.33, 187.29)
[M::mem_pestat] low and high boundaries for proper pairs: (1, 1208)
[M::mem_pestat] analyzing insert size distribution for orientation RR...
[M::mem_pestat] (25, 50, 75) percentile: (55, 202, 2433)
[M::mem_pestat] low and high boundaries for computing mean and std.dev: (1, 7189)
[M::mem_pestat] mean and std.dev: (1103.21, 1798.02)
[M::mem_pestat] low and high boundaries for proper pairs: (1, 9567)
[M::mem_pestat] skip orientation FF
[M::mem_pestat] skip orientation RF
[M::mem_pestat] skip orientation RR
[M::mem_process_seqs] Processed 1798832 reads in 558.122 CPU sec, 36.475 real sec
[M::process] read 1816866 sequences (160000044 bp)...
[M::mem_pestat] # candidate unique pairs for (FF, FR, RF, RR): (214, 591845, 589, 104)
[M::mem_pestat] analyzing insert size distribution for orientation FF...
[M::mem_pestat] (25, 50, 75) percentile: (89, 209, 1340)
[M::mem_pestat] low and high boundaries for computing mean and std.dev: (1, 3842)
[M::mem_pestat] mean and std.dev: (520.38, 848.93)
[M::mem_pestat] low and high boundaries for proper pairs: (1, 5093)
[M::mem_pestat] analyzing insert size distribution for orientation FR...
[M::mem_pestat] (25, 50, 75) percentile: (85, 146, 206)
[M::mem_pestat] low and high boundaries for computing mean and std.dev: (1, 448)
[M::mem_pestat] mean and std.dev: (156.07, 85.59)
[M::mem_pestat] low and high boundaries for proper pairs: (1, 569)
[M::mem_pestat] analyzing insert size distribution for orientation RF...
[M::mem_pestat] (25, 50, 75) percentile: (29, 156, 385)
[M::mem_pestat] low and high boundaries for computing mean and std.dev: (1, 1097)
[M::mem_pestat] mean and std.dev: (174.18, 215.52)
[M::mem_pestat] low and high boundaries for proper pairs: (1, 1453)
[M::mem_pestat] analyzing insert size distribution for orientation RR...
[M::mem_pestat] (25, 50, 75) percentile: (75, 892, 3959)
[M::mem_pestat] low and high boundaries for computing mean and std.dev: (1, 11727)
[M::mem_pestat] mean and std.dev: (2500.05, 3126.76)
[M::mem_pestat] low and high boundaries for proper pairs: (1, 15611)
[M::mem_pestat] skip orientation FF
[M::mem_pestat] skip orientation RF
[M::mem_pestat] skip orientation RR
[M::mem_process_seqs] Processed 1825160 reads in 589.612 CPU sec, 38.449 real sec
[M::process] read 1793326 sequences (160000142 bp)...
[M::mem_pestat] # candidate unique pairs for (FF, FR, RF, RR): (207, 599826, 570, 99)
[M::mem_pestat] analyzing insert size distribution for orientation FF...
[M::mem_pestat] (25, 50, 75) percentile: (113, 241, 884)
[M::mem_pestat] low and high boundaries for computing mean and std.dev: (1, 2426)
[M::mem_pestat] mean and std.dev: (294.06, 353.27)
[M::mem_pestat] low and high boundaries for proper pairs: (1, 3197)
[M::mem_pestat] analyzing insert size distribution for orientation FR...
[M::mem_pestat] (25, 50, 75) percentile: (86, 150, 209)
[M::mem_pestat] low and high boundaries for computing mean and std.dev: (1, 455)
[M::mem_pestat] mean and std.dev: (159.14, 87.45)
[M::mem_pestat] low and high boundaries for proper pairs: (1, 578)
[M::mem_pestat] analyzing insert size distribution for orientation RF...
[M::mem_pestat] (25, 50, 75) percentile: (25, 111, 251)
[M::mem_pestat] low and high boundaries for computing mean and std.dev: (1, 703)
[M::mem_pestat] mean and std.dev: (128.30, 141.07)
[M::mem_pestat] low and high boundaries for proper pairs: (1, 929)
[M::mem_pestat] analyzing insert size distribution for orientation RR...
[M::mem_pestat] (25, 50, 75) percentile: (85, 257, 3194)
[M::mem_pestat] low and high boundaries for computing mean and std.dev: (1, 9412)
[M::mem_pestat] mean and std.dev: (1792.00, 2561.92)
[M::mem_pestat] low and high boundaries for proper pairs: (1, 12521)
[M::mem_pestat] skip orientation FF
[M::mem_pestat] skip orientation RF
[M::mem_pestat] skip orientation RR
[M::mem_process_seqs] Processed 1816866 reads in 573.106 CPU sec, 37.515 real sec
[M::process] read 1777512 sequences (160000106 bp)...
[M::mem_pestat] # candidate unique pairs for (FF, FR, RF, RR): (95, 598383, 603, 54)
[M::mem_pestat] analyzing insert size distribution for orientation FF...
[M::mem_pestat] (25, 50, 75) percentile: (99, 232, 543)
[M::mem_pestat] low and high boundaries for computing mean and std.dev: (1, 1431)
[M::mem_pestat] mean and std.dev: (269.25, 281.11)
[M::mem_pestat] low and high boundaries for proper pairs: (1, 1875)
[M::mem_pestat] analyzing insert size distribution for orientation FR...
[M::mem_pestat] (25, 50, 75) percentile: (88, 156, 215)
[M::mem_pestat] low and high boundaries for computing mean and std.dev: (1, 469)
[M::mem_pestat] mean and std.dev: (165.46, 93.32)
[M::mem_pestat] low and high boundaries for proper pairs: (1, 596)
[M::mem_pestat] analyzing insert size distribution for orientation RF...
[M::mem_pestat] (25, 50, 75) percentile: (24, 75, 223)
[M::mem_pestat] low and high boundaries for computing mean and std.dev: (1, 621)
[M::mem_pestat] mean and std.dev: (120.93, 131.48)
[M::mem_pestat] low and high boundaries for proper pairs: (1, 820)
[M::mem_pestat] analyzing insert size distribution for orientation RR...
[M::mem_pestat] (25, 50, 75) percentile: (71, 335, 1931)
[M::mem_pestat] low and high boundaries for computing mean and std.dev: (1, 5651)
[M::mem_pestat] mean and std.dev: (1061.86, 1485.60)
[M::mem_pestat] low and high boundaries for proper pairs: (1, 7511)
[M::mem_pestat] skip orientation FF
[M::mem_pestat] skip orientation RF
[M::mem_pestat] skip orientation RR
[M::mem_process_seqs] Processed 1793326 reads in 571.299 CPU sec, 37.357 real sec
[M::process] read 1779054 sequences (160000028 bp)...
[M::mem_pestat] # candidate unique pairs for (FF, FR, RF, RR): (44, 597372, 654, 33)
[M::mem_pestat] analyzing insert size distribution for orientation FF...
[M::mem_pestat] (25, 50, 75) percentile: (142, 324, 621)
[M::mem_pestat] low and high boundaries for computing mean and std.dev: (1, 1579)
[M::mem_pestat] mean and std.dev: (345.68, 320.24)
[M::mem_pestat] low and high boundaries for proper pairs: (1, 2058)
[M::mem_pestat] analyzing insert size distribution for orientation FR...
[M::mem_pestat] (25, 50, 75) percentile: (91, 163, 221)
[M::mem_pestat] low and high boundaries for computing mean and std.dev: (1, 481)
[M::mem_pestat] mean and std.dev: (171.41, 97.37)
[M::mem_pestat] low and high boundaries for proper pairs: (1, 611)
[M::mem_pestat] analyzing insert size distribution for orientation RF...
[M::mem_pestat] (25, 50, 75) percentile: (22, 65, 218)
[M::mem_pestat] low and high boundaries for computing mean and std.dev: (1, 610)
[M::mem_pestat] mean and std.dev: (123.68, 139.29)
[M::mem_pestat] low and high boundaries for proper pairs: (1, 806)
[M::mem_pestat] analyzing insert size distribution for orientation RR...
[M::mem_pestat] (25, 50, 75) percentile: (38, 148, 583)
[M::mem_pestat] low and high boundaries for computing mean and std.dev: (1, 1673)
[M::mem_pestat] mean and std.dev: (208.76, 279.11)
[M::mem_pestat] low and high boundaries for proper pairs: (1, 2218)
[M::mem_pestat] skip orientation FF
[M::mem_pestat] skip orientation RF
[M::mem_pestat] skip orientation RR
[M::mem_process_seqs] Processed 1777512 reads in 560.005 CPU sec, 36.509 real sec
[M::process] read 1783880 sequences (160000151 bp)...
[M::mem_pestat] # candidate unique pairs for (FF, FR, RF, RR): (73, 597149, 618, 38)
[M::mem_pestat] analyzing insert size distribution for orientation FF...
[M::mem_pestat] (25, 50, 75) percentile: (105, 182, 355)
[M::mem_pestat] low and high boundaries for computing mean and std.dev: (1, 855)
[M::mem_pestat] mean and std.dev: (184.16, 129.33)
[M::mem_pestat] low and high boundaries for proper pairs: (1, 1105)
[M::mem_pestat] analyzing insert size distribution for orientation FR...
[M::mem_pestat] (25, 50, 75) percentile: (91, 162, 221)
[M::mem_pestat] low and high boundaries for computing mean and std.dev: (1, 481)
[M::mem_pestat] mean and std.dev: (170.84, 97.24)
[M::mem_pestat] low and high boundaries for proper pairs: (1, 611)
[M::mem_pestat] analyzing insert size distribution for orientation RF...
[M::mem_pestat] (25, 50, 75) percentile: (23, 65, 223)
[M::mem_pestat] low and high boundaries for computing mean and std.dev: (1, 623)
[M::mem_pestat] mean and std.dev: (124.62, 144.83)
[M::mem_pestat] low and high boundaries for proper pairs: (1, 823)
[M::mem_pestat] analyzing insert size distribution for orientation RR...
[M::mem_pestat] (25, 50, 75) percentile: (68, 153, 1061)
[M::mem_pestat] low and high boundaries for computing mean and std.dev: (1, 3047)
[M::mem_pestat] mean and std.dev: (391.94, 756.06)
[M::mem_pestat] low and high boundaries for proper pairs: (1, 4040)
[M::mem_pestat] skip orientation FF
[M::mem_pestat] skip orientation RF
[M::mem_pestat] skip orientation RR
[M::mem_process_seqs] Processed 1779054 reads in 564.608 CPU sec, 36.967 real sec
[M::process] read 1779094 sequences (160000068 bp)...
[M::mem_pestat] # candidate unique pairs for (FF, FR, RF, RR): (58, 599840, 647, 37)
[M::mem_pestat] analyzing insert size distribution for orientation FF...
[M::mem_pestat] (25, 50, 75) percentile: (103, 208, 366)
[M::mem_pestat] low and high boundaries for computing mean and std.dev: (1, 892)
[M::mem_pestat] mean and std.dev: (212.16, 149.61)
[M::mem_pestat] low and high boundaries for proper pairs: (1, 1155)
[M::mem_pestat] analyzing insert size distribution for orientation FR...
[M::mem_pestat] (25, 50, 75) percentile: (90, 160, 219)
[M::mem_pestat] low and high boundaries for computing mean and std.dev: (1, 477)
[M::mem_pestat] mean and std.dev: (169.27, 96.43)
[M::mem_pestat] low and high boundaries for proper pairs: (1, 606)
[M::mem_pestat] analyzing insert size distribution for orientation RF...
[M::mem_pestat] (25, 50, 75) percentile: (27, 118, 245)
[M::mem_pestat] low and high boundaries for computing mean and std.dev: (1, 681)
[M::mem_pestat] mean and std.dev: (141.13, 150.25)
[M::mem_pestat] low and high boundaries for proper pairs: (1, 899)
[M::mem_pestat] analyzing insert size distribution for orientation RR...
[M::mem_pestat] (25, 50, 75) percentile: (59, 155, 330)
[M::mem_pestat] low and high boundaries for computing mean and std.dev: (1, 872)
[M::mem_pestat] mean and std.dev: (180.73, 189.09)
[M::mem_pestat] low and high boundaries for proper pairs: (1, 1143)
[M::mem_pestat] skip orientation FF
[M::mem_pestat] skip orientation RF
[M::mem_pestat] skip orientation RR
[M::mem_process_seqs] Processed 1783880 reads in 581.629 CPU sec, 37.982 real sec
[M::process] read 1784282 sequences (160000163 bp)...
[M::mem_pestat] # candidate unique pairs for (FF, FR, RF, RR): (52, 600192, 586, 29)
[M::mem_pestat] analyzing insert size distribution for orientation FF...
[M::mem_pestat] (25, 50, 75) percentile: (122, 209, 361)
[M::mem_pestat] low and high boundaries for computing mean and std.dev: (1, 839)
[M::mem_pestat] mean and std.dev: (215.28, 149.64)
[M::mem_pestat] low and high boundaries for proper pairs: (1, 1078)
[M::mem_pestat] analyzing insert size distribution for orientation FR...
[M::mem_pestat] (25, 50, 75) percentile: (90, 162, 221)
[M::mem_pestat] low and high boundaries for computing mean and std.dev: (1, 483)
[M::mem_pestat] mean and std.dev: (170.98, 97.74)
[M::mem_pestat] low and high boundaries for proper pairs: (1, 614)
[M::mem_pestat] analyzing insert size distribution for orientation RF...
[M::mem_pestat] (25, 50, 75) percentile: (26, 73, 217)
[M::mem_pestat] low and high boundaries for computing mean and std.dev: (1, 599)
[M::mem_pestat] mean and std.dev: (121.19, 132.21)
[M::mem_pestat] low and high boundaries for proper pairs: (1, 790)
[M::mem_pestat] analyzing insert size distribution for orientation RR...
[M::mem_pestat] (25, 50, 75) percentile: (41, 73, 852)
[M::mem_pestat] low and high boundaries for computing mean and std.dev: (1, 2474)
[M::mem_pestat] mean and std.dev: (222.08, 376.48)
[M::mem_pestat] low and high boundaries for proper pairs: (1, 3285)
[M::mem_pestat] skip orientation FF
[M::mem_pestat] skip orientation RF
[M::mem_pestat] skip orientation RR
[M::mem_process_seqs] Processed 1779094 reads in 555.317 CPU sec, 36.328 real sec
[M::process] read 1786758 sequences (160000130 bp)...
[M::mem_pestat] # candidate unique pairs for (FF, FR, RF, RR): (52, 598685, 654, 46)
[M::mem_pestat] analyzing insert size distribution for orientation FF...
[M::mem_pestat] (25, 50, 75) percentile: (101, 277, 417)
[M::mem_pestat] low and high boundaries for computing mean and std.dev: (1, 1049)
[M::mem_pestat] mean and std.dev: (243.71, 183.83)
[M::mem_pestat] low and high boundaries for proper pairs: (1, 1365)
[M::mem_pestat] analyzing insert size distribution for orientation FR...
[M::mem_pestat] (25, 50, 75) percentile: (90, 162, 220)
[M::mem_pestat] low and high boundaries for computing mean and std.dev: (1, 480)
[M::mem_pestat] mean and std.dev: (169.85, 96.27)
[M::mem_pestat] low and high boundaries for proper pairs: (1, 610)
[M::mem_pestat] analyzing insert size distribution for orientation RF...
[M::mem_pestat] (25, 50, 75) percentile: (25, 77, 222)
[M::mem_pestat] low and high boundaries for computing mean and std.dev: (1, 616)
[M::mem_pestat] mean and std.dev: (123.01, 134.75)
[M::mem_pestat] low and high boundaries for proper pairs: (1, 813)
[M::mem_pestat] analyzing insert size distribution for orientation RR...
[M::mem_pestat] (25, 50, 75) percentile: (74, 193, 1397)
[M::mem_pestat] low and high boundaries for computing mean and std.dev: (1, 4043)
[M::mem_pestat] mean and std.dev: (555.56, 875.38)
[M::mem_pestat] low and high boundaries for proper pairs: (1, 5366)
[M::mem_pestat] skip orientation FF
[M::mem_pestat] skip orientation RF
[M::mem_pestat] skip orientation RR
[M::mem_process_seqs] Processed 1784282 reads in 556.944 CPU sec, 36.322 real sec
[M::process] read 1789468 sequences (160000153 bp)...
[M::mem_pestat] # candidate unique pairs for (FF, FR, RF, RR): (80, 601496, 591, 58)
[M::mem_pestat] analyzing insert size distribution for orientation FF...
[M::mem_pestat] (25, 50, 75) percentile: (109, 219, 547)
[M::mem_pestat] low and high boundaries for computing mean and std.dev: (1, 1423)
[M::mem_pestat] mean and std.dev: (240.86, 243.42)
[M::mem_pestat] low and high boundaries for proper pairs: (1, 1861)
[M::mem_pestat] analyzing insert size distribution for orientation FR...
[M::mem_pestat] (25, 50, 75) percentile: (91, 160, 216)
[M::mem_pestat] low and high boundaries for computing mean and std.dev: (1, 466)
[M::mem_pestat] mean and std.dev: (166.62, 91.88)
[M::mem_pestat] low and high boundaries for proper pairs: (1, 591)
[M::mem_pestat] analyzing insert size distribution for orientation RF...
[M::mem_pestat] (25, 50, 75) percentile: (25, 60, 212)
[M::mem_pestat] low and high boundaries for computing mean and std.dev: (1, 586)
[M::mem_pestat] mean and std.dev: (114.68, 130.27)
[M::mem_pestat] low and high boundaries for proper pairs: (1, 773)
[M::mem_pestat] analyzing insert size distribution for orientation RR...
[M::mem_pestat] (25, 50, 75) percentile: (45, 157, 1297)
[M::mem_pestat] low and high boundaries for computing mean and std.dev: (1, 3801)
[M::mem_pestat] mean and std.dev: (659.89, 1112.30)
[M::mem_pestat] low and high boundaries for proper pairs: (1, 5109)
[M::mem_pestat] skip orientation FF
[M::mem_pestat] skip orientation RF
[M::mem_pestat] skip orientation RR
[M::mem_process_seqs] Processed 1786758 reads in 579.320 CPU sec, 37.664 real sec
[M::process] read 1032830 sequences (92377367 bp)...
[M::mem_pestat] # candidate unique pairs for (FF, FR, RF, RR): (51, 601968, 628, 47)
[M::mem_pestat] analyzing insert size distribution for orientation FF...
[M::mem_pestat] (25, 50, 75) percentile: (120, 216, 373)
[M::mem_pestat] low and high boundaries for computing mean and std.dev: (1, 879)
[M::mem_pestat] mean and std.dev: (210.49, 167.45)
[M::mem_pestat] low and high boundaries for proper pairs: (1, 1132)
[M::mem_pestat] analyzing insert size distribution for orientation FR...
[M::mem_pestat] (25, 50, 75) percentile: (90, 160, 215)
[M::mem_pestat] low and high boundaries for computing mean and std.dev: (1, 465)
[M::mem_pestat] mean and std.dev: (166.16, 91.65)
[M::mem_pestat] low and high boundaries for proper pairs: (1, 590)
[M::mem_pestat] analyzing insert size distribution for orientation RF...
[M::mem_pestat] (25, 50, 75) percentile: (25, 76, 263)
[M::mem_pestat] low and high boundaries for computing mean and std.dev: (1, 739)
[M::mem_pestat] mean and std.dev: (140.65, 169.35)
[M::mem_pestat] low and high boundaries for proper pairs: (1, 977)
[M::mem_pestat] analyzing insert size distribution for orientation RR...
[M::mem_pestat] (25, 50, 75) percentile: (58, 106, 866)
[M::mem_pestat] low and high boundaries for computing mean and std.dev: (1, 2482)
[M::mem_pestat] mean and std.dev: (356.32, 584.30)
[M::mem_pestat] low and high boundaries for proper pairs: (1, 3290)
[M::mem_pestat] skip orientation FF
[M::mem_pestat] skip orientation RF
[M::mem_pestat] skip orientation RR
[M::mem_process_seqs] Processed 1789468 reads in 573.621 CPU sec, 37.328 real sec
[M::mem_pestat] # candidate unique pairs for (FF, FR, RF, RR): (39, 345323, 340, 30)
[M::mem_pestat] analyzing insert size distribution for orientation FF...
[M::mem_pestat] (25, 50, 75) percentile: (143, 296, 1422)
[M::mem_pestat] low and high boundaries for computing mean and std.dev: (1, 3980)
[M::mem_pestat] mean and std.dev: (577.29, 832.12)
[M::mem_pestat] low and high boundaries for proper pairs: (1, 5259)
[M::mem_pestat] analyzing insert size distribution for orientation FR...
[M::mem_pestat] (25, 50, 75) percentile: (91, 161, 216)
[M::mem_pestat] low and high boundaries for computing mean and std.dev: (1, 466)
[M::mem_pestat] mean and std.dev: (167.28, 92.28)
[M::mem_pestat] low and high boundaries for proper pairs: (1, 591)
[M::mem_pestat] analyzing insert size distribution for orientation RF...
[M::mem_pestat] (25, 50, 75) percentile: (24, 118, 219)
[M::mem_pestat] low and high boundaries for computing mean and std.dev: (1, 609)
[M::mem_pestat] mean and std.dev: (130.13, 139.70)
[M::mem_pestat] low and high boundaries for proper pairs: (1, 804)
[M::mem_pestat] analyzing insert size distribution for orientation RR...
[M::mem_pestat] (25, 50, 75) percentile: (104, 225, 1719)
[M::mem_pestat] low and high boundaries for computing mean and std.dev: (1, 4949)
[M::mem_pestat] mean and std.dev: (845.34, 1168.74)
[M::mem_pestat] low and high boundaries for proper pairs: (1, 6564)
[M::mem_pestat] skip orientation FF
[M::mem_pestat] skip orientation RF
[M::mem_pestat] skip orientation RR
[M::mem_process_seqs] Processed 1032830 reads in 350.610 CPU sec, 23.963 real sec
[main] Version: 0.7.17-r1188
[main] CMD: bwa mem -t 16 /home/groups/MaxsonLab/indices/GRch38/GCA_000001405.15_GRCh38_no_alt_analysis_set.fasta samples/trim/MOLM24C_3_R1_fastqc_tpaired.fastq.gz samples/trim/MOLM24C_3_R2_fastqc_tpaired.fastq.gz
[main] Real time: 1183.795 sec; CPU: 17519.354 sec
[Thu Sep 10 16:17:29 2020]
Finished job 0.
1 of 1 steps (100%) done
