Building DAG of jobs...
Using shell: /usr/bin/bash
Provided cores: 16
Rules claiming more threads will be scaled down.
Job counts:
	count	jobs
	1	align
	1

[Tue Sep 15 15:19:49 2020]
Job 0: --- Aligning reads to reference.

Activating conda environment: /home/groups/MaxsonLab/kongg/atac_seq2/.snakemake/conda/714e46c9
[M::bwa_idx_load_from_disk] read 0 ALT contigs
[M::process] read 1821958 sequences (160000174 bp)...
[M::process] read 1835938 sequences (160000174 bp)...
[M::mem_pestat] # candidate unique pairs for (FF, FR, RF, RR): (284, 545729, 305, 95)
[M::mem_pestat] analyzing insert size distribution for orientation FF...
[M::mem_pestat] (25, 50, 75) percentile: (96, 224, 514)
[M::mem_pestat] low and high boundaries for computing mean and std.dev: (1, 1350)
[M::mem_pestat] mean and std.dev: (230.39, 212.33)
[M::mem_pestat] low and high boundaries for proper pairs: (1, 1768)
[M::mem_pestat] analyzing insert size distribution for orientation FR...
[M::mem_pestat] (25, 50, 75) percentile: (80, 120, 198)
[M::mem_pestat] low and high boundaries for computing mean and std.dev: (1, 434)
[M::mem_pestat] mean and std.dev: (145.39, 86.08)
[M::mem_pestat] low and high boundaries for proper pairs: (1, 552)
[M::mem_pestat] analyzing insert size distribution for orientation RF...
[M::mem_pestat] (25, 50, 75) percentile: (26, 144, 382)
[M::mem_pestat] low and high boundaries for computing mean and std.dev: (1, 1094)
[M::mem_pestat] mean and std.dev: (177.73, 235.42)
[M::mem_pestat] low and high boundaries for proper pairs: (1, 1450)
[M::mem_pestat] analyzing insert size distribution for orientation RR...
[M::mem_pestat] (25, 50, 75) percentile: (64, 179, 2784)
[M::mem_pestat] low and high boundaries for computing mean and std.dev: (1, 8224)
[M::mem_pestat] mean and std.dev: (1358.84, 2050.90)
[M::mem_pestat] low and high boundaries for proper pairs: (1, 10944)
[M::mem_pestat] skip orientation FF
[M::mem_pestat] skip orientation RF
[M::mem_pestat] skip orientation RR
[M::mem_process_seqs] Processed 1821958 reads in 498.034 CPU sec, 38.232 real sec
[M::mem_pestat] # candidate unique pairs for (FF, FR, RF, RR): (313, 546693, 321, 143)
[M::mem_pestat] analyzing insert size distribution for orientation FF...
[M::mem_pestat] (25, 50, 75) percentile: (103, 225, 488)
[M::mem_pestat] low and high boundaries for computing mean and std.dev: (1, 1258)
[M::mem_pestat] mean and std.dev: (225.18, 210.91)
[M::mem_pestat] low and high boundaries for proper pairs: (1, 1643)
[M::mem_pestat] analyzing insert size distribution for orientation FR...
[M::mem_pestat] (25, 50, 75) percentile: (78, 116, 192)
[M::mem_pestat] low and high boundaries for computing mean and std.dev: (1, 420)
[M::mem_pestat] mean and std.dev: (140.53, 82.07)
[M::mem_pestat] low and high boundaries for proper pairs: (1, 534)
[M::mem_pestat] analyzing insert size distribution for orientation RF...
[M::mem_pestat] (25, 50, 75) percentile: (33, 142, 372)
[M::mem_pestat] low and high boundaries for computing mean and std.dev: (1, 1050)
[M::mem_pestat] mean and std.dev: (150.62, 190.54)
[M::mem_pestat] low and high boundaries for proper pairs: (1, 1389)
[M::mem_pestat] analyzing insert size distribution for orientation RR...
[M::mem_pestat] (25, 50, 75) percentile: (44, 111, 2256)
[M::mem_pestat] low and high boundaries for computing mean and std.dev: (1, 6680)
[M::mem_pestat] mean and std.dev: (952.53, 1554.51)
[M::mem_pestat] low and high boundaries for proper pairs: (1, 8892)
[M::mem_pestat] skip orientation FF
[M::mem_pestat] skip orientation RF
[M::mem_pestat] skip orientation RR
[M::process] read 1831158 sequences (160000003 bp)...
[M::mem_process_seqs] Processed 1835938 reads in 490.487 CPU sec, 32.887 real sec
[M::mem_pestat] # candidate unique pairs for (FF, FR, RF, RR): (391, 547357, 352, 148)
[M::mem_pestat] analyzing insert size distribution for orientation FF...
[M::mem_pestat] (25, 50, 75) percentile: (107, 228, 518)
[M::mem_pestat] low and high boundaries for computing mean and std.dev: (1, 1340)
[M::mem_pestat] mean and std.dev: (231.22, 206.76)
[M::mem_pestat] low and high boundaries for proper pairs: (1, 1751)
[M::mem_pestat] analyzing insert size distribution for orientation FR...
[M::mem_pestat] (25, 50, 75) percentile: (79, 117, 194)
[M::mem_pestat] low and high boundaries for computing mean and std.dev: (1, 424)
[M::mem_pestat] mean and std.dev: (142.00, 83.40)
[M::mem_pestat] low and high boundaries for proper pairs: (1, 539)
[M::mem_pestat] analyzing insert size distribution for orientation RF...
[M::mem_pestat] (25, 50, 75) percentile: (30, 168, 625)
[M::mem_pestat] low and high boundaries for computing mean and std.dev: (1, 1815)
[M::mem_pestat] mean and std.dev: (254.23, 360.65)
[M::mem_pestat] low and high boundaries for proper pairs: (1, 2410)
[M::mem_pestat] analyzing insert size distribution for orientation RR...
[M::mem_pestat] (25, 50, 75) percentile: (40, 116, 2154)
[M::mem_pestat] low and high boundaries for computing mean and std.dev: (1, 6382)
[M::mem_pestat] mean and std.dev: (862.16, 1504.73)
[M::mem_pestat] low and high boundaries for proper pairs: (1, 8496)
[M::mem_pestat] skip orientation FF
[M::mem_pestat] skip orientation RF
[M::mem_pestat] skip orientation RR
[M::process] read 1830722 sequences (160000036 bp)...
[M::mem_process_seqs] Processed 1831158 reads in 482.142 CPU sec, 31.900 real sec
[M::mem_pestat] # candidate unique pairs for (FF, FR, RF, RR): (370, 544933, 342, 144)
[M::mem_pestat] analyzing insert size distribution for orientation FF...
[M::mem_pestat] (25, 50, 75) percentile: (91, 208, 398)
[M::mem_pestat] low and high boundaries for computing mean and std.dev: (1, 1012)
[M::mem_pestat] mean and std.dev: (212.46, 179.78)
[M::mem_pestat] low and high boundaries for proper pairs: (1, 1319)
[M::mem_pestat] analyzing insert size distribution for orientation FR...
[M::mem_pestat] (25, 50, 75) percentile: (79, 118, 195)
[M::mem_pestat] low and high boundaries for computing mean and std.dev: (1, 427)
[M::mem_pestat] mean and std.dev: (142.80, 83.89)
[M::mem_pestat] low and high boundaries for proper pairs: (1, 543)
[M::mem_pestat] analyzing insert size distribution for orientation RF...
[M::mem_pestat] (25, 50, 75) percentile: (31, 163, 513)
[M::mem_pestat] low and high boundaries for computing mean and std.dev: (1, 1477)
[M::mem_pestat] mean and std.dev: (216.72, 300.51)
[M::mem_pestat] low and high boundaries for proper pairs: (1, 1959)
[M::mem_pestat] analyzing insert size distribution for orientation RR...
[M::mem_pestat] (25, 50, 75) percentile: (43, 185, 2909)
[M::mem_pestat] low and high boundaries for computing mean and std.dev: (1, 8641)
[M::mem_pestat] mean and std.dev: (1567.64, 2305.29)
[M::mem_pestat] low and high boundaries for proper pairs: (1, 11507)
[M::mem_pestat] skip orientation FF
[M::mem_pestat] skip orientation RF
[M::mem_pestat] skip orientation RR
[M::process] read 1831630 sequences (160000092 bp)...
[M::mem_process_seqs] Processed 1830722 reads in 477.765 CPU sec, 31.647 real sec
[M::mem_pestat] # candidate unique pairs for (FF, FR, RF, RR): (88, 557524, 253, 53)
[M::mem_pestat] analyzing insert size distribution for orientation FF...
[M::mem_pestat] (25, 50, 75) percentile: (95, 207, 393)
[M::mem_pestat] low and high boundaries for computing mean and std.dev: (1, 989)
[M::mem_pestat] mean and std.dev: (229.76, 181.95)
[M::mem_pestat] low and high boundaries for proper pairs: (1, 1287)
[M::mem_pestat] analyzing insert size distribution for orientation FR...
[M::mem_pestat] (25, 50, 75) percentile: (77, 115, 191)
[M::mem_pestat] low and high boundaries for computing mean and std.dev: (1, 419)
[M::mem_pestat] mean and std.dev: (139.67, 82.45)
[M::mem_pestat] low and high boundaries for proper pairs: (1, 533)
[M::mem_pestat] analyzing insert size distribution for orientation RF...
[M::mem_pestat] (25, 50, 75) percentile: (25, 113, 231)
[M::mem_pestat] low and high boundaries for computing mean and std.dev: (1, 643)
[M::mem_pestat] mean and std.dev: (122.56, 133.72)
[M::mem_pestat] low and high boundaries for proper pairs: (1, 849)
[M::mem_pestat] analyzing insert size distribution for orientation RR...
[M::mem_pestat] (25, 50, 75) percentile: (49, 160, 963)
[M::mem_pestat] low and high boundaries for computing mean and std.dev: (1, 2791)
[M::mem_pestat] mean and std.dev: (256.43, 448.30)
[M::mem_pestat] low and high boundaries for proper pairs: (1, 3705)
[M::mem_pestat] skip orientation FF
[M::mem_pestat] skip orientation RF
[M::mem_pestat] skip orientation RR
[M::process] read 1828102 sequences (160000016 bp)...
[M::mem_process_seqs] Processed 1831630 reads in 468.900 CPU sec, 30.839 real sec
[M::mem_pestat] # candidate unique pairs for (FF, FR, RF, RR): (74, 555921, 258, 49)
[M::mem_pestat] analyzing insert size distribution for orientation FF...
[M::mem_pestat] (25, 50, 75) percentile: (83, 170, 371)
[M::mem_pestat] low and high boundaries for computing mean and std.dev: (1, 947)
[M::mem_pestat] mean and std.dev: (182.22, 144.54)
[M::mem_pestat] low and high boundaries for proper pairs: (1, 1235)
[M::mem_pestat] analyzing insert size distribution for orientation FR...
[M::mem_pestat] (25, 50, 75) percentile: (77, 116, 192)
[M::mem_pestat] low and high boundaries for computing mean and std.dev: (1, 422)
[M::mem_pestat] mean and std.dev: (140.55, 83.06)
[M::mem_pestat] low and high boundaries for proper pairs: (1, 537)
[M::mem_pestat] analyzing insert size distribution for orientation RF...
[M::mem_pestat] (25, 50, 75) percentile: (25, 64, 199)
[M::mem_pestat] low and high boundaries for computing mean and std.dev: (1, 547)
[M::mem_pestat] mean and std.dev: (103.75, 113.78)
[M::mem_pestat] low and high boundaries for proper pairs: (1, 721)
[M::mem_pestat] analyzing insert size distribution for orientation RR...
[M::mem_pestat] (25, 50, 75) percentile: (54, 160, 4471)
[M::mem_pestat] low and high boundaries for computing mean and std.dev: (1, 13305)
[M::mem_pestat] mean and std.dev: (2050.49, 3090.68)
[M::mem_pestat] low and high boundaries for proper pairs: (1, 17722)
[M::mem_pestat] skip orientation FF
[M::mem_pestat] skip orientation RF
[M::mem_pestat] skip orientation RR
[M::process] read 1836624 sequences (160000056 bp)...
[M::mem_process_seqs] Processed 1828102 reads in 471.508 CPU sec, 30.972 real sec
[M::process] read 1828288 sequences (160000061 bp)...
[M::mem_pestat] # candidate unique pairs for (FF, FR, RF, RR): (88, 556149, 265, 44)
[M::mem_pestat] analyzing insert size distribution for orientation FF...
[M::mem_pestat] (25, 50, 75) percentile: (130, 211, 340)
[M::mem_pestat] low and high boundaries for computing mean and std.dev: (1, 760)
[M::mem_pestat] mean and std.dev: (186.76, 113.58)
[M::mem_pestat] low and high boundaries for proper pairs: (1, 970)
[M::mem_pestat] analyzing insert size distribution for orientation FR...
[M::mem_pestat] (25, 50, 75) percentile: (76, 114, 188)
[M::mem_pestat] low and high boundaries for computing mean and std.dev: (1, 412)
[M::mem_pestat] mean and std.dev: (137.40, 80.07)
[M::mem_pestat] low and high boundaries for proper pairs: (1, 524)
[M::mem_pestat] analyzing insert size distribution for orientation RF...
[M::mem_pestat] (25, 50, 75) percentile: (25, 118, 218)
[M::mem_pestat] low and high boundaries for computing mean and std.dev: (1, 604)
[M::mem_pestat] mean and std.dev: (127.80, 131.16)
[M::mem_pestat] low and high boundaries for proper pairs: (1, 797)
[M::mem_pestat] analyzing insert size distribution for orientation RR...
[M::mem_pestat] (25, 50, 75) percentile: (65, 291, 2779)
[M::mem_pestat] low and high boundaries for computing mean and std.dev: (1, 8207)
[M::mem_pestat] mean and std.dev: (1612.37, 2349.49)
[M::mem_pestat] low and high boundaries for proper pairs: (1, 11010)
[M::mem_pestat] skip orientation FF
[M::mem_pestat] skip orientation RF
[M::mem_pestat] skip orientation RR
[M::mem_process_seqs] Processed 1836624 reads in 474.937 CPU sec, 31.213 real sec
[M::mem_pestat] # candidate unique pairs for (FF, FR, RF, RR): (98, 552320, 267, 51)
[M::mem_pestat] analyzing insert size distribution for orientation FF...
[M::mem_pestat] (25, 50, 75) percentile: (87, 211, 419)
[M::mem_pestat] low and high boundaries for computing mean and std.dev: (1, 1083)
[M::mem_pestat] mean and std.dev: (214.31, 178.48)
[M::mem_pestat] low and high boundaries for proper pairs: (1, 1415)
[M::mem_pestat] analyzing insert size distribution for orientation FR...
[M::mem_pestat] (25, 50, 75) percentile: (77, 115, 192)
[M::mem_pestat] low and high boundaries for computing mean and std.dev: (1, 422)
[M::mem_pestat] mean and std.dev: (140.30, 83.25)
[M::mem_pestat] low and high boundaries for proper pairs: (1, 537)
[M::mem_pestat] analyzing insert size distribution for orientation RF...
[M::mem_pestat] (25, 50, 75) percentile: (23, 67, 209)
[M::mem_pestat] low and high boundaries for computing mean and std.dev: (1, 581)
[M::mem_pestat] mean and std.dev: (116.76, 126.19)
[M::mem_pestat] low and high boundaries for proper pairs: (1, 767)
[M::mem_pestat] analyzing insert size distribution for orientation RR...
[M::mem_pestat] (25, 50, 75) percentile: (46, 143, 1583)
[M::mem_pestat] low and high boundaries for computing mean and std.dev: (1, 4657)
[M::mem_pestat] mean and std.dev: (486.73, 864.14)
[M::mem_pestat] low and high boundaries for proper pairs: (1, 6194)
[M::mem_pestat] skip orientation FF
[M::mem_pestat] skip orientation RF
[M::mem_pestat] skip orientation RR
[M::process] read 1831806 sequences (160000095 bp)...
[M::mem_process_seqs] Processed 1828288 reads in 470.898 CPU sec, 31.135 real sec
[M::mem_pestat] # candidate unique pairs for (FF, FR, RF, RR): (189, 550629, 296, 84)
[M::mem_pestat] analyzing insert size distribution for orientation FF...
[M::mem_pestat] (25, 50, 75) percentile: (87, 219, 453)
[M::mem_pestat] low and high boundaries for computing mean and std.dev: (1, 1185)
[M::mem_pestat] mean and std.dev: (219.15, 180.27)
[M::mem_pestat] low and high boundaries for proper pairs: (1, 1551)
[M::mem_pestat] analyzing insert size distribution for orientation FR...
[M::mem_pestat] (25, 50, 75) percentile: (78, 116, 192)
[M::mem_pestat] low and high boundaries for computing mean and std.dev: (1, 420)
[M::mem_pestat] mean and std.dev: (140.42, 82.74)
[M::mem_pestat] low and high boundaries for proper pairs: (1, 534)
[M::mem_pestat] analyzing insert size distribution for orientation RF...
[M::mem_pestat] (25, 50, 75) percentile: (28, 151, 333)
[M::mem_pestat] low and high boundaries for computing mean and std.dev: (1, 943)
[M::mem_pestat] mean and std.dev: (160.52, 188.20)
[M::mem_pestat] low and high boundaries for proper pairs: (1, 1248)
[M::mem_pestat] analyzing insert size distribution for orientation RR...
[M::mem_pestat] (25, 50, 75) percentile: (42, 162, 2145)
[M::mem_pestat] low and high boundaries for computing mean and std.dev: (1, 6351)
[M::mem_pestat] mean and std.dev: (846.75, 1395.03)
[M::mem_pestat] low and high boundaries for proper pairs: (1, 8454)
[M::mem_pestat] skip orientation FF
[M::mem_pestat] skip orientation RF
[M::mem_pestat] skip orientation RR
[M::process] read 1829902 sequences (160000113 bp)...
[M::mem_process_seqs] Processed 1831806 reads in 463.810 CPU sec, 30.659 real sec
[M::mem_pestat] # candidate unique pairs for (FF, FR, RF, RR): (413, 544700, 336, 168)
[M::mem_pestat] analyzing insert size distribution for orientation FF...
[M::mem_pestat] (25, 50, 75) percentile: (86, 183, 372)
[M::mem_pestat] low and high boundaries for computing mean and std.dev: (1, 944)
[M::mem_pestat] mean and std.dev: (212.38, 178.21)
[M::mem_pestat] low and high boundaries for proper pairs: (1, 1230)
[M::mem_pestat] analyzing insert size distribution for orientation FR...
[M::mem_pestat] (25, 50, 75) percentile: (79, 118, 194)
[M::mem_pestat] low and high boundaries for computing mean and std.dev: (1, 424)
[M::mem_pestat] mean and std.dev: (142.27, 83.65)
[M::mem_pestat] low and high boundaries for proper pairs: (1, 539)
[M::mem_pestat] analyzing insert size distribution for orientation RF...
[M::mem_pestat] (25, 50, 75) percentile: (26, 136, 366)
[M::mem_pestat] low and high boundaries for computing mean and std.dev: (1, 1046)
[M::mem_pestat] mean and std.dev: (152.21, 187.51)
[M::mem_pestat] low and high boundaries for proper pairs: (1, 1386)
[M::mem_pestat] analyzing insert size distribution for orientation RR...
[M::mem_pestat] (25, 50, 75) percentile: (28, 119, 1593)
[M::mem_pestat] low and high boundaries for computing mean and std.dev: (1, 4723)
[M::mem_pestat] mean and std.dev: (644.70, 1093.74)
[M::mem_pestat] low and high boundaries for proper pairs: (1, 6288)
[M::mem_pestat] skip orientation FF
[M::mem_pestat] skip orientation RF
[M::mem_pestat] skip orientation RR
[M::process] read 1830610 sequences (160000183 bp)...
[M::mem_process_seqs] Processed 1829902 reads in 477.604 CPU sec, 31.290 real sec
[M::process] read 1832210 sequences (160000147 bp)...
[M::mem_pestat] # candidate unique pairs for (FF, FR, RF, RR): (382, 546527, 309, 166)
[M::mem_pestat] analyzing insert size distribution for orientation FF...
[M::mem_pestat] (25, 50, 75) percentile: (87, 194, 343)
[M::mem_pestat] low and high boundaries for computing mean and std.dev: (1, 855)
[M::mem_pestat] mean and std.dev: (200.86, 161.02)
[M::mem_pestat] low and high boundaries for proper pairs: (1, 1111)
[M::mem_pestat] analyzing insert size distribution for orientation FR...
[M::mem_pestat] (25, 50, 75) percentile: (79, 118, 195)
[M::mem_pestat] low and high boundaries for computing mean and std.dev: (1, 427)
[M::mem_pestat] mean and std.dev: (143.09, 84.22)
[M::mem_pestat] low and high boundaries for proper pairs: (1, 543)
[M::mem_pestat] analyzing insert size distribution for orientation RF...
[M::mem_pestat] (25, 50, 75) percentile: (29, 154, 600)
[M::mem_pestat] low and high boundaries for computing mean and std.dev: (1, 1742)
[M::mem_pestat] mean and std.dev: (233.13, 326.42)
[M::mem_pestat] low and high boundaries for proper pairs: (1, 2313)
[M::mem_pestat] analyzing insert size distribution for orientation RR...
[M::mem_pestat] (25, 50, 75) percentile: (30, 95, 1526)
[M::mem_pestat] low and high boundaries for computing mean and std.dev: (1, 4518)
[M::mem_pestat] mean and std.dev: (539.61, 995.38)
[M::mem_pestat] low and high boundaries for proper pairs: (1, 6014)
[M::mem_pestat] skip orientation FF
[M::mem_pestat] skip orientation RF
[M::mem_pestat] skip orientation RR
[M::mem_process_seqs] Processed 1830610 reads in 485.389 CPU sec, 31.920 real sec
[M::mem_pestat] # candidate unique pairs for (FF, FR, RF, RR): (311, 549155, 365, 151)
[M::mem_pestat] analyzing insert size distribution for orientation FF...
[M::mem_pestat] (25, 50, 75) percentile: (90, 215, 402)
[M::mem_pestat] low and high boundaries for computing mean and std.dev: (1, 1026)
[M::mem_pestat] mean and std.dev: (219.36, 175.58)
[M::mem_pestat] low and high boundaries for proper pairs: (1, 1338)
[M::mem_pestat] analyzing insert size distribution for orientation FR...
[M::mem_pestat] (25, 50, 75) percentile: (79, 118, 195)
[M::mem_pestat] low and high boundaries for computing mean and std.dev: (1, 427)
[M::mem_pestat] mean and std.dev: (142.85, 84.17)
[M::mem_pestat] low and high boundaries for proper pairs: (1, 543)
[M::mem_pestat] analyzing insert size distribution for orientation RF...
[M::mem_pestat] (25, 50, 75) percentile: (35, 159, 369)
[M::mem_pestat] low and high boundaries for computing mean and std.dev: (1, 1037)
[M::mem_pestat] mean and std.dev: (154.00, 176.15)
[M::mem_pestat] low and high boundaries for proper pairs: (1, 1371)
[M::mem_pestat] analyzing insert size distribution for orientation RR...
[M::mem_pestat] (25, 50, 75) percentile: (41, 164, 2177)
[M::mem_pestat] low and high boundaries for computing mean and std.dev: (1, 6449)
[M::mem_pestat] mean and std.dev: (1027.88, 1619.92)
[M::mem_pestat] low and high boundaries for proper pairs: (1, 8585)
[M::mem_pestat] skip orientation FF
[M::mem_pestat] skip orientation RF
[M::mem_pestat] skip orientation RR
[M::process] read 1834618 sequences (160000116 bp)...
[M::mem_process_seqs] Processed 1832210 reads in 483.165 CPU sec, 31.871 real sec
[M::mem_pestat] # candidate unique pairs for (FF, FR, RF, RR): (293, 555334, 314, 95)
[M::mem_pestat] analyzing insert size distribution for orientation FF...
[M::mem_pestat] (25, 50, 75) percentile: (90, 189, 339)
[M::mem_pestat] low and high boundaries for computing mean and std.dev: (1, 837)
[M::mem_pestat] mean and std.dev: (204.31, 156.62)
[M::mem_pestat] low and high boundaries for proper pairs: (1, 1086)
[M::mem_pestat] analyzing insert size distribution for orientation FR...
[M::mem_pestat] (25, 50, 75) percentile: (78, 116, 192)
[M::mem_pestat] low and high boundaries for computing mean and std.dev: (1, 420)
[M::mem_pestat] mean and std.dev: (140.47, 82.83)
[M::mem_pestat] low and high boundaries for proper pairs: (1, 534)
[M::mem_pestat] analyzing insert size distribution for orientation RF...
[M::mem_pestat] (25, 50, 75) percentile: (25, 112, 227)
[M::mem_pestat] low and high boundaries for computing mean and std.dev: (1, 631)
[M::mem_pestat] mean and std.dev: (132.22, 146.70)
[M::mem_pestat] low and high boundaries for proper pairs: (1, 833)
[M::mem_pestat] analyzing insert size distribution for orientation RR...
[M::mem_pestat] (25, 50, 75) percentile: (34, 104, 2630)
[M::mem_pestat] low and high boundaries for computing mean and std.dev: (1, 7822)
[M::mem_pestat] mean and std.dev: (989.65, 1882.80)
[M::mem_pestat] low and high boundaries for proper pairs: (1, 10418)
[M::mem_pestat] skip orientation FF
[M::mem_pestat] skip orientation RF
[M::mem_pestat] skip orientation RR
[M::process] read 1829848 sequences (160000096 bp)...
[M::mem_process_seqs] Processed 1834618 reads in 474.207 CPU sec, 31.285 real sec
[M::mem_pestat] # candidate unique pairs for (FF, FR, RF, RR): (197, 554066, 285, 63)
[M::mem_pestat] analyzing insert size distribution for orientation FF...
[M::mem_pestat] (25, 50, 75) percentile: (89, 181, 335)
[M::mem_pestat] low and high boundaries for computing mean and std.dev: (1, 827)
[M::mem_pestat] mean and std.dev: (203.73, 156.23)
[M::mem_pestat] low and high boundaries for proper pairs: (1, 1073)
[M::mem_pestat] analyzing insert size distribution for orientation FR...
[M::mem_pestat] (25, 50, 75) percentile: (77, 115, 192)
[M::mem_pestat] low and high boundaries for computing mean and std.dev: (1, 422)
[M::mem_pestat] mean and std.dev: (140.34, 83.26)
[M::mem_pestat] low and high boundaries for proper pairs: (1, 537)
[M::mem_pestat] analyzing insert size distribution for orientation RF...
[M::mem_pestat] (25, 50, 75) percentile: (27, 76, 216)
[M::mem_pestat] low and high boundaries for computing mean and std.dev: (1, 594)
[M::mem_pestat] mean and std.dev: (110.71, 111.33)
[M::mem_pestat] low and high boundaries for proper pairs: (1, 783)
[M::mem_pestat] analyzing insert size distribution for orientation RR...
[M::mem_pestat] (25, 50, 75) percentile: (42, 96, 2655)
[M::mem_pestat] low and high boundaries for computing mean and std.dev: (1, 7881)
[M::mem_pestat] mean and std.dev: (1119.74, 1888.94)
[M::mem_pestat] low and high boundaries for proper pairs: (1, 10494)
[M::mem_pestat] skip orientation FF
[M::mem_pestat] skip orientation RF
[M::mem_pestat] skip orientation RR
[M::process] read 1840938 sequences (160000056 bp)...
[M::mem_process_seqs] Processed 1829848 reads in 462.133 CPU sec, 30.550 real sec
[M::mem_pestat] # candidate unique pairs for (FF, FR, RF, RR): (147, 558372, 269, 53)
[M::mem_pestat] analyzing insert size distribution for orientation FF...
[M::mem_pestat] (25, 50, 75) percentile: (92, 196, 388)
[M::mem_pestat] low and high boundaries for computing mean and std.dev: (1, 980)
[M::mem_pestat] mean and std.dev: (191.83, 140.52)
[M::mem_pestat] low and high boundaries for proper pairs: (1, 1276)
[M::mem_pestat] analyzing insert size distribution for orientation FR...
[M::mem_pestat] (25, 50, 75) percentile: (76, 114, 189)
[M::mem_pestat] low and high boundaries for computing mean and std.dev: (1, 415)
[M::mem_pestat] mean and std.dev: (137.84, 80.55)
[M::mem_pestat] low and high boundaries for proper pairs: (1, 528)
[M::mem_pestat] analyzing insert size distribution for orientation RF...
[M::mem_pestat] (25, 50, 75) percentile: (26, 88, 206)
[M::mem_pestat] low and high boundaries for computing mean and std.dev: (1, 566)
[M::mem_pestat] mean and std.dev: (108.76, 109.59)
[M::mem_pestat] low and high boundaries for proper pairs: (1, 746)
[M::mem_pestat] analyzing insert size distribution for orientation RR...
[M::mem_pestat] (25, 50, 75) percentile: (37, 66, 863)
[M::mem_pestat] low and high boundaries for computing mean and std.dev: (1, 2515)
[M::mem_pestat] mean and std.dev: (245.48, 472.49)
[M::mem_pestat] low and high boundaries for proper pairs: (1, 3341)
[M::mem_pestat] skip orientation FF
[M::mem_pestat] skip orientation RF
[M::mem_pestat] skip orientation RR
[M::process] read 1831220 sequences (160000043 bp)...
[M::mem_process_seqs] Processed 1840938 reads in 468.561 CPU sec, 30.856 real sec
[M::mem_pestat] # candidate unique pairs for (FF, FR, RF, RR): (117, 557512, 283, 46)
[M::mem_pestat] analyzing insert size distribution for orientation FF...
[M::mem_pestat] (25, 50, 75) percentile: (83, 172, 343)
[M::mem_pestat] low and high boundaries for computing mean and std.dev: (1, 863)
[M::mem_pestat] mean and std.dev: (197.09, 155.84)
[M::mem_pestat] low and high boundaries for proper pairs: (1, 1123)
[M::mem_pestat] analyzing insert size distribution for orientation FR...
[M::mem_pestat] (25, 50, 75) percentile: (77, 115, 191)
[M::mem_pestat] low and high boundaries for computing mean and std.dev: (1, 419)
[M::mem_pestat] mean and std.dev: (139.89, 82.63)
[M::mem_pestat] low and high boundaries for proper pairs: (1, 533)
[M::mem_pestat] analyzing insert size distribution for orientation RF...
[M::mem_pestat] (25, 50, 75) percentile: (23, 47, 187)
[M::mem_pestat] low and high boundaries for computing mean and std.dev: (1, 515)
[M::mem_pestat] mean and std.dev: (93.41, 94.07)
[M::mem_pestat] low and high boundaries for proper pairs: (1, 679)
[M::mem_pestat] analyzing insert size distribution for orientation RR...
[M::mem_pestat] (25, 50, 75) percentile: (37, 122, 1013)
[M::mem_pestat] low and high boundaries for computing mean and std.dev: (1, 2965)
[M::mem_pestat] mean and std.dev: (412.00, 747.06)
[M::mem_pestat] low and high boundaries for proper pairs: (1, 3941)
[M::mem_pestat] skip orientation FF
[M::mem_pestat] skip orientation RF
[M::mem_pestat] skip orientation RR
[M::process] read 1835798 sequences (160000027 bp)...
[M::mem_process_seqs] Processed 1831220 reads in 486.597 CPU sec, 32.161 real sec
[M::mem_pestat] # candidate unique pairs for (FF, FR, RF, RR): (133, 559834, 268, 43)
[M::mem_pestat] analyzing insert size distribution for orientation FF...
[M::mem_pestat] (25, 50, 75) percentile: (69, 177, 328)
[M::mem_pestat] low and high boundaries for computing mean and std.dev: (1, 846)
[M::mem_pestat] mean and std.dev: (186.33, 150.50)
[M::mem_pestat] low and high boundaries for proper pairs: (1, 1105)
[M::mem_pestat] analyzing insert size distribution for orientation FR...
[M::mem_pestat] (25, 50, 75) percentile: (76, 114, 190)
[M::mem_pestat] low and high boundaries for computing mean and std.dev: (1, 418)
[M::mem_pestat] mean and std.dev: (138.68, 81.80)
[M::mem_pestat] low and high boundaries for proper pairs: (1, 532)
[M::mem_pestat] analyzing insert size distribution for orientation RF...
[M::mem_pestat] (25, 50, 75) percentile: (24, 99, 204)
[M::mem_pestat] low and high boundaries for computing mean and std.dev: (1, 564)
[M::mem_pestat] mean and std.dev: (120.07, 124.13)
[M::mem_pestat] low and high boundaries for proper pairs: (1, 744)
[M::mem_pestat] analyzing insert size distribution for orientation RR...
[M::mem_pestat] (25, 50, 75) percentile: (43, 100, 1568)
[M::mem_pestat] low and high boundaries for computing mean and std.dev: (1, 4618)
[M::mem_pestat] mean and std.dev: (527.50, 816.01)
[M::mem_pestat] low and high boundaries for proper pairs: (1, 6143)
[M::mem_pestat] skip orientation FF
[M::mem_pestat] skip orientation RF
[M::mem_pestat] skip orientation RR
[M::process] read 1823272 sequences (160000181 bp)...
[M::mem_process_seqs] Processed 1835798 reads in 471.621 CPU sec, 31.167 real sec
[M::mem_pestat] # candidate unique pairs for (FF, FR, RF, RR): (264, 550027, 336, 101)
[M::mem_pestat] analyzing insert size distribution for orientation FF...
[M::mem_pestat] (25, 50, 75) percentile: (80, 201, 360)
[M::mem_pestat] low and high boundaries for computing mean and std.dev: (1, 920)
[M::mem_pestat] mean and std.dev: (208.55, 166.31)
[M::mem_pestat] low and high boundaries for proper pairs: (1, 1200)
[M::mem_pestat] analyzing insert size distribution for orientation FR...
[M::mem_pestat] (25, 50, 75) percentile: (79, 118, 196)
[M::mem_pestat] low and high boundaries for computing mean and std.dev: (1, 430)
[M::mem_pestat] mean and std.dev: (143.60, 85.73)
[M::mem_pestat] low and high boundaries for proper pairs: (1, 547)
[M::mem_pestat] analyzing insert size distribution for orientation RF...
[M::mem_pestat] (25, 50, 75) percentile: (27, 131, 277)
[M::mem_pestat] low and high boundaries for computing mean and std.dev: (1, 777)
[M::mem_pestat] mean and std.dev: (132.88, 148.65)
[M::mem_pestat] low and high boundaries for proper pairs: (1, 1027)
[M::mem_pestat] analyzing insert size distribution for orientation RR...
[M::mem_pestat] (25, 50, 75) percentile: (39, 174, 2808)
[M::mem_pestat] low and high boundaries for computing mean and std.dev: (1, 8346)
[M::mem_pestat] mean and std.dev: (1132.04, 1719.46)
[M::mem_pestat] low and high boundaries for proper pairs: (1, 11115)
[M::mem_pestat] skip orientation FF
[M::mem_pestat] skip orientation RF
[M::mem_pestat] skip orientation RR
[M::process] read 1832410 sequences (160000078 bp)...
[M::mem_process_seqs] Processed 1823272 reads in 465.634 CPU sec, 30.656 real sec
[M::mem_pestat] # candidate unique pairs for (FF, FR, RF, RR): (354, 547612, 317, 142)
[M::mem_pestat] analyzing insert size distribution for orientation FF...
[M::mem_pestat] (25, 50, 75) percentile: (97, 204, 438)
[M::mem_pestat] low and high boundaries for computing mean and std.dev: (1, 1120)
[M::mem_pestat] mean and std.dev: (221.45, 180.33)
[M::mem_pestat] low and high boundaries for proper pairs: (1, 1461)
[M::mem_pestat] analyzing insert size distribution for orientation FR...
[M::mem_pestat] (25, 50, 75) percentile: (78, 116, 192)
[M::mem_pestat] low and high boundaries for computing mean and std.dev: (1, 420)
[M::mem_pestat] mean and std.dev: (140.52, 82.77)
[M::mem_pestat] low and high boundaries for proper pairs: (1, 534)
[M::mem_pestat] analyzing insert size distribution for orientation RF...
[M::mem_pestat] (25, 50, 75) percentile: (28, 158, 494)
[M::mem_pestat] low and high boundaries for computing mean and std.dev: (1, 1426)
[M::mem_pestat] mean and std.dev: (204.03, 282.23)
[M::mem_pestat] low and high boundaries for proper pairs: (1, 1892)
[M::mem_pestat] analyzing insert size distribution for orientation RR...
[M::mem_pestat] (25, 50, 75) percentile: (37, 91, 990)
[M::mem_pestat] low and high boundaries for computing mean and std.dev: (1, 2896)
[M::mem_pestat] mean and std.dev: (373.84, 651.21)
[M::mem_pestat] low and high boundaries for proper pairs: (1, 3849)
[M::mem_pestat] skip orientation FF
[M::mem_pestat] skip orientation RF
[M::mem_pestat] skip orientation RR
[M::process] read 1827016 sequences (160000102 bp)...
[M::mem_process_seqs] Processed 1832410 reads in 476.882 CPU sec, 31.338 real sec
[M::mem_pestat] # candidate unique pairs for (FF, FR, RF, RR): (383, 549998, 308, 151)
[M::mem_pestat] analyzing insert size distribution for orientation FF...
[M::mem_pestat] (25, 50, 75) percentile: (71, 162, 377)
[M::mem_pestat] low and high boundaries for computing mean and std.dev: (1, 989)
[M::mem_pestat] mean and std.dev: (199.68, 190.04)
[M::mem_pestat] low and high boundaries for proper pairs: (1, 1295)
[M::mem_pestat] analyzing insert size distribution for orientation FR...
[M::mem_pestat] (25, 50, 75) percentile: (79, 118, 196)
[M::mem_pestat] low and high boundaries for computing mean and std.dev: (1, 430)
[M::mem_pestat] mean and std.dev: (143.36, 85.28)
[M::mem_pestat] low and high boundaries for proper pairs: (1, 547)
[M::mem_pestat] analyzing insert size distribution for orientation RF...
[M::mem_pestat] (25, 50, 75) percentile: (25, 122, 244)
[M::mem_pestat] low and high boundaries for computing mean and std.dev: (1, 682)
[M::mem_pestat] mean and std.dev: (127.23, 142.35)
[M::mem_pestat] low and high boundaries for proper pairs: (1, 901)
[M::mem_pestat] analyzing insert size distribution for orientation RR...
[M::mem_pestat] (25, 50, 75) percentile: (38, 88, 2031)
[M::mem_pestat] low and high boundaries for computing mean and std.dev: (1, 6017)
[M::mem_pestat] mean and std.dev: (874.84, 1477.82)
[M::mem_pestat] low and high boundaries for proper pairs: (1, 8010)
[M::mem_pestat] skip orientation FF
[M::mem_pestat] skip orientation RF
[M::mem_pestat] skip orientation RR
[M::process] read 1835810 sequences (160000131 bp)...
[M::mem_process_seqs] Processed 1827016 reads in 472.641 CPU sec, 30.959 real sec
[M::process] read 1827670 sequences (160000011 bp)...
[M::mem_pestat] # candidate unique pairs for (FF, FR, RF, RR): (381, 555572, 326, 142)
[M::mem_pestat] analyzing insert size distribution for orientation FF...
[M::mem_pestat] (25, 50, 75) percentile: (91, 186, 417)
[M::mem_pestat] low and high boundaries for computing mean and std.dev: (1, 1069)
[M::mem_pestat] mean and std.dev: (202.45, 165.08)
[M::mem_pestat] low and high boundaries for proper pairs: (1, 1395)
[M::mem_pestat] analyzing insert size distribution for orientation FR...
[M::mem_pestat] (25, 50, 75) percentile: (78, 116, 193)
[M::mem_pestat] low and high boundaries for computing mean and std.dev: (1, 423)
[M::mem_pestat] mean and std.dev: (141.18, 83.37)
[M::mem_pestat] low and high boundaries for proper pairs: (1, 538)
[M::mem_pestat] analyzing insert size distribution for orientation RF...
[M::mem_pestat] (25, 50, 75) percentile: (30, 154, 404)
[M::mem_pestat] low and high boundaries for computing mean and std.dev: (1, 1152)
[M::mem_pestat] mean and std.dev: (162.18, 207.83)
[M::mem_pestat] low and high boundaries for proper pairs: (1, 1526)
[M::mem_pestat] analyzing insert size distribution for orientation RR...
[M::mem_pestat] (25, 50, 75) percentile: (37, 90, 1329)
[M::mem_pestat] low and high boundaries for computing mean and std.dev: (1, 3913)
[M::mem_pestat] mean and std.dev: (473.00, 900.84)
[M::mem_pestat] low and high boundaries for proper pairs: (1, 5205)
[M::mem_pestat] skip orientation FF
[M::mem_pestat] skip orientation RF
[M::mem_pestat] skip orientation RR
[M::mem_process_seqs] Processed 1835810 reads in 489.643 CPU sec, 32.152 real sec
[M::mem_pestat] # candidate unique pairs for (FF, FR, RF, RR): (171, 549171, 302, 76)
[M::mem_pestat] analyzing insert size distribution for orientation FF...
[M::mem_pestat] (25, 50, 75) percentile: (91, 215, 478)
[M::mem_pestat] low and high boundaries for computing mean and std.dev: (1, 1252)
[M::mem_pestat] mean and std.dev: (213.10, 199.30)
[M::mem_pestat] low and high boundaries for proper pairs: (1, 1639)
[M::mem_pestat] analyzing insert size distribution for orientation FR...
[M::mem_pestat] (25, 50, 75) percentile: (79, 119, 197)
[M::mem_pestat] low and high boundaries for computing mean and std.dev: (1, 433)
[M::mem_pestat] mean and std.dev: (144.66, 86.05)
[M::mem_pestat] low and high boundaries for proper pairs: (1, 551)
[M::mem_pestat] analyzing insert size distribution for orientation RF...
[M::mem_pestat] (25, 50, 75) percentile: (24, 86, 212)
[M::mem_pestat] low and high boundaries for computing mean and std.dev: (1, 588)
[M::mem_pestat] mean and std.dev: (116.06, 127.28)
[M::mem_pestat] low and high boundaries for proper pairs: (1, 776)
[M::mem_pestat] analyzing insert size distribution for orientation RR...
[M::mem_pestat] (25, 50, 75) percentile: (30, 149, 2530)
[M::mem_pestat] low and high boundaries for computing mean and std.dev: (1, 7530)
[M::mem_pestat] mean and std.dev: (1108.68, 1915.79)
[M::mem_pestat] low and high boundaries for proper pairs: (1, 10030)
[M::mem_pestat] skip orientation FF
[M::mem_pestat] skip orientation RF
[M::mem_pestat] skip orientation RR
[M::process] read 1816318 sequences (160000181 bp)...
[M::mem_process_seqs] Processed 1827670 reads in 486.311 CPU sec, 31.896 real sec
[M::process] read 1818334 sequences (160000108 bp)...
[M::mem_pestat] # candidate unique pairs for (FF, FR, RF, RR): (141, 547691, 296, 58)
[M::mem_pestat] analyzing insert size distribution for orientation FF...
[M::mem_pestat] (25, 50, 75) percentile: (98, 215, 403)
[M::mem_pestat] low and high boundaries for computing mean and std.dev: (1, 1013)
[M::mem_pestat] mean and std.dev: (222.65, 160.52)
[M::mem_pestat] low and high boundaries for proper pairs: (1, 1318)
[M::mem_pestat] analyzing insert size distribution for orientation FR...
[M::mem_pestat] (25, 50, 75) percentile: (80, 122, 201)
[M::mem_pestat] low and high boundaries for computing mean and std.dev: (1, 443)
[M::mem_pestat] mean and std.dev: (148.15, 88.83)
[M::mem_pestat] low and high boundaries for proper pairs: (1, 564)
[M::mem_pestat] analyzing insert size distribution for orientation RF...
[M::mem_pestat] (25, 50, 75) percentile: (30, 119, 256)
[M::mem_pestat] low and high boundaries for computing mean and std.dev: (1, 708)
[M::mem_pestat] mean and std.dev: (132.72, 137.28)
[M::mem_pestat] low and high boundaries for proper pairs: (1, 934)
[M::mem_pestat] analyzing insert size distribution for orientation RR...
[M::mem_pestat] (25, 50, 75) percentile: (49, 128, 1749)
[M::mem_pestat] low and high boundaries for computing mean and std.dev: (1, 5149)
[M::mem_pestat] mean and std.dev: (863.22, 1345.71)
[M::mem_pestat] low and high boundaries for proper pairs: (1, 6849)
[M::mem_pestat] skip orientation FF
[M::mem_pestat] skip orientation RF
[M::mem_pestat] skip orientation RR
[M::mem_process_seqs] Processed 1816318 reads in 487.491 CPU sec, 31.967 real sec
[M::mem_pestat] # candidate unique pairs for (FF, FR, RF, RR): (121, 548800, 328, 50)
[M::mem_pestat] analyzing insert size distribution for orientation FF...
[M::mem_pestat] (25, 50, 75) percentile: (130, 218, 358)
[M::mem_pestat] low and high boundaries for computing mean and std.dev: (1, 814)
[M::mem_pestat] mean and std.dev: (223.75, 151.58)
[M::mem_pestat] low and high boundaries for proper pairs: (1, 1042)
[M::mem_pestat] analyzing insert size distribution for orientation FR...
[M::mem_pestat] (25, 50, 75) percentile: (80, 122, 201)
[M::mem_pestat] low and high boundaries for computing mean and std.dev: (1, 443)
[M::mem_pestat] mean and std.dev: (147.62, 88.45)
[M::mem_pestat] low and high boundaries for proper pairs: (1, 564)
[M::mem_pestat] analyzing insert size distribution for orientation RF...
[M::mem_pestat] (25, 50, 75) percentile: (25, 143, 255)
[M::mem_pestat] low and high boundaries for computing mean and std.dev: (1, 715)
[M::mem_pestat] mean and std.dev: (136.70, 145.10)
[M::mem_pestat] low and high boundaries for proper pairs: (1, 945)
[M::mem_pestat] analyzing insert size distribution for orientation RR...
[M::mem_pestat] (25, 50, 75) percentile: (38, 79, 853)
[M::mem_pestat] low and high boundaries for computing mean and std.dev: (1, 2483)
[M::mem_pestat] mean and std.dev: (294.14, 573.23)
[M::mem_pestat] low and high boundaries for proper pairs: (1, 3298)
[M::mem_pestat] skip orientation FF
[M::mem_pestat] skip orientation RF
[M::mem_pestat] skip orientation RR
[M::process] read 1819646 sequences (160000050 bp)...
[M::mem_process_seqs] Processed 1818334 reads in 491.886 CPU sec, 32.342 real sec
[M::process] read 1832262 sequences (160000015 bp)...
[M::mem_pestat] # candidate unique pairs for (FF, FR, RF, RR): (119, 550369, 297, 55)
[M::mem_pestat] analyzing insert size distribution for orientation FF...
[M::mem_pestat] (25, 50, 75) percentile: (91, 174, 344)
[M::mem_pestat] low and high boundaries for computing mean and std.dev: (1, 850)
[M::mem_pestat] mean and std.dev: (204.38, 159.34)
[M::mem_pestat] low and high boundaries for proper pairs: (1, 1103)
[M::mem_pestat] analyzing insert size distribution for orientation FR...
[M::mem_pestat] (25, 50, 75) percentile: (80, 122, 201)
[M::mem_pestat] low and high boundaries for computing mean and std.dev: (1, 443)
[M::mem_pestat] mean and std.dev: (147.63, 88.73)
[M::mem_pestat] low and high boundaries for proper pairs: (1, 564)
[M::mem_pestat] analyzing insert size distribution for orientation RF...
[M::mem_pestat] (25, 50, 75) percentile: (24, 91, 202)
[M::mem_pestat] low and high boundaries for computing mean and std.dev: (1, 558)
[M::mem_pestat] mean and std.dev: (116.06, 120.08)
[M::mem_pestat] low and high boundaries for proper pairs: (1, 736)
[M::mem_pestat] analyzing insert size distribution for orientation RR...
[M::mem_pestat] (25, 50, 75) percentile: (37, 173, 1457)
[M::mem_pestat] low and high boundaries for computing mean and std.dev: (1, 4297)
[M::mem_pestat] mean and std.dev: (733.10, 1139.45)
[M::mem_pestat] low and high boundaries for proper pairs: (1, 5717)
[M::mem_pestat] skip orientation FF
[M::mem_pestat] skip orientation RF
[M::mem_pestat] skip orientation RR
[M::mem_process_seqs] Processed 1819646 reads in 500.113 CPU sec, 32.947 real sec
[M::mem_pestat] # candidate unique pairs for (FF, FR, RF, RR): (134, 551374, 281, 59)
[M::mem_pestat] analyzing insert size distribution for orientation FF...
[M::mem_pestat] (25, 50, 75) percentile: (102, 214, 413)
[M::mem_pestat] low and high boundaries for computing mean and std.dev: (1, 1035)
[M::mem_pestat] mean and std.dev: (214.25, 165.58)
[M::mem_pestat] low and high boundaries for proper pairs: (1, 1346)
[M::mem_pestat] analyzing insert size distribution for orientation FR...
[M::mem_pestat] (25, 50, 75) percentile: (78, 119, 196)
[M::mem_pestat] low and high boundaries for computing mean and std.dev: (1, 432)
[M::mem_pestat] mean and std.dev: (143.64, 85.08)
[M::mem_pestat] low and high boundaries for proper pairs: (1, 550)
[M::mem_pestat] analyzing insert size distribution for orientation RF...
[M::mem_pestat] (25, 50, 75) percentile: (26, 141, 332)
[M::mem_pestat] low and high boundaries for computing mean and std.dev: (1, 944)
[M::mem_pestat] mean and std.dev: (163.85, 194.86)
[M::mem_pestat] low and high boundaries for proper pairs: (1, 1250)
[M::mem_pestat] analyzing insert size distribution for orientation RR...
[M::mem_pestat] (25, 50, 75) percentile: (72, 189, 2711)
[M::mem_pestat] low and high boundaries for computing mean and std.dev: (1, 7989)
[M::mem_pestat] mean and std.dev: (1183.37, 1865.39)
[M::mem_pestat] low and high boundaries for proper pairs: (1, 10628)
[M::mem_pestat] skip orientation FF
[M::mem_pestat] skip orientation RF
[M::mem_pestat] skip orientation RR
[M::process] read 1838768 sequences (160000008 bp)...
[M::mem_process_seqs] Processed 1832262 reads in 487.326 CPU sec, 32.085 real sec
[M::mem_pestat] # candidate unique pairs for (FF, FR, RF, RR): (130, 559103, 287, 75)
[M::mem_pestat] analyzing insert size distribution for orientation FF...
[M::mem_pestat] (25, 50, 75) percentile: (98, 217, 538)
[M::mem_pestat] low and high boundaries for computing mean and std.dev: (1, 1418)
[M::mem_pestat] mean and std.dev: (244.06, 259.90)
[M::mem_pestat] low and high boundaries for proper pairs: (1, 1858)
[M::mem_pestat] analyzing insert size distribution for orientation FR...
[M::mem_pestat] (25, 50, 75) percentile: (77, 117, 191)
[M::mem_pestat] low and high boundaries for computing mean and std.dev: (1, 419)
[M::mem_pestat] mean and std.dev: (139.45, 80.23)
[M::mem_pestat] low and high boundaries for proper pairs: (1, 533)
[M::mem_pestat] analyzing insert size distribution for orientation RF...
[M::mem_pestat] (25, 50, 75) percentile: (26, 108, 243)
[M::mem_pestat] low and high boundaries for computing mean and std.dev: (1, 677)
[M::mem_pestat] mean and std.dev: (113.90, 122.47)
[M::mem_pestat] low and high boundaries for proper pairs: (1, 894)
[M::mem_pestat] analyzing insert size distribution for orientation RR...
[M::mem_pestat] (25, 50, 75) percentile: (51, 113, 2149)
[M::mem_pestat] low and high boundaries for computing mean and std.dev: (1, 6345)
[M::mem_pestat] mean and std.dev: (871.62, 1367.42)
[M::mem_pestat] low and high boundaries for proper pairs: (1, 8443)
[M::mem_pestat] skip orientation FF
[M::mem_pestat] skip orientation RF
[M::mem_pestat] skip orientation RR
[M::process] read 1849372 sequences (160000051 bp)...
[M::mem_process_seqs] Processed 1838768 reads in 498.320 CPU sec, 32.819 real sec
[M::process] read 1846178 sequences (160000192 bp)...
[M::mem_pestat] # candidate unique pairs for (FF, FR, RF, RR): (140, 560126, 303, 84)
[M::mem_pestat] analyzing insert size distribution for orientation FF...
[M::mem_pestat] (25, 50, 75) percentile: (95, 228, 576)
[M::mem_pestat] low and high boundaries for computing mean and std.dev: (1, 1538)
[M::mem_pestat] mean and std.dev: (262.15, 279.36)
[M::mem_pestat] low and high boundaries for proper pairs: (1, 2019)
[M::mem_pestat] analyzing insert size distribution for orientation FR...
[M::mem_pestat] (25, 50, 75) percentile: (76, 114, 187)
[M::mem_pestat] low and high boundaries for computing mean and std.dev: (1, 409)
[M::mem_pestat] mean and std.dev: (136.15, 77.28)
[M::mem_pestat] low and high boundaries for proper pairs: (1, 520)
[M::mem_pestat] analyzing insert size distribution for orientation RF...
[M::mem_pestat] (25, 50, 75) percentile: (35, 160, 343)
[M::mem_pestat] low and high boundaries for computing mean and std.dev: (1, 959)
[M::mem_pestat] mean and std.dev: (160.80, 183.18)
[M::mem_pestat] low and high boundaries for proper pairs: (1, 1267)
[M::mem_pestat] analyzing insert size distribution for orientation RR...
[M::mem_pestat] (25, 50, 75) percentile: (63, 203, 2714)
[M::mem_pestat] low and high boundaries for computing mean and std.dev: (1, 8016)
[M::mem_pestat] mean and std.dev: (1443.50, 2138.47)
[M::mem_pestat] low and high boundaries for proper pairs: (1, 10667)
[M::mem_pestat] skip orientation FF
[M::mem_pestat] skip orientation RF
[M::mem_pestat] skip orientation RR
[M::mem_process_seqs] Processed 1849372 reads in 517.605 CPU sec, 34.239 real sec
[M::mem_pestat] # candidate unique pairs for (FF, FR, RF, RR): (131, 559505, 296, 75)
[M::mem_pestat] analyzing insert size distribution for orientation FF...
[M::mem_pestat] (25, 50, 75) percentile: (97, 217, 447)
[M::mem_pestat] low and high boundaries for computing mean and std.dev: (1, 1147)
[M::mem_pestat] mean and std.dev: (225.70, 216.11)
[M::mem_pestat] low and high boundaries for proper pairs: (1, 1497)
[M::mem_pestat] analyzing insert size distribution for orientation FR...
[M::mem_pestat] (25, 50, 75) percentile: (77, 115, 188)
[M::mem_pestat] low and high boundaries for computing mean and std.dev: (1, 410)
[M::mem_pestat] mean and std.dev: (137.19, 78.05)
[M::mem_pestat] low and high boundaries for proper pairs: (1, 521)
[M::mem_pestat] analyzing insert size distribution for orientation RF...
[M::mem_pestat] (25, 50, 75) percentile: (27, 158, 321)
[M::mem_pestat] low and high boundaries for computing mean and std.dev: (1, 909)
[M::mem_pestat] mean and std.dev: (135.92, 155.95)
[M::mem_pestat] low and high boundaries for proper pairs: (1, 1203)
[M::mem_pestat] analyzing insert size distribution for orientation RR...
[M::mem_pestat] (25, 50, 75) percentile: (88, 771, 3764)
[M::mem_pestat] low and high boundaries for computing mean and std.dev: (1, 11116)
[M::mem_pestat] mean and std.dev: (2218.63, 2814.62)
[M::mem_pestat] low and high boundaries for proper pairs: (1, 14792)
[M::mem_pestat] skip orientation FF
[M::mem_pestat] skip orientation RF
[M::mem_pestat] skip orientation RR
[M::process] read 1843088 sequences (160000100 bp)...
[M::mem_process_seqs] Processed 1846178 reads in 506.020 CPU sec, 33.277 real sec
[M::mem_pestat] # candidate unique pairs for (FF, FR, RF, RR): (141, 556229, 287, 70)
[M::mem_pestat] analyzing insert size distribution for orientation FF...
[M::mem_pestat] (25, 50, 75) percentile: (111, 288, 1138)
[M::mem_pestat] low and high boundaries for computing mean and std.dev: (1, 3192)
[M::mem_pestat] mean and std.dev: (457.09, 720.37)
[M::mem_pestat] low and high boundaries for proper pairs: (1, 4219)
[M::mem_pestat] analyzing insert size distribution for orientation FR...
[M::mem_pestat] (25, 50, 75) percentile: (77, 117, 190)
[M::mem_pestat] low and high boundaries for computing mean and std.dev: (1, 416)
[M::mem_pestat] mean and std.dev: (138.98, 79.35)
[M::mem_pestat] low and high boundaries for proper pairs: (1, 529)
[M::mem_pestat] analyzing insert size distribution for orientation RF...
[M::mem_pestat] (25, 50, 75) percentile: (32, 158, 329)
[M::mem_pestat] low and high boundaries for computing mean and std.dev: (1, 923)
[M::mem_pestat] mean and std.dev: (154.42, 174.34)
[M::mem_pestat] low and high boundaries for proper pairs: (1, 1220)
[M::mem_pestat] analyzing insert size distribution for orientation RR...
[M::mem_pestat] (25, 50, 75) percentile: (45, 83, 677)
[M::mem_pestat] low and high boundaries for computing mean and std.dev: (1, 1941)
[M::mem_pestat] mean and std.dev: (188.86, 324.11)
[M::mem_pestat] low and high boundaries for proper pairs: (1, 2573)
[M::mem_pestat] skip orientation FF
[M::mem_pestat] skip orientation RF
[M::mem_pestat] skip orientation RR
[M::process] read 1869484 sequences (160000043 bp)...
[M::mem_process_seqs] Processed 1843088 reads in 522.164 CPU sec, 34.184 real sec
[M::process] read 1892348 sequences (160000110 bp)...
[M::mem_pestat] # candidate unique pairs for (FF, FR, RF, RR): (314, 551869, 284, 151)
[M::mem_pestat] analyzing insert size distribution for orientation FF...
[M::mem_pestat] (25, 50, 75) percentile: (91, 204, 463)
[M::mem_pestat] low and high boundaries for computing mean and std.dev: (1, 1207)
[M::mem_pestat] mean and std.dev: (220.82, 205.58)
[M::mem_pestat] low and high boundaries for proper pairs: (1, 1579)
[M::mem_pestat] analyzing insert size distribution for orientation FR...
[M::mem_pestat] (25, 50, 75) percentile: (75, 109, 178)
[M::mem_pestat] low and high boundaries for computing mean and std.dev: (1, 384)
[M::mem_pestat] mean and std.dev: (129.98, 71.39)
[M::mem_pestat] low and high boundaries for proper pairs: (1, 487)
[M::mem_pestat] analyzing insert size distribution for orientation RF...
[M::mem_pestat] (25, 50, 75) percentile: (29, 171, 893)
[M::mem_pestat] low and high boundaries for computing mean and std.dev: (1, 2621)
[M::mem_pestat] mean and std.dev: (363.30, 578.10)
[M::mem_pestat] low and high boundaries for proper pairs: (1, 3485)
[M::mem_pestat] analyzing insert size distribution for orientation RR...
[M::mem_pestat] (25, 50, 75) percentile: (51, 509, 3023)
[M::mem_pestat] low and high boundaries for computing mean and std.dev: (1, 8967)
[M::mem_pestat] mean and std.dev: (1444.86, 2087.27)
[M::mem_pestat] low and high boundaries for proper pairs: (1, 11939)
[M::mem_pestat] skip orientation FF
[M::mem_pestat] skip orientation RF
[M::mem_pestat] skip orientation RR
[M::mem_process_seqs] Processed 1869484 reads in 505.237 CPU sec, 33.242 real sec
[M::process] read 1894128 sequences (160000171 bp)...
[M::mem_pestat] # candidate unique pairs for (FF, FR, RF, RR): (539, 553177, 311, 217)
[M::mem_pestat] analyzing insert size distribution for orientation FF...
[M::mem_pestat] (25, 50, 75) percentile: (79, 198, 429)
[M::mem_pestat] low and high boundaries for computing mean and std.dev: (1, 1129)
[M::mem_pestat] mean and std.dev: (205.15, 193.69)
[M::mem_pestat] low and high boundaries for proper pairs: (1, 1479)
[M::mem_pestat] analyzing insert size distribution for orientation FR...
[M::mem_pestat] (25, 50, 75) percentile: (74, 106, 173)
[M::mem_pestat] low and high boundaries for computing mean and std.dev: (1, 371)
[M::mem_pestat] mean and std.dev: (126.44, 68.44)
[M::mem_pestat] low and high boundaries for proper pairs: (1, 470)
[M::mem_pestat] analyzing insert size distribution for orientation RF...
[M::mem_pestat] (25, 50, 75) percentile: (39, 209, 1985)
[M::mem_pestat] low and high boundaries for computing mean and std.dev: (1, 5877)
[M::mem_pestat] mean and std.dev: (878.79, 1316.62)
[M::mem_pestat] low and high boundaries for proper pairs: (1, 7823)
[M::mem_pestat] analyzing insert size distribution for orientation RR...
[M::mem_pestat] (25, 50, 75) percentile: (35, 307, 3477)
[M::mem_pestat] low and high boundaries for computing mean and std.dev: (1, 10361)
[M::mem_pestat] mean and std.dev: (2044.16, 2913.28)
[M::mem_pestat] low and high boundaries for proper pairs: (1, 13803)
[M::mem_pestat] skip orientation FF
[M::mem_pestat] skip orientation RF
[M::mem_pestat] skip orientation RR
[M::mem_process_seqs] Processed 1892348 reads in 516.128 CPU sec, 34.178 real sec
[M::process] read 1188150 sequences (100578404 bp)...
[M::mem_pestat] # candidate unique pairs for (FF, FR, RF, RR): (438, 555767, 302, 192)
[M::mem_pestat] analyzing insert size distribution for orientation FF...
[M::mem_pestat] (25, 50, 75) percentile: (80, 205, 468)
[M::mem_pestat] low and high boundaries for computing mean and std.dev: (1, 1244)
[M::mem_pestat] mean and std.dev: (207.70, 198.85)
[M::mem_pestat] low and high boundaries for proper pairs: (1, 1632)
[M::mem_pestat] analyzing insert size distribution for orientation FR...
[M::mem_pestat] (25, 50, 75) percentile: (74, 106, 173)
[M::mem_pestat] low and high boundaries for computing mean and std.dev: (1, 371)
[M::mem_pestat] mean and std.dev: (126.35, 68.25)
[M::mem_pestat] low and high boundaries for proper pairs: (1, 470)
[M::mem_pestat] analyzing insert size distribution for orientation RF...
[M::mem_pestat] (25, 50, 75) percentile: (39, 191, 1466)
[M::mem_pestat] low and high boundaries for computing mean and std.dev: (1, 4320)
[M::mem_pestat] mean and std.dev: (544.35, 896.31)
[M::mem_pestat] low and high boundaries for proper pairs: (1, 5747)
[M::mem_pestat] analyzing insert size distribution for orientation RR...
[M::mem_pestat] (25, 50, 75) percentile: (49, 245, 3546)
[M::mem_pestat] low and high boundaries for computing mean and std.dev: (1, 10540)
[M::mem_pestat] mean and std.dev: (2157.01, 3087.32)
[M::mem_pestat] low and high boundaries for proper pairs: (1, 14506)
[M::mem_pestat] skip orientation FF
[M::mem_pestat] skip orientation RF
[M::mem_pestat] skip orientation RR
[M::mem_process_seqs] Processed 1894128 reads in 509.001 CPU sec, 33.468 real sec
[M::mem_pestat] # candidate unique pairs for (FF, FR, RF, RR): (287, 353983, 200, 143)
[M::mem_pestat] analyzing insert size distribution for orientation FF...
[M::mem_pestat] (25, 50, 75) percentile: (79, 193, 429)
[M::mem_pestat] low and high boundaries for computing mean and std.dev: (1, 1129)
[M::mem_pestat] mean and std.dev: (200.12, 174.78)
[M::mem_pestat] low and high boundaries for proper pairs: (1, 1479)
[M::mem_pestat] analyzing insert size distribution for orientation FR...
[M::mem_pestat] (25, 50, 75) percentile: (75, 108, 176)
[M::mem_pestat] low and high boundaries for computing mean and std.dev: (1, 378)
[M::mem_pestat] mean and std.dev: (128.39, 70.17)
[M::mem_pestat] low and high boundaries for proper pairs: (1, 479)
[M::mem_pestat] analyzing insert size distribution for orientation RF...
[M::mem_pestat] (25, 50, 75) percentile: (32, 158, 508)
[M::mem_pestat] low and high boundaries for computing mean and std.dev: (1, 1460)
[M::mem_pestat] mean and std.dev: (172.13, 232.97)
[M::mem_pestat] low and high boundaries for proper pairs: (1, 1936)
[M::mem_pestat] analyzing insert size distribution for orientation RR...
[M::mem_pestat] (25, 50, 75) percentile: (41, 194, 2370)
[M::mem_pestat] low and high boundaries for computing mean and std.dev: (1, 7028)
[M::mem_pestat] mean and std.dev: (1116.58, 1762.13)
[M::mem_pestat] low and high boundaries for proper pairs: (1, 9357)
[M::mem_pestat] skip orientation FF
[M::mem_pestat] skip orientation RF
[M::mem_pestat] skip orientation RR
[M::mem_process_seqs] Processed 1188150 reads in 331.280 CPU sec, 22.373 real sec
[main] Version: 0.7.17-r1188
[main] CMD: bwa mem -t 16 /home/groups/MaxsonLab/indices/GRch38/GCA_000001405.15_GRCh38_no_alt_analysis_set.fasta samples/trim/MOLM24D_2_R1_paired.fastq.gz samples/trim/MOLM24D_2_R2_paired.fastq.gz
[main] Real time: 1156.207 sec; CPU: 16382.975 sec
[Tue Sep 15 15:39:43 2020]
Finished job 0.
1 of 1 steps (100%) done
