Building DAG of jobs...
Using shell: /usr/bin/bash
Provided cores: 16
Rules claiming more threads will be scaled down.
Job counts:
	count	jobs
	1	align
	1

[Thu Sep 10 16:01:05 2020]
Job 0: --- Aligning reads to reference.

Activating conda environment: /home/groups/MaxsonLab/kongg/atac_seq2/.snakemake/conda/714e46c9
[M::bwa_idx_load_from_disk] read 0 ALT contigs
[M::process] read 1793038 sequences (160000028 bp)...
[M::process] read 1793716 sequences (160000002 bp)...
[M::mem_pestat] # candidate unique pairs for (FF, FR, RF, RR): (60, 520669, 317, 37)
[M::mem_pestat] analyzing insert size distribution for orientation FF...
[M::mem_pestat] (25, 50, 75) percentile: (140, 281, 521)
[M::mem_pestat] low and high boundaries for computing mean and std.dev: (1, 1283)
[M::mem_pestat] mean and std.dev: (254.40, 193.98)
[M::mem_pestat] low and high boundaries for proper pairs: (1, 1664)
[M::mem_pestat] analyzing insert size distribution for orientation FR...
[M::mem_pestat] (25, 50, 75) percentile: (82, 129, 210)
[M::mem_pestat] low and high boundaries for computing mean and std.dev: (1, 466)
[M::mem_pestat] mean and std.dev: (155.64, 94.63)
[M::mem_pestat] low and high boundaries for proper pairs: (1, 594)
[M::mem_pestat] analyzing insert size distribution for orientation RF...
[M::mem_pestat] (25, 50, 75) percentile: (24, 60, 213)
[M::mem_pestat] low and high boundaries for computing mean and std.dev: (1, 591)
[M::mem_pestat] mean and std.dev: (121.91, 135.22)
[M::mem_pestat] low and high boundaries for proper pairs: (1, 780)
[M::mem_pestat] analyzing insert size distribution for orientation RR...
[M::mem_pestat] (25, 50, 75) percentile: (66, 131, 631)
[M::mem_pestat] low and high boundaries for computing mean and std.dev: (1, 1761)
[M::mem_pestat] mean and std.dev: (144.90, 133.66)
[M::mem_pestat] low and high boundaries for proper pairs: (1, 2326)
[M::mem_pestat] skip orientation FF
[M::mem_pestat] skip orientation RF
[M::mem_pestat] skip orientation RR
[M::mem_process_seqs] Processed 1793038 reads in 434.767 CPU sec, 35.913 real sec
[M::mem_pestat] # candidate unique pairs for (FF, FR, RF, RR): (62, 521531, 335, 52)
[M::mem_pestat] analyzing insert size distribution for orientation FF...
[M::mem_pestat] (25, 50, 75) percentile: (119, 266, 451)
[M::mem_pestat] low and high boundaries for computing mean and std.dev: (1, 1115)
[M::mem_pestat] mean and std.dev: (241.14, 201.75)
[M::mem_pestat] low and high boundaries for proper pairs: (1, 1447)
[M::mem_pestat] analyzing insert size distribution for orientation FR...
[M::mem_pestat] (25, 50, 75) percentile: (82, 129, 208)
[M::mem_pestat] low and high boundaries for computing mean and std.dev: (1, 460)
[M::mem_pestat] mean and std.dev: (154.37, 93.13)
[M::mem_pestat] low and high boundaries for proper pairs: (1, 586)
[M::mem_pestat] analyzing insert size distribution for orientation RF...
[M::mem_pestat] (25, 50, 75) percentile: (25, 90, 233)
[M::mem_pestat] low and high boundaries for computing mean and std.dev: (1, 649)
[M::mem_pestat] mean and std.dev: (126.17, 137.39)
[M::mem_pestat] low and high boundaries for proper pairs: (1, 857)
[M::mem_pestat] analyzing insert size distribution for orientation RR...
[M::mem_pestat] (25, 50, 75) percentile: (44, 96, 278)
[M::mem_pestat] low and high boundaries for computing mean and std.dev: (1, 746)
[M::mem_pestat] mean and std.dev: (107.70, 102.61)
[M::mem_pestat] low and high boundaries for proper pairs: (1, 980)
[M::mem_pestat] skip orientation FF
[M::mem_pestat] skip orientation RF
[M::mem_pestat] skip orientation RR
[M::process] read 1791996 sequences (160000096 bp)...
[M::mem_process_seqs] Processed 1793716 reads in 417.955 CPU sec, 28.229 real sec
[M::mem_pestat] # candidate unique pairs for (FF, FR, RF, RR): (66, 518562, 337, 54)
[M::mem_pestat] analyzing insert size distribution for orientation FF...
[M::mem_pestat] (25, 50, 75) percentile: (118, 300, 1313)
[M::mem_pestat] low and high boundaries for computing mean and std.dev: (1, 3703)
[M::mem_pestat] mean and std.dev: (634.78, 980.34)
[M::mem_pestat] low and high boundaries for proper pairs: (1, 4898)
[M::mem_pestat] analyzing insert size distribution for orientation FR...
[M::mem_pestat] (25, 50, 75) percentile: (82, 128, 208)
[M::mem_pestat] low and high boundaries for computing mean and std.dev: (1, 460)
[M::mem_pestat] mean and std.dev: (154.47, 93.35)
[M::mem_pestat] low and high boundaries for proper pairs: (1, 586)
[M::mem_pestat] analyzing insert size distribution for orientation RF...
[M::mem_pestat] (25, 50, 75) percentile: (26, 110, 209)
[M::mem_pestat] low and high boundaries for computing mean and std.dev: (1, 575)
[M::mem_pestat] mean and std.dev: (123.36, 125.17)
[M::mem_pestat] low and high boundaries for proper pairs: (1, 758)
[M::mem_pestat] analyzing insert size distribution for orientation RR...
[M::mem_pestat] (25, 50, 75) percentile: (49, 154, 1110)
[M::mem_pestat] low and high boundaries for computing mean and std.dev: (1, 3232)
[M::mem_pestat] mean and std.dev: (298.49, 497.53)
[M::mem_pestat] low and high boundaries for proper pairs: (1, 4293)
[M::mem_pestat] skip orientation FF
[M::mem_pestat] skip orientation RF
[M::mem_pestat] skip orientation RR
[M::process] read 1796646 sequences (160000001 bp)...
[M::mem_process_seqs] Processed 1791996 reads in 411.169 CPU sec, 27.422 real sec
[M::mem_pestat] # candidate unique pairs for (FF, FR, RF, RR): (65, 517892, 315, 49)
[M::mem_pestat] analyzing insert size distribution for orientation FF...
[M::mem_pestat] (25, 50, 75) percentile: (92, 240, 575)
[M::mem_pestat] low and high boundaries for computing mean and std.dev: (1, 1541)
[M::mem_pestat] mean and std.dev: (245.94, 232.46)
[M::mem_pestat] low and high boundaries for proper pairs: (1, 2024)
[M::mem_pestat] analyzing insert size distribution for orientation FR...
[M::mem_pestat] (25, 50, 75) percentile: (82, 128, 207)
[M::mem_pestat] low and high boundaries for computing mean and std.dev: (1, 457)
[M::mem_pestat] mean and std.dev: (153.24, 92.00)
[M::mem_pestat] low and high boundaries for proper pairs: (1, 582)
[M::mem_pestat] analyzing insert size distribution for orientation RF...
[M::mem_pestat] (25, 50, 75) percentile: (25, 54, 201)
[M::mem_pestat] low and high boundaries for computing mean and std.dev: (1, 553)
[M::mem_pestat] mean and std.dev: (104.24, 109.35)
[M::mem_pestat] low and high boundaries for proper pairs: (1, 729)
[M::mem_pestat] analyzing insert size distribution for orientation RR...
[M::mem_pestat] (25, 50, 75) percentile: (67, 153, 2580)
[M::mem_pestat] low and high boundaries for computing mean and std.dev: (1, 7606)
[M::mem_pestat] mean and std.dev: (1165.46, 1757.18)
[M::mem_pestat] low and high boundaries for proper pairs: (1, 10119)
[M::mem_pestat] skip orientation FF
[M::mem_pestat] skip orientation RF
[M::mem_pestat] skip orientation RR
[M::process] read 1792668 sequences (160000100 bp)...
[M::mem_process_seqs] Processed 1796646 reads in 420.073 CPU sec, 27.804 real sec
[M::mem_pestat] # candidate unique pairs for (FF, FR, RF, RR): (68, 516453, 327, 64)
[M::mem_pestat] analyzing insert size distribution for orientation FF...
[M::mem_pestat] (25, 50, 75) percentile: (102, 298, 1436)
[M::mem_pestat] low and high boundaries for computing mean and std.dev: (1, 4104)
[M::mem_pestat] mean and std.dev: (535.65, 809.73)
[M::mem_pestat] low and high boundaries for proper pairs: (1, 5438)
[M::mem_pestat] analyzing insert size distribution for orientation FR...
[M::mem_pestat] (25, 50, 75) percentile: (83, 129, 208)
[M::mem_pestat] low and high boundaries for computing mean and std.dev: (1, 458)
[M::mem_pestat] mean and std.dev: (154.32, 92.95)
[M::mem_pestat] low and high boundaries for proper pairs: (1, 583)
[M::mem_pestat] analyzing insert size distribution for orientation RF...
[M::mem_pestat] (25, 50, 75) percentile: (20, 55, 194)
[M::mem_pestat] low and high boundaries for computing mean and std.dev: (1, 542)
[M::mem_pestat] mean and std.dev: (96.76, 110.57)
[M::mem_pestat] low and high boundaries for proper pairs: (1, 716)
[M::mem_pestat] analyzing insert size distribution for orientation RR...
[M::mem_pestat] (25, 50, 75) percentile: (52, 238, 2165)
[M::mem_pestat] low and high boundaries for computing mean and std.dev: (1, 6391)
[M::mem_pestat] mean and std.dev: (783.74, 1118.94)
[M::mem_pestat] low and high boundaries for proper pairs: (1, 8504)
[M::mem_pestat] skip orientation FF
[M::mem_pestat] skip orientation RF
[M::mem_pestat] skip orientation RR
[M::process] read 1792874 sequences (160000146 bp)...
[M::mem_process_seqs] Processed 1792668 reads in 419.593 CPU sec, 27.941 real sec
[M::mem_pestat] # candidate unique pairs for (FF, FR, RF, RR): (138, 515587, 328, 66)
[M::mem_pestat] analyzing insert size distribution for orientation FF...
[M::mem_pestat] (25, 50, 75) percentile: (102, 259, 496)
[M::mem_pestat] low and high boundaries for computing mean and std.dev: (1, 1284)
[M::mem_pestat] mean and std.dev: (252.29, 236.01)
[M::mem_pestat] low and high boundaries for proper pairs: (1, 1678)
[M::mem_pestat] analyzing insert size distribution for orientation FR...
[M::mem_pestat] (25, 50, 75) percentile: (83, 129, 210)
[M::mem_pestat] low and high boundaries for computing mean and std.dev: (1, 464)
[M::mem_pestat] mean and std.dev: (155.36, 94.04)
[M::mem_pestat] low and high boundaries for proper pairs: (1, 591)
[M::mem_pestat] analyzing insert size distribution for orientation RF...
[M::mem_pestat] (25, 50, 75) percentile: (24, 96, 320)
[M::mem_pestat] low and high boundaries for computing mean and std.dev: (1, 912)
[M::mem_pestat] mean and std.dev: (151.67, 189.90)
[M::mem_pestat] low and high boundaries for proper pairs: (1, 1208)
[M::mem_pestat] analyzing insert size distribution for orientation RR...
[M::mem_pestat] (25, 50, 75) percentile: (47, 146, 1213)
[M::mem_pestat] low and high boundaries for computing mean and std.dev: (1, 3545)
[M::mem_pestat] mean and std.dev: (377.45, 647.89)
[M::mem_pestat] low and high boundaries for proper pairs: (1, 4711)
[M::mem_pestat] skip orientation FF
[M::mem_pestat] skip orientation RF
[M::mem_pestat] skip orientation RR
[M::process] read 1796290 sequences (160000116 bp)...
[M::mem_process_seqs] Processed 1792874 reads in 408.354 CPU sec, 27.247 real sec
[M::mem_pestat] # candidate unique pairs for (FF, FR, RF, RR): (277, 512493, 366, 108)
[M::mem_pestat] analyzing insert size distribution for orientation FF...
[M::mem_pestat] (25, 50, 75) percentile: (108, 240, 1335)
[M::mem_pestat] low and high boundaries for computing mean and std.dev: (1, 3789)
[M::mem_pestat] mean and std.dev: (532.28, 824.71)
[M::mem_pestat] low and high boundaries for proper pairs: (1, 5016)
[M::mem_pestat] analyzing insert size distribution for orientation FR...
[M::mem_pestat] (25, 50, 75) percentile: (84, 130, 208)
[M::mem_pestat] low and high boundaries for computing mean and std.dev: (1, 456)
[M::mem_pestat] mean and std.dev: (154.42, 91.65)
[M::mem_pestat] low and high boundaries for proper pairs: (1, 580)
[M::mem_pestat] analyzing insert size distribution for orientation RF...
[M::mem_pestat] (25, 50, 75) percentile: (27, 135, 351)
[M::mem_pestat] low and high boundaries for computing mean and std.dev: (1, 999)
[M::mem_pestat] mean and std.dev: (156.03, 188.25)
[M::mem_pestat] low and high boundaries for proper pairs: (1, 1323)
[M::mem_pestat] analyzing insert size distribution for orientation RR...
[M::mem_pestat] (25, 50, 75) percentile: (46, 146, 1959)
[M::mem_pestat] low and high boundaries for computing mean and std.dev: (1, 5785)
[M::mem_pestat] mean and std.dev: (822.17, 1374.05)
[M::mem_pestat] low and high boundaries for proper pairs: (1, 7698)
[M::mem_pestat] skip orientation FF
[M::mem_pestat] skip orientation RF
[M::mem_pestat] skip orientation RR
[M::process] read 1803988 sequences (160000043 bp)...
[M::mem_process_seqs] Processed 1796290 reads in 422.547 CPU sec, 27.914 real sec
[M::mem_pestat] # candidate unique pairs for (FF, FR, RF, RR): (271, 513470, 369, 124)
[M::mem_pestat] analyzing insert size distribution for orientation FF...
[M::mem_pestat] (25, 50, 75) percentile: (102, 200, 465)
[M::mem_pestat] low and high boundaries for computing mean and std.dev: (1, 1191)
[M::mem_pestat] mean and std.dev: (205.40, 169.50)
[M::mem_pestat] low and high boundaries for proper pairs: (1, 1554)
[M::mem_pestat] analyzing insert size distribution for orientation FR...
[M::mem_pestat] (25, 50, 75) percentile: (83, 127, 204)
[M::mem_pestat] low and high boundaries for computing mean and std.dev: (1, 446)
[M::mem_pestat] mean and std.dev: (151.05, 89.18)
[M::mem_pestat] low and high boundaries for proper pairs: (1, 567)
[M::mem_pestat] analyzing insert size distribution for orientation RF...
[M::mem_pestat] (25, 50, 75) percentile: (36, 163, 576)
[M::mem_pestat] low and high boundaries for computing mean and std.dev: (1, 1656)
[M::mem_pestat] mean and std.dev: (217.17, 316.97)
[M::mem_pestat] low and high boundaries for proper pairs: (1, 2196)
[M::mem_pestat] analyzing insert size distribution for orientation RR...
[M::mem_pestat] (25, 50, 75) percentile: (55, 327, 2884)
[M::mem_pestat] low and high boundaries for computing mean and std.dev: (1, 8542)
[M::mem_pestat] mean and std.dev: (1240.30, 1862.49)
[M::mem_pestat] low and high boundaries for proper pairs: (1, 11371)
[M::mem_pestat] skip orientation FF
[M::mem_pestat] skip orientation RF
[M::mem_pestat] skip orientation RR
[M::process] read 1808794 sequences (160000118 bp)...
[M::mem_process_seqs] Processed 1803988 reads in 427.808 CPU sec, 28.400 real sec
[M::process] read 1800696 sequences (160000072 bp)...
[M::mem_pestat] # candidate unique pairs for (FF, FR, RF, RR): (307, 511284, 368, 168)
[M::mem_pestat] analyzing insert size distribution for orientation FF...
[M::mem_pestat] (25, 50, 75) percentile: (116, 243, 742)
[M::mem_pestat] low and high boundaries for computing mean and std.dev: (1, 1994)
[M::mem_pestat] mean and std.dev: (288.92, 349.59)
[M::mem_pestat] low and high boundaries for proper pairs: (1, 2620)
[M::mem_pestat] analyzing insert size distribution for orientation FR...
[M::mem_pestat] (25, 50, 75) percentile: (82, 126, 202)
[M::mem_pestat] low and high boundaries for computing mean and std.dev: (1, 442)
[M::mem_pestat] mean and std.dev: (149.49, 87.68)
[M::mem_pestat] low and high boundaries for proper pairs: (1, 562)
[M::mem_pestat] analyzing insert size distribution for orientation RF...
[M::mem_pestat] (25, 50, 75) percentile: (28, 178, 797)
[M::mem_pestat] low and high boundaries for computing mean and std.dev: (1, 2335)
[M::mem_pestat] mean and std.dev: (266.58, 436.41)
[M::mem_pestat] low and high boundaries for proper pairs: (1, 3104)
[M::mem_pestat] analyzing insert size distribution for orientation RR...
[M::mem_pestat] (25, 50, 75) percentile: (55, 343, 3344)
[M::mem_pestat] low and high boundaries for computing mean and std.dev: (1, 9922)
[M::mem_pestat] mean and std.dev: (2065.10, 2751.16)
[M::mem_pestat] low and high boundaries for proper pairs: (1, 13211)
[M::mem_pestat] skip orientation FF
[M::mem_pestat] skip orientation RF
[M::mem_pestat] skip orientation RR
[M::mem_process_seqs] Processed 1808794 reads in 438.981 CPU sec, 29.376 real sec
[M::mem_pestat] # candidate unique pairs for (FF, FR, RF, RR): (369, 512055, 383, 147)
[M::mem_pestat] analyzing insert size distribution for orientation FF...
[M::mem_pestat] (25, 50, 75) percentile: (106, 212, 548)
[M::mem_pestat] low and high boundaries for computing mean and std.dev: (1, 1432)
[M::mem_pestat] mean and std.dev: (229.93, 218.68)
[M::mem_pestat] low and high boundaries for proper pairs: (1, 1874)
[M::mem_pestat] analyzing insert size distribution for orientation FR...
[M::mem_pestat] (25, 50, 75) percentile: (83, 127, 206)
[M::mem_pestat] low and high boundaries for computing mean and std.dev: (1, 452)
[M::mem_pestat] mean and std.dev: (152.25, 90.40)
[M::mem_pestat] low and high boundaries for proper pairs: (1, 575)
[M::mem_pestat] analyzing insert size distribution for orientation RF...
[M::mem_pestat] (25, 50, 75) percentile: (25, 97, 438)
[M::mem_pestat] low and high boundaries for computing mean and std.dev: (1, 1264)
[M::mem_pestat] mean and std.dev: (166.44, 235.63)
[M::mem_pestat] low and high boundaries for proper pairs: (1, 1677)
[M::mem_pestat] analyzing insert size distribution for orientation RR...
[M::mem_pestat] (25, 50, 75) percentile: (66, 424, 2911)
[M::mem_pestat] low and high boundaries for computing mean and std.dev: (1, 8601)
[M::mem_pestat] mean and std.dev: (1465.54, 1929.78)
[M::mem_pestat] low and high boundaries for proper pairs: (1, 11446)
[M::mem_pestat] skip orientation FF
[M::mem_pestat] skip orientation RF
[M::mem_pestat] skip orientation RR
[M::process] read 1805432 sequences (160000016 bp)...
[M::mem_process_seqs] Processed 1800696 reads in 433.087 CPU sec, 28.610 real sec
[M::mem_pestat] # candidate unique pairs for (FF, FR, RF, RR): (364, 510724, 344, 158)
[M::mem_pestat] analyzing insert size distribution for orientation FF...
[M::mem_pestat] (25, 50, 75) percentile: (102, 218, 481)
[M::mem_pestat] low and high boundaries for computing mean and std.dev: (1, 1239)
[M::mem_pestat] mean and std.dev: (210.35, 179.65)
[M::mem_pestat] low and high boundaries for proper pairs: (1, 1618)
[M::mem_pestat] analyzing insert size distribution for orientation FR...
[M::process] read 1796190 sequences (160000061 bp)...
[M::mem_pestat] (25, 50, 75) percentile: (83, 127, 204)
[M::mem_pestat] low and high boundaries for computing mean and std.dev: (1, 446)
[M::mem_pestat] mean and std.dev: (150.97, 88.75)
[M::mem_pestat] low and high boundaries for proper pairs: (1, 567)
[M::mem_pestat] analyzing insert size distribution for orientation RF...
[M::mem_pestat] (25, 50, 75) percentile: (35, 169, 893)
[M::mem_pestat] low and high boundaries for computing mean and std.dev: (1, 2609)
[M::mem_pestat] mean and std.dev: (327.92, 530.99)
[M::mem_pestat] low and high boundaries for proper pairs: (1, 3467)
[M::mem_pestat] analyzing insert size distribution for orientation RR...
[M::mem_pestat] (25, 50, 75) percentile: (67, 487, 3045)
[M::mem_pestat] low and high boundaries for computing mean and std.dev: (1, 9001)
[M::mem_pestat] mean and std.dev: (1574.35, 2186.06)
[M::mem_pestat] low and high boundaries for proper pairs: (1, 11979)
[M::mem_pestat] skip orientation FF
[M::mem_pestat] skip orientation RF
[M::mem_pestat] skip orientation RR
[M::mem_process_seqs] Processed 1805432 reads in 440.053 CPU sec, 29.180 real sec
[M::mem_pestat] # candidate unique pairs for (FF, FR, RF, RR): (334, 510168, 389, 160)
[M::mem_pestat] analyzing insert size distribution for orientation FF...
[M::mem_pestat] (25, 50, 75) percentile: (87, 206, 405)
[M::mem_pestat] low and high boundaries for computing mean and std.dev: (1, 1041)
[M::mem_pestat] mean and std.dev: (215.42, 172.13)
[M::mem_pestat] low and high boundaries for proper pairs: (1, 1359)
[M::mem_pestat] analyzing insert size distribution for orientation FR...
[M::mem_pestat] (25, 50, 75) percentile: (84, 129, 207)
[M::mem_pestat] low and high boundaries for computing mean and std.dev: (1, 453)
[M::mem_pestat] mean and std.dev: (153.42, 90.90)
[M::mem_pestat] low and high boundaries for proper pairs: (1, 576)
[M::mem_pestat] analyzing insert size distribution for orientation RF...
[M::mem_pestat] (25, 50, 75) percentile: (26, 160, 470)
[M::mem_pestat] low and high boundaries for computing mean and std.dev: (1, 1358)
[M::mem_pestat] mean and std.dev: (184.49, 254.71)
[M::mem_pestat] low and high boundaries for proper pairs: (1, 1802)
[M::mem_pestat] analyzing insert size distribution for orientation RR...
[M::mem_pestat] (25, 50, 75) percentile: (38, 101, 1999)
[M::mem_pestat] low and high boundaries for computing mean and std.dev: (1, 5921)
[M::mem_pestat] mean and std.dev: (731.43, 1312.80)
[M::mem_pestat] low and high boundaries for proper pairs: (1, 7882)
[M::mem_pestat] skip orientation FF
[M::mem_pestat] skip orientation RF
[M::mem_pestat] skip orientation RR
[M::process] read 1811898 sequences (160000102 bp)...
[M::mem_process_seqs] Processed 1796190 reads in 425.459 CPU sec, 28.103 real sec
[M::mem_pestat] # candidate unique pairs for (FF, FR, RF, RR): (353, 509928, 393, 177)
[M::mem_pestat] analyzing insert size distribution for orientation FF...
[M::mem_pestat] (25, 50, 75) percentile: (109, 246, 488)
[M::mem_pestat] low and high boundaries for computing mean and std.dev: (1, 1246)
[M::mem_pestat] mean and std.dev: (235.81, 192.25)
[M::mem_pestat] low and high boundaries for proper pairs: (1, 1625)
[M::mem_pestat] analyzing insert size distribution for orientation FR...
[M::mem_pestat] (25, 50, 75) percentile: (82, 125, 202)
[M::mem_pestat] low and high boundaries for computing mean and std.dev: (1, 442)
[M::mem_pestat] mean and std.dev: (149.12, 87.45)
[M::mem_pestat] low and high boundaries for proper pairs: (1, 562)
[M::mem_pestat] analyzing insert size distribution for orientation RF...
[M::mem_pestat] (25, 50, 75) percentile: (25, 138, 445)
[M::mem_pestat] low and high boundaries for computing mean and std.dev: (1, 1285)
[M::mem_pestat] mean and std.dev: (174.79, 249.37)
[M::mem_pestat] low and high boundaries for proper pairs: (1, 1705)
[M::mem_pestat] analyzing insert size distribution for orientation RR...
[M::mem_pestat] (25, 50, 75) percentile: (46, 192, 2208)
[M::mem_pestat] low and high boundaries for computing mean and std.dev: (1, 6532)
[M::mem_pestat] mean and std.dev: (988.55, 1557.19)
[M::mem_pestat] low and high boundaries for proper pairs: (1, 8694)
[M::mem_pestat] skip orientation FF
[M::mem_pestat] skip orientation RF
[M::mem_pestat] skip orientation RR
[M::process] read 1800222 sequences (160000053 bp)...
[M::mem_process_seqs] Processed 1811898 reads in 448.481 CPU sec, 29.868 real sec
[M::mem_pestat] # candidate unique pairs for (FF, FR, RF, RR): (295, 514339, 379, 140)
[M::mem_pestat] analyzing insert size distribution for orientation FF...
[M::mem_pestat] (25, 50, 75) percentile: (104, 245, 475)
[M::mem_pestat] low and high boundaries for computing mean and std.dev: (1, 1217)
[M::mem_pestat] mean and std.dev: (244.25, 203.89)
[M::mem_pestat] low and high boundaries for proper pairs: (1, 1588)
[M::mem_pestat] analyzing insert size distribution for orientation FR...
[M::mem_pestat] (25, 50, 75) percentile: (83, 129, 207)
[M::mem_pestat] low and high boundaries for computing mean and std.dev: (1, 455)
[M::mem_pestat] mean and std.dev: (153.37, 91.23)
[M::mem_pestat] low and high boundaries for proper pairs: (1, 579)
[M::mem_pestat] analyzing insert size distribution for orientation RF...
[M::mem_pestat] (25, 50, 75) percentile: (26, 156, 388)
[M::mem_pestat] low and high boundaries for computing mean and std.dev: (1, 1112)
[M::mem_pestat] mean and std.dev: (157.15, 203.57)
[M::mem_pestat] low and high boundaries for proper pairs: (1, 1474)
[M::mem_pestat] analyzing insert size distribution for orientation RR...
[M::mem_pestat] (25, 50, 75) percentile: (26, 94, 2119)
[M::mem_pestat] low and high boundaries for computing mean and std.dev: (1, 6305)
[M::mem_pestat] mean and std.dev: (739.60, 1327.54)
[M::mem_pestat] low and high boundaries for proper pairs: (1, 8398)
[M::mem_pestat] skip orientation FF
[M::mem_pestat] skip orientation RF
[M::mem_pestat] skip orientation RR
[M::process] read 1801244 sequences (160000149 bp)...
[M::mem_process_seqs] Processed 1800222 reads in 426.323 CPU sec, 28.427 real sec
[M::mem_pestat] # candidate unique pairs for (FF, FR, RF, RR): (289, 517780, 331, 122)
[M::mem_pestat] analyzing insert size distribution for orientation FF...
[M::mem_pestat] (25, 50, 75) percentile: (109, 248, 511)
[M::mem_pestat] low and high boundaries for computing mean and std.dev: (1, 1315)
[M::mem_pestat] mean and std.dev: (252.37, 215.99)
[M::mem_pestat] low and high boundaries for proper pairs: (1, 1717)
[M::mem_pestat] analyzing insert size distribution for orientation FR...
[M::mem_pestat] (25, 50, 75) percentile: (83, 129, 207)
[M::mem_pestat] low and high boundaries for computing mean and std.dev: (1, 455)
[M::mem_pestat] mean and std.dev: (153.68, 91.73)
[M::mem_pestat] low and high boundaries for proper pairs: (1, 579)
[M::mem_pestat] analyzing insert size distribution for orientation RF...
[M::mem_pestat] (25, 50, 75) percentile: (24, 75, 230)
[M::mem_pestat] low and high boundaries for computing mean and std.dev: (1, 642)
[M::mem_pestat] mean and std.dev: (105.10, 117.16)
[M::mem_pestat] low and high boundaries for proper pairs: (1, 848)
[M::mem_pestat] analyzing insert size distribution for orientation RR...
[M::mem_pestat] (25, 50, 75) percentile: (50, 142, 2515)
[M::mem_pestat] low and high boundaries for computing mean and std.dev: (1, 7445)
[M::mem_pestat] mean and std.dev: (1118.62, 1714.87)
[M::mem_pestat] low and high boundaries for proper pairs: (1, 9910)
[M::mem_pestat] skip orientation FF
[M::mem_pestat] skip orientation RF
[M::mem_pestat] skip orientation RR
[M::process] read 1799196 sequences (160000020 bp)...
[M::mem_process_seqs] Processed 1801244 reads in 418.141 CPU sec, 28.058 real sec
[M::mem_pestat] # candidate unique pairs for (FF, FR, RF, RR): (188, 518860, 311, 82)
[M::mem_pestat] analyzing insert size distribution for orientation FF...
[M::mem_pestat] (25, 50, 75) percentile: (106, 218, 404)
[M::mem_pestat] low and high boundaries for computing mean and std.dev: (1, 1000)
[M::mem_pestat] mean and std.dev: (214.20, 162.46)
[M::mem_pestat] low and high boundaries for proper pairs: (1, 1298)
[M::mem_pestat] analyzing insert size distribution for orientation FR...
[M::mem_pestat] (25, 50, 75) percentile: (82, 127, 206)
[M::mem_pestat] low and high boundaries for computing mean and std.dev: (1, 454)
[M::mem_pestat] mean and std.dev: (152.66, 91.68)
[M::mem_pestat] low and high boundaries for proper pairs: (1, 578)
[M::mem_pestat] analyzing insert size distribution for orientation RF...
[M::mem_pestat] (25, 50, 75) percentile: (26, 76, 340)
[M::mem_pestat] low and high boundaries for computing mean and std.dev: (1, 968)
[M::mem_pestat] mean and std.dev: (155.20, 191.05)
[M::mem_pestat] low and high boundaries for proper pairs: (1, 1282)
[M::mem_pestat] analyzing insert size distribution for orientation RR...
[M::mem_pestat] (25, 50, 75) percentile: (34, 83, 855)
[M::mem_pestat] low and high boundaries for computing mean and std.dev: (1, 2497)
[M::mem_pestat] mean and std.dev: (242.85, 485.81)
[M::mem_pestat] low and high boundaries for proper pairs: (1, 3318)
[M::mem_pestat] skip orientation FF
[M::mem_pestat] skip orientation RF
[M::mem_pestat] skip orientation RR
[M::process] read 1795288 sequences (160000107 bp)...
[M::mem_process_seqs] Processed 1799196 reads in 424.371 CPU sec, 27.998 real sec
[M::mem_pestat] # candidate unique pairs for (FF, FR, RF, RR): (134, 518080, 334, 66)
[M::mem_pestat] analyzing insert size distribution for orientation FF...
[M::mem_pestat] (25, 50, 75) percentile: (108, 223, 375)
[M::mem_pestat] low and high boundaries for computing mean and std.dev: (1, 909)
[M::mem_pestat] mean and std.dev: (230.19, 166.14)
[M::mem_pestat] low and high boundaries for proper pairs: (1, 1176)
[M::mem_pestat] analyzing insert size distribution for orientation FR...
[M::mem_pestat] (25, 50, 75) percentile: (82, 127, 207)
[M::mem_pestat] low and high boundaries for computing mean and std.dev: (1, 457)
[M::mem_pestat] mean and std.dev: (153.42, 92.60)
[M::mem_pestat] low and high boundaries for proper pairs: (1, 582)
[M::mem_pestat] analyzing insert size distribution for orientation RF...
[M::mem_pestat] (25, 50, 75) percentile: (26, 69, 203)
[M::mem_pestat] low and high boundaries for computing mean and std.dev: (1, 557)
[M::mem_pestat] mean and std.dev: (108.48, 113.38)
[M::mem_pestat] low and high boundaries for proper pairs: (1, 734)
[M::mem_pestat] analyzing insert size distribution for orientation RR...
[M::mem_pestat] (25, 50, 75) percentile: (35, 58, 675)
[M::mem_pestat] low and high boundaries for computing mean and std.dev: (1, 1955)
[M::mem_pestat] mean and std.dev: (143.81, 308.06)
[M::mem_pestat] low and high boundaries for proper pairs: (1, 2595)
[M::mem_pestat] skip orientation FF
[M::mem_pestat] skip orientation RF
[M::mem_pestat] skip orientation RR
[M::process] read 1795092 sequences (160000088 bp)...
[M::mem_process_seqs] Processed 1795288 reads in 416.157 CPU sec, 27.637 real sec
[M::mem_pestat] # candidate unique pairs for (FF, FR, RF, RR): (142, 519933, 339, 56)
[M::mem_pestat] analyzing insert size distribution for orientation FF...
[M::mem_pestat] (25, 50, 75) percentile: (95, 186, 373)
[M::mem_pestat] low and high boundaries for computing mean and std.dev: (1, 929)
[M::mem_pestat] mean and std.dev: (215.01, 165.19)
[M::mem_pestat] low and high boundaries for proper pairs: (1, 1207)
[M::mem_pestat] analyzing insert size distribution for orientation FR...
[M::mem_pestat] (25, 50, 75) percentile: (82, 128, 207)
[M::mem_pestat] low and high boundaries for computing mean and std.dev: (1, 457)
[M::mem_pestat] mean and std.dev: (153.59, 92.38)
[M::mem_pestat] low and high boundaries for proper pairs: (1, 582)
[M::mem_pestat] analyzing insert size distribution for orientation RF...
[M::mem_pestat] (25, 50, 75) percentile: (21, 60, 214)
[M::mem_pestat] low and high boundaries for computing mean and std.dev: (1, 600)
[M::mem_pestat] mean and std.dev: (116.66, 132.40)
[M::mem_pestat] low and high boundaries for proper pairs: (1, 793)
[M::mem_pestat] analyzing insert size distribution for orientation RR...
[M::mem_pestat] (25, 50, 75) percentile: (58, 138, 1433)
[M::mem_pestat] low and high boundaries for computing mean and std.dev: (1, 4183)
[M::mem_pestat] mean and std.dev: (486.38, 877.10)
[M::mem_pestat] low and high boundaries for proper pairs: (1, 5558)
[M::mem_pestat] skip orientation FF
[M::mem_pestat] skip orientation RF
[M::mem_pestat] skip orientation RR
[M::process] read 1800674 sequences (160000064 bp)...
[M::mem_process_seqs] Processed 1795092 reads in 424.164 CPU sec, 28.242 real sec
[M::mem_pestat] # candidate unique pairs for (FF, FR, RF, RR): (91, 523066, 329, 64)
[M::mem_pestat] analyzing insert size distribution for orientation FF...
[M::mem_pestat] (25, 50, 75) percentile: (126, 271, 428)
[M::mem_pestat] low and high boundaries for computing mean and std.dev: (1, 1032)
[M::mem_pestat] mean and std.dev: (242.96, 161.24)
[M::mem_pestat] low and high boundaries for proper pairs: (1, 1334)
[M::mem_pestat] analyzing insert size distribution for orientation FR...
[M::mem_pestat] (25, 50, 75) percentile: (82, 128, 207)
[M::mem_pestat] low and high boundaries for computing mean and std.dev: (1, 457)
[M::mem_pestat] mean and std.dev: (153.22, 91.80)
[M::mem_pestat] low and high boundaries for proper pairs: (1, 582)
[M::mem_pestat] analyzing insert size distribution for orientation RF...
[M::mem_pestat] (25, 50, 75) percentile: (24, 59, 225)
[M::mem_pestat] low and high boundaries for computing mean and std.dev: (1, 627)
[M::mem_pestat] mean and std.dev: (123.12, 147.26)
[M::mem_pestat] low and high boundaries for proper pairs: (1, 828)
[M::mem_pestat] analyzing insert size distribution for orientation RR...
[M::mem_pestat] (25, 50, 75) percentile: (52, 103, 552)
[M::mem_pestat] low and high boundaries for computing mean and std.dev: (1, 1552)
[M::mem_pestat] mean and std.dev: (174.74, 257.59)
[M::mem_pestat] low and high boundaries for proper pairs: (1, 2052)
[M::mem_pestat] skip orientation FF
[M::mem_pestat] skip orientation RF
[M::mem_pestat] skip orientation RR
[M::process] read 1796354 sequences (160000134 bp)...
[M::mem_process_seqs] Processed 1800674 reads in 421.536 CPU sec, 28.303 real sec
[M::process] read 1794146 sequences (160000070 bp)...
[M::mem_pestat] # candidate unique pairs for (FF, FR, RF, RR): (86, 521182, 342, 48)
[M::mem_pestat] analyzing insert size distribution for orientation FF...
[M::mem_pestat] (25, 50, 75) percentile: (129, 228, 413)
[M::mem_pestat] low and high boundaries for computing mean and std.dev: (1, 981)
[M::mem_pestat] mean and std.dev: (237.96, 154.12)
[M::mem_pestat] low and high boundaries for proper pairs: (1, 1265)
[M::mem_pestat] analyzing insert size distribution for orientation FR...
[M::mem_pestat] (25, 50, 75) percentile: (82, 129, 208)
[M::mem_pestat] low and high boundaries for computing mean and std.dev: (1, 460)
[M::mem_pestat] mean and std.dev: (154.45, 93.29)
[M::mem_pestat] low and high boundaries for proper pairs: (1, 586)
[M::mem_pestat] analyzing insert size distribution for orientation RF...
[M::mem_pestat] (25, 50, 75) percentile: (24, 68, 215)
[M::mem_pestat] low and high boundaries for computing mean and std.dev: (1, 597)
[M::mem_pestat] mean and std.dev: (124.48, 137.39)
[M::mem_pestat] low and high boundaries for proper pairs: (1, 788)
[M::mem_pestat] analyzing insert size distribution for orientation RR...
[M::mem_pestat] (25, 50, 75) percentile: (40, 93, 942)
[M::mem_pestat] low and high boundaries for computing mean and std.dev: (1, 2746)
[M::mem_pestat] mean and std.dev: (376.10, 608.52)
[M::mem_pestat] low and high boundaries for proper pairs: (1, 3648)
[M::mem_pestat] skip orientation FF
[M::mem_pestat] skip orientation RF
[M::mem_pestat] skip orientation RR
[M::mem_process_seqs] Processed 1796354 reads in 433.410 CPU sec, 29.162 real sec
[M::mem_pestat] # candidate unique pairs for (FF, FR, RF, RR): (134, 522114, 346, 65)
[M::mem_pestat] analyzing insert size distribution for orientation FF...
[M::mem_pestat] (25, 50, 75) percentile: (83, 167, 315)
[M::mem_pestat] low and high boundaries for computing mean and std.dev: (1, 779)
[M::mem_pestat] mean and std.dev: (187.38, 144.15)
[M::mem_pestat] low and high boundaries for proper pairs: (1, 1011)
[M::mem_pestat] analyzing insert size distribution for orientation FR...
[M::mem_pestat] (25, 50, 75) percentile: (82, 129, 210)
[M::mem_pestat] low and high boundaries for computing mean and std.dev: (1, 466)
[M::mem_pestat] mean and std.dev: (155.19, 94.80)
[M::mem_pestat] low and high boundaries for proper pairs: (1, 594)
[M::mem_pestat] analyzing insert size distribution for orientation RF...
[M::mem_pestat] (25, 50, 75) percentile: (22, 72, 232)
[M::mem_pestat] low and high boundaries for computing mean and std.dev: (1, 652)
[M::mem_pestat] mean and std.dev: (129.40, 147.13)
[M::mem_pestat] low and high boundaries for proper pairs: (1, 862)
[M::mem_pestat] analyzing insert size distribution for orientation RR...
[M::mem_pestat] (25, 50, 75) percentile: (71, 171, 836)
[M::mem_pestat] low and high boundaries for computing mean and std.dev: (1, 2366)
[M::mem_pestat] mean and std.dev: (279.49, 359.95)
[M::mem_pestat] low and high boundaries for proper pairs: (1, 3131)
[M::mem_pestat] skip orientation FF
[M::mem_pestat] skip orientation RF
[M::mem_pestat] skip orientation RR
[M::process] read 1796036 sequences (160000080 bp)...
[M::mem_process_seqs] Processed 1794146 reads in 418.827 CPU sec, 27.833 real sec
[M::mem_pestat] # candidate unique pairs for (FF, FR, RF, RR): (267, 514230, 362, 107)
[M::mem_pestat] analyzing insert size distribution for orientation FF...
[M::mem_pestat] (25, 50, 75) percentile: (82, 189, 435)
[M::mem_pestat] low and high boundaries for computing mean and std.dev: (1, 1141)
[M::mem_pestat] mean and std.dev: (196.05, 160.01)
[M::mem_pestat] low and high boundaries for proper pairs: (1, 1494)
[M::mem_pestat] analyzing insert size distribution for orientation FR...
[M::mem_pestat] (25, 50, 75) percentile: (83, 129, 208)
[M::mem_pestat] low and high boundaries for computing mean and std.dev: (1, 458)
[M::mem_pestat] mean and std.dev: (153.85, 92.44)
[M::mem_pestat] low and high boundaries for proper pairs: (1, 583)
[M::mem_pestat] analyzing insert size distribution for orientation RF...
[M::mem_pestat] (25, 50, 75) percentile: (26, 89, 345)
[M::mem_pestat] low and high boundaries for computing mean and std.dev: (1, 983)
[M::mem_pestat] mean and std.dev: (147.15, 181.86)
[M::mem_pestat] low and high boundaries for proper pairs: (1, 1302)
[M::mem_pestat] analyzing insert size distribution for orientation RR...
[M::mem_pestat] (25, 50, 75) percentile: (50, 155, 2615)
[M::mem_pestat] low and high boundaries for computing mean and std.dev: (1, 7745)
[M::mem_pestat] mean and std.dev: (1190.42, 1849.60)
[M::mem_pestat] low and high boundaries for proper pairs: (1, 10310)
[M::mem_pestat] skip orientation FF
[M::mem_pestat] skip orientation RF
[M::mem_pestat] skip orientation RR
[M::process] read 1800794 sequences (160000085 bp)...
[M::mem_process_seqs] Processed 1796036 reads in 415.106 CPU sec, 27.489 real sec
[M::mem_pestat] # candidate unique pairs for (FF, FR, RF, RR): (307, 512747, 343, 133)
[M::mem_pestat] analyzing insert size distribution for orientation FF...
[M::mem_pestat] (25, 50, 75) percentile: (90, 206, 424)
[M::mem_pestat] low and high boundaries for computing mean and std.dev: (1, 1092)
[M::mem_pestat] mean and std.dev: (209.51, 183.84)
[M::mem_pestat] low and high boundaries for proper pairs: (1, 1426)
[M::mem_pestat] analyzing insert size distribution for orientation FR...
[M::mem_pestat] (25, 50, 75) percentile: (82, 127, 205)
[M::mem_pestat] low and high boundaries for computing mean and std.dev: (1, 451)
[M::mem_pestat] mean and std.dev: (151.61, 90.44)
[M::mem_pestat] low and high boundaries for proper pairs: (1, 574)
[M::mem_pestat] analyzing insert size distribution for orientation RF...
[M::mem_pestat] (25, 50, 75) percentile: (31, 156, 420)
[M::mem_pestat] low and high boundaries for computing mean and std.dev: (1, 1198)
[M::mem_pestat] mean and std.dev: (186.99, 237.88)
[M::mem_pestat] low and high boundaries for proper pairs: (1, 1587)
[M::mem_pestat] analyzing insert size distribution for orientation RR...
[M::mem_pestat] (25, 50, 75) percentile: (39, 162, 3527)
[M::mem_pestat] low and high boundaries for computing mean and std.dev: (1, 10503)
[M::mem_pestat] mean and std.dev: (1917.71, 2814.22)
[M::mem_pestat] low and high boundaries for proper pairs: (1, 13991)
[M::mem_pestat] skip orientation FF
[M::mem_pestat] skip orientation RF
[M::mem_pestat] skip orientation RR
[M::process] read 1806724 sequences (160000081 bp)...
[M::mem_process_seqs] Processed 1800794 reads in 424.895 CPU sec, 28.313 real sec
[M::mem_pestat] # candidate unique pairs for (FF, FR, RF, RR): (332, 512817, 362, 149)
[M::mem_pestat] analyzing insert size distribution for orientation FF...
[M::mem_pestat] (25, 50, 75) percentile: (107, 253, 590)
[M::mem_pestat] low and high boundaries for computing mean and std.dev: (1, 1556)
[M::mem_pestat] mean and std.dev: (255.03, 237.15)
[M::mem_pestat] low and high boundaries for proper pairs: (1, 2039)
[M::mem_pestat] analyzing insert size distribution for orientation FR...
[M::mem_pestat] (25, 50, 75) percentile: (82, 126, 203)
[M::mem_pestat] low and high boundaries for computing mean and std.dev: (1, 445)
[M::mem_pestat] mean and std.dev: (149.88, 88.51)
[M::mem_pestat] low and high boundaries for proper pairs: (1, 566)
[M::mem_pestat] analyzing insert size distribution for orientation RF...
[M::mem_pestat] (25, 50, 75) percentile: (28, 127, 367)
[M::mem_pestat] low and high boundaries for computing mean and std.dev: (1, 1045)
[M::mem_pestat] mean and std.dev: (147.41, 187.66)
[M::mem_pestat] low and high boundaries for proper pairs: (1, 1384)
[M::mem_pestat] analyzing insert size distribution for orientation RR...
[M::mem_pestat] (25, 50, 75) percentile: (57, 234, 2851)
[M::mem_pestat] low and high boundaries for computing mean and std.dev: (1, 8439)
[M::mem_pestat] mean and std.dev: (1403.23, 2084.32)
[M::mem_pestat] low and high boundaries for proper pairs: (1, 11233)
[M::mem_pestat] skip orientation FF
[M::mem_pestat] skip orientation RF
[M::mem_pestat] skip orientation RR
[M::process] read 1801374 sequences (160000015 bp)...
[M::mem_process_seqs] Processed 1806724 reads in 435.868 CPU sec, 28.970 real sec
[M::process] read 1810828 sequences (160000024 bp)...
[M::mem_pestat] # candidate unique pairs for (FF, FR, RF, RR): (334, 516173, 403, 131)
[M::mem_pestat] analyzing insert size distribution for orientation FF...
[M::mem_pestat] (25, 50, 75) percentile: (86, 201, 380)
[M::mem_pestat] low and high boundaries for computing mean and std.dev: (1, 968)
[M::mem_pestat] mean and std.dev: (202.73, 158.61)
[M::mem_pestat] low and high boundaries for proper pairs: (1, 1262)
[M::mem_pestat] analyzing insert size distribution for orientation FR...
[M::mem_pestat] (25, 50, 75) percentile: (83, 128, 206)
[M::mem_pestat] low and high boundaries for computing mean and std.dev: (1, 452)
[M::mem_pestat] mean and std.dev: (152.63, 91.00)
[M::mem_pestat] low and high boundaries for proper pairs: (1, 575)
[M::mem_pestat] analyzing insert size distribution for orientation RF...
[M::mem_pestat] (25, 50, 75) percentile: (26, 147, 383)
[M::mem_pestat] low and high boundaries for computing mean and std.dev: (1, 1097)
[M::mem_pestat] mean and std.dev: (169.29, 217.71)
[M::mem_pestat] low and high boundaries for proper pairs: (1, 1454)
[M::mem_pestat] analyzing insert size distribution for orientation RR...
[M::mem_pestat] (25, 50, 75) percentile: (40, 108, 2106)
[M::mem_pestat] low and high boundaries for computing mean and std.dev: (1, 6238)
[M::mem_pestat] mean and std.dev: (855.86, 1546.21)
[M::mem_pestat] low and high boundaries for proper pairs: (1, 8304)
[M::mem_pestat] skip orientation FF
[M::mem_pestat] skip orientation RF
[M::mem_pestat] skip orientation RR
[M::mem_process_seqs] Processed 1801374 reads in 428.828 CPU sec, 28.636 real sec
[M::process] read 1798152 sequences (160000090 bp)...
[M::mem_pestat] # candidate unique pairs for (FF, FR, RF, RR): (237, 518063, 351, 111)
[M::mem_pestat] analyzing insert size distribution for orientation FF...
[M::mem_pestat] (25, 50, 75) percentile: (116, 202, 444)
[M::mem_pestat] low and high boundaries for computing mean and std.dev: (1, 1100)
[M::mem_pestat] mean and std.dev: (217.10, 168.74)
[M::mem_pestat] low and high boundaries for proper pairs: (1, 1428)
[M::mem_pestat] analyzing insert size distribution for orientation FR...
[M::mem_pestat] (25, 50, 75) percentile: (82, 127, 204)
[M::mem_pestat] low and high boundaries for computing mean and std.dev: (1, 448)
[M::mem_pestat] mean and std.dev: (150.83, 89.61)
[M::mem_pestat] low and high boundaries for proper pairs: (1, 570)
[M::mem_pestat] analyzing insert size distribution for orientation RF...
[M::mem_pestat] (25, 50, 75) percentile: (27, 120, 345)
[M::mem_pestat] low and high boundaries for computing mean and std.dev: (1, 981)
[M::mem_pestat] mean and std.dev: (153.43, 197.31)
[M::mem_pestat] low and high boundaries for proper pairs: (1, 1299)
[M::mem_pestat] analyzing insert size distribution for orientation RR...
[M::mem_pestat] (25, 50, 75) percentile: (55, 226, 2733)
[M::mem_pestat] low and high boundaries for computing mean and std.dev: (1, 8089)
[M::mem_pestat] mean and std.dev: (1304.95, 1942.23)
[M::mem_pestat] low and high boundaries for proper pairs: (1, 10767)
[M::mem_pestat] skip orientation FF
[M::mem_pestat] skip orientation RF
[M::mem_pestat] skip orientation RR
[M::mem_process_seqs] Processed 1810828 reads in 438.869 CPU sec, 29.355 real sec
[M::process] read 1798222 sequences (160000026 bp)...
[M::mem_pestat] # candidate unique pairs for (FF, FR, RF, RR): (130, 513774, 330, 51)
[M::mem_pestat] analyzing insert size distribution for orientation FF...
[M::mem_pestat] (25, 50, 75) percentile: (116, 213, 442)
[M::mem_pestat] low and high boundaries for computing mean and std.dev: (1, 1094)
[M::mem_pestat] mean and std.dev: (204.45, 144.56)
[M::mem_pestat] low and high boundaries for proper pairs: (1, 1420)
[M::mem_pestat] analyzing insert size distribution for orientation FR...
[M::mem_pestat] (25, 50, 75) percentile: (83, 129, 207)
[M::mem_pestat] low and high boundaries for computing mean and std.dev: (1, 455)
[M::mem_pestat] mean and std.dev: (153.75, 91.46)
[M::mem_pestat] low and high boundaries for proper pairs: (1, 579)
[M::mem_pestat] analyzing insert size distribution for orientation RF...
[M::mem_pestat] (25, 50, 75) percentile: (24, 74, 232)
[M::mem_pestat] low and high boundaries for computing mean and std.dev: (1, 648)
[M::mem_pestat] mean and std.dev: (120.62, 136.33)
[M::mem_pestat] low and high boundaries for proper pairs: (1, 856)
[M::mem_pestat] analyzing insert size distribution for orientation RR...
[M::mem_pestat] (25, 50, 75) percentile: (65, 176, 2921)
[M::mem_pestat] low and high boundaries for computing mean and std.dev: (1, 8633)
[M::mem_pestat] mean and std.dev: (1729.98, 2667.24)
[M::mem_pestat] low and high boundaries for proper pairs: (1, 12399)
[M::mem_pestat] skip orientation FF
[M::mem_pestat] skip orientation RF
[M::mem_pestat] skip orientation RR
[M::mem_process_seqs] Processed 1798152 reads in 431.656 CPU sec, 28.707 real sec
[M::process] read 1800954 sequences (160000165 bp)...
[M::mem_pestat] # candidate unique pairs for (FF, FR, RF, RR): (113, 513204, 369, 64)
[M::mem_pestat] analyzing insert size distribution for orientation FF...
[M::mem_pestat] (25, 50, 75) percentile: (96, 229, 413)
[M::mem_pestat] low and high boundaries for computing mean and std.dev: (1, 1047)
[M::mem_pestat] mean and std.dev: (225.66, 155.48)
[M::mem_pestat] low and high boundaries for proper pairs: (1, 1364)
[M::mem_pestat] analyzing insert size distribution for orientation FR...
[M::mem_pestat] (25, 50, 75) percentile: (83, 130, 208)
[M::mem_pestat] low and high boundaries for computing mean and std.dev: (1, 458)
[M::mem_pestat] mean and std.dev: (154.61, 92.03)
[M::mem_pestat] low and high boundaries for proper pairs: (1, 583)
[M::mem_pestat] analyzing insert size distribution for orientation RF...
[M::mem_pestat] (25, 50, 75) percentile: (27, 150, 271)
[M::mem_pestat] low and high boundaries for computing mean and std.dev: (1, 759)
[M::mem_pestat] mean and std.dev: (150.27, 163.23)
[M::mem_pestat] low and high boundaries for proper pairs: (1, 1003)
[M::mem_pestat] analyzing insert size distribution for orientation RR...
[M::mem_pestat] (25, 50, 75) percentile: (45, 98, 1467)
[M::mem_pestat] low and high boundaries for computing mean and std.dev: (1, 4311)
[M::mem_pestat] mean and std.dev: (577.17, 972.88)
[M::mem_pestat] low and high boundaries for proper pairs: (1, 5733)
[M::mem_pestat] skip orientation FF
[M::mem_pestat] skip orientation RF
[M::mem_pestat] skip orientation RR
[M::mem_process_seqs] Processed 1798222 reads in 435.480 CPU sec, 28.772 real sec
[M::process] read 1794564 sequences (160000122 bp)...
[M::mem_pestat] # candidate unique pairs for (FF, FR, RF, RR): (107, 514683, 322, 49)
[M::mem_pestat] analyzing insert size distribution for orientation FF...
[M::mem_pestat] (25, 50, 75) percentile: (105, 191, 343)
[M::mem_pestat] low and high boundaries for computing mean and std.dev: (1, 819)
[M::mem_pestat] mean and std.dev: (199.90, 128.59)
[M::mem_pestat] low and high boundaries for proper pairs: (1, 1057)
[M::mem_pestat] analyzing insert size distribution for orientation FR...
[M::mem_pestat] (25, 50, 75) percentile: (83, 129, 206)
[M::mem_pestat] low and high boundaries for computing mean and std.dev: (1, 452)
[M::mem_pestat] mean and std.dev: (152.97, 90.47)
[M::mem_pestat] low and high boundaries for proper pairs: (1, 575)
[M::mem_pestat] analyzing insert size distribution for orientation RF...
[M::mem_pestat] (25, 50, 75) percentile: (21, 91, 219)
[M::mem_pestat] low and high boundaries for computing mean and std.dev: (1, 615)
[M::mem_pestat] mean and std.dev: (124.43, 135.25)
[M::mem_pestat] low and high boundaries for proper pairs: (1, 813)
[M::mem_pestat] analyzing insert size distribution for orientation RR...
[M::mem_pestat] (25, 50, 75) percentile: (74, 171, 3807)
[M::mem_pestat] low and high boundaries for computing mean and std.dev: (1, 11273)
[M::mem_pestat] mean and std.dev: (1864.12, 2869.49)
[M::mem_pestat] low and high boundaries for proper pairs: (1, 15006)
[M::mem_pestat] skip orientation FF
[M::mem_pestat] skip orientation RF
[M::mem_pestat] skip orientation RR
[M::mem_process_seqs] Processed 1800954 reads in 444.764 CPU sec, 29.499 real sec
[M::mem_pestat] # candidate unique pairs for (FF, FR, RF, RR): (100, 515679, 333, 49)
[M::mem_pestat] analyzing insert size distribution for orientation FF...
[M::mem_pestat] (25, 50, 75) percentile: (117, 224, 429)
[M::mem_pestat] low and high boundaries for computing mean and std.dev: (1, 1053)
[M::mem_pestat] mean and std.dev: (240.74, 198.91)
[M::mem_pestat] low and high boundaries for proper pairs: (1, 1365)
[M::mem_pestat] analyzing insert size distribution for orientation FR...
[M::mem_pestat] (25, 50, 75) percentile: (83, 131, 209)
[M::mem_pestat] low and high boundaries for computing mean and std.dev: (1, 461)
[M::mem_pestat] mean and std.dev: (155.51, 93.04)
[M::mem_pestat] low and high boundaries for proper pairs: (1, 587)
[M::mem_pestat] analyzing insert size distribution for orientation RF...
[M::mem_pestat] (25, 50, 75) percentile: (26, 58, 217)
[M::mem_pestat] low and high boundaries for computing mean and std.dev: (1, 599)
[M::mem_pestat] mean and std.dev: (120.31, 138.75)
[M::mem_pestat] low and high boundaries for proper pairs: (1, 790)
[M::mem_pestat] analyzing insert size distribution for orientation RR...
[M::mem_pestat] (25, 50, 75) percentile: (53, 184, 776)
[M::mem_pestat] low and high boundaries for computing mean and std.dev: (1, 2222)
[M::mem_pestat] mean and std.dev: (308.60, 503.56)
[M::mem_pestat] low and high boundaries for proper pairs: (1, 2945)
[M::mem_pestat] skip orientation FF
[M::mem_pestat] skip orientation RF
[M::mem_pestat] skip orientation RR
[M::process] read 1809714 sequences (160000125 bp)...
[M::mem_process_seqs] Processed 1794564 reads in 432.191 CPU sec, 28.619 real sec
[M::process] read 1842578 sequences (160000105 bp)...
[M::mem_pestat] # candidate unique pairs for (FF, FR, RF, RR): (160, 515362, 357, 93)
[M::mem_pestat] analyzing insert size distribution for orientation FF...
[M::mem_pestat] (25, 50, 75) percentile: (90, 237, 935)
[M::mem_pestat] low and high boundaries for computing mean and std.dev: (1, 2625)
[M::mem_pestat] mean and std.dev: (370.58, 517.46)
[M::mem_pestat] low and high boundaries for proper pairs: (1, 3470)
[M::mem_pestat] analyzing insert size distribution for orientation FR...
[M::mem_pestat] (25, 50, 75) percentile: (81, 125, 202)
[M::mem_pestat] low and high boundaries for computing mean and std.dev: (1, 444)
[M::mem_pestat] mean and std.dev: (149.12, 88.05)
[M::mem_pestat] low and high boundaries for proper pairs: (1, 565)
[M::mem_pestat] analyzing insert size distribution for orientation RF...
[M::mem_pestat] (25, 50, 75) percentile: (27, 115, 335)
[M::mem_pestat] low and high boundaries for computing mean and std.dev: (1, 951)
[M::mem_pestat] mean and std.dev: (153.71, 191.59)
[M::mem_pestat] low and high boundaries for proper pairs: (1, 1259)
[M::mem_pestat] analyzing insert size distribution for orientation RR...
[M::mem_pestat] (25, 50, 75) percentile: (52, 209, 2772)
[M::mem_pestat] low and high boundaries for computing mean and std.dev: (1, 8212)
[M::mem_pestat] mean and std.dev: (1409.03, 2257.80)
[M::mem_pestat] low and high boundaries for proper pairs: (1, 10932)
[M::mem_pestat] skip orientation FF
[M::mem_pestat] skip orientation RF
[M::mem_pestat] skip orientation RR
[M::mem_process_seqs] Processed 1809714 reads in 434.537 CPU sec, 28.904 real sec
[M::process] read 1855402 sequences (160000073 bp)...
[M::mem_pestat] # candidate unique pairs for (FF, FR, RF, RR): (435, 513768, 381, 213)
[M::mem_pestat] analyzing insert size distribution for orientation FF...
[M::mem_pestat] (25, 50, 75) percentile: (82, 249, 1159)
[M::mem_pestat] low and high boundaries for computing mean and std.dev: (1, 3313)
[M::mem_pestat] mean and std.dev: (470.37, 708.41)
[M::mem_pestat] low and high boundaries for proper pairs: (1, 4390)
[M::mem_pestat] analyzing insert size distribution for orientation FR...
[M::mem_pestat] (25, 50, 75) percentile: (79, 118, 192)
[M::mem_pestat] low and high boundaries for computing mean and std.dev: (1, 418)
[M::mem_pestat] mean and std.dev: (140.70, 79.65)
[M::mem_pestat] low and high boundaries for proper pairs: (1, 531)
[M::mem_pestat] analyzing insert size distribution for orientation RF...
[M::mem_pestat] (25, 50, 75) percentile: (35, 183, 1419)
[M::mem_pestat] low and high boundaries for computing mean and std.dev: (1, 4187)
[M::mem_pestat] mean and std.dev: (561.82, 923.31)
[M::mem_pestat] low and high boundaries for proper pairs: (1, 5571)
[M::mem_pestat] analyzing insert size distribution for orientation RR...
[M::mem_pestat] (25, 50, 75) percentile: (60, 456, 3289)
[M::mem_pestat] low and high boundaries for computing mean and std.dev: (1, 9747)
[M::mem_pestat] mean and std.dev: (1963.18, 2737.19)
[M::mem_pestat] low and high boundaries for proper pairs: (1, 12976)
[M::mem_pestat] skip orientation FF
[M::mem_pestat] skip orientation RF
[M::mem_pestat] skip orientation RR
[M::mem_process_seqs] Processed 1842578 reads in 445.199 CPU sec, 29.761 real sec
[M::process] read 1847178 sequences (160000098 bp)...
[M::mem_pestat] # candidate unique pairs for (FF, FR, RF, RR): (440, 512654, 390, 235)
[M::mem_pestat] analyzing insert size distribution for orientation FF...
[M::mem_pestat] (25, 50, 75) percentile: (106, 250, 837)
[M::mem_pestat] low and high boundaries for computing mean and std.dev: (1, 2299)
[M::mem_pestat] mean and std.dev: (373.30, 498.01)
[M::mem_pestat] low and high boundaries for proper pairs: (1, 3030)
[M::mem_pestat] analyzing insert size distribution for orientation FR...
[M::mem_pestat] (25, 50, 75) percentile: (78, 116, 188)
[M::mem_pestat] low and high boundaries for computing mean and std.dev: (1, 408)
[M::mem_pestat] mean and std.dev: (137.82, 77.20)
[M::mem_pestat] low and high boundaries for proper pairs: (1, 518)
[M::mem_pestat] analyzing insert size distribution for orientation RF...
[M::mem_pestat] (25, 50, 75) percentile: (35, 197, 1808)
[M::mem_pestat] low and high boundaries for computing mean and std.dev: (1, 5354)
[M::mem_pestat] mean and std.dev: (680.12, 1111.14)
[M::mem_pestat] low and high boundaries for proper pairs: (1, 7127)
[M::mem_pestat] analyzing insert size distribution for orientation RR...
[M::mem_pestat] (25, 50, 75) percentile: (62, 568, 3036)
[M::mem_pestat] low and high boundaries for computing mean and std.dev: (1, 8984)
[M::mem_pestat] mean and std.dev: (1629.08, 2271.43)
[M::mem_pestat] low and high boundaries for proper pairs: (1, 11958)
[M::mem_pestat] skip orientation FF
[M::mem_pestat] skip orientation RF
[M::mem_pestat] skip orientation RR
[M::mem_process_seqs] Processed 1855402 reads in 457.874 CPU sec, 30.366 real sec
[M::process] read 1843648 sequences (160000041 bp)...
[M::mem_pestat] # candidate unique pairs for (FF, FR, RF, RR): (442, 517789, 378, 220)
[M::mem_pestat] analyzing insert size distribution for orientation FF...
[M::mem_pestat] (25, 50, 75) percentile: (87, 210, 489)
[M::mem_pestat] low and high boundaries for computing mean and std.dev: (1, 1293)
[M::mem_pestat] mean and std.dev: (221.10, 226.36)
[M::mem_pestat] low and high boundaries for proper pairs: (1, 1695)
[M::mem_pestat] analyzing insert size distribution for orientation FR...
[M::mem_pestat] (25, 50, 75) percentile: (79, 119, 193)
[M::mem_pestat] low and high boundaries for computing mean and std.dev: (1, 421)
[M::mem_pestat] mean and std.dev: (141.54, 80.27)
[M::mem_pestat] low and high boundaries for proper pairs: (1, 535)
[M::mem_pestat] analyzing insert size distribution for orientation RF...
[M::mem_pestat] (25, 50, 75) percentile: (27, 172, 706)
[M::mem_pestat] low and high boundaries for computing mean and std.dev: (1, 2064)
[M::mem_pestat] mean and std.dev: (223.37, 336.53)
[M::mem_pestat] low and high boundaries for proper pairs: (1, 2743)
[M::mem_pestat] analyzing insert size distribution for orientation RR...
[M::mem_pestat] (25, 50, 75) percentile: (52, 204, 2069)
[M::mem_pestat] low and high boundaries for computing mean and std.dev: (1, 6103)
[M::mem_pestat] mean and std.dev: (816.62, 1270.94)
[M::mem_pestat] low and high boundaries for proper pairs: (1, 8120)
[M::mem_pestat] skip orientation FF
[M::mem_pestat] skip orientation RF
[M::mem_pestat] skip orientation RR
[M::mem_process_seqs] Processed 1847178 reads in 450.341 CPU sec, 30.081 real sec
[M::process] read 1808740 sequences (160000005 bp)...
[M::mem_pestat] # candidate unique pairs for (FF, FR, RF, RR): (333, 519199, 346, 187)
[M::mem_pestat] analyzing insert size distribution for orientation FF...
[M::mem_pestat] (25, 50, 75) percentile: (90, 229, 814)
[M::mem_pestat] low and high boundaries for computing mean and std.dev: (1, 2262)
[M::mem_pestat] mean and std.dev: (310.27, 440.71)
[M::mem_pestat] low and high boundaries for proper pairs: (1, 2986)
[M::mem_pestat] analyzing insert size distribution for orientation FR...
[M::mem_pestat] (25, 50, 75) percentile: (80, 119, 193)
[M::mem_pestat] low and high boundaries for computing mean and std.dev: (1, 419)
[M::mem_pestat] mean and std.dev: (141.67, 80.15)
[M::mem_pestat] low and high boundaries for proper pairs: (1, 532)
[M::mem_pestat] analyzing insert size distribution for orientation RF...
[M::mem_pestat] (25, 50, 75) percentile: (34, 162, 689)
[M::mem_pestat] low and high boundaries for computing mean and std.dev: (1, 1999)
[M::mem_pestat] mean and std.dev: (259.33, 410.12)
[M::mem_pestat] low and high boundaries for proper pairs: (1, 2654)
[M::mem_pestat] analyzing insert size distribution for orientation RR...
[M::mem_pestat] (25, 50, 75) percentile: (56, 713, 3837)
[M::mem_pestat] low and high boundaries for computing mean and std.dev: (1, 11399)
[M::mem_pestat] mean and std.dev: (2398.07, 3132.91)
[M::mem_pestat] low and high boundaries for proper pairs: (1, 15180)
[M::mem_pestat] skip orientation FF
[M::mem_pestat] skip orientation RF
[M::mem_pestat] skip orientation RR
[M::mem_process_seqs] Processed 1843648 reads in 440.176 CPU sec, 29.315 real sec
[M::mem_pestat] # candidate unique pairs for (FF, FR, RF, RR): (167, 520888, 318, 85)
[M::mem_pestat] analyzing insert size distribution for orientation FF...
[M::mem_pestat] (25, 50, 75) percentile: (96, 224, 490)
[M::mem_pestat] low and high boundaries for computing mean and std.dev: (1, 1278)
[M::mem_pestat] mean and std.dev: (217.79, 182.28)
[M::mem_pestat] low and high boundaries for proper pairs: (1, 1672)
[M::mem_pestat] analyzing insert size distribution for orientation FR...
[M::mem_pestat] (25, 50, 75) percentile: (82, 127, 202)
[M::mem_pestat] low and high boundaries for computing mean and std.dev: (1, 442)
[M::mem_pestat] mean and std.dev: (149.36, 86.33)
[M::mem_pestat] low and high boundaries for proper pairs: (1, 562)
[M::mem_pestat] analyzing insert size distribution for orientation RF...
[M::mem_pestat] (25, 50, 75) percentile: (21, 69, 317)
[M::mem_pestat] low and high boundaries for computing mean and std.dev: (1, 909)
[M::mem_pestat] mean and std.dev: (131.44, 172.90)
[M::mem_pestat] low and high boundaries for proper pairs: (1, 1205)
[M::mem_pestat] analyzing insert size distribution for orientation RR...
[M::mem_pestat] (25, 50, 75) percentile: (74, 645, 7243)
[M::mem_pestat] low and high boundaries for computing mean and std.dev: (1, 21581)
[M::mem_pestat] mean and std.dev: (2958.94, 3634.89)
[M::mem_pestat] low and high boundaries for proper pairs: (1, 28750)
[M::mem_pestat] skip orientation FF
[M::mem_pestat] skip orientation RF
[M::mem_pestat] skip orientation RR
[M::process] read 1810406 sequences (160000031 bp)...
[M::mem_process_seqs] Processed 1808740 reads in 428.982 CPU sec, 28.531 real sec
[M::process] read 1815772 sequences (160000173 bp)...
[M::mem_pestat] # candidate unique pairs for (FF, FR, RF, RR): (126, 526544, 369, 75)
[M::mem_pestat] analyzing insert size distribution for orientation FF...
[M::mem_pestat] (25, 50, 75) percentile: (134, 305, 659)
[M::mem_pestat] low and high boundaries for computing mean and std.dev: (1, 1709)
[M::mem_pestat] mean and std.dev: (311.34, 316.12)
[M::mem_pestat] low and high boundaries for proper pairs: (1, 2234)
[M::mem_pestat] analyzing insert size distribution for orientation FR...
[M::mem_pestat] (25, 50, 75) percentile: (82, 127, 202)
[M::mem_pestat] low and high boundaries for computing mean and std.dev: (1, 442)
[M::mem_pestat] mean and std.dev: (149.36, 86.32)
[M::mem_pestat] low and high boundaries for proper pairs: (1, 562)
[M::mem_pestat] analyzing insert size distribution for orientation RF...
[M::mem_pestat] (25, 50, 75) percentile: (21, 76, 240)
[M::mem_pestat] low and high boundaries for computing mean and std.dev: (1, 678)
[M::mem_pestat] mean and std.dev: (127.40, 148.44)
[M::mem_pestat] low and high boundaries for proper pairs: (1, 897)
[M::mem_pestat] analyzing insert size distribution for orientation RR...
[M::mem_pestat] (25, 50, 75) percentile: (45, 121, 1972)
[M::mem_pestat] low and high boundaries for computing mean and std.dev: (1, 5826)
[M::mem_pestat] mean and std.dev: (765.87, 1233.66)
[M::mem_pestat] low and high boundaries for proper pairs: (1, 7753)
[M::mem_pestat] skip orientation FF
[M::mem_pestat] skip orientation RF
[M::mem_pestat] skip orientation RR
[M::mem_process_seqs] Processed 1810406 reads in 451.712 CPU sec, 30.151 real sec
[M::process] read 1815850 sequences (160000053 bp)...
[M::mem_pestat] # candidate unique pairs for (FF, FR, RF, RR): (141, 522927, 356, 77)
[M::mem_pestat] analyzing insert size distribution for orientation FF...
[M::mem_pestat] (25, 50, 75) percentile: (100, 252, 1974)
[M::mem_pestat] low and high boundaries for computing mean and std.dev: (1, 5722)
[M::mem_pestat] mean and std.dev: (782.97, 1307.39)
[M::mem_pestat] low and high boundaries for proper pairs: (1, 7596)
[M::mem_pestat] analyzing insert size distribution for orientation FR...
[M::mem_pestat] (25, 50, 75) percentile: (82, 126, 199)
[M::mem_pestat] low and high boundaries for computing mean and std.dev: (1, 433)
[M::mem_pestat] mean and std.dev: (147.06, 84.01)
[M::mem_pestat] low and high boundaries for proper pairs: (1, 550)
[M::mem_pestat] analyzing insert size distribution for orientation RF...
[M::mem_pestat] (25, 50, 75) percentile: (29, 144, 383)
[M::mem_pestat] low and high boundaries for computing mean and std.dev: (1, 1091)
[M::mem_pestat] mean and std.dev: (169.33, 209.86)
[M::mem_pestat] low and high boundaries for proper pairs: (1, 1445)
[M::mem_pestat] analyzing insert size distribution for orientation RR...
[M::mem_pestat] (25, 50, 75) percentile: (94, 233, 3138)
[M::mem_pestat] low and high boundaries for computing mean and std.dev: (1, 9226)
[M::mem_pestat] mean and std.dev: (1624.63, 2137.97)
[M::mem_pestat] low and high boundaries for proper pairs: (1, 12270)
[M::mem_pestat] skip orientation FF
[M::mem_pestat] skip orientation RF
[M::mem_pestat] skip orientation RR
[M::mem_process_seqs] Processed 1815772 reads in 454.270 CPU sec, 30.180 real sec
[M::process] read 1806894 sequences (160000141 bp)...
[M::mem_pestat] # candidate unique pairs for (FF, FR, RF, RR): (123, 521210, 368, 84)
[M::mem_pestat] analyzing insert size distribution for orientation FF...
[M::mem_pestat] (25, 50, 75) percentile: (129, 259, 1382)
[M::mem_pestat] low and high boundaries for computing mean and std.dev: (1, 3888)
[M::mem_pestat] mean and std.dev: (489.04, 806.88)
[M::mem_pestat] low and high boundaries for proper pairs: (1, 5141)
[M::mem_pestat] analyzing insert size distribution for orientation FR...
[M::mem_pestat] (25, 50, 75) percentile: (82, 126, 200)
[M::mem_pestat] low and high boundaries for computing mean and std.dev: (1, 436)
[M::mem_pestat] mean and std.dev: (147.73, 84.65)
[M::mem_pestat] low and high boundaries for proper pairs: (1, 554)
[M::mem_pestat] analyzing insert size distribution for orientation RF...
[M::mem_pestat] (25, 50, 75) percentile: (26, 118, 327)
[M::mem_pestat] low and high boundaries for computing mean and std.dev: (1, 929)
[M::mem_pestat] mean and std.dev: (133.79, 159.59)
[M::mem_pestat] low and high boundaries for proper pairs: (1, 1230)
[M::mem_pestat] analyzing insert size distribution for orientation RR...
[M::mem_pestat] (25, 50, 75) percentile: (88, 472, 3210)
[M::mem_pestat] low and high boundaries for computing mean and std.dev: (1, 9454)
[M::mem_pestat] mean and std.dev: (1922.34, 2507.81)
[M::mem_pestat] low and high boundaries for proper pairs: (1, 12576)
[M::mem_pestat] skip orientation FF
[M::mem_pestat] skip orientation RF
[M::mem_pestat] skip orientation RR
[M::mem_process_seqs] Processed 1815850 reads in 447.318 CPU sec, 29.521 real sec
[M::process] read 180478 sequences (15955249 bp)...
[M::mem_pestat] # candidate unique pairs for (FF, FR, RF, RR): (125, 521291, 349, 75)
[M::mem_pestat] analyzing insert size distribution for orientation FF...
[M::mem_pestat] (25, 50, 75) percentile: (93, 194, 424)
[M::mem_pestat] low and high boundaries for computing mean and std.dev: (1, 1086)
[M::mem_pestat] mean and std.dev: (231.71, 216.28)
[M::mem_pestat] low and high boundaries for proper pairs: (1, 1417)
[M::mem_pestat] analyzing insert size distribution for orientation FR...
[M::mem_pestat] (25, 50, 75) percentile: (83, 129, 204)
[M::mem_pestat] low and high boundaries for computing mean and std.dev: (1, 446)
[M::mem_pestat] mean and std.dev: (151.00, 87.30)
[M::mem_pestat] low and high boundaries for proper pairs: (1, 567)
[M::mem_pestat] analyzing insert size distribution for orientation RF...
[M::mem_pestat] (25, 50, 75) percentile: (24, 74, 319)
[M::mem_pestat] low and high boundaries for computing mean and std.dev: (1, 909)
[M::mem_pestat] mean and std.dev: (139.31, 181.90)
[M::mem_pestat] low and high boundaries for proper pairs: (1, 1204)
[M::mem_pestat] analyzing insert size distribution for orientation RR...
[M::mem_pestat] (25, 50, 75) percentile: (60, 228, 2825)
[M::mem_pestat] low and high boundaries for computing mean and std.dev: (1, 8355)
[M::mem_pestat] mean and std.dev: (1496.42, 2208.92)
[M::mem_pestat] low and high boundaries for proper pairs: (1, 11120)
[M::mem_pestat] skip orientation FF
[M::mem_pestat] skip orientation RF
[M::mem_pestat] skip orientation RR
[M::mem_process_seqs] Processed 1806894 reads in 438.289 CPU sec, 29.211 real sec
[M::mem_pestat] # candidate unique pairs for (FF, FR, RF, RR): (16, 51385, 38, 9)
[M::mem_pestat] analyzing insert size distribution for orientation FF...
[M::mem_pestat] (25, 50, 75) percentile: (119, 276, 2399)
[M::mem_pestat] low and high boundaries for computing mean and std.dev: (1, 6959)
[M::mem_pestat] mean and std.dev: (1250.94, 1988.41)
[M::mem_pestat] low and high boundaries for proper pairs: (1, 9239)
[M::mem_pestat] analyzing insert size distribution for orientation FR...
[M::mem_pestat] (25, 50, 75) percentile: (83, 128, 201)
[M::mem_pestat] low and high boundaries for computing mean and std.dev: (1, 437)
[M::mem_pestat] mean and std.dev: (148.75, 84.54)
[M::mem_pestat] low and high boundaries for proper pairs: (1, 555)
[M::mem_pestat] analyzing insert size distribution for orientation RF...
[M::mem_pestat] (25, 50, 75) percentile: (26, 150, 416)
[M::mem_pestat] low and high boundaries for computing mean and std.dev: (1, 1196)
[M::mem_pestat] mean and std.dev: (121.73, 129.31)
[M::mem_pestat] low and high boundaries for proper pairs: (1, 1586)
[M::mem_pestat] skip orientation RR as there are not enough pairs
[M::mem_pestat] skip orientation FF
[M::mem_pestat] skip orientation RF
[M::mem_process_seqs] Processed 180478 reads in 58.069 CPU sec, 3.972 real sec
[main] Version: 0.7.17-r1188
[main] CMD: bwa mem -t 16 /home/groups/MaxsonLab/indices/GRch38/GCA_000001405.15_GRCh38_no_alt_analysis_set.fasta samples/trim/MOLM24D_1_R1_fastqc_tpaired.fastq.gz samples/trim/MOLM24D_1_R2_fastqc_tpaired.fastq.gz
[main] Real time: 1197.812 sec; CPU: 17338.215 sec
[Thu Sep 10 16:21:18 2020]
Finished job 0.
1 of 1 steps (100%) done
