Building DAG of jobs...
Using shell: /usr/bin/bash
Provided cores: 16
Rules claiming more threads will be scaled down.
Job counts:
	count	jobs
	1	align
	1

[Tue Sep 15 15:29:00 2020]
Job 0: --- Aligning reads to reference.

Activating conda environment: /home/groups/MaxsonLab/kongg/atac_seq2/.snakemake/conda/714e46c9
[M::bwa_idx_load_from_disk] read 0 ALT contigs
[M::process] read 1763684 sequences (160000094 bp)...
[M::process] read 1774696 sequences (160000129 bp)...
[M::mem_pestat] # candidate unique pairs for (FF, FR, RF, RR): (215, 556564, 678, 88)
[M::mem_pestat] analyzing insert size distribution for orientation FF...
[M::mem_pestat] (25, 50, 75) percentile: (107, 222, 479)
[M::mem_pestat] low and high boundaries for computing mean and std.dev: (1, 1223)
[M::mem_pestat] mean and std.dev: (258.56, 217.52)
[M::mem_pestat] low and high boundaries for proper pairs: (1, 1595)
[M::mem_pestat] analyzing insert size distribution for orientation FR...
[M::mem_pestat] (25, 50, 75) percentile: (95, 166, 224)
[M::mem_pestat] low and high boundaries for computing mean and std.dev: (1, 482)
[M::mem_pestat] mean and std.dev: (174.67, 97.11)
[M::mem_pestat] low and high boundaries for proper pairs: (1, 611)
[M::mem_pestat] analyzing insert size distribution for orientation RF...
[M::mem_pestat] (25, 50, 75) percentile: (25, 106, 274)
[M::mem_pestat] low and high boundaries for computing mean and std.dev: (1, 772)
[M::mem_pestat] mean and std.dev: (135.03, 155.88)
[M::mem_pestat] low and high boundaries for proper pairs: (1, 1021)
[M::mem_pestat] analyzing insert size distribution for orientation RR...
[M::mem_pestat] (25, 50, 75) percentile: (62, 172, 1608)
[M::mem_pestat] low and high boundaries for computing mean and std.dev: (1, 4700)
[M::mem_pestat] mean and std.dev: (634.00, 1111.22)
[M::mem_pestat] low and high boundaries for proper pairs: (1, 6246)
[M::mem_pestat] skip orientation FF
[M::mem_pestat] skip orientation RF
[M::mem_pestat] skip orientation RR
[M::mem_process_seqs] Processed 1763684 reads in 501.295 CPU sec, 38.193 real sec
[M::mem_pestat] # candidate unique pairs for (FF, FR, RF, RR): (231, 556658, 687, 100)
[M::mem_pestat] analyzing insert size distribution for orientation FF...
[M::mem_pestat] (25, 50, 75) percentile: (108, 212, 396)
[M::mem_pestat] low and high boundaries for computing mean and std.dev: (1, 972)
[M::mem_pestat] mean and std.dev: (204.17, 154.30)
[M::mem_pestat] low and high boundaries for proper pairs: (1, 1260)
[M::mem_pestat] analyzing insert size distribution for orientation FR...
[M::mem_pestat] (25, 50, 75) percentile: (93, 160, 219)
[M::mem_pestat] low and high boundaries for computing mean and std.dev: (1, 471)
[M::mem_pestat] mean and std.dev: (169.67, 94.40)
[M::mem_pestat] low and high boundaries for proper pairs: (1, 597)
[M::mem_pestat] analyzing insert size distribution for orientation RF...
[M::mem_pestat] (25, 50, 75) percentile: (24, 85, 342)
[M::mem_pestat] low and high boundaries for computing mean and std.dev: (1, 978)
[M::mem_pestat] mean and std.dev: (150.63, 191.14)
[M::mem_pestat] low and high boundaries for proper pairs: (1, 1296)
[M::mem_pestat] analyzing insert size distribution for orientation RR...
[M::mem_pestat] (25, 50, 75) percentile: (46, 160, 2443)
[M::mem_pestat] low and high boundaries for computing mean and std.dev: (1, 7237)
[M::mem_pestat] mean and std.dev: (1113.48, 1903.30)
[M::mem_pestat] low and high boundaries for proper pairs: (1, 9634)
[M::mem_pestat] skip orientation FF
[M::mem_pestat] skip orientation RF
[M::mem_pestat] skip orientation RR
[M::process] read 1775880 sequences (160000056 bp)...
[M::mem_process_seqs] Processed 1774696 reads in 487.994 CPU sec, 32.390 real sec
[M::process] read 1773984 sequences (160000144 bp)...
[M::mem_pestat] # candidate unique pairs for (FF, FR, RF, RR): (244, 555135, 688, 138)
[M::mem_pestat] analyzing insert size distribution for orientation FF...
[M::mem_pestat] (25, 50, 75) percentile: (95, 211, 421)
[M::mem_pestat] low and high boundaries for computing mean and std.dev: (1, 1073)
[M::mem_pestat] mean and std.dev: (218.67, 190.71)
[M::mem_pestat] low and high boundaries for proper pairs: (1, 1399)
[M::mem_pestat] analyzing insert size distribution for orientation FR...
[M::mem_pestat] (25, 50, 75) percentile: (93, 161, 218)
[M::mem_pestat] low and high boundaries for computing mean and std.dev: (1, 468)
[M::mem_pestat] mean and std.dev: (169.48, 93.85)
[M::mem_pestat] low and high boundaries for proper pairs: (1, 593)
[M::mem_pestat] analyzing insert size distribution for orientation RF...
[M::mem_pestat] (25, 50, 75) percentile: (26, 79, 236)
[M::mem_pestat] low and high boundaries for computing mean and std.dev: (1, 656)
[M::mem_pestat] mean and std.dev: (120.50, 132.40)
[M::mem_pestat] low and high boundaries for proper pairs: (1, 866)
[M::mem_pestat] analyzing insert size distribution for orientation RR...
[M::mem_pestat] (25, 50, 75) percentile: (61, 235, 2077)
[M::mem_pestat] low and high boundaries for computing mean and std.dev: (1, 6109)
[M::mem_pestat] mean and std.dev: (1017.19, 1460.15)
[M::mem_pestat] low and high boundaries for proper pairs: (1, 8125)
[M::mem_pestat] skip orientation FF
[M::mem_pestat] skip orientation RF
[M::mem_pestat] skip orientation RR
[M::mem_process_seqs] Processed 1775880 reads in 497.274 CPU sec, 32.837 real sec
[M::mem_pestat] # candidate unique pairs for (FF, FR, RF, RR): (153, 559508, 624, 79)
[M::mem_pestat] analyzing insert size distribution for orientation FF...
[M::mem_pestat] (25, 50, 75) percentile: (90, 209, 371)
[M::mem_pestat] low and high boundaries for computing mean and std.dev: (1, 933)
[M::mem_pestat] mean and std.dev: (202.49, 155.02)
[M::mem_pestat] low and high boundaries for proper pairs: (1, 1214)
[M::mem_pestat] analyzing insert size distribution for orientation FR...
[M::mem_pestat] (25, 50, 75) percentile: (91, 159, 217)
[M::mem_pestat] low and high boundaries for computing mean and std.dev: (1, 469)
[M::mem_pestat] mean and std.dev: (168.01, 93.26)
[M::mem_pestat] low and high boundaries for proper pairs: (1, 595)
[M::mem_pestat] analyzing insert size distribution for orientation RF...
[M::mem_pestat] (25, 50, 75) percentile: (25, 77, 223)
[M::mem_pestat] low and high boundaries for computing mean and std.dev: (1, 619)
[M::mem_pestat] mean and std.dev: (121.92, 139.52)
[M::mem_pestat] low and high boundaries for proper pairs: (1, 817)
[M::mem_pestat] analyzing insert size distribution for orientation RR...
[M::mem_pestat] (25, 50, 75) percentile: (56, 131, 2363)
[M::mem_pestat] low and high boundaries for computing mean and std.dev: (1, 6977)
[M::mem_pestat] mean and std.dev: (1055.32, 1712.37)
[M::mem_pestat] low and high boundaries for proper pairs: (1, 9284)
[M::mem_pestat] skip orientation FF
[M::mem_pestat] skip orientation RF
[M::mem_pestat] skip orientation RR
[M::process] read 1770746 sequences (160000006 bp)...
[M::mem_process_seqs] Processed 1773984 reads in 486.432 CPU sec, 31.732 real sec
[M::mem_pestat] # candidate unique pairs for (FF, FR, RF, RR): (66, 563911, 628, 38)
[M::mem_pestat] analyzing insert size distribution for orientation FF...
[M::process] read 1766114 sequences (160000088 bp)...
[M::mem_pestat] (25, 50, 75) percentile: (66, 183, 317)
[M::mem_pestat] low and high boundaries for computing mean and std.dev: (1, 819)
[M::mem_pestat] mean and std.dev: (182.05, 139.86)
[M::mem_pestat] low and high boundaries for proper pairs: (1, 1070)
[M::mem_pestat] analyzing insert size distribution for orientation FR...
[M::mem_pestat] (25, 50, 75) percentile: (90, 158, 216)
[M::mem_pestat] low and high boundaries for computing mean and std.dev: (1, 468)
[M::mem_pestat] mean and std.dev: (167.52, 93.48)
[M::mem_pestat] low and high boundaries for proper pairs: (1, 594)
[M::mem_pestat] analyzing insert size distribution for orientation RF...
[M::mem_pestat] (25, 50, 75) percentile: (23, 60, 215)
[M::mem_pestat] low and high boundaries for computing mean and std.dev: (1, 599)
[M::mem_pestat] mean and std.dev: (118.09, 132.67)
[M::mem_pestat] low and high boundaries for proper pairs: (1, 791)
[M::mem_pestat] analyzing insert size distribution for orientation RR...
[M::mem_pestat] (25, 50, 75) percentile: (47, 132, 374)
[M::mem_pestat] low and high boundaries for computing mean and std.dev: (1, 1028)
[M::mem_pestat] mean and std.dev: (120.23, 151.35)
[M::mem_pestat] low and high boundaries for proper pairs: (1, 1355)
[M::mem_pestat] skip orientation FF
[M::mem_pestat] skip orientation RF
[M::mem_pestat] skip orientation RR
[M::mem_process_seqs] Processed 1770746 reads in 481.497 CPU sec, 31.940 real sec
[M::mem_pestat] # candidate unique pairs for (FF, FR, RF, RR): (63, 560206, 611, 49)
[M::mem_pestat] analyzing insert size distribution for orientation FF...
[M::mem_pestat] (25, 50, 75) percentile: (105, 210, 398)
[M::mem_pestat] low and high boundaries for computing mean and std.dev: (1, 984)
[M::mem_pestat] mean and std.dev: (214.96, 160.43)
[M::mem_pestat] low and high boundaries for proper pairs: (1, 1277)
[M::mem_pestat] analyzing insert size distribution for orientation FR...
[M::mem_pestat] (25, 50, 75) percentile: (91, 160, 218)
[M::mem_pestat] low and high boundaries for computing mean and std.dev: (1, 472)
[M::mem_pestat] mean and std.dev: (169.31, 94.68)
[M::mem_pestat] low and high boundaries for proper pairs: (1, 599)
[M::mem_pestat] analyzing insert size distribution for orientation RF...
[M::mem_pestat] (25, 50, 75) percentile: (24, 57, 201)
[M::mem_pestat] low and high boundaries for computing mean and std.dev: (1, 555)
[M::mem_pestat] mean and std.dev: (109.72, 123.18)
[M::mem_pestat] low and high boundaries for proper pairs: (1, 732)
[M::mem_pestat] analyzing insert size distribution for orientation RR...
[M::mem_pestat] (25, 50, 75) percentile: (54, 130, 782)
[M::mem_pestat] low and high boundaries for computing mean and std.dev: (1, 2238)
[M::mem_pestat] mean and std.dev: (230.20, 374.06)
[M::mem_pestat] low and high boundaries for proper pairs: (1, 2966)
[M::mem_pestat] skip orientation FF
[M::mem_pestat] skip orientation RF
[M::mem_pestat] skip orientation RR
[M::process] read 1769186 sequences (160000128 bp)...
[M::mem_process_seqs] Processed 1766114 reads in 479.257 CPU sec, 31.660 real sec
[M::mem_pestat] # candidate unique pairs for (FF, FR, RF, RR): (57, 558994, 556, 50)
[M::mem_pestat] analyzing insert size distribution for orientation FF...
[M::mem_pestat] (25, 50, 75) percentile: (113, 195, 358)
[M::mem_pestat] low and high boundaries for computing mean and std.dev: (1, 848)
[M::mem_pestat] mean and std.dev: (196.78, 123.45)
[M::mem_pestat] low and high boundaries for proper pairs: (1, 1093)
[M::mem_pestat] analyzing insert size distribution for orientation FR...
[M::mem_pestat] (25, 50, 75) percentile: (91, 158, 218)
[M::mem_pestat] low and high boundaries for computing mean and std.dev: (1, 472)
[M::mem_pestat] mean and std.dev: (168.45, 94.51)
[M::mem_pestat] low and high boundaries for proper pairs: (1, 599)
[M::mem_pestat] analyzing insert size distribution for orientation RF...
[M::mem_pestat] (25, 50, 75) percentile: (23, 49, 224)
[M::mem_pestat] low and high boundaries for computing mean and std.dev: (1, 626)
[M::mem_pestat] mean and std.dev: (119.46, 138.46)
[M::mem_pestat] low and high boundaries for proper pairs: (1, 827)
[M::mem_pestat] analyzing insert size distribution for orientation RR...
[M::mem_pestat] (25, 50, 75) percentile: (90, 177, 458)
[M::mem_pestat] low and high boundaries for computing mean and std.dev: (1, 1194)
[M::mem_pestat] mean and std.dev: (193.24, 166.12)
[M::mem_pestat] low and high boundaries for proper pairs: (1, 1562)
[M::mem_pestat] skip orientation FF
[M::mem_pestat] skip orientation RF
[M::mem_pestat] skip orientation RR
[M::process] read 1764910 sequences (160000131 bp)...
[M::mem_process_seqs] Processed 1769186 reads in 483.938 CPU sec, 31.686 real sec
[M::mem_pestat] # candidate unique pairs for (FF, FR, RF, RR): (211, 554534, 690, 98)
[M::mem_pestat] analyzing insert size distribution for orientation FF...
[M::mem_pestat] (25, 50, 75) percentile: (97, 201, 389)
[M::mem_pestat] low and high boundaries for computing mean and std.dev: (1, 973)
[M::mem_pestat] mean and std.dev: (215.24, 181.79)
[M::mem_pestat] low and high boundaries for proper pairs: (1, 1265)
[M::mem_pestat] analyzing insert size distribution for orientation FR...
[M::mem_pestat] (25, 50, 75) percentile: (94, 164, 222)
[M::mem_pestat] low and high boundaries for computing mean and std.dev: (1, 478)
[M::mem_pestat] mean and std.dev: (172.72, 96.14)
[M::mem_pestat] low and high boundaries for proper pairs: (1, 606)
[M::mem_pestat] analyzing insert size distribution for orientation RF...
[M::mem_pestat] (25, 50, 75) percentile: (24, 69, 246)
[M::mem_pestat] low and high boundaries for computing mean and std.dev: (1, 690)
[M::mem_pestat] mean and std.dev: (121.58, 138.36)
[M::mem_pestat] low and high boundaries for proper pairs: (1, 912)
[M::mem_pestat] analyzing insert size distribution for orientation RR...
[M::mem_pestat] (25, 50, 75) percentile: (68, 182, 1454)
[M::mem_pestat] low and high boundaries for computing mean and std.dev: (1, 4226)
[M::mem_pestat] mean and std.dev: (675.58, 1076.26)
[M::mem_pestat] low and high boundaries for proper pairs: (1, 5612)
[M::mem_pestat] skip orientation FF
[M::mem_pestat] skip orientation RF
[M::mem_pestat] skip orientation RR
[M::process] read 1775350 sequences (160000008 bp)...
[M::mem_process_seqs] Processed 1764910 reads in 478.291 CPU sec, 31.391 real sec
[M::process] read 1774412 sequences (160000077 bp)...
[M::mem_pestat] # candidate unique pairs for (FF, FR, RF, RR): (299, 555749, 645, 121)
[M::mem_pestat] analyzing insert size distribution for orientation FF...
[M::mem_pestat] (25, 50, 75) percentile: (103, 225, 475)
[M::mem_pestat] low and high boundaries for computing mean and std.dev: (1, 1219)
[M::mem_pestat] mean and std.dev: (232.77, 208.35)
[M::mem_pestat] low and high boundaries for proper pairs: (1, 1591)
[M::mem_pestat] analyzing insert size distribution for orientation FR...
[M::mem_pestat] (25, 50, 75) percentile: (93, 160, 219)
[M::mem_pestat] low and high boundaries for computing mean and std.dev: (1, 471)
[M::mem_pestat] mean and std.dev: (169.73, 94.39)
[M::mem_pestat] low and high boundaries for proper pairs: (1, 597)
[M::mem_pestat] analyzing insert size distribution for orientation RF...
[M::mem_pestat] (25, 50, 75) percentile: (23, 74, 218)
[M::mem_pestat] low and high boundaries for computing mean and std.dev: (1, 608)
[M::mem_pestat] mean and std.dev: (117.86, 128.52)
[M::mem_pestat] low and high boundaries for proper pairs: (1, 803)
[M::mem_pestat] analyzing insert size distribution for orientation RR...
[M::mem_pestat] (25, 50, 75) percentile: (50, 119, 1527)
[M::mem_pestat] low and high boundaries for computing mean and std.dev: (1, 4481)
[M::mem_pestat] mean and std.dev: (607.47, 1056.12)
[M::mem_pestat] low and high boundaries for proper pairs: (1, 5958)
[M::mem_pestat] skip orientation FF
[M::mem_pestat] skip orientation RF
[M::mem_pestat] skip orientation RR
[M::mem_process_seqs] Processed 1775350 reads in 495.463 CPU sec, 32.448 real sec
[M::mem_pestat] # candidate unique pairs for (FF, FR, RF, RR): (254, 556341, 695, 120)
[M::mem_pestat] analyzing insert size distribution for orientation FF...
[M::mem_pestat] (25, 50, 75) percentile: (96, 200, 492)
[M::mem_pestat] low and high boundaries for computing mean and std.dev: (1, 1284)
[M::mem_pestat] mean and std.dev: (232.06, 206.08)
[M::mem_pestat] low and high boundaries for proper pairs: (1, 1680)
[M::mem_pestat] analyzing insert size distribution for orientation FR...
[M::mem_pestat] (25, 50, 75) percentile: (93, 163, 220)
[M::mem_pestat] low and high boundaries for computing mean and std.dev: (1, 474)
[M::mem_pestat] mean and std.dev: (171.39, 95.56)
[M::mem_pestat] low and high boundaries for proper pairs: (1, 601)
[M::mem_pestat] analyzing insert size distribution for orientation RF...
[M::mem_pestat] (25, 50, 75) percentile: (25, 84, 244)
[M::mem_pestat] low and high boundaries for computing mean and std.dev: (1, 682)
[M::mem_pestat] mean and std.dev: (128.01, 143.77)
[M::mem_pestat] low and high boundaries for proper pairs: (1, 901)
[M::mem_pestat] analyzing insert size distribution for orientation RR...
[M::mem_pestat] (25, 50, 75) percentile: (49, 120, 1353)
[M::mem_pestat] low and high boundaries for computing mean and std.dev: (1, 3961)
[M::mem_pestat] mean and std.dev: (379.41, 657.38)
[M::mem_pestat] low and high boundaries for proper pairs: (1, 5265)
[M::mem_pestat] skip orientation FF
[M::mem_pestat] skip orientation RF
[M::mem_pestat] skip orientation RR
[M::process] read 1776978 sequences (160000044 bp)...
[M::mem_process_seqs] Processed 1774412 reads in 488.691 CPU sec, 32.148 real sec
[M::process] read 1772464 sequences (160000128 bp)...
[M::mem_pestat] # candidate unique pairs for (FF, FR, RF, RR): (186, 561614, 671, 90)
[M::mem_pestat] analyzing insert size distribution for orientation FF...
[M::mem_pestat] (25, 50, 75) percentile: (95, 197, 391)
[M::mem_pestat] low and high boundaries for computing mean and std.dev: (1, 983)
[M::mem_pestat] mean and std.dev: (217.60, 178.24)
[M::mem_pestat] low and high boundaries for proper pairs: (1, 1279)
[M::mem_pestat] analyzing insert size distribution for orientation FR...
[M::mem_pestat] (25, 50, 75) percentile: (92, 159, 218)
[M::mem_pestat] low and high boundaries for computing mean and std.dev: (1, 470)
[M::mem_pestat] mean and std.dev: (168.90, 94.43)
[M::mem_pestat] low and high boundaries for proper pairs: (1, 596)
[M::mem_pestat] analyzing insert size distribution for orientation RF...
[M::mem_pestat] (25, 50, 75) percentile: (24, 72, 249)
[M::mem_pestat] low and high boundaries for computing mean and std.dev: (1, 699)
[M::mem_pestat] mean and std.dev: (133.05, 154.90)
[M::mem_pestat] low and high boundaries for proper pairs: (1, 924)
[M::mem_pestat] analyzing insert size distribution for orientation RR...
[M::mem_pestat] (25, 50, 75) percentile: (47, 107, 716)
[M::mem_pestat] low and high boundaries for computing mean and std.dev: (1, 2054)
[M::mem_pestat] mean and std.dev: (274.20, 469.11)
[M::mem_pestat] low and high boundaries for proper pairs: (1, 2723)
[M::mem_pestat] skip orientation FF
[M::mem_pestat] skip orientation RF
[M::mem_pestat] skip orientation RR
[M::mem_process_seqs] Processed 1776978 reads in 490.731 CPU sec, 32.240 real sec
[M::mem_pestat] # candidate unique pairs for (FF, FR, RF, RR): (133, 560932, 629, 47)
[M::mem_pestat] analyzing insert size distribution for orientation FF...
[M::mem_pestat] (25, 50, 75) percentile: (97, 184, 352)
[M::mem_pestat] low and high boundaries for computing mean and std.dev: (1, 862)
[M::mem_pestat] mean and std.dev: (204.19, 141.85)
[M::mem_pestat] low and high boundaries for proper pairs: (1, 1117)
[M::mem_pestat] analyzing insert size distribution for orientation FR...
[M::mem_pestat] (25, 50, 75) percentile: (90, 158, 216)
[M::mem_pestat] low and high boundaries for computing mean and std.dev: (1, 468)
[M::mem_pestat] mean and std.dev: (167.41, 93.72)
[M::mem_pestat] low and high boundaries for proper pairs: (1, 594)
[M::mem_pestat] analyzing insert size distribution for orientation RF...
[M::mem_pestat] (25, 50, 75) percentile: (26, 69, 213)
[M::mem_pestat] low and high boundaries for computing mean and std.dev: (1, 587)
[M::mem_pestat] mean and std.dev: (117.83, 130.99)
[M::mem_pestat] low and high boundaries for proper pairs: (1, 774)
[M::mem_pestat] analyzing insert size distribution for orientation RR...
[M::mem_pestat] (25, 50, 75) percentile: (41, 79, 214)
[M::mem_pestat] low and high boundaries for computing mean and std.dev: (1, 560)
[M::mem_pestat] mean and std.dev: (112.88, 126.19)
[M::mem_pestat] low and high boundaries for proper pairs: (1, 733)
[M::mem_pestat] skip orientation FF
[M::mem_pestat] skip orientation RF
[M::mem_pestat] skip orientation RR
[M::process] read 1768860 sequences (160000037 bp)...
[M::mem_process_seqs] Processed 1772464 reads in 485.440 CPU sec, 31.627 real sec
[M::mem_pestat] # candidate unique pairs for (FF, FR, RF, RR): (88, 562355, 620, 50)
[M::mem_pestat] analyzing insert size distribution for orientation FF...
[M::mem_pestat] (25, 50, 75) percentile: (77, 201, 341)
[M::mem_pestat] low and high boundaries for computing mean and std.dev: (1, 869)
[M::mem_pestat] mean and std.dev: (200.93, 141.29)
[M::mem_pestat] low and high boundaries for proper pairs: (1, 1133)
[M::mem_pestat] analyzing insert size distribution for orientation FR...
[M::mem_pestat] (25, 50, 75) percentile: (91, 160, 218)
[M::mem_pestat] low and high boundaries for computing mean and std.dev: (1, 472)
[M::mem_pestat] mean and std.dev: (169.07, 94.51)
[M::mem_pestat] low and high boundaries for proper pairs: (1, 599)
[M::mem_pestat] analyzing insert size distribution for orientation RF...
[M::mem_pestat] (25, 50, 75) percentile: (24, 59, 215)
[M::mem_pestat] low and high boundaries for computing mean and std.dev: (1, 597)
[M::mem_pestat] mean and std.dev: (121.09, 134.30)
[M::mem_pestat] low and high boundaries for proper pairs: (1, 788)
[M::mem_pestat] analyzing insert size distribution for orientation RR...
[M::mem_pestat] (25, 50, 75) percentile: (48, 101, 334)
[M::mem_pestat] low and high boundaries for computing mean and std.dev: (1, 906)
[M::mem_pestat] mean and std.dev: (112.33, 114.49)
[M::mem_pestat] low and high boundaries for proper pairs: (1, 1192)
[M::mem_pestat] skip orientation FF
[M::mem_pestat] skip orientation RF
[M::mem_pestat] skip orientation RR
[M::process] read 1773812 sequences (160000190 bp)...
[M::mem_process_seqs] Processed 1768860 reads in 481.957 CPU sec, 31.472 real sec
[M::process] read 1764412 sequences (160000037 bp)...
[M::mem_pestat] # candidate unique pairs for (FF, FR, RF, RR): (90, 563872, 583, 38)
[M::mem_pestat] analyzing insert size distribution for orientation FF...
[M::mem_pestat] (25, 50, 75) percentile: (72, 191, 358)
[M::mem_pestat] low and high boundaries for computing mean and std.dev: (1, 930)
[M::mem_pestat] mean and std.dev: (203.23, 165.27)
[M::mem_pestat] low and high boundaries for proper pairs: (1, 1216)
[M::mem_pestat] analyzing insert size distribution for orientation FR...
[M::mem_pestat] (25, 50, 75) percentile: (90, 157, 216)
[M::mem_pestat] low and high boundaries for computing mean and std.dev: (1, 468)
[M::mem_pestat] mean and std.dev: (166.96, 93.31)
[M::mem_pestat] low and high boundaries for proper pairs: (1, 594)
[M::mem_pestat] analyzing insert size distribution for orientation RF...
[M::mem_pestat] (25, 50, 75) percentile: (21, 54, 206)
[M::mem_pestat] low and high boundaries for computing mean and std.dev: (1, 576)
[M::mem_pestat] mean and std.dev: (109.24, 127.28)
[M::mem_pestat] low and high boundaries for proper pairs: (1, 761)
[M::mem_pestat] analyzing insert size distribution for orientation RR...
[M::mem_pestat] (25, 50, 75) percentile: (46, 105, 359)
[M::mem_pestat] low and high boundaries for computing mean and std.dev: (1, 985)
[M::mem_pestat] mean and std.dev: (147.28, 161.73)
[M::mem_pestat] low and high boundaries for proper pairs: (1, 1298)
[M::mem_pestat] skip orientation FF
[M::mem_pestat] skip orientation RF
[M::mem_pestat] skip orientation RR
[M::mem_process_seqs] Processed 1773812 reads in 499.196 CPU sec, 32.890 real sec
[M::mem_pestat] # candidate unique pairs for (FF, FR, RF, RR): (131, 561364, 622, 57)
[M::mem_pestat] analyzing insert size distribution for orientation FF...
[M::mem_pestat] (25, 50, 75) percentile: (81, 164, 337)
[M::mem_pestat] low and high boundaries for computing mean and std.dev: (1, 849)
[M::mem_pestat] mean and std.dev: (196.08, 151.45)
[M::mem_pestat] low and high boundaries for proper pairs: (1, 1105)
[M::mem_pestat] analyzing insert size distribution for orientation FR...
[M::mem_pestat] (25, 50, 75) percentile: (93, 163, 221)
[M::mem_pestat] low and high boundaries for computing mean and std.dev: (1, 477)
[M::mem_pestat] mean and std.dev: (172.01, 96.51)
[M::mem_pestat] low and high boundaries for proper pairs: (1, 605)
[M::mem_pestat] analyzing insert size distribution for orientation RF...
[M::mem_pestat] (25, 50, 75) percentile: (24, 58, 211)
[M::mem_pestat] low and high boundaries for computing mean and std.dev: (1, 585)
[M::mem_pestat] mean and std.dev: (114.78, 130.82)
[M::mem_pestat] low and high boundaries for proper pairs: (1, 772)
[M::mem_pestat] analyzing insert size distribution for orientation RR...
[M::mem_pestat] (25, 50, 75) percentile: (45, 151, 941)
[M::mem_pestat] low and high boundaries for computing mean and std.dev: (1, 2733)
[M::mem_pestat] mean and std.dev: (279.75, 505.60)
[M::mem_pestat] low and high boundaries for proper pairs: (1, 3629)
[M::mem_pestat] skip orientation FF
[M::mem_pestat] skip orientation RF
[M::mem_pestat] skip orientation RR
[M::process] read 1771044 sequences (160000021 bp)...
[M::mem_process_seqs] Processed 1764412 reads in 474.428 CPU sec, 31.112 real sec
[M::mem_pestat] # candidate unique pairs for (FF, FR, RF, RR): (259, 558521, 633, 92)
[M::mem_pestat] analyzing insert size distribution for orientation FF...
[M::mem_pestat] (25, 50, 75) percentile: (95, 209, 389)
[M::mem_pestat] low and high boundaries for computing mean and std.dev: (1, 977)
[M::mem_pestat] mean and std.dev: (212.07, 159.94)
[M::mem_pestat] low and high boundaries for proper pairs: (1, 1271)
[M::mem_pestat] analyzing insert size distribution for orientation FR...
[M::mem_pestat] (25, 50, 75) percentile: (92, 161, 220)
[M::mem_pestat] low and high boundaries for computing mean and std.dev: (1, 476)
[M::mem_pestat] mean and std.dev: (170.67, 95.98)
[M::mem_pestat] low and high boundaries for proper pairs: (1, 604)
[M::mem_pestat] analyzing insert size distribution for orientation RF...
[M::mem_pestat] (25, 50, 75) percentile: (24, 93, 228)
[M::mem_pestat] low and high boundaries for computing mean and std.dev: (1, 636)
[M::mem_pestat] mean and std.dev: (127.25, 142.18)
[M::mem_pestat] low and high boundaries for proper pairs: (1, 840)
[M::mem_pestat] analyzing insert size distribution for orientation RR...
[M::mem_pestat] (25, 50, 75) percentile: (42, 122, 1396)
[M::mem_pestat] low and high boundaries for computing mean and std.dev: (1, 4104)
[M::mem_pestat] mean and std.dev: (406.06, 721.29)
[M::mem_pestat] low and high boundaries for proper pairs: (1, 5458)
[M::mem_pestat] skip orientation FF
[M::mem_pestat] skip orientation RF
[M::mem_pestat] skip orientation RR
[M::process] read 1773292 sequences (160000005 bp)...
[M::mem_process_seqs] Processed 1771044 reads in 480.340 CPU sec, 31.634 real sec
[M::mem_pestat] # candidate unique pairs for (FF, FR, RF, RR): (227, 558199, 655, 121)
[M::mem_pestat] analyzing insert size distribution for orientation FF...
[M::mem_pestat] (25, 50, 75) percentile: (94, 196, 394)
[M::mem_pestat] low and high boundaries for computing mean and std.dev: (1, 994)
[M::mem_pestat] mean and std.dev: (215.40, 177.68)
[M::mem_pestat] low and high boundaries for proper pairs: (1, 1294)
[M::mem_pestat] analyzing insert size distribution for orientation FR...
[M::mem_pestat] (25, 50, 75) percentile: (92, 161, 219)
[M::mem_pestat] low and high boundaries for computing mean and std.dev: (1, 473)
[M::mem_pestat] mean and std.dev: (169.95, 94.94)
[M::mem_pestat] low and high boundaries for proper pairs: (1, 600)
[M::mem_pestat] analyzing insert size distribution for orientation RF...
[M::mem_pestat] (25, 50, 75) percentile: (26, 98, 220)
[M::mem_pestat] low and high boundaries for computing mean and std.dev: (1, 608)
[M::mem_pestat] mean and std.dev: (123.58, 132.50)
[M::mem_pestat] low and high boundaries for proper pairs: (1, 802)
[M::mem_pestat] analyzing insert size distribution for orientation RR...
[M::mem_pestat] (25, 50, 75) percentile: (38, 131, 1730)
[M::mem_pestat] low and high boundaries for computing mean and std.dev: (1, 5114)
[M::mem_pestat] mean and std.dev: (603.60, 1088.12)
[M::mem_pestat] low and high boundaries for proper pairs: (1, 6806)
[M::mem_pestat] skip orientation FF
[M::mem_pestat] skip orientation RF
[M::mem_pestat] skip orientation RR
[M::process] read 1774376 sequences (160000047 bp)...
[M::mem_process_seqs] Processed 1773292 reads in 493.038 CPU sec, 32.324 real sec
[M::mem_pestat] # candidate unique pairs for (FF, FR, RF, RR): (264, 561282, 652, 108)
[M::mem_pestat] analyzing insert size distribution for orientation FF...
[M::process] read 1784436 sequences (160000074 bp)...
[M::mem_pestat] (25, 50, 75) percentile: (87, 219, 406)
[M::mem_pestat] low and high boundaries for computing mean and std.dev: (1, 1044)
[M::mem_pestat] mean and std.dev: (220.05, 185.92)
[M::mem_pestat] low and high boundaries for proper pairs: (1, 1363)
[M::mem_pestat] analyzing insert size distribution for orientation FR...
[M::mem_pestat] (25, 50, 75) percentile: (93, 163, 220)
[M::mem_pestat] low and high boundaries for computing mean and std.dev: (1, 474)
[M::mem_pestat] mean and std.dev: (171.20, 95.62)
[M::mem_pestat] low and high boundaries for proper pairs: (1, 601)
[M::mem_pestat] analyzing insert size distribution for orientation RF...
[M::mem_pestat] (25, 50, 75) percentile: (25, 110, 236)
[M::mem_pestat] low and high boundaries for computing mean and std.dev: (1, 658)
[M::mem_pestat] mean and std.dev: (125.86, 137.37)
[M::mem_pestat] low and high boundaries for proper pairs: (1, 869)
[M::mem_pestat] analyzing insert size distribution for orientation RR...
[M::mem_pestat] (25, 50, 75) percentile: (57, 161, 2768)
[M::mem_pestat] low and high boundaries for computing mean and std.dev: (1, 8190)
[M::mem_pestat] mean and std.dev: (1269.79, 2044.15)
[M::mem_pestat] low and high boundaries for proper pairs: (1, 10901)
[M::mem_pestat] skip orientation FF
[M::mem_pestat] skip orientation RF
[M::mem_pestat] skip orientation RR
[M::mem_process_seqs] Processed 1774376 reads in 492.942 CPU sec, 34.524 real sec
[M::mem_pestat] # candidate unique pairs for (FF, FR, RF, RR): (130, 564978, 570, 59)
[M::mem_pestat] analyzing insert size distribution for orientation FF...
[M::mem_pestat] (25, 50, 75) percentile: (93, 211, 526)
[M::mem_pestat] low and high boundaries for computing mean and std.dev: (1, 1392)
[M::mem_pestat] mean and std.dev: (230.65, 245.31)
[M::mem_pestat] low and high boundaries for proper pairs: (1, 1825)
[M::mem_pestat] analyzing insert size distribution for orientation FR...
[M::mem_pestat] (25, 50, 75) percentile: (91, 157, 213)
[M::mem_pestat] low and high boundaries for computing mean and std.dev: (1, 457)
[M::mem_pestat] mean and std.dev: (164.40, 89.48)
[M::mem_pestat] low and high boundaries for proper pairs: (1, 579)
[M::mem_pestat] analyzing insert size distribution for orientation RF...
[M::mem_pestat] (25, 50, 75) percentile: (21, 49, 215)
[M::mem_pestat] low and high boundaries for computing mean and std.dev: (1, 603)
[M::mem_pestat] mean and std.dev: (108.68, 128.92)
[M::mem_pestat] low and high boundaries for proper pairs: (1, 797)
[M::mem_pestat] analyzing insert size distribution for orientation RR...
[M::mem_pestat] (25, 50, 75) percentile: (44, 159, 804)
[M::mem_pestat] low and high boundaries for computing mean and std.dev: (1, 2324)
[M::mem_pestat] mean and std.dev: (183.22, 234.32)
[M::mem_pestat] low and high boundaries for proper pairs: (1, 3084)
[M::mem_pestat] skip orientation FF
[M::mem_pestat] skip orientation RF
[M::mem_pestat] skip orientation RR
[M::process] read 1785908 sequences (160000174 bp)...
[M::mem_process_seqs] Processed 1784436 reads in 493.909 CPU sec, 32.684 real sec
[M::process] read 1788240 sequences (160000186 bp)...
[M::mem_pestat] # candidate unique pairs for (FF, FR, RF, RR): (111, 567629, 622, 76)
[M::mem_pestat] analyzing insert size distribution for orientation FF...
[M::mem_pestat] (25, 50, 75) percentile: (102, 228, 412)
[M::mem_pestat] low and high boundaries for computing mean and std.dev: (1, 1032)
[M::mem_pestat] mean and std.dev: (227.30, 172.26)
[M::mem_pestat] low and high boundaries for proper pairs: (1, 1342)
[M::mem_pestat] analyzing insert size distribution for orientation FR...
[M::mem_pestat] (25, 50, 75) percentile: (90, 156, 212)
[M::mem_pestat] low and high boundaries for computing mean and std.dev: (1, 456)
[M::mem_pestat] mean and std.dev: (162.74, 88.28)
[M::mem_pestat] low and high boundaries for proper pairs: (1, 578)
[M::mem_pestat] analyzing insert size distribution for orientation RF...
[M::mem_pestat] (25, 50, 75) percentile: (24, 66, 214)
[M::mem_pestat] low and high boundaries for computing mean and std.dev: (1, 594)
[M::mem_pestat] mean and std.dev: (117.31, 132.40)
[M::mem_pestat] low and high boundaries for proper pairs: (1, 784)
[M::mem_pestat] analyzing insert size distribution for orientation RR...
[M::mem_pestat] (25, 50, 75) percentile: (56, 145, 465)
[M::mem_pestat] low and high boundaries for computing mean and std.dev: (1, 1283)
[M::mem_pestat] mean and std.dev: (180.23, 227.17)
[M::mem_pestat] low and high boundaries for proper pairs: (1, 1692)
[M::mem_pestat] skip orientation FF
[M::mem_pestat] skip orientation RF
[M::mem_pestat] skip orientation RR
[M::mem_process_seqs] Processed 1785908 reads in 511.760 CPU sec, 33.545 real sec
[M::process] read 1802020 sequences (160000176 bp)...
[M::mem_pestat] # candidate unique pairs for (FF, FR, RF, RR): (112, 565231, 613, 64)
[M::mem_pestat] analyzing insert size distribution for orientation FF...
[M::mem_pestat] (25, 50, 75) percentile: (79, 208, 511)
[M::mem_pestat] low and high boundaries for computing mean and std.dev: (1, 1375)
[M::mem_pestat] mean and std.dev: (238.27, 249.39)
[M::mem_pestat] low and high boundaries for proper pairs: (1, 1807)
[M::mem_pestat] analyzing insert size distribution for orientation FR...
[M::mem_pestat] (25, 50, 75) percentile: (90, 156, 211)
[M::mem_pestat] low and high boundaries for computing mean and std.dev: (1, 453)
[M::mem_pestat] mean and std.dev: (162.45, 87.80)
[M::mem_pestat] low and high boundaries for proper pairs: (1, 574)
[M::mem_pestat] analyzing insert size distribution for orientation RF...
[M::mem_pestat] (25, 50, 75) percentile: (23, 57, 214)
[M::mem_pestat] low and high boundaries for computing mean and std.dev: (1, 596)
[M::mem_pestat] mean and std.dev: (113.63, 124.40)
[M::mem_pestat] low and high boundaries for proper pairs: (1, 787)
[M::mem_pestat] analyzing insert size distribution for orientation RR...
[M::mem_pestat] (25, 50, 75) percentile: (49, 145, 2588)
[M::mem_pestat] low and high boundaries for computing mean and std.dev: (1, 7666)
[M::mem_pestat] mean and std.dev: (1199.31, 1952.22)
[M::mem_pestat] low and high boundaries for proper pairs: (1, 10205)
[M::mem_pestat] skip orientation FF
[M::mem_pestat] skip orientation RF
[M::mem_pestat] skip orientation RR
[M::mem_process_seqs] Processed 1788240 reads in 515.913 CPU sec, 33.886 real sec
[M::mem_pestat] # candidate unique pairs for (FF, FR, RF, RR): (195, 561639, 595, 106)
[M::mem_pestat] analyzing insert size distribution for orientation FF...
[M::mem_pestat] (25, 50, 75) percentile: (91, 231, 581)
[M::mem_pestat] low and high boundaries for computing mean and std.dev: (1, 1561)
[M::mem_pestat] mean and std.dev: (237.34, 266.29)
[M::mem_pestat] low and high boundaries for proper pairs: (1, 2051)
[M::mem_pestat] analyzing insert size distribution for orientation FR...
[M::mem_pestat] (25, 50, 75) percentile: (88, 149, 208)
[M::mem_pestat] low and high boundaries for computing mean and std.dev: (1, 448)
[M::mem_pestat] mean and std.dev: (158.45, 85.15)
[M::mem_pestat] low and high boundaries for proper pairs: (1, 568)
[M::mem_pestat] analyzing insert size distribution for orientation RF...
[M::mem_pestat] (25, 50, 75) percentile: (27, 110, 338)
[M::mem_pestat] low and high boundaries for computing mean and std.dev: (1, 960)
[M::mem_pestat] mean and std.dev: (156.05, 192.44)
[M::mem_pestat] low and high boundaries for proper pairs: (1, 1271)
[M::mem_pestat] analyzing insert size distribution for orientation RR...
[M::mem_pestat] (25, 50, 75) percentile: (54, 291, 3366)
[M::mem_pestat] low and high boundaries for computing mean and std.dev: (1, 9990)
[M::mem_pestat] mean and std.dev: (2186.97, 3070.25)
[M::mem_pestat] low and high boundaries for proper pairs: (1, 14468)
[M::mem_pestat] skip orientation FF
[M::mem_pestat] skip orientation RF
[M::mem_pestat] skip orientation RR
[M::process] read 1836748 sequences (160000053 bp)...
[M::mem_process_seqs] Processed 1802020 reads in 509.873 CPU sec, 33.291 real sec
[M::mem_pestat] # candidate unique pairs for (FF, FR, RF, RR): (350, 556921, 572, 178)
[M::mem_pestat] analyzing insert size distribution for orientation FF...
[M::mem_pestat] (25, 50, 75) percentile: (80, 186, 452)
[M::mem_pestat] low and high boundaries for computing mean and std.dev: (1, 1196)
[M::mem_pestat] mean and std.dev: (184.95, 169.31)
[M::mem_pestat] low and high boundaries for proper pairs: (1, 1568)
[M::mem_pestat] analyzing insert size distribution for orientation FR...
[M::mem_pestat] (25, 50, 75) percentile: (84, 136, 200)
[M::mem_pestat] low and high boundaries for computing mean and std.dev: (1, 432)
[M::mem_pestat] mean and std.dev: (149.03, 79.18)
[M::mem_pestat] low and high boundaries for proper pairs: (1, 548)
[M::mem_pestat] analyzing insert size distribution for orientation RF...
[M::mem_pestat] (25, 50, 75) percentile: (27, 140, 375)
[M::mem_pestat] low and high boundaries for computing mean and std.dev: (1, 1071)
[M::mem_pestat] mean and std.dev: (164.73, 206.18)
[M::mem_pestat] low and high boundaries for proper pairs: (1, 1419)
[M::mem_pestat] analyzing insert size distribution for orientation RR...
[M::mem_pestat] (25, 50, 75) percentile: (50, 133, 2321)
[M::mem_pestat] low and high boundaries for computing mean and std.dev: (1, 6863)
[M::mem_pestat] mean and std.dev: (1037.90, 1710.27)
[M::mem_pestat] low and high boundaries for proper pairs: (1, 9134)
[M::mem_pestat] skip orientation FF
[M::mem_pestat] skip orientation RF
[M::mem_pestat] skip orientation RR
[M::process] read 1826958 sequences (160000165 bp)...
[M::mem_process_seqs] Processed 1836748 reads in 511.596 CPU sec, 33.563 real sec
[M::mem_pestat] # candidate unique pairs for (FF, FR, RF, RR): (300, 563374, 599, 141)
[M::mem_pestat] analyzing insert size distribution for orientation FF...
[M::mem_pestat] (25, 50, 75) percentile: (79, 189, 480)
[M::mem_pestat] low and high boundaries for computing mean and std.dev: (1, 1282)
[M::mem_pestat] mean and std.dev: (195.67, 198.94)
[M::mem_pestat] low and high boundaries for proper pairs: (1, 1683)
[M::mem_pestat] analyzing insert size distribution for orientation FR...
[M::mem_pestat] (25, 50, 75) percentile: (85, 141, 203)
[M::mem_pestat] low and high boundaries for computing mean and std.dev: (1, 439)
[M::mem_pestat] mean and std.dev: (152.19, 80.83)
[M::mem_pestat] low and high boundaries for proper pairs: (1, 557)
[M::mem_pestat] analyzing insert size distribution for orientation RF...
[M::mem_pestat] (25, 50, 75) percentile: (26, 77, 227)
[M::mem_pestat] low and high boundaries for computing mean and std.dev: (1, 629)
[M::mem_pestat] mean and std.dev: (116.53, 128.83)
[M::mem_pestat] low and high boundaries for proper pairs: (1, 830)
[M::mem_pestat] analyzing insert size distribution for orientation RR...
[M::mem_pestat] (25, 50, 75) percentile: (38, 150, 2845)
[M::mem_pestat] low and high boundaries for computing mean and std.dev: (1, 8459)
[M::mem_pestat] mean and std.dev: (1499.35, 2311.07)
[M::mem_pestat] low and high boundaries for proper pairs: (1, 11266)
[M::mem_pestat] skip orientation FF
[M::mem_pestat] skip orientation RF
[M::mem_pestat] skip orientation RR
[M::process] read 1781414 sequences (160000162 bp)...
[M::mem_process_seqs] Processed 1826958 reads in 512.840 CPU sec, 33.563 real sec
[M::mem_pestat] # candidate unique pairs for (FF, FR, RF, RR): (143, 558949, 634, 77)
[M::mem_pestat] analyzing insert size distribution for orientation FF...
[M::mem_pestat] (25, 50, 75) percentile: (91, 190, 453)
[M::mem_pestat] low and high boundaries for computing mean and std.dev: (1, 1177)
[M::mem_pestat] mean and std.dev: (209.78, 195.20)
[M::mem_pestat] low and high boundaries for proper pairs: (1, 1539)
[M::mem_pestat] analyzing insert size distribution for orientation FR...
[M::mem_pestat] (25, 50, 75) percentile: (92, 159, 216)
[M::mem_pestat] low and high boundaries for computing mean and std.dev: (1, 464)
[M::mem_pestat] mean and std.dev: (167.80, 92.53)
[M::mem_pestat] low and high boundaries for proper pairs: (1, 588)
[M::mem_pestat] analyzing insert size distribution for orientation RF...
[M::mem_pestat] (25, 50, 75) percentile: (24, 70, 225)
[M::mem_pestat] low and high boundaries for computing mean and std.dev: (1, 627)
[M::mem_pestat] mean and std.dev: (120.64, 135.36)
[M::mem_pestat] low and high boundaries for proper pairs: (1, 828)
[M::mem_pestat] analyzing insert size distribution for orientation RR...
[M::mem_pestat] (25, 50, 75) percentile: (55, 155, 861)
[M::mem_pestat] low and high boundaries for computing mean and std.dev: (1, 2473)
[M::mem_pestat] mean and std.dev: (283.52, 451.94)
[M::mem_pestat] low and high boundaries for proper pairs: (1, 3279)
[M::mem_pestat] skip orientation FF
[M::mem_pestat] skip orientation RF
[M::mem_pestat] skip orientation RR
[M::process] read 1760548 sequences (160000032 bp)...
[M::mem_process_seqs] Processed 1781414 reads in 500.394 CPU sec, 32.832 real sec
[M::process] read 1762604 sequences (160000068 bp)...
[M::mem_pestat] # candidate unique pairs for (FF, FR, RF, RR): (113, 556262, 664, 55)
[M::mem_pestat] analyzing insert size distribution for orientation FF...
[M::mem_pestat] (25, 50, 75) percentile: (117, 233, 368)
[M::mem_pestat] low and high boundaries for computing mean and std.dev: (1, 870)
[M::mem_pestat] mean and std.dev: (216.66, 145.22)
[M::mem_pestat] low and high boundaries for proper pairs: (1, 1121)
[M::mem_pestat] analyzing insert size distribution for orientation FR...
[M::mem_pestat] (25, 50, 75) percentile: (95, 168, 224)
[M::mem_pestat] low and high boundaries for computing mean and std.dev: (1, 482)
[M::mem_pestat] mean and std.dev: (175.59, 97.34)
[M::mem_pestat] low and high boundaries for proper pairs: (1, 611)
[M::mem_pestat] analyzing insert size distribution for orientation RF...
[M::mem_pestat] (25, 50, 75) percentile: (26, 90, 209)
[M::mem_pestat] low and high boundaries for computing mean and std.dev: (1, 575)
[M::mem_pestat] mean and std.dev: (118.94, 121.07)
[M::mem_pestat] low and high boundaries for proper pairs: (1, 758)
[M::mem_pestat] analyzing insert size distribution for orientation RR...
[M::mem_pestat] (25, 50, 75) percentile: (65, 129, 501)
[M::mem_pestat] low and high boundaries for computing mean and std.dev: (1, 1373)
[M::mem_pestat] mean and std.dev: (191.02, 248.46)
[M::mem_pestat] low and high boundaries for proper pairs: (1, 1809)
[M::mem_pestat] skip orientation FF
[M::mem_pestat] skip orientation RF
[M::mem_pestat] skip orientation RR
[M::mem_process_seqs] Processed 1760548 reads in 489.501 CPU sec, 32.194 real sec
[M::process] read 1758298 sequences (160000004 bp)...
[M::mem_pestat] # candidate unique pairs for (FF, FR, RF, RR): (91, 556866, 673, 60)
[M::mem_pestat] analyzing insert size distribution for orientation FF...
[M::mem_pestat] (25, 50, 75) percentile: (114, 280, 552)
[M::mem_pestat] low and high boundaries for computing mean and std.dev: (1, 1428)
[M::mem_pestat] mean and std.dev: (255.63, 215.51)
[M::mem_pestat] low and high boundaries for proper pairs: (1, 1866)
[M::mem_pestat] analyzing insert size distribution for orientation FR...
[M::mem_pestat] (25, 50, 75) percentile: (95, 168, 224)
[M::mem_pestat] low and high boundaries for computing mean and std.dev: (1, 482)
[M::mem_pestat] mean and std.dev: (175.59, 97.43)
[M::mem_pestat] low and high boundaries for proper pairs: (1, 611)
[M::mem_pestat] analyzing insert size distribution for orientation RF...
[M::mem_pestat] (25, 50, 75) percentile: (23, 64, 222)
[M::mem_pestat] low and high boundaries for computing mean and std.dev: (1, 620)
[M::mem_pestat] mean and std.dev: (127.54, 144.65)
[M::mem_pestat] low and high boundaries for proper pairs: (1, 819)
[M::mem_pestat] analyzing insert size distribution for orientation RR...
[M::mem_pestat] (25, 50, 75) percentile: (50, 129, 482)
[M::mem_pestat] low and high boundaries for computing mean and std.dev: (1, 1346)
[M::mem_pestat] mean and std.dev: (183.54, 266.31)
[M::mem_pestat] low and high boundaries for proper pairs: (1, 1778)
[M::mem_pestat] skip orientation FF
[M::mem_pestat] skip orientation RF
[M::mem_pestat] skip orientation RR
[M::mem_process_seqs] Processed 1762604 reads in 509.943 CPU sec, 33.128 real sec
[M::process] read 24658 sequences (2217266 bp)...
[M::mem_pestat] # candidate unique pairs for (FF, FR, RF, RR): (81, 558953, 693, 59)
[M::mem_pestat] analyzing insert size distribution for orientation FF...
[M::mem_pestat] (25, 50, 75) percentile: (88, 202, 368)
[M::mem_pestat] low and high boundaries for computing mean and std.dev: (1, 928)
[M::mem_pestat] mean and std.dev: (202.89, 144.40)
[M::mem_pestat] low and high boundaries for proper pairs: (1, 1208)
[M::mem_pestat] analyzing insert size distribution for orientation FR...
[M::mem_pestat] (25, 50, 75) percentile: (96, 169, 226)
[M::mem_pestat] low and high boundaries for computing mean and std.dev: (1, 486)
[M::mem_pestat] mean and std.dev: (177.38, 98.98)
[M::mem_pestat] low and high boundaries for proper pairs: (1, 616)
[M::mem_pestat] analyzing insert size distribution for orientation RF...
[M::mem_pestat] (25, 50, 75) percentile: (23, 67, 222)
[M::mem_pestat] low and high boundaries for computing mean and std.dev: (1, 620)
[M::mem_pestat] mean and std.dev: (126.43, 143.00)
[M::mem_pestat] low and high boundaries for proper pairs: (1, 819)
[M::mem_pestat] analyzing insert size distribution for orientation RR...
[M::mem_pestat] (25, 50, 75) percentile: (49, 68, 171)
[M::mem_pestat] low and high boundaries for computing mean and std.dev: (1, 415)
[M::mem_pestat] mean and std.dev: (86.10, 69.68)
[M::mem_pestat] low and high boundaries for proper pairs: (1, 537)
[M::mem_pestat] skip orientation FF
[M::mem_pestat] skip orientation RF
[M::mem_pestat] skip orientation RR
[M::mem_process_seqs] Processed 1758298 reads in 487.955 CPU sec, 31.949 real sec
[M::mem_pestat] # candidate unique pairs for (FF, FR, RF, RR): (1, 7801, 6, 2)
[M::mem_pestat] skip orientation FF as there are not enough pairs
[M::mem_pestat] analyzing insert size distribution for orientation FR...
[M::mem_pestat] (25, 50, 75) percentile: (90, 161, 219)
[M::mem_pestat] low and high boundaries for computing mean and std.dev: (1, 477)
[M::mem_pestat] mean and std.dev: (168.67, 94.05)
[M::mem_pestat] low and high boundaries for proper pairs: (1, 606)
[M::mem_pestat] skip orientation RF as there are not enough pairs
[M::mem_pestat] skip orientation RR as there are not enough pairs
[M::mem_process_seqs] Processed 24658 reads in 13.512 CPU sec, 0.901 real sec
[main] Version: 0.7.17-r1188
[main] CMD: bwa mem -t 16 /home/groups/MaxsonLab/indices/GRch38/GCA_000001405.15_GRCh38_no_alt_analysis_set.fasta samples/trim/MOLM24C_1_R1_paired.fastq.gz samples/trim/MOLM24C_1_R2_paired.fastq.gz
[main] Real time: 990.281 sec; CPU: 13847.122 sec
[Tue Sep 15 15:46:11 2020]
Finished job 0.
1 of 1 steps (100%) done
