Building DAG of jobs...
Using shell: /usr/bin/bash
Provided cores: 16
Rules claiming more threads will be scaled down.
Job counts:
	count	jobs
	1	align
	1

[Thu Sep 10 16:05:15 2020]
Job 0: --- Aligning reads to reference.

Activating conda environment: /home/groups/MaxsonLab/kongg/atac_seq2/.snakemake/conda/714e46c9
[M::bwa_idx_load_from_disk] read 0 ALT contigs
[M::process] read 1804026 sequences (160000079 bp)...
[M::process] read 1807306 sequences (160000144 bp)...
[M::mem_pestat] # candidate unique pairs for (FF, FR, RF, RR): (57, 545704, 271, 26)
[M::mem_pestat] analyzing insert size distribution for orientation FF...
[M::mem_pestat] (25, 50, 75) percentile: (93, 235, 445)
[M::mem_pestat] low and high boundaries for computing mean and std.dev: (1, 1149)
[M::mem_pestat] mean and std.dev: (232.14, 181.83)
[M::mem_pestat] low and high boundaries for proper pairs: (1, 1501)
[M::mem_pestat] analyzing insert size distribution for orientation FR...
[M::mem_pestat] (25, 50, 75) percentile: (80, 123, 204)
[M::mem_pestat] low and high boundaries for computing mean and std.dev: (1, 452)
[M::mem_pestat] mean and std.dev: (149.85, 91.77)
[M::mem_pestat] low and high boundaries for proper pairs: (1, 576)
[M::mem_pestat] analyzing insert size distribution for orientation RF...
[M::mem_pestat] (25, 50, 75) percentile: (22, 92, 215)
[M::mem_pestat] low and high boundaries for computing mean and std.dev: (1, 601)
[M::mem_pestat] mean and std.dev: (119.92, 131.78)
[M::mem_pestat] low and high boundaries for proper pairs: (1, 794)
[M::mem_pestat] analyzing insert size distribution for orientation RR...
[M::mem_pestat] (25, 50, 75) percentile: (60, 146, 1010)
[M::mem_pestat] low and high boundaries for computing mean and std.dev: (1, 2910)
[M::mem_pestat] mean and std.dev: (234.19, 319.68)
[M::mem_pestat] low and high boundaries for proper pairs: (1, 3860)
[M::mem_pestat] skip orientation FF
[M::mem_pestat] skip orientation RF
[M::mem_pestat] skip orientation RR
[M::mem_process_seqs] Processed 1804026 reads in 472.003 CPU sec, 36.958 real sec
[M::process] read 1809000 sequences (160000109 bp)...
[M::mem_pestat] # candidate unique pairs for (FF, FR, RF, RR): (47, 545935, 287, 33)
[M::mem_pestat] analyzing insert size distribution for orientation FF...
[M::mem_pestat] (25, 50, 75) percentile: (128, 197, 532)
[M::mem_pestat] low and high boundaries for computing mean and std.dev: (1, 1340)
[M::mem_pestat] mean and std.dev: (254.43, 229.47)
[M::mem_pestat] low and high boundaries for proper pairs: (1, 1744)
[M::mem_pestat] analyzing insert size distribution for orientation FR...
[M::mem_pestat] (25, 50, 75) percentile: (79, 122, 201)
[M::mem_pestat] low and high boundaries for computing mean and std.dev: (1, 445)
[M::mem_pestat] mean and std.dev: (147.92, 89.61)
[M::mem_pestat] low and high boundaries for proper pairs: (1, 567)
[M::mem_pestat] analyzing insert size distribution for orientation RF...
[M::mem_pestat] (25, 50, 75) percentile: (27, 89, 226)
[M::mem_pestat] low and high boundaries for computing mean and std.dev: (1, 624)
[M::mem_pestat] mean and std.dev: (129.67, 138.71)
[M::mem_pestat] low and high boundaries for proper pairs: (1, 823)
[M::mem_pestat] analyzing insert size distribution for orientation RR...
[M::mem_pestat] (25, 50, 75) percentile: (82, 176, 2281)
[M::mem_pestat] low and high boundaries for computing mean and std.dev: (1, 6679)
[M::mem_pestat] mean and std.dev: (1301.76, 1906.82)
[M::mem_pestat] low and high boundaries for proper pairs: (1, 8929)
[M::mem_pestat] skip orientation FF
[M::mem_pestat] skip orientation RF
[M::mem_pestat] skip orientation RR
[M::mem_process_seqs] Processed 1807306 reads in 460.048 CPU sec, 31.466 real sec
[M::process] read 1809806 sequences (160000121 bp)...
[M::mem_pestat] # candidate unique pairs for (FF, FR, RF, RR): (55, 546510, 268, 34)
[M::mem_pestat] analyzing insert size distribution for orientation FF...
[M::mem_pestat] (25, 50, 75) percentile: (104, 238, 484)
[M::mem_pestat] low and high boundaries for computing mean and std.dev: (1, 1244)
[M::mem_pestat] mean and std.dev: (209.16, 151.15)
[M::mem_pestat] low and high boundaries for proper pairs: (1, 1624)
[M::mem_pestat] analyzing insert size distribution for orientation FR...
[M::mem_pestat] (25, 50, 75) percentile: (79, 121, 201)
[M::mem_pestat] low and high boundaries for computing mean and std.dev: (1, 445)
[M::mem_pestat] mean and std.dev: (147.46, 89.45)
[M::mem_pestat] low and high boundaries for proper pairs: (1, 567)
[M::mem_pestat] analyzing insert size distribution for orientation RF...
[M::mem_pestat] (25, 50, 75) percentile: (25, 104, 211)
[M::mem_pestat] low and high boundaries for computing mean and std.dev: (1, 583)
[M::mem_pestat] mean and std.dev: (116.82, 125.58)
[M::mem_pestat] low and high boundaries for proper pairs: (1, 769)
[M::mem_pestat] analyzing insert size distribution for orientation RR...
[M::mem_pestat] (25, 50, 75) percentile: (76, 225, 1603)
[M::mem_pestat] low and high boundaries for computing mean and std.dev: (1, 4657)
[M::mem_pestat] mean and std.dev: (814.29, 1258.36)
[M::mem_pestat] low and high boundaries for proper pairs: (1, 6184)
[M::mem_pestat] skip orientation FF
[M::mem_pestat] skip orientation RF
[M::mem_pestat] skip orientation RR
[M::mem_process_seqs] Processed 1809000 reads in 456.609 CPU sec, 30.820 real sec
[M::process] read 1809656 sequences (160000077 bp)...
[M::mem_pestat] # candidate unique pairs for (FF, FR, RF, RR): (66, 544902, 263, 36)
[M::mem_pestat] analyzing insert size distribution for orientation FF...
[M::mem_pestat] (25, 50, 75) percentile: (96, 203, 354)
[M::mem_pestat] low and high boundaries for computing mean and std.dev: (1, 870)
[M::mem_pestat] mean and std.dev: (197.10, 139.29)
[M::mem_pestat] low and high boundaries for proper pairs: (1, 1128)
[M::mem_pestat] analyzing insert size distribution for orientation FR...
[M::mem_pestat] (25, 50, 75) percentile: (79, 120, 200)
[M::mem_pestat] low and high boundaries for computing mean and std.dev: (1, 442)
[M::mem_pestat] mean and std.dev: (146.56, 88.62)
[M::mem_pestat] low and high boundaries for proper pairs: (1, 563)
[M::mem_pestat] analyzing insert size distribution for orientation RF...
[M::mem_pestat] (25, 50, 75) percentile: (21, 59, 203)
[M::mem_pestat] low and high boundaries for computing mean and std.dev: (1, 567)
[M::mem_pestat] mean and std.dev: (98.51, 105.53)
[M::mem_pestat] low and high boundaries for proper pairs: (1, 749)
[M::mem_pestat] analyzing insert size distribution for orientation RR...
[M::mem_pestat] (25, 50, 75) percentile: (72, 137, 339)
[M::mem_pestat] low and high boundaries for computing mean and std.dev: (1, 873)
[M::mem_pestat] mean and std.dev: (127.86, 93.75)
[M::mem_pestat] low and high boundaries for proper pairs: (1, 1140)
[M::mem_pestat] skip orientation FF
[M::mem_pestat] skip orientation RF
[M::mem_pestat] skip orientation RR
[M::mem_process_seqs] Processed 1809806 reads in 463.174 CPU sec, 31.002 real sec
[M::process] read 1807342 sequences (160000129 bp)...
[M::mem_pestat] # candidate unique pairs for (FF, FR, RF, RR): (70, 542852, 254, 30)
[M::mem_pestat] analyzing insert size distribution for orientation FF...
[M::mem_pestat] (25, 50, 75) percentile: (122, 233, 378)
[M::mem_pestat] low and high boundaries for computing mean and std.dev: (1, 890)
[M::mem_pestat] mean and std.dev: (213.52, 132.35)
[M::mem_pestat] low and high boundaries for proper pairs: (1, 1146)
[M::mem_pestat] analyzing insert size distribution for orientation FR...
[M::mem_pestat] (25, 50, 75) percentile: (79, 120, 200)
[M::mem_pestat] low and high boundaries for computing mean and std.dev: (1, 442)
[M::mem_pestat] mean and std.dev: (146.44, 88.49)
[M::mem_pestat] low and high boundaries for proper pairs: (1, 563)
[M::mem_pestat] analyzing insert size distribution for orientation RF...
[M::mem_pestat] (25, 50, 75) percentile: (26, 111, 207)
[M::mem_pestat] low and high boundaries for computing mean and std.dev: (1, 569)
[M::mem_pestat] mean and std.dev: (120.95, 123.50)
[M::mem_pestat] low and high boundaries for proper pairs: (1, 750)
[M::mem_pestat] analyzing insert size distribution for orientation RR...
[M::mem_pestat] (25, 50, 75) percentile: (58, 126, 685)
[M::mem_pestat] low and high boundaries for computing mean and std.dev: (1, 1939)
[M::mem_pestat] mean and std.dev: (209.04, 343.69)
[M::mem_pestat] low and high boundaries for proper pairs: (1, 2566)
[M::mem_pestat] skip orientation FF
[M::mem_pestat] skip orientation RF
[M::mem_pestat] skip orientation RR
[M::mem_process_seqs] Processed 1809656 reads in 461.064 CPU sec, 31.008 real sec
[M::process] read 1802790 sequences (160000126 bp)...
[M::mem_pestat] # candidate unique pairs for (FF, FR, RF, RR): (62, 542029, 280, 48)
[M::mem_pestat] analyzing insert size distribution for orientation FF...
[M::mem_pestat] (25, 50, 75) percentile: (140, 288, 791)
[M::mem_pestat] low and high boundaries for computing mean and std.dev: (1, 2093)
[M::mem_pestat] mean and std.dev: (334.29, 398.63)
[M::mem_pestat] low and high boundaries for proper pairs: (1, 2744)
[M::mem_pestat] analyzing insert size distribution for orientation FR...
[M::mem_pestat] (25, 50, 75) percentile: (79, 121, 201)
[M::mem_pestat] low and high boundaries for computing mean and std.dev: (1, 445)
[M::mem_pestat] mean and std.dev: (147.52, 89.56)
[M::mem_pestat] low and high boundaries for proper pairs: (1, 567)
[M::mem_pestat] analyzing insert size distribution for orientation RF...
[M::mem_pestat] (25, 50, 75) percentile: (22, 64, 204)
[M::mem_pestat] low and high boundaries for computing mean and std.dev: (1, 568)
[M::mem_pestat] mean and std.dev: (99.31, 103.54)
[M::mem_pestat] low and high boundaries for proper pairs: (1, 750)
[M::mem_pestat] analyzing insert size distribution for orientation RR...
[M::mem_pestat] (25, 50, 75) percentile: (63, 228, 3624)
[M::mem_pestat] low and high boundaries for computing mean and std.dev: (1, 10746)
[M::mem_pestat] mean and std.dev: (2006.17, 2811.33)
[M::mem_pestat] low and high boundaries for proper pairs: (1, 14307)
[M::mem_pestat] skip orientation FF
[M::mem_pestat] skip orientation RF
[M::mem_pestat] skip orientation RR
[M::mem_process_seqs] Processed 1807342 reads in 461.142 CPU sec, 31.294 real sec
[M::process] read 1810222 sequences (160000102 bp)...
[M::mem_pestat] # candidate unique pairs for (FF, FR, RF, RR): (69, 541020, 297, 32)
[M::mem_pestat] analyzing insert size distribution for orientation FF...
[M::mem_pestat] (25, 50, 75) percentile: (120, 260, 691)
[M::mem_pestat] low and high boundaries for computing mean and std.dev: (1, 1833)
[M::mem_pestat] mean and std.dev: (274.66, 289.58)
[M::mem_pestat] low and high boundaries for proper pairs: (1, 2404)
[M::mem_pestat] analyzing insert size distribution for orientation FR...
[M::mem_pestat] (25, 50, 75) percentile: (80, 122, 204)
[M::mem_pestat] low and high boundaries for computing mean and std.dev: (1, 452)
[M::mem_pestat] mean and std.dev: (149.85, 91.93)
[M::mem_pestat] low and high boundaries for proper pairs: (1, 576)
[M::mem_pestat] analyzing insert size distribution for orientation RF...
[M::mem_pestat] (25, 50, 75) percentile: (26, 86, 235)
[M::mem_pestat] low and high boundaries for computing mean and std.dev: (1, 653)
[M::mem_pestat] mean and std.dev: (120.50, 128.79)
[M::mem_pestat] low and high boundaries for proper pairs: (1, 862)
[M::mem_pestat] analyzing insert size distribution for orientation RR...
[M::mem_pestat] (25, 50, 75) percentile: (70, 145, 855)
[M::mem_pestat] low and high boundaries for computing mean and std.dev: (1, 2425)
[M::mem_pestat] mean and std.dev: (343.33, 510.37)
[M::mem_pestat] low and high boundaries for proper pairs: (1, 3210)
[M::mem_pestat] skip orientation FF
[M::mem_pestat] skip orientation RF
[M::mem_pestat] skip orientation RR
[M::mem_process_seqs] Processed 1802790 reads in 450.145 CPU sec, 29.881 real sec
[M::process] read 1817170 sequences (160000199 bp)...
[M::mem_pestat] # candidate unique pairs for (FF, FR, RF, RR): (221, 536816, 289, 93)
[M::mem_pestat] analyzing insert size distribution for orientation FF...
[M::mem_pestat] (25, 50, 75) percentile: (83, 197, 439)
[M::mem_pestat] low and high boundaries for computing mean and std.dev: (1, 1151)
[M::mem_pestat] mean and std.dev: (208.54, 186.98)
[M::mem_pestat] low and high boundaries for proper pairs: (1, 1507)
[M::mem_pestat] analyzing insert size distribution for orientation FR...
[M::mem_pestat] (25, 50, 75) percentile: (81, 123, 203)
[M::mem_pestat] low and high boundaries for computing mean and std.dev: (1, 447)
[M::mem_pestat] mean and std.dev: (148.83, 89.65)
[M::mem_pestat] low and high boundaries for proper pairs: (1, 569)
[M::mem_pestat] analyzing insert size distribution for orientation RF...
[M::mem_pestat] (25, 50, 75) percentile: (33, 153, 434)
[M::mem_pestat] low and high boundaries for computing mean and std.dev: (1, 1236)
[M::mem_pestat] mean and std.dev: (176.71, 233.72)
[M::mem_pestat] low and high boundaries for proper pairs: (1, 1637)
[M::mem_pestat] analyzing insert size distribution for orientation RR...
[M::mem_pestat] (25, 50, 75) percentile: (47, 189, 3583)
[M::mem_pestat] low and high boundaries for computing mean and std.dev: (1, 10655)
[M::mem_pestat] mean and std.dev: (1922.29, 2787.19)
[M::mem_pestat] low and high boundaries for proper pairs: (1, 14191)
[M::mem_pestat] skip orientation FF
[M::mem_pestat] skip orientation RF
[M::mem_pestat] skip orientation RR
[M::mem_process_seqs] Processed 1810222 reads in 463.314 CPU sec, 30.978 real sec
[M::process] read 1817766 sequences (160000054 bp)...
[M::mem_pestat] # candidate unique pairs for (FF, FR, RF, RR): (229, 539085, 322, 98)
[M::mem_pestat] analyzing insert size distribution for orientation FF...
[M::mem_pestat] (25, 50, 75) percentile: (119, 231, 578)
[M::mem_pestat] low and high boundaries for computing mean and std.dev: (1, 1496)
[M::mem_pestat] mean and std.dev: (256.20, 236.51)
[M::mem_pestat] low and high boundaries for proper pairs: (1, 1955)
[M::mem_pestat] analyzing insert size distribution for orientation FR...
[M::mem_pestat] (25, 50, 75) percentile: (80, 121, 200)
[M::mem_pestat] low and high boundaries for computing mean and std.dev: (1, 440)
[M::mem_pestat] mean and std.dev: (146.32, 87.42)
[M::mem_pestat] low and high boundaries for proper pairs: (1, 560)
[M::mem_pestat] analyzing insert size distribution for orientation RF...
[M::mem_pestat] (25, 50, 75) percentile: (26, 144, 261)
[M::mem_pestat] low and high boundaries for computing mean and std.dev: (1, 731)
[M::mem_pestat] mean and std.dev: (130.53, 149.18)
[M::mem_pestat] low and high boundaries for proper pairs: (1, 966)
[M::mem_pestat] analyzing insert size distribution for orientation RR...
[M::mem_pestat] (25, 50, 75) percentile: (50, 246, 1632)
[M::mem_pestat] low and high boundaries for computing mean and std.dev: (1, 4796)
[M::mem_pestat] mean and std.dev: (739.14, 1174.75)
[M::mem_pestat] low and high boundaries for proper pairs: (1, 6378)
[M::mem_pestat] skip orientation FF
[M::mem_pestat] skip orientation RF
[M::mem_pestat] skip orientation RR
[M::mem_process_seqs] Processed 1817170 reads in 470.116 CPU sec, 31.553 real sec
[M::process] read 1815908 sequences (160000014 bp)...
[M::mem_pestat] # candidate unique pairs for (FF, FR, RF, RR): (227, 538998, 315, 103)
[M::mem_pestat] analyzing insert size distribution for orientation FF...
[M::mem_pestat] (25, 50, 75) percentile: (101, 228, 654)
[M::mem_pestat] low and high boundaries for computing mean and std.dev: (1, 1760)
[M::mem_pestat] mean and std.dev: (267.51, 308.50)
[M::mem_pestat] low and high boundaries for proper pairs: (1, 2313)
[M::mem_pestat] analyzing insert size distribution for orientation FR...
[M::mem_pestat] (25, 50, 75) percentile: (80, 120, 198)
[M::mem_pestat] low and high boundaries for computing mean and std.dev: (1, 434)
[M::mem_pestat] mean and std.dev: (145.17, 86.16)
[M::mem_pestat] low and high boundaries for proper pairs: (1, 552)
[M::mem_pestat] analyzing insert size distribution for orientation RF...
[M::mem_pestat] (25, 50, 75) percentile: (28, 160, 842)
[M::mem_pestat] low and high boundaries for computing mean and std.dev: (1, 2470)
[M::mem_pestat] mean and std.dev: (324.03, 510.72)
[M::mem_pestat] low and high boundaries for proper pairs: (1, 3284)
[M::mem_pestat] analyzing insert size distribution for orientation RR...
[M::mem_pestat] (25, 50, 75) percentile: (52, 317, 3367)
[M::mem_pestat] low and high boundaries for computing mean and std.dev: (1, 9997)
[M::mem_pestat] mean and std.dev: (1949.45, 2750.08)
[M::mem_pestat] low and high boundaries for proper pairs: (1, 13312)
[M::mem_pestat] skip orientation FF
[M::mem_pestat] skip orientation RF
[M::mem_pestat] skip orientation RR
[M::mem_process_seqs] Processed 1817766 reads in 474.696 CPU sec, 31.587 real sec
[M::process] read 1819692 sequences (160000144 bp)...
[M::mem_pestat] # candidate unique pairs for (FF, FR, RF, RR): (247, 539880, 338, 111)
[M::mem_pestat] analyzing insert size distribution for orientation FF...
[M::mem_pestat] (25, 50, 75) percentile: (134, 269, 591)
[M::mem_pestat] low and high boundaries for computing mean and std.dev: (1, 1505)
[M::mem_pestat] mean and std.dev: (259.64, 230.08)
[M::mem_pestat] low and high boundaries for proper pairs: (1, 1962)
[M::mem_pestat] analyzing insert size distribution for orientation FR...
[M::mem_pestat] (25, 50, 75) percentile: (80, 120, 198)
[M::mem_pestat] low and high boundaries for computing mean and std.dev: (1, 434)
[M::mem_pestat] mean and std.dev: (145.28, 86.38)
[M::mem_pestat] low and high boundaries for proper pairs: (1, 552)
[M::mem_pestat] analyzing insert size distribution for orientation RF...
[M::mem_pestat] (25, 50, 75) percentile: (33, 169, 593)
[M::mem_pestat] low and high boundaries for computing mean and std.dev: (1, 1713)
[M::mem_pestat] mean and std.dev: (226.95, 327.82)
[M::mem_pestat] low and high boundaries for proper pairs: (1, 2273)
[M::mem_pestat] analyzing insert size distribution for orientation RR...
[M::mem_pestat] (25, 50, 75) percentile: (87, 540, 3024)
[M::mem_pestat] low and high boundaries for computing mean and std.dev: (1, 8898)
[M::mem_pestat] mean and std.dev: (1711.12, 2344.21)
[M::mem_pestat] low and high boundaries for proper pairs: (1, 11835)
[M::mem_pestat] skip orientation FF
[M::mem_pestat] skip orientation RF
[M::mem_pestat] skip orientation RR
[M::mem_process_seqs] Processed 1815908 reads in 466.008 CPU sec, 31.621 real sec
[M::process] read 1815948 sequences (160000115 bp)...
[M::mem_pestat] # candidate unique pairs for (FF, FR, RF, RR): (269, 537631, 355, 110)
[M::mem_pestat] analyzing insert size distribution for orientation FF...
[M::mem_pestat] (25, 50, 75) percentile: (118, 242, 498)
[M::mem_pestat] low and high boundaries for computing mean and std.dev: (1, 1258)
[M::mem_pestat] mean and std.dev: (248.30, 203.35)
[M::mem_pestat] low and high boundaries for proper pairs: (1, 1638)
[M::mem_pestat] analyzing insert size distribution for orientation FR...
[M::mem_pestat] (25, 50, 75) percentile: (80, 119, 197)
[M::mem_pestat] low and high boundaries for computing mean and std.dev: (1, 431)
[M::mem_pestat] mean and std.dev: (144.38, 85.68)
[M::mem_pestat] low and high boundaries for proper pairs: (1, 548)
[M::mem_pestat] analyzing insert size distribution for orientation RF...
[M::mem_pestat] (25, 50, 75) percentile: (35, 162, 428)
[M::mem_pestat] low and high boundaries for computing mean and std.dev: (1, 1214)
[M::mem_pestat] mean and std.dev: (195.32, 243.02)
[M::mem_pestat] low and high boundaries for proper pairs: (1, 1607)
[M::mem_pestat] analyzing insert size distribution for orientation RR...
[M::mem_pestat] (25, 50, 75) percentile: (64, 595, 3891)
[M::mem_pestat] low and high boundaries for computing mean and std.dev: (1, 11545)
[M::mem_pestat] mean and std.dev: (2113.45, 2832.27)
[M::mem_pestat] low and high boundaries for proper pairs: (1, 15372)
[M::mem_pestat] skip orientation FF
[M::mem_pestat] skip orientation RF
[M::mem_pestat] skip orientation RR
[M::mem_process_seqs] Processed 1819692 reads in 466.487 CPU sec, 31.083 real sec
[M::process] read 1815718 sequences (160000007 bp)...
[M::mem_pestat] # candidate unique pairs for (FF, FR, RF, RR): (280, 537731, 318, 129)
[M::mem_pestat] analyzing insert size distribution for orientation FF...
[M::mem_pestat] (25, 50, 75) percentile: (97, 195, 417)
[M::mem_pestat] low and high boundaries for computing mean and std.dev: (1, 1057)
[M::mem_pestat] mean and std.dev: (222.49, 193.44)
[M::mem_pestat] low and high boundaries for proper pairs: (1, 1377)
[M::mem_pestat] analyzing insert size distribution for orientation FR...
[M::mem_pestat] (25, 50, 75) percentile: (80, 121, 199)
[M::mem_pestat] low and high boundaries for computing mean and std.dev: (1, 437)
[M::mem_pestat] mean and std.dev: (146.08, 86.97)
[M::mem_pestat] low and high boundaries for proper pairs: (1, 556)
[M::mem_pestat] analyzing insert size distribution for orientation RF...
[M::mem_pestat] (25, 50, 75) percentile: (26, 160, 689)
[M::mem_pestat] low and high boundaries for computing mean and std.dev: (1, 2015)
[M::mem_pestat] mean and std.dev: (296.55, 445.07)
[M::mem_pestat] low and high boundaries for proper pairs: (1, 2678)
[M::mem_pestat] analyzing insert size distribution for orientation RR...
[M::mem_pestat] (25, 50, 75) percentile: (52, 194, 3292)
[M::mem_pestat] low and high boundaries for computing mean and std.dev: (1, 9772)
[M::mem_pestat] mean and std.dev: (1867.05, 2757.11)
[M::mem_pestat] low and high boundaries for proper pairs: (1, 13012)
[M::mem_pestat] skip orientation FF
[M::mem_pestat] skip orientation RF
[M::mem_pestat] skip orientation RR
[M::mem_process_seqs] Processed 1815948 reads in 466.869 CPU sec, 32.342 real sec
[M::process] read 1818454 sequences (160000057 bp)...
[M::mem_pestat] # candidate unique pairs for (FF, FR, RF, RR): (329, 536101, 318, 125)
[M::mem_pestat] analyzing insert size distribution for orientation FF...
[M::mem_pestat] (25, 50, 75) percentile: (105, 238, 465)
[M::mem_pestat] low and high boundaries for computing mean and std.dev: (1, 1185)
[M::mem_pestat] mean and std.dev: (245.26, 222.24)
[M::mem_pestat] low and high boundaries for proper pairs: (1, 1545)
[M::mem_pestat] analyzing insert size distribution for orientation FR...
[M::mem_pestat] (25, 50, 75) percentile: (80, 121, 199)
[M::mem_pestat] low and high boundaries for computing mean and std.dev: (1, 437)
[M::mem_pestat] mean and std.dev: (145.78, 87.00)
[M::mem_pestat] low and high boundaries for proper pairs: (1, 556)
[M::mem_pestat] analyzing insert size distribution for orientation RF...
[M::mem_pestat] (25, 50, 75) percentile: (25, 138, 592)
[M::mem_pestat] low and high boundaries for computing mean and std.dev: (1, 1726)
[M::mem_pestat] mean and std.dev: (198.76, 306.74)
[M::mem_pestat] low and high boundaries for proper pairs: (1, 2293)
[M::mem_pestat] analyzing insert size distribution for orientation RR...
[M::mem_pestat] (25, 50, 75) percentile: (47, 182, 2835)
[M::mem_pestat] low and high boundaries for computing mean and std.dev: (1, 8411)
[M::mem_pestat] mean and std.dev: (1252.98, 2041.73)
[M::mem_pestat] low and high boundaries for proper pairs: (1, 11199)
[M::mem_pestat] skip orientation FF
[M::mem_pestat] skip orientation RF
[M::mem_pestat] skip orientation RR
[M::mem_process_seqs] Processed 1815718 reads in 470.060 CPU sec, 31.067 real sec
[M::process] read 1815762 sequences (160000082 bp)...
[M::mem_pestat] # candidate unique pairs for (FF, FR, RF, RR): (282, 534019, 340, 120)
[M::mem_pestat] analyzing insert size distribution for orientation FF...
[M::mem_pestat] (25, 50, 75) percentile: (101, 217, 483)
[M::mem_pestat] low and high boundaries for computing mean and std.dev: (1, 1247)
[M::mem_pestat] mean and std.dev: (223.58, 190.98)
[M::mem_pestat] low and high boundaries for proper pairs: (1, 1629)
[M::mem_pestat] analyzing insert size distribution for orientation FR...
[M::mem_pestat] (25, 50, 75) percentile: (80, 120, 197)
[M::mem_pestat] low and high boundaries for computing mean and std.dev: (1, 431)
[M::mem_pestat] mean and std.dev: (144.61, 85.49)
[M::mem_pestat] low and high boundaries for proper pairs: (1, 548)
[M::mem_pestat] analyzing insert size distribution for orientation RF...
[M::mem_pestat] (25, 50, 75) percentile: (37, 168, 520)
[M::mem_pestat] low and high boundaries for computing mean and std.dev: (1, 1486)
[M::mem_pestat] mean and std.dev: (205.81, 264.56)
[M::mem_pestat] low and high boundaries for proper pairs: (1, 1969)
[M::mem_pestat] analyzing insert size distribution for orientation RR...
[M::mem_pestat] (25, 50, 75) percentile: (56, 360, 3400)
[M::mem_pestat] low and high boundaries for computing mean and std.dev: (1, 10088)
[M::mem_pestat] mean and std.dev: (2111.67, 2859.82)
[M::mem_pestat] low and high boundaries for proper pairs: (1, 13551)
[M::mem_pestat] skip orientation FF
[M::mem_pestat] skip orientation RF
[M::mem_pestat] skip orientation RR
[M::mem_process_seqs] Processed 1818454 reads in 466.808 CPU sec, 31.487 real sec
[M::process] read 1819530 sequences (160000102 bp)...
[M::mem_pestat] # candidate unique pairs for (FF, FR, RF, RR): (236, 536315, 319, 115)
[M::mem_pestat] analyzing insert size distribution for orientation FF...
[M::mem_pestat] (25, 50, 75) percentile: (96, 212, 477)
[M::mem_pestat] low and high boundaries for computing mean and std.dev: (1, 1239)
[M::mem_pestat] mean and std.dev: (243.25, 220.82)
[M::mem_pestat] low and high boundaries for proper pairs: (1, 1620)
[M::mem_pestat] analyzing insert size distribution for orientation FR...
[M::mem_pestat] (25, 50, 75) percentile: (80, 120, 199)
[M::mem_pestat] low and high boundaries for computing mean and std.dev: (1, 437)
[M::mem_pestat] mean and std.dev: (145.84, 86.99)
[M::mem_pestat] low and high boundaries for proper pairs: (1, 556)
[M::mem_pestat] analyzing insert size distribution for orientation RF...
[M::mem_pestat] (25, 50, 75) percentile: (26, 146, 338)
[M::mem_pestat] low and high boundaries for computing mean and std.dev: (1, 962)
[M::mem_pestat] mean and std.dev: (146.23, 171.89)
[M::mem_pestat] low and high boundaries for proper pairs: (1, 1274)
[M::mem_pestat] analyzing insert size distribution for orientation RR...
[M::mem_pestat] (25, 50, 75) percentile: (42, 150, 2703)
[M::mem_pestat] low and high boundaries for computing mean and std.dev: (1, 8025)
[M::mem_pestat] mean and std.dev: (1361.28, 2103.17)
[M::mem_pestat] low and high boundaries for proper pairs: (1, 10686)
[M::mem_pestat] skip orientation FF
[M::mem_pestat] skip orientation RF
[M::mem_pestat] skip orientation RR
[M::mem_process_seqs] Processed 1815762 reads in 461.806 CPU sec, 31.292 real sec
[M::process] read 1817756 sequences (160000170 bp)...
[M::mem_pestat] # candidate unique pairs for (FF, FR, RF, RR): (279, 540052, 329, 111)
[M::mem_pestat] analyzing insert size distribution for orientation FF...
[M::mem_pestat] (25, 50, 75) percentile: (122, 267, 474)
[M::mem_pestat] low and high boundaries for computing mean and std.dev: (1, 1178)
[M::mem_pestat] mean and std.dev: (242.08, 174.11)
[M::mem_pestat] low and high boundaries for proper pairs: (1, 1530)
[M::mem_pestat] analyzing insert size distribution for orientation FR...
[M::mem_pestat] (25, 50, 75) percentile: (80, 120, 199)
[M::mem_pestat] low and high boundaries for computing mean and std.dev: (1, 437)
[M::mem_pestat] mean and std.dev: (145.85, 87.14)
[M::mem_pestat] low and high boundaries for proper pairs: (1, 556)
[M::mem_pestat] analyzing insert size distribution for orientation RF...
[M::mem_pestat] (25, 50, 75) percentile: (29, 173, 516)
[M::mem_pestat] low and high boundaries for computing mean and std.dev: (1, 1490)
[M::mem_pestat] mean and std.dev: (219.52, 289.69)
[M::mem_pestat] low and high boundaries for proper pairs: (1, 1977)
[M::mem_pestat] analyzing insert size distribution for orientation RR...
[M::mem_pestat] (25, 50, 75) percentile: (52, 272, 2743)
[M::mem_pestat] low and high boundaries for computing mean and std.dev: (1, 8125)
[M::mem_pestat] mean and std.dev: (1334.97, 1916.34)
[M::mem_pestat] low and high boundaries for proper pairs: (1, 10816)
[M::mem_pestat] skip orientation FF
[M::mem_pestat] skip orientation RF
[M::mem_pestat] skip orientation RR
[M::mem_process_seqs] Processed 1819530 reads in 471.115 CPU sec, 31.696 real sec
[M::process] read 1813414 sequences (160000083 bp)...
[M::mem_pestat] # candidate unique pairs for (FF, FR, RF, RR): (257, 539734, 301, 109)
[M::mem_pestat] analyzing insert size distribution for orientation FF...
[M::mem_pestat] (25, 50, 75) percentile: (120, 225, 496)
[M::mem_pestat] low and high boundaries for computing mean and std.dev: (1, 1248)
[M::mem_pestat] mean and std.dev: (250.60, 222.04)
[M::mem_pestat] low and high boundaries for proper pairs: (1, 1624)
[M::mem_pestat] analyzing insert size distribution for orientation FR...
[M::mem_pestat] (25, 50, 75) percentile: (80, 120, 199)
[M::mem_pestat] low and high boundaries for computing mean and std.dev: (1, 437)
[M::mem_pestat] mean and std.dev: (145.93, 87.38)
[M::mem_pestat] low and high boundaries for proper pairs: (1, 556)
[M::mem_pestat] analyzing insert size distribution for orientation RF...
[M::mem_pestat] (25, 50, 75) percentile: (30, 156, 428)
[M::mem_pestat] low and high boundaries for computing mean and std.dev: (1, 1224)
[M::mem_pestat] mean and std.dev: (193.06, 250.11)
[M::mem_pestat] low and high boundaries for proper pairs: (1, 1622)
[M::mem_pestat] analyzing insert size distribution for orientation RR...
[M::mem_pestat] (25, 50, 75) percentile: (42, 228, 1848)
[M::mem_pestat] low and high boundaries for computing mean and std.dev: (1, 5460)
[M::mem_pestat] mean and std.dev: (811.33, 1192.70)
[M::mem_pestat] low and high boundaries for proper pairs: (1, 7266)
[M::mem_pestat] skip orientation FF
[M::mem_pestat] skip orientation RF
[M::mem_pestat] skip orientation RR
[M::mem_process_seqs] Processed 1817756 reads in 467.160 CPU sec, 31.379 real sec
[M::process] read 1814300 sequences (160000132 bp)...
[M::mem_pestat] # candidate unique pairs for (FF, FR, RF, RR): (218, 542501, 341, 110)
[M::mem_pestat] analyzing insert size distribution for orientation FF...
[M::mem_pestat] (25, 50, 75) percentile: (81, 195, 405)
[M::mem_pestat] low and high boundaries for computing mean and std.dev: (1, 1053)
[M::mem_pestat] mean and std.dev: (192.19, 155.48)
[M::mem_pestat] low and high boundaries for proper pairs: (1, 1377)
[M::mem_pestat] analyzing insert size distribution for orientation FR...
[M::mem_pestat] (25, 50, 75) percentile: (80, 122, 201)
[M::mem_pestat] low and high boundaries for computing mean and std.dev: (1, 443)
[M::mem_pestat] mean and std.dev: (147.86, 88.95)
[M::mem_pestat] low and high boundaries for proper pairs: (1, 564)
[M::mem_pestat] analyzing insert size distribution for orientation RF...
[M::mem_pestat] (25, 50, 75) percentile: (26, 139, 462)
[M::mem_pestat] low and high boundaries for computing mean and std.dev: (1, 1334)
[M::mem_pestat] mean and std.dev: (180.07, 256.07)
[M::mem_pestat] low and high boundaries for proper pairs: (1, 1770)
[M::mem_pestat] analyzing insert size distribution for orientation RR...
[M::mem_pestat] (25, 50, 75) percentile: (44, 106, 2222)
[M::mem_pestat] low and high boundaries for computing mean and std.dev: (1, 6578)
[M::mem_pestat] mean and std.dev: (994.94, 1812.92)
[M::mem_pestat] low and high boundaries for proper pairs: (1, 8756)
[M::mem_pestat] skip orientation FF
[M::mem_pestat] skip orientation RF
[M::mem_pestat] skip orientation RR
[M::mem_process_seqs] Processed 1813414 reads in 466.852 CPU sec, 31.482 real sec
[M::process] read 1810626 sequences (160000061 bp)...
[M::mem_pestat] # candidate unique pairs for (FF, FR, RF, RR): (174, 544684, 292, 58)
[M::mem_pestat] analyzing insert size distribution for orientation FF...
[M::mem_pestat] (25, 50, 75) percentile: (114, 223, 394)
[M::mem_pestat] low and high boundaries for computing mean and std.dev: (1, 954)
[M::mem_pestat] mean and std.dev: (221.18, 152.70)
[M::mem_pestat] low and high boundaries for proper pairs: (1, 1234)
[M::mem_pestat] analyzing insert size distribution for orientation FR...
[M::mem_pestat] (25, 50, 75) percentile: (79, 120, 201)
[M::mem_pestat] low and high boundaries for computing mean and std.dev: (1, 445)
[M::mem_pestat] mean and std.dev: (147.12, 89.42)
[M::mem_pestat] low and high boundaries for proper pairs: (1, 567)
[M::mem_pestat] analyzing insert size distribution for orientation RF...
[M::mem_pestat] (25, 50, 75) percentile: (22, 101, 233)
[M::mem_pestat] low and high boundaries for computing mean and std.dev: (1, 655)
[M::mem_pestat] mean and std.dev: (116.57, 130.69)
[M::mem_pestat] low and high boundaries for proper pairs: (1, 866)
[M::mem_pestat] analyzing insert size distribution for orientation RR...
[M::mem_pestat] (25, 50, 75) percentile: (54, 142, 947)
[M::mem_pestat] low and high boundaries for computing mean and std.dev: (1, 2733)
[M::mem_pestat] mean and std.dev: (256.09, 431.16)
[M::mem_pestat] low and high boundaries for proper pairs: (1, 3626)
[M::mem_pestat] skip orientation FF
[M::mem_pestat] skip orientation RF
[M::mem_pestat] skip orientation RR
[M::mem_process_seqs] Processed 1814300 reads in 456.719 CPU sec, 31.042 real sec
[M::process] read 1811804 sequences (160000009 bp)...
[M::mem_pestat] # candidate unique pairs for (FF, FR, RF, RR): (105, 543919, 255, 49)
[M::mem_pestat] analyzing insert size distribution for orientation FF...
[M::mem_pestat] (25, 50, 75) percentile: (97, 215, 372)
[M::mem_pestat] low and high boundaries for computing mean and std.dev: (1, 922)
[M::mem_pestat] mean and std.dev: (212.02, 154.12)
[M::mem_pestat] low and high boundaries for proper pairs: (1, 1197)
[M::mem_pestat] analyzing insert size distribution for orientation FR...
[M::mem_pestat] (25, 50, 75) percentile: (79, 120, 200)
[M::mem_pestat] low and high boundaries for computing mean and std.dev: (1, 442)
[M::mem_pestat] mean and std.dev: (146.47, 88.81)
[M::mem_pestat] low and high boundaries for proper pairs: (1, 563)
[M::mem_pestat] analyzing insert size distribution for orientation RF...
[M::mem_pestat] (25, 50, 75) percentile: (27, 76, 208)
[M::mem_pestat] low and high boundaries for computing mean and std.dev: (1, 570)
[M::mem_pestat] mean and std.dev: (113.70, 121.81)
[M::mem_pestat] low and high boundaries for proper pairs: (1, 751)
[M::mem_pestat] analyzing insert size distribution for orientation RR...
[M::mem_pestat] (25, 50, 75) percentile: (39, 92, 1045)
[M::mem_pestat] low and high boundaries for computing mean and std.dev: (1, 3057)
[M::mem_pestat] mean and std.dev: (216.12, 397.76)
[M::mem_pestat] low and high boundaries for proper pairs: (1, 4063)
[M::mem_pestat] skip orientation FF
[M::mem_pestat] skip orientation RF
[M::mem_pestat] skip orientation RR
[M::mem_process_seqs] Processed 1810626 reads in 464.393 CPU sec, 31.380 real sec
[M::process] read 1815506 sequences (160000068 bp)...
[M::mem_pestat] # candidate unique pairs for (FF, FR, RF, RR): (116, 544803, 249, 37)
[M::mem_pestat] analyzing insert size distribution for orientation FF...
[M::mem_pestat] (25, 50, 75) percentile: (86, 190, 351)
[M::mem_pestat] low and high boundaries for computing mean and std.dev: (1, 881)
[M::mem_pestat] mean and std.dev: (200.17, 143.27)
[M::mem_pestat] low and high boundaries for proper pairs: (1, 1146)
[M::mem_pestat] analyzing insert size distribution for orientation FR...
[M::mem_pestat] (25, 50, 75) percentile: (79, 120, 199)
[M::mem_pestat] low and high boundaries for computing mean and std.dev: (1, 439)
[M::mem_pestat] mean and std.dev: (145.76, 87.84)
[M::mem_pestat] low and high boundaries for proper pairs: (1, 559)
[M::mem_pestat] analyzing insert size distribution for orientation RF...
[M::mem_pestat] (25, 50, 75) percentile: (21, 64, 207)
[M::mem_pestat] low and high boundaries for computing mean and std.dev: (1, 579)
[M::mem_pestat] mean and std.dev: (104.23, 118.16)
[M::mem_pestat] low and high boundaries for proper pairs: (1, 765)
[M::mem_pestat] analyzing insert size distribution for orientation RR...
[M::mem_pestat] (25, 50, 75) percentile: (42, 67, 198)
[M::mem_pestat] low and high boundaries for computing mean and std.dev: (1, 510)
[M::mem_pestat] mean and std.dev: (82.43, 81.22)
[M::mem_pestat] low and high boundaries for proper pairs: (1, 666)
[M::mem_pestat] skip orientation FF
[M::mem_pestat] skip orientation RF
[M::mem_pestat] skip orientation RR
[M::mem_process_seqs] Processed 1811804 reads in 464.863 CPU sec, 32.352 real sec
[M::process] read 1809250 sequences (160000056 bp)...
[M::mem_pestat] # candidate unique pairs for (FF, FR, RF, RR): (80, 548021, 280, 49)
[M::mem_pestat] analyzing insert size distribution for orientation FF...
[M::mem_pestat] (25, 50, 75) percentile: (75, 210, 373)
[M::mem_pestat] low and high boundaries for computing mean and std.dev: (1, 969)
[M::mem_pestat] mean and std.dev: (212.41, 168.19)
[M::mem_pestat] low and high boundaries for proper pairs: (1, 1267)
[M::mem_pestat] analyzing insert size distribution for orientation FR...
[M::mem_pestat] (25, 50, 75) percentile: (79, 120, 199)
[M::mem_pestat] low and high boundaries for computing mean and std.dev: (1, 439)
[M::mem_pestat] mean and std.dev: (145.94, 87.99)
[M::mem_pestat] low and high boundaries for proper pairs: (1, 559)
[M::mem_pestat] analyzing insert size distribution for orientation RF...
[M::mem_pestat] (25, 50, 75) percentile: (25, 90, 210)
[M::mem_pestat] low and high boundaries for computing mean and std.dev: (1, 580)
[M::mem_pestat] mean and std.dev: (123.21, 130.99)
[M::mem_pestat] low and high boundaries for proper pairs: (1, 765)
[M::mem_pestat] analyzing insert size distribution for orientation RR...
[M::mem_pestat] (25, 50, 75) percentile: (52, 145, 585)
[M::mem_pestat] low and high boundaries for computing mean and std.dev: (1, 1651)
[M::mem_pestat] mean and std.dev: (158.25, 183.94)
[M::mem_pestat] low and high boundaries for proper pairs: (1, 2184)
[M::mem_pestat] skip orientation FF
[M::mem_pestat] skip orientation RF
[M::mem_pestat] skip orientation RR
[M::mem_process_seqs] Processed 1815506 reads in 461.840 CPU sec, 31.978 real sec
[M::process] read 1809682 sequences (160000125 bp)...
[M::mem_pestat] # candidate unique pairs for (FF, FR, RF, RR): (67, 547090, 291, 30)
[M::mem_pestat] analyzing insert size distribution for orientation FF...
[M::mem_pestat] (25, 50, 75) percentile: (107, 211, 371)
[M::mem_pestat] low and high boundaries for computing mean and std.dev: (1, 899)
[M::mem_pestat] mean and std.dev: (211.47, 152.20)
[M::mem_pestat] low and high boundaries for proper pairs: (1, 1163)
[M::mem_pestat] analyzing insert size distribution for orientation FR...
[M::mem_pestat] (25, 50, 75) percentile: (79, 121, 200)
[M::mem_pestat] low and high boundaries for computing mean and std.dev: (1, 442)
[M::mem_pestat] mean and std.dev: (146.94, 88.70)
[M::mem_pestat] low and high boundaries for proper pairs: (1, 563)
[M::mem_pestat] analyzing insert size distribution for orientation RF...
[M::mem_pestat] (25, 50, 75) percentile: (25, 108, 244)
[M::mem_pestat] low and high boundaries for computing mean and std.dev: (1, 682)
[M::mem_pestat] mean and std.dev: (142.00, 155.28)
[M::mem_pestat] low and high boundaries for proper pairs: (1, 901)
[M::mem_pestat] analyzing insert size distribution for orientation RR...
[M::mem_pestat] (25, 50, 75) percentile: (35, 110, 780)
[M::mem_pestat] low and high boundaries for computing mean and std.dev: (1, 2270)
[M::mem_pestat] mean and std.dev: (282.00, 418.86)
[M::mem_pestat] low and high boundaries for proper pairs: (1, 3015)
[M::mem_pestat] skip orientation FF
[M::mem_pestat] skip orientation RF
[M::mem_pestat] skip orientation RR
[M::mem_process_seqs] Processed 1809250 reads in 458.982 CPU sec, 31.800 real sec
[M::process] read 1806132 sequences (160000194 bp)...
[M::mem_pestat] # candidate unique pairs for (FF, FR, RF, RR): (67, 546217, 281, 31)
[M::mem_pestat] analyzing insert size distribution for orientation FF...
[M::mem_pestat] (25, 50, 75) percentile: (115, 220, 362)
[M::mem_pestat] low and high boundaries for computing mean and std.dev: (1, 856)
[M::mem_pestat] mean and std.dev: (225.40, 167.88)
[M::mem_pestat] low and high boundaries for proper pairs: (1, 1103)
[M::mem_pestat] analyzing insert size distribution for orientation FR...
[M::mem_pestat] (25, 50, 75) percentile: (79, 122, 202)
[M::mem_pestat] low and high boundaries for computing mean and std.dev: (1, 448)
[M::mem_pestat] mean and std.dev: (148.13, 89.94)
[M::mem_pestat] low and high boundaries for proper pairs: (1, 571)
[M::mem_pestat] analyzing insert size distribution for orientation RF...
[M::mem_pestat] (25, 50, 75) percentile: (23, 73, 206)
[M::mem_pestat] low and high boundaries for computing mean and std.dev: (1, 572)
[M::mem_pestat] mean and std.dev: (113.66, 123.56)
[M::mem_pestat] low and high boundaries for proper pairs: (1, 755)
[M::mem_pestat] analyzing insert size distribution for orientation RR...
[M::mem_pestat] (25, 50, 75) percentile: (45, 86, 428)
[M::mem_pestat] low and high boundaries for computing mean and std.dev: (1, 1194)
[M::mem_pestat] mean and std.dev: (199.86, 272.89)
[M::mem_pestat] low and high boundaries for proper pairs: (1, 1577)
[M::mem_pestat] skip orientation FF
[M::mem_pestat] skip orientation RF
[M::mem_pestat] skip orientation RR
[M::mem_process_seqs] Processed 1809682 reads in 479.016 CPU sec, 32.111 real sec
[M::process] read 1807002 sequences (160000041 bp)...
[M::mem_pestat] # candidate unique pairs for (FF, FR, RF, RR): (72, 546411, 300, 25)
[M::mem_pestat] analyzing insert size distribution for orientation FF...
[M::mem_pestat] (25, 50, 75) percentile: (91, 180, 398)
[M::mem_pestat] low and high boundaries for computing mean and std.dev: (1, 1012)
[M::mem_pestat] mean and std.dev: (210.74, 159.73)
[M::mem_pestat] low and high boundaries for proper pairs: (1, 1319)
[M::mem_pestat] analyzing insert size distribution for orientation FR...
[M::mem_pestat] (25, 50, 75) percentile: (79, 121, 202)
[M::mem_pestat] low and high boundaries for computing mean and std.dev: (1, 448)
[M::mem_pestat] mean and std.dev: (148.64, 91.00)
[M::mem_pestat] low and high boundaries for proper pairs: (1, 571)
[M::mem_pestat] analyzing insert size distribution for orientation RF...
[M::mem_pestat] (25, 50, 75) percentile: (23, 65, 203)
[M::mem_pestat] low and high boundaries for computing mean and std.dev: (1, 563)
[M::mem_pestat] mean and std.dev: (110.33, 121.67)
[M::mem_pestat] low and high boundaries for proper pairs: (1, 743)
[M::mem_pestat] analyzing insert size distribution for orientation RR...
[M::mem_pestat] (25, 50, 75) percentile: (33, 81, 258)
[M::mem_pestat] low and high boundaries for computing mean and std.dev: (1, 708)
[M::mem_pestat] mean and std.dev: (104.95, 146.59)
[M::mem_pestat] low and high boundaries for proper pairs: (1, 933)
[M::mem_pestat] skip orientation FF
[M::mem_pestat] skip orientation RF
[M::mem_pestat] skip orientation RR
[M::mem_process_seqs] Processed 1806132 reads in 449.064 CPU sec, 29.943 real sec
[M::process] read 1813164 sequences (160000163 bp)...
[M::mem_pestat] # candidate unique pairs for (FF, FR, RF, RR): (139, 543775, 277, 47)
[M::mem_pestat] analyzing insert size distribution for orientation FF...
[M::mem_pestat] (25, 50, 75) percentile: (81, 195, 370)
[M::mem_pestat] low and high boundaries for computing mean and std.dev: (1, 948)
[M::mem_pestat] mean and std.dev: (202.84, 162.58)
[M::mem_pestat] low and high boundaries for proper pairs: (1, 1237)
[M::mem_pestat] analyzing insert size distribution for orientation FR...
[M::mem_pestat] (25, 50, 75) percentile: (80, 123, 204)
[M::mem_pestat] low and high boundaries for computing mean and std.dev: (1, 452)
[M::mem_pestat] mean and std.dev: (149.40, 91.43)
[M::mem_pestat] low and high boundaries for proper pairs: (1, 576)
[M::mem_pestat] analyzing insert size distribution for orientation RF...
[M::mem_pestat] (25, 50, 75) percentile: (26, 118, 226)
[M::mem_pestat] low and high boundaries for computing mean and std.dev: (1, 626)
[M::mem_pestat] mean and std.dev: (118.44, 121.68)
[M::mem_pestat] low and high boundaries for proper pairs: (1, 826)
[M::mem_pestat] analyzing insert size distribution for orientation RR...
[M::mem_pestat] (25, 50, 75) percentile: (69, 210, 2681)
[M::mem_pestat] low and high boundaries for computing mean and std.dev: (1, 7905)
[M::mem_pestat] mean and std.dev: (1334.07, 1910.80)
[M::mem_pestat] low and high boundaries for proper pairs: (1, 10517)
[M::mem_pestat] skip orientation FF
[M::mem_pestat] skip orientation RF
[M::mem_pestat] skip orientation RR
[M::mem_process_seqs] Processed 1807002 reads in 452.013 CPU sec, 30.291 real sec
[M::process] read 1815292 sequences (160000062 bp)...
[M::mem_pestat] # candidate unique pairs for (FF, FR, RF, RR): (252, 539558, 324, 79)
[M::mem_pestat] analyzing insert size distribution for orientation FF...
[M::mem_pestat] (25, 50, 75) percentile: (100, 216, 512)
[M::mem_pestat] low and high boundaries for computing mean and std.dev: (1, 1336)
[M::mem_pestat] mean and std.dev: (249.79, 236.24)
[M::mem_pestat] low and high boundaries for proper pairs: (1, 1748)
[M::mem_pestat] analyzing insert size distribution for orientation FR...
[M::mem_pestat] (25, 50, 75) percentile: (80, 121, 201)
[M::mem_pestat] low and high boundaries for computing mean and std.dev: (1, 443)
[M::mem_pestat] mean and std.dev: (147.23, 89.09)
[M::mem_pestat] low and high boundaries for proper pairs: (1, 564)
[M::mem_pestat] analyzing insert size distribution for orientation RF...
[M::mem_pestat] (25, 50, 75) percentile: (28, 160, 364)
[M::mem_pestat] low and high boundaries for computing mean and std.dev: (1, 1036)
[M::mem_pestat] mean and std.dev: (168.06, 194.96)
[M::mem_pestat] low and high boundaries for proper pairs: (1, 1372)
[M::mem_pestat] analyzing insert size distribution for orientation RR...
[M::mem_pestat] (25, 50, 75) percentile: (37, 135, 1133)
[M::mem_pestat] low and high boundaries for computing mean and std.dev: (1, 3325)
[M::mem_pestat] mean and std.dev: (366.88, 658.29)
[M::mem_pestat] low and high boundaries for proper pairs: (1, 4421)
[M::mem_pestat] skip orientation FF
[M::mem_pestat] skip orientation RF
[M::mem_pestat] skip orientation RR
[M::mem_process_seqs] Processed 1813164 reads in 461.584 CPU sec, 30.930 real sec
[M::process] read 1817254 sequences (160000075 bp)...
[M::mem_pestat] # candidate unique pairs for (FF, FR, RF, RR): (250, 538891, 286, 87)
[M::mem_pestat] analyzing insert size distribution for orientation FF...
[M::mem_pestat] (25, 50, 75) percentile: (122, 273, 676)
[M::mem_pestat] low and high boundaries for computing mean and std.dev: (1, 1784)
[M::mem_pestat] mean and std.dev: (281.18, 284.49)
[M::mem_pestat] low and high boundaries for proper pairs: (1, 2338)
[M::mem_pestat] analyzing insert size distribution for orientation FR...
[M::mem_pestat] (25, 50, 75) percentile: (79, 119, 199)
[M::mem_pestat] low and high boundaries for computing mean and std.dev: (1, 439)
[M::mem_pestat] mean and std.dev: (145.64, 87.73)
[M::mem_pestat] low and high boundaries for proper pairs: (1, 559)
[M::mem_pestat] analyzing insert size distribution for orientation RF...
[M::mem_pestat] (25, 50, 75) percentile: (29, 157, 365)
[M::mem_pestat] low and high boundaries for computing mean and std.dev: (1, 1037)
[M::mem_pestat] mean and std.dev: (176.99, 206.28)
[M::mem_pestat] low and high boundaries for proper pairs: (1, 1373)
[M::mem_pestat] analyzing insert size distribution for orientation RR...
[M::mem_pestat] (25, 50, 75) percentile: (51, 140, 2259)
[M::mem_pestat] low and high boundaries for computing mean and std.dev: (1, 6675)
[M::mem_pestat] mean and std.dev: (989.17, 1559.14)
[M::mem_pestat] low and high boundaries for proper pairs: (1, 8883)
[M::mem_pestat] skip orientation FF
[M::mem_pestat] skip orientation RF
[M::mem_pestat] skip orientation RR
[M::mem_process_seqs] Processed 1815292 reads in 457.105 CPU sec, 30.610 real sec
[M::process] read 1818140 sequences (160000156 bp)...
[M::mem_pestat] # candidate unique pairs for (FF, FR, RF, RR): (279, 539529, 301, 124)
[M::mem_pestat] analyzing insert size distribution for orientation FF...
[M::mem_pestat] (25, 50, 75) percentile: (103, 211, 423)
[M::mem_pestat] low and high boundaries for computing mean and std.dev: (1, 1063)
[M::mem_pestat] mean and std.dev: (212.35, 162.48)
[M::mem_pestat] low and high boundaries for proper pairs: (1, 1383)
[M::mem_pestat] analyzing insert size distribution for orientation FR...
[M::mem_pestat] (25, 50, 75) percentile: (79, 119, 198)
[M::mem_pestat] low and high boundaries for computing mean and std.dev: (1, 436)
[M::mem_pestat] mean and std.dev: (145.17, 87.09)
[M::mem_pestat] low and high boundaries for proper pairs: (1, 555)
[M::mem_pestat] analyzing insert size distribution for orientation RF...
[M::mem_pestat] (25, 50, 75) percentile: (26, 153, 444)
[M::mem_pestat] low and high boundaries for computing mean and std.dev: (1, 1280)
[M::mem_pestat] mean and std.dev: (174.41, 244.51)
[M::mem_pestat] low and high boundaries for proper pairs: (1, 1698)
[M::mem_pestat] analyzing insert size distribution for orientation RR...
[M::mem_pestat] (25, 50, 75) percentile: (38, 242, 2489)
[M::mem_pestat] low and high boundaries for computing mean and std.dev: (1, 7391)
[M::mem_pestat] mean and std.dev: (1161.06, 1689.19)
[M::mem_pestat] low and high boundaries for proper pairs: (1, 9842)
[M::mem_pestat] skip orientation FF
[M::mem_pestat] skip orientation RF
[M::mem_pestat] skip orientation RR
[M::mem_process_seqs] Processed 1817254 reads in 469.261 CPU sec, 31.059 real sec
[M::process] read 1821318 sequences (160000046 bp)...
[M::mem_pestat] # candidate unique pairs for (FF, FR, RF, RR): (274, 542307, 321, 99)
[M::mem_pestat] analyzing insert size distribution for orientation FF...
[M::mem_pestat] (25, 50, 75) percentile: (97, 194, 429)
[M::mem_pestat] low and high boundaries for computing mean and std.dev: (1, 1093)
[M::mem_pestat] mean and std.dev: (222.20, 190.19)
[M::mem_pestat] low and high boundaries for proper pairs: (1, 1425)
[M::mem_pestat] analyzing insert size distribution for orientation FR...
[M::mem_pestat] (25, 50, 75) percentile: (79, 119, 198)
[M::mem_pestat] low and high boundaries for computing mean and std.dev: (1, 436)
[M::mem_pestat] mean and std.dev: (145.06, 87.01)
[M::mem_pestat] low and high boundaries for proper pairs: (1, 555)
[M::mem_pestat] analyzing insert size distribution for orientation RF...
[M::mem_pestat] (25, 50, 75) percentile: (32, 160, 491)
[M::mem_pestat] low and high boundaries for computing mean and std.dev: (1, 1409)
[M::mem_pestat] mean and std.dev: (190.76, 255.63)
[M::mem_pestat] low and high boundaries for proper pairs: (1, 1868)
[M::mem_pestat] analyzing insert size distribution for orientation RR...
[M::mem_pestat] (25, 50, 75) percentile: (49, 238, 3122)
[M::mem_pestat] low and high boundaries for computing mean and std.dev: (1, 9268)
[M::mem_pestat] mean and std.dev: (1738.34, 2479.59)
[M::mem_pestat] low and high boundaries for proper pairs: (1, 12341)
[M::mem_pestat] skip orientation FF
[M::mem_pestat] skip orientation RF
[M::mem_pestat] skip orientation RR
[M::mem_process_seqs] Processed 1818140 reads in 460.095 CPU sec, 31.033 real sec
[M::process] read 1833724 sequences (160000099 bp)...
[M::mem_pestat] # candidate unique pairs for (FF, FR, RF, RR): (299, 545409, 340, 114)
[M::mem_pestat] analyzing insert size distribution for orientation FF...
[M::mem_pestat] (25, 50, 75) percentile: (93, 219, 418)
[M::mem_pestat] low and high boundaries for computing mean and std.dev: (1, 1068)
[M::mem_pestat] mean and std.dev: (219.99, 183.32)
[M::mem_pestat] low and high boundaries for proper pairs: (1, 1393)
[M::mem_pestat] analyzing insert size distribution for orientation FR...
[M::mem_pestat] (25, 50, 75) percentile: (79, 119, 198)
[M::mem_pestat] low and high boundaries for computing mean and std.dev: (1, 436)
[M::mem_pestat] mean and std.dev: (144.74, 86.92)
[M::mem_pestat] low and high boundaries for proper pairs: (1, 555)
[M::mem_pestat] analyzing insert size distribution for orientation RF...
[M::mem_pestat] (25, 50, 75) percentile: (35, 168, 502)
[M::mem_pestat] low and high boundaries for computing mean and std.dev: (1, 1436)
[M::mem_pestat] mean and std.dev: (217.18, 270.59)
[M::mem_pestat] low and high boundaries for proper pairs: (1, 1903)
[M::mem_pestat] analyzing insert size distribution for orientation RR...
[M::mem_pestat] (25, 50, 75) percentile: (48, 144, 2403)
[M::mem_pestat] low and high boundaries for computing mean and std.dev: (1, 7113)
[M::mem_pestat] mean and std.dev: (1201.80, 1854.96)
[M::mem_pestat] low and high boundaries for proper pairs: (1, 9468)
[M::mem_pestat] skip orientation FF
[M::mem_pestat] skip orientation RF
[M::mem_pestat] skip orientation RR
[M::mem_process_seqs] Processed 1821318 reads in 473.567 CPU sec, 31.531 real sec
[M::process] read 1857984 sequences (160000135 bp)...
[M::mem_pestat] # candidate unique pairs for (FF, FR, RF, RR): (275, 543017, 302, 90)
[M::mem_pestat] analyzing insert size distribution for orientation FF...
[M::mem_pestat] (25, 50, 75) percentile: (102, 236, 573)
[M::mem_pestat] low and high boundaries for computing mean and std.dev: (1, 1515)
[M::mem_pestat] mean and std.dev: (251.54, 252.82)
[M::mem_pestat] low and high boundaries for proper pairs: (1, 1986)
[M::mem_pestat] analyzing insert size distribution for orientation FR...
[M::mem_pestat] (25, 50, 75) percentile: (78, 117, 194)
[M::mem_pestat] low and high boundaries for computing mean and std.dev: (1, 426)
[M::mem_pestat] mean and std.dev: (141.70, 83.73)
[M::mem_pestat] low and high boundaries for proper pairs: (1, 542)
[M::mem_pestat] analyzing insert size distribution for orientation RF...
[M::mem_pestat] (25, 50, 75) percentile: (35, 160, 512)
[M::mem_pestat] low and high boundaries for computing mean and std.dev: (1, 1466)
[M::mem_pestat] mean and std.dev: (223.11, 300.56)
[M::mem_pestat] low and high boundaries for proper pairs: (1, 1943)
[M::mem_pestat] analyzing insert size distribution for orientation RR...
[M::mem_pestat] (25, 50, 75) percentile: (58, 140, 2565)
[M::mem_pestat] low and high boundaries for computing mean and std.dev: (1, 7579)
[M::mem_pestat] mean and std.dev: (1008.23, 1722.78)
[M::mem_pestat] low and high boundaries for proper pairs: (1, 10086)
[M::mem_pestat] skip orientation FF
[M::mem_pestat] skip orientation RF
[M::mem_pestat] skip orientation RR
[M::mem_process_seqs] Processed 1833724 reads in 481.176 CPU sec, 32.523 real sec
[M::process] read 1866304 sequences (160000174 bp)...
[M::mem_pestat] # candidate unique pairs for (FF, FR, RF, RR): (337, 539952, 311, 146)
[M::mem_pestat] analyzing insert size distribution for orientation FF...
[M::mem_pestat] (25, 50, 75) percentile: (95, 227, 1016)
[M::mem_pestat] low and high boundaries for computing mean and std.dev: (1, 2858)
[M::mem_pestat] mean and std.dev: (452.52, 679.43)
[M::mem_pestat] low and high boundaries for proper pairs: (1, 3779)
[M::mem_pestat] analyzing insert size distribution for orientation FR...
[M::mem_pestat] (25, 50, 75) percentile: (77, 111, 181)
[M::mem_pestat] low and high boundaries for computing mean and std.dev: (1, 389)
[M::mem_pestat] mean and std.dev: (132.74, 73.73)
[M::mem_pestat] low and high boundaries for proper pairs: (1, 493)
[M::mem_pestat] analyzing insert size distribution for orientation RF...
[M::mem_pestat] (25, 50, 75) percentile: (34, 171, 963)
[M::mem_pestat] low and high boundaries for computing mean and std.dev: (1, 2821)
[M::mem_pestat] mean and std.dev: (341.16, 542.37)
[M::mem_pestat] low and high boundaries for proper pairs: (1, 3750)
[M::mem_pestat] analyzing insert size distribution for orientation RR...
[M::mem_pestat] (25, 50, 75) percentile: (58, 221, 3277)
[M::mem_pestat] low and high boundaries for computing mean and std.dev: (1, 9715)
[M::mem_pestat] mean and std.dev: (2041.53, 2917.61)
[M::mem_pestat] low and high boundaries for proper pairs: (1, 13712)
[M::mem_pestat] skip orientation FF
[M::mem_pestat] skip orientation RF
[M::mem_pestat] skip orientation RR
[M::mem_process_seqs] Processed 1857984 reads in 494.435 CPU sec, 32.900 real sec
[M::process] read 1866568 sequences (160000112 bp)...
[M::mem_pestat] # candidate unique pairs for (FF, FR, RF, RR): (389, 538142, 320, 201)
[M::mem_pestat] analyzing insert size distribution for orientation FF...
[M::mem_pestat] (25, 50, 75) percentile: (98, 235, 917)
[M::mem_pestat] low and high boundaries for computing mean and std.dev: (1, 2555)
[M::mem_pestat] mean and std.dev: (363.61, 528.29)
[M::mem_pestat] low and high boundaries for proper pairs: (1, 3374)
[M::mem_pestat] analyzing insert size distribution for orientation FR...
[M::mem_pestat] (25, 50, 75) percentile: (76, 111, 182)
[M::mem_pestat] low and high boundaries for computing mean and std.dev: (1, 394)
[M::mem_pestat] mean and std.dev: (133.20, 74.48)
[M::mem_pestat] low and high boundaries for proper pairs: (1, 500)
[M::mem_pestat] analyzing insert size distribution for orientation RF...
[M::mem_pestat] (25, 50, 75) percentile: (39, 194, 2140)
[M::mem_pestat] low and high boundaries for computing mean and std.dev: (1, 6342)
[M::mem_pestat] mean and std.dev: (943.92, 1506.72)
[M::mem_pestat] low and high boundaries for proper pairs: (1, 8443)
[M::mem_pestat] analyzing insert size distribution for orientation RR...
[M::mem_pestat] (25, 50, 75) percentile: (59, 723, 3392)
[M::mem_pestat] low and high boundaries for computing mean and std.dev: (1, 10058)
[M::mem_pestat] mean and std.dev: (2085.54, 2666.92)
[M::mem_pestat] low and high boundaries for proper pairs: (1, 13391)
[M::mem_pestat] skip orientation FF
[M::mem_pestat] skip orientation RF
[M::mem_pestat] skip orientation RR
[M::mem_process_seqs] Processed 1866304 reads in 505.784 CPU sec, 33.722 real sec
[M::process] read 1861570 sequences (160000123 bp)...
[M::mem_pestat] # candidate unique pairs for (FF, FR, RF, RR): (386, 541232, 314, 193)
[M::mem_pestat] analyzing insert size distribution for orientation FF...
[M::mem_pestat] (25, 50, 75) percentile: (106, 261, 804)
[M::mem_pestat] low and high boundaries for computing mean and std.dev: (1, 2200)
[M::mem_pestat] mean and std.dev: (313.82, 384.12)
[M::mem_pestat] low and high boundaries for proper pairs: (1, 2898)
[M::mem_pestat] analyzing insert size distribution for orientation FR...
[M::mem_pestat] (25, 50, 75) percentile: (76, 112, 183)
[M::mem_pestat] low and high boundaries for computing mean and std.dev: (1, 397)
[M::mem_pestat] mean and std.dev: (133.74, 75.06)
[M::mem_pestat] low and high boundaries for proper pairs: (1, 504)
[M::mem_pestat] analyzing insert size distribution for orientation RF...
[M::mem_pestat] (25, 50, 75) percentile: (45, 193, 1489)
[M::mem_pestat] low and high boundaries for computing mean and std.dev: (1, 4377)
[M::mem_pestat] mean and std.dev: (662.21, 1030.33)
[M::mem_pestat] low and high boundaries for proper pairs: (1, 5821)
[M::mem_pestat] analyzing insert size distribution for orientation RR...
[M::mem_pestat] (25, 50, 75) percentile: (49, 1053, 4161)
[M::mem_pestat] low and high boundaries for computing mean and std.dev: (1, 12385)
[M::mem_pestat] mean and std.dev: (2496.41, 3044.45)
[M::mem_pestat] low and high boundaries for proper pairs: (1, 16497)
[M::mem_pestat] skip orientation FF
[M::mem_pestat] skip orientation RF
[M::mem_pestat] skip orientation RR
[M::mem_process_seqs] Processed 1866568 reads in 505.262 CPU sec, 33.703 real sec
[M::process] read 1855412 sequences (160000145 bp)...
[M::mem_pestat] # candidate unique pairs for (FF, FR, RF, RR): (340, 543164, 305, 152)
[M::mem_pestat] analyzing insert size distribution for orientation FF...
[M::mem_pestat] (25, 50, 75) percentile: (105, 259, 1071)
[M::mem_pestat] low and high boundaries for computing mean and std.dev: (1, 3003)
[M::mem_pestat] mean and std.dev: (389.70, 583.89)
[M::mem_pestat] low and high boundaries for proper pairs: (1, 3969)
[M::mem_pestat] analyzing insert size distribution for orientation FR...
[M::mem_pestat] (25, 50, 75) percentile: (76, 112, 183)
[M::mem_pestat] low and high boundaries for computing mean and std.dev: (1, 397)
[M::mem_pestat] mean and std.dev: (133.81, 74.99)
[M::mem_pestat] low and high boundaries for proper pairs: (1, 504)
[M::mem_pestat] analyzing insert size distribution for orientation RF...
[M::mem_pestat] (25, 50, 75) percentile: (34, 163, 1191)
[M::mem_pestat] low and high boundaries for computing mean and std.dev: (1, 3505)
[M::mem_pestat] mean and std.dev: (387.08, 683.28)
[M::mem_pestat] low and high boundaries for proper pairs: (1, 4662)
[M::mem_pestat] analyzing insert size distribution for orientation RR...
[M::mem_pestat] (25, 50, 75) percentile: (51, 672, 3208)
[M::mem_pestat] low and high boundaries for computing mean and std.dev: (1, 9522)
[M::mem_pestat] mean and std.dev: (1989.68, 2663.99)
[M::mem_pestat] low and high boundaries for proper pairs: (1, 12679)
[M::mem_pestat] skip orientation FF
[M::mem_pestat] skip orientation RF
[M::mem_pestat] skip orientation RR
[M::mem_process_seqs] Processed 1861570 reads in 505.594 CPU sec, 33.758 real sec
[M::process] read 1830320 sequences (160000164 bp)...
[M::mem_pestat] # candidate unique pairs for (FF, FR, RF, RR): (328, 546774, 339, 147)
[M::mem_pestat] analyzing insert size distribution for orientation FF...
[M::mem_pestat] (25, 50, 75) percentile: (96, 224, 658)
[M::mem_pestat] low and high boundaries for computing mean and std.dev: (1, 1782)
[M::mem_pestat] mean and std.dev: (279.15, 336.50)
[M::mem_pestat] low and high boundaries for proper pairs: (1, 2344)
[M::mem_pestat] analyzing insert size distribution for orientation FR...
[M::mem_pestat] (25, 50, 75) percentile: (77, 114, 186)
[M::mem_pestat] low and high boundaries for computing mean and std.dev: (1, 404)
[M::mem_pestat] mean and std.dev: (135.82, 76.73)
[M::mem_pestat] low and high boundaries for proper pairs: (1, 513)
[M::mem_pestat] analyzing insert size distribution for orientation RF...
[M::mem_pestat] (25, 50, 75) percentile: (32, 157, 787)
[M::mem_pestat] low and high boundaries for computing mean and std.dev: (1, 2297)
[M::mem_pestat] mean and std.dev: (254.84, 426.53)
[M::mem_pestat] low and high boundaries for proper pairs: (1, 3052)
[M::mem_pestat] analyzing insert size distribution for orientation RR...
[M::mem_pestat] (25, 50, 75) percentile: (57, 431, 2909)
[M::mem_pestat] low and high boundaries for computing mean and std.dev: (1, 8613)
[M::mem_pestat] mean and std.dev: (1547.61, 2191.19)
[M::mem_pestat] low and high boundaries for proper pairs: (1, 11465)
[M::mem_pestat] skip orientation FF
[M::mem_pestat] skip orientation RF
[M::mem_pestat] skip orientation RR
[M::mem_process_seqs] Processed 1855412 reads in 493.968 CPU sec, 33.024 real sec
[M::process] read 1828894 sequences (160000129 bp)...
[M::mem_pestat] # candidate unique pairs for (FF, FR, RF, RR): (115, 545267, 287, 61)
[M::mem_pestat] analyzing insert size distribution for orientation FF...
[M::mem_pestat] (25, 50, 75) percentile: (86, 235, 512)
[M::mem_pestat] low and high boundaries for computing mean and std.dev: (1, 1364)
[M::mem_pestat] mean and std.dev: (197.70, 163.88)
[M::mem_pestat] low and high boundaries for proper pairs: (1, 1790)
[M::mem_pestat] analyzing insert size distribution for orientation FR...
[M::mem_pestat] (25, 50, 75) percentile: (79, 120, 195)
[M::mem_pestat] low and high boundaries for computing mean and std.dev: (1, 427)
[M::mem_pestat] mean and std.dev: (142.79, 83.26)
[M::mem_pestat] low and high boundaries for proper pairs: (1, 543)
[M::mem_pestat] analyzing insert size distribution for orientation RF...
[M::mem_pestat] (25, 50, 75) percentile: (27, 145, 424)
[M::mem_pestat] low and high boundaries for computing mean and std.dev: (1, 1218)
[M::mem_pestat] mean and std.dev: (189.10, 251.20)
[M::mem_pestat] low and high boundaries for proper pairs: (1, 1615)
[M::mem_pestat] analyzing insert size distribution for orientation RR...
[M::mem_pestat] (25, 50, 75) percentile: (40, 128, 1832)
[M::mem_pestat] low and high boundaries for computing mean and std.dev: (1, 5416)
[M::mem_pestat] mean and std.dev: (700.68, 1187.95)
[M::mem_pestat] low and high boundaries for proper pairs: (1, 7208)
[M::mem_pestat] skip orientation FF
[M::mem_pestat] skip orientation RF
[M::mem_pestat] skip orientation RR
[M::mem_process_seqs] Processed 1830320 reads in 478.446 CPU sec, 31.963 real sec
[M::process] read 1829832 sequences (160000092 bp)...
[M::mem_pestat] # candidate unique pairs for (FF, FR, RF, RR): (105, 550323, 267, 66)
[M::mem_pestat] analyzing insert size distribution for orientation FF...
[M::mem_pestat] (25, 50, 75) percentile: (131, 249, 621)
[M::mem_pestat] low and high boundaries for computing mean and std.dev: (1, 1601)
[M::mem_pestat] mean and std.dev: (231.29, 208.74)
[M::mem_pestat] low and high boundaries for proper pairs: (1, 2091)
[M::mem_pestat] analyzing insert size distribution for orientation FR...
[M::mem_pestat] (25, 50, 75) percentile: (78, 118, 193)
[M::mem_pestat] low and high boundaries for computing mean and std.dev: (1, 423)
[M::mem_pestat] mean and std.dev: (141.30, 82.04)
[M::mem_pestat] low and high boundaries for proper pairs: (1, 538)
[M::mem_pestat] analyzing insert size distribution for orientation RF...
[M::mem_pestat] (25, 50, 75) percentile: (26, 115, 313)
[M::mem_pestat] low and high boundaries for computing mean and std.dev: (1, 887)
[M::mem_pestat] mean and std.dev: (148.53, 188.52)
[M::mem_pestat] low and high boundaries for proper pairs: (1, 1174)
[M::mem_pestat] analyzing insert size distribution for orientation RR...
[M::mem_pestat] (25, 50, 75) percentile: (53, 233, 2691)
[M::mem_pestat] low and high boundaries for computing mean and std.dev: (1, 7967)
[M::mem_pestat] mean and std.dev: (1148.10, 1644.18)
[M::mem_pestat] low and high boundaries for proper pairs: (1, 10605)
[M::mem_pestat] skip orientation FF
[M::mem_pestat] skip orientation RF
[M::mem_pestat] skip orientation RR
[M::mem_process_seqs] Processed 1828894 reads in 489.608 CPU sec, 33.360 real sec
[M::process] read 1829532 sequences (160000076 bp)...
[M::mem_pestat] # candidate unique pairs for (FF, FR, RF, RR): (81, 552400, 253, 62)
[M::mem_pestat] analyzing insert size distribution for orientation FF...
[M::mem_pestat] (25, 50, 75) percentile: (123, 260, 2457)
[M::mem_pestat] low and high boundaries for computing mean and std.dev: (1, 7125)
[M::mem_pestat] mean and std.dev: (1029.67, 1678.52)
[M::mem_pestat] low and high boundaries for proper pairs: (1, 9459)
[M::mem_pestat] analyzing insert size distribution for orientation FR...
[M::mem_pestat] (25, 50, 75) percentile: (78, 118, 192)
[M::mem_pestat] low and high boundaries for computing mean and std.dev: (1, 420)
[M::mem_pestat] mean and std.dev: (140.64, 81.40)
[M::mem_pestat] low and high boundaries for proper pairs: (1, 534)
[M::mem_pestat] analyzing insert size distribution for orientation RF...
[M::mem_pestat] (25, 50, 75) percentile: (27, 139, 226)
[M::mem_pestat] low and high boundaries for computing mean and std.dev: (1, 624)
[M::mem_pestat] mean and std.dev: (123.42, 123.22)
[M::mem_pestat] low and high boundaries for proper pairs: (1, 823)
[M::mem_pestat] analyzing insert size distribution for orientation RR...
[M::mem_pestat] (25, 50, 75) percentile: (94, 1594, 4838)
[M::mem_pestat] low and high boundaries for computing mean and std.dev: (1, 14326)
[M::mem_pestat] mean and std.dev: (2758.92, 3120.40)
[M::mem_pestat] low and high boundaries for proper pairs: (1, 19070)
[M::mem_pestat] skip orientation FF
[M::mem_pestat] skip orientation RF
[M::mem_pestat] skip orientation RR
[M::mem_process_seqs] Processed 1829832 reads in 493.639 CPU sec, 32.928 real sec
[M::process] read 1831820 sequences (160000080 bp)...
[M::mem_pestat] # candidate unique pairs for (FF, FR, RF, RR): (101, 550666, 281, 67)
[M::mem_pestat] analyzing insert size distribution for orientation FF...
[M::mem_pestat] (25, 50, 75) percentile: (89, 254, 452)
[M::mem_pestat] low and high boundaries for computing mean and std.dev: (1, 1178)
[M::mem_pestat] mean and std.dev: (198.79, 145.26)
[M::mem_pestat] low and high boundaries for proper pairs: (1, 1541)
[M::mem_pestat] analyzing insert size distribution for orientation FR...
[M::mem_pestat] (25, 50, 75) percentile: (78, 118, 193)
[M::mem_pestat] low and high boundaries for computing mean and std.dev: (1, 423)
[M::mem_pestat] mean and std.dev: (141.19, 82.01)
[M::mem_pestat] low and high boundaries for proper pairs: (1, 538)
[M::mem_pestat] analyzing insert size distribution for orientation RF...
[M::mem_pestat] (25, 50, 75) percentile: (25, 133, 429)
[M::mem_pestat] low and high boundaries for computing mean and std.dev: (1, 1237)
[M::mem_pestat] mean and std.dev: (180.06, 247.59)
[M::mem_pestat] low and high boundaries for proper pairs: (1, 1641)
[M::mem_pestat] analyzing insert size distribution for orientation RR...
[M::mem_pestat] (25, 50, 75) percentile: (65, 306, 3306)
[M::mem_pestat] low and high boundaries for computing mean and std.dev: (1, 9788)
[M::mem_pestat] mean and std.dev: (2190.42, 2981.76)
[M::mem_pestat] low and high boundaries for proper pairs: (1, 14117)
[M::mem_pestat] skip orientation FF
[M::mem_pestat] skip orientation RF
[M::mem_pestat] skip orientation RR
[M::mem_process_seqs] Processed 1829532 reads in 485.684 CPU sec, 32.264 real sec
[M::process] read 1826518 sequences (160000146 bp)...
[M::mem_pestat] # candidate unique pairs for (FF, FR, RF, RR): (132, 548741, 260, 54)
[M::mem_pestat] analyzing insert size distribution for orientation FF...
[M::mem_pestat] (25, 50, 75) percentile: (120, 224, 610)
[M::mem_pestat] low and high boundaries for computing mean and std.dev: (1, 1590)
[M::mem_pestat] mean and std.dev: (235.78, 229.87)
[M::mem_pestat] low and high boundaries for proper pairs: (1, 2080)
[M::mem_pestat] analyzing insert size distribution for orientation FR...
[M::mem_pestat] (25, 50, 75) percentile: (78, 119, 193)
[M::mem_pestat] low and high boundaries for computing mean and std.dev: (1, 423)
[M::mem_pestat] mean and std.dev: (141.44, 81.96)
[M::mem_pestat] low and high boundaries for proper pairs: (1, 538)
[M::mem_pestat] analyzing insert size distribution for orientation RF...
[M::mem_pestat] (25, 50, 75) percentile: (25, 107, 217)
[M::mem_pestat] low and high boundaries for computing mean and std.dev: (1, 601)
[M::mem_pestat] mean and std.dev: (104.68, 100.73)
[M::mem_pestat] low and high boundaries for proper pairs: (1, 793)
[M::mem_pestat] analyzing insert size distribution for orientation RR...
[M::mem_pestat] (25, 50, 75) percentile: (57, 175, 1921)
[M::mem_pestat] low and high boundaries for computing mean and std.dev: (1, 5649)
[M::mem_pestat] mean and std.dev: (663.60, 1137.52)
[M::mem_pestat] low and high boundaries for proper pairs: (1, 7513)
[M::mem_pestat] skip orientation FF
[M::mem_pestat] skip orientation RF
[M::mem_pestat] skip orientation RR
[M::mem_process_seqs] Processed 1831820 reads in 490.986 CPU sec, 32.512 real sec
[M::process] read 1818850 sequences (160000100 bp)...
[M::mem_pestat] # candidate unique pairs for (FF, FR, RF, RR): (103, 548784, 263, 65)
[M::mem_pestat] analyzing insert size distribution for orientation FF...
[M::mem_pestat] (25, 50, 75) percentile: (101, 184, 440)
[M::mem_pestat] low and high boundaries for computing mean and std.dev: (1, 1118)
[M::mem_pestat] mean and std.dev: (220.26, 185.64)
[M::mem_pestat] low and high boundaries for proper pairs: (1, 1457)
[M::mem_pestat] analyzing insert size distribution for orientation FR...
[M::mem_pestat] (25, 50, 75) percentile: (79, 120, 196)
[M::mem_pestat] low and high boundaries for computing mean and std.dev: (1, 430)
[M::mem_pestat] mean and std.dev: (143.29, 83.84)
[M::mem_pestat] low and high boundaries for proper pairs: (1, 547)
[M::mem_pestat] analyzing insert size distribution for orientation RF...
[M::mem_pestat] (25, 50, 75) percentile: (29, 160, 467)
[M::mem_pestat] low and high boundaries for computing mean and std.dev: (1, 1343)
[M::mem_pestat] mean and std.dev: (214.57, 275.02)
[M::mem_pestat] low and high boundaries for proper pairs: (1, 1781)
[M::mem_pestat] analyzing insert size distribution for orientation RR...
[M::mem_pestat] (25, 50, 75) percentile: (44, 590, 4340)
[M::mem_pestat] low and high boundaries for computing mean and std.dev: (1, 12932)
[M::mem_pestat] mean and std.dev: (2386.48, 3143.68)
[M::mem_pestat] low and high boundaries for proper pairs: (1, 17228)
[M::mem_pestat] skip orientation FF
[M::mem_pestat] skip orientation RF
[M::mem_pestat] skip orientation RR
[M::mem_process_seqs] Processed 1826518 reads in 502.827 CPU sec, 34.191 real sec
[M::process] read 1812280 sequences (160000084 bp)...
[M::mem_pestat] # candidate unique pairs for (FF, FR, RF, RR): (116, 542833, 302, 46)
[M::mem_pestat] analyzing insert size distribution for orientation FF...
[M::mem_pestat] (25, 50, 75) percentile: (109, 233, 813)
[M::mem_pestat] low and high boundaries for computing mean and std.dev: (1, 2221)
[M::mem_pestat] mean and std.dev: (299.06, 349.64)
[M::mem_pestat] low and high boundaries for proper pairs: (1, 2925)
[M::mem_pestat] analyzing insert size distribution for orientation FR...
[M::mem_pestat] (25, 50, 75) percentile: (79, 120, 197)
[M::mem_pestat] low and high boundaries for computing mean and std.dev: (1, 433)
[M::mem_pestat] mean and std.dev: (144.52, 85.25)
[M::mem_pestat] low and high boundaries for proper pairs: (1, 551)
[M::mem_pestat] analyzing insert size distribution for orientation RF...
[M::mem_pestat] (25, 50, 75) percentile: (27, 109, 233)
[M::mem_pestat] low and high boundaries for computing mean and std.dev: (1, 645)
[M::mem_pestat] mean and std.dev: (121.05, 126.77)
[M::mem_pestat] low and high boundaries for proper pairs: (1, 851)
[M::mem_pestat] analyzing insert size distribution for orientation RR...
[M::mem_pestat] (25, 50, 75) percentile: (49, 239, 2472)
[M::mem_pestat] low and high boundaries for computing mean and std.dev: (1, 7318)
[M::mem_pestat] mean and std.dev: (1247.13, 1586.00)
[M::mem_pestat] low and high boundaries for proper pairs: (1, 9741)
[M::mem_pestat] skip orientation FF
[M::mem_pestat] skip orientation RF
[M::mem_pestat] skip orientation RR
[M::mem_process_seqs] Processed 1818850 reads in 481.449 CPU sec, 32.760 real sec
[M::process] read 1812218 sequences (160000001 bp)...
[M::mem_pestat] # candidate unique pairs for (FF, FR, RF, RR): (67, 540216, 310, 35)
[M::mem_pestat] analyzing insert size distribution for orientation FF...
[M::mem_pestat] (25, 50, 75) percentile: (126, 251, 932)
[M::mem_pestat] low and high boundaries for computing mean and std.dev: (1, 2544)
[M::mem_pestat] mean and std.dev: (445.00, 571.08)
[M::mem_pestat] low and high boundaries for proper pairs: (1, 3350)
[M::mem_pestat] analyzing insert size distribution for orientation FR...
[M::mem_pestat] (25, 50, 75) percentile: (80, 121, 200)
[M::mem_pestat] low and high boundaries for computing mean and std.dev: (1, 440)
[M::mem_pestat] mean and std.dev: (146.83, 88.13)
[M::mem_pestat] low and high boundaries for proper pairs: (1, 560)
[M::mem_pestat] analyzing insert size distribution for orientation RF...
[M::mem_pestat] (25, 50, 75) percentile: (31, 118, 227)
[M::mem_pestat] low and high boundaries for computing mean and std.dev: (1, 619)
[M::mem_pestat] mean and std.dev: (128.53, 130.94)
[M::mem_pestat] low and high boundaries for proper pairs: (1, 815)
[M::mem_pestat] analyzing insert size distribution for orientation RR...
[M::mem_pestat] (25, 50, 75) percentile: (49, 88, 1978)
[M::mem_pestat] low and high boundaries for computing mean and std.dev: (1, 5836)
[M::mem_pestat] mean and std.dev: (652.84, 1080.32)
[M::mem_pestat] low and high boundaries for proper pairs: (1, 7765)
[M::mem_pestat] skip orientation FF
[M::mem_pestat] skip orientation RF
[M::mem_pestat] skip orientation RR
[M::mem_process_seqs] Processed 1812280 reads in 472.184 CPU sec, 32.134 real sec
[M::process] read 1813090 sequences (160000145 bp)...
[M::mem_pestat] # candidate unique pairs for (FF, FR, RF, RR): (94, 541164, 271, 53)
[M::mem_pestat] analyzing insert size distribution for orientation FF...
[M::mem_pestat] (25, 50, 75) percentile: (153, 257, 534)
[M::mem_pestat] low and high boundaries for computing mean and std.dev: (1, 1296)
[M::mem_pestat] mean and std.dev: (271.77, 210.13)
[M::mem_pestat] low and high boundaries for proper pairs: (1, 1677)
[M::mem_pestat] analyzing insert size distribution for orientation FR...
[M::mem_pestat] (25, 50, 75) percentile: (80, 122, 200)
[M::mem_pestat] low and high boundaries for computing mean and std.dev: (1, 440)
[M::mem_pestat] mean and std.dev: (147.17, 88.16)
[M::mem_pestat] low and high boundaries for proper pairs: (1, 560)
[M::mem_pestat] analyzing insert size distribution for orientation RF...
[M::mem_pestat] (25, 50, 75) percentile: (31, 121, 237)
[M::mem_pestat] low and high boundaries for computing mean and std.dev: (1, 649)
[M::mem_pestat] mean and std.dev: (125.64, 126.99)
[M::mem_pestat] low and high boundaries for proper pairs: (1, 855)
[M::mem_pestat] analyzing insert size distribution for orientation RR...
[M::mem_pestat] (25, 50, 75) percentile: (88, 319, 2722)
[M::mem_pestat] low and high boundaries for computing mean and std.dev: (1, 7990)
[M::mem_pestat] mean and std.dev: (1291.88, 1791.78)
[M::mem_pestat] low and high boundaries for proper pairs: (1, 10624)
[M::mem_pestat] skip orientation FF
[M::mem_pestat] skip orientation RF
[M::mem_pestat] skip orientation RR
[M::mem_process_seqs] Processed 1812218 reads in 471.366 CPU sec, 31.542 real sec
[M::process] read 1812960 sequences (160000067 bp)...
[M::mem_pestat] # candidate unique pairs for (FF, FR, RF, RR): (88, 541055, 270, 37)
[M::mem_pestat] analyzing insert size distribution for orientation FF...
[M::mem_pestat] (25, 50, 75) percentile: (127, 280, 482)
[M::mem_pestat] low and high boundaries for computing mean and std.dev: (1, 1192)
[M::mem_pestat] mean and std.dev: (250.43, 198.46)
[M::mem_pestat] low and high boundaries for proper pairs: (1, 1547)
[M::mem_pestat] analyzing insert size distribution for orientation FR...
[M::mem_pestat] (25, 50, 75) percentile: (80, 121, 201)
[M::mem_pestat] low and high boundaries for computing mean and std.dev: (1, 443)
[M::mem_pestat] mean and std.dev: (147.42, 88.67)
[M::mem_pestat] low and high boundaries for proper pairs: (1, 564)
[M::mem_pestat] analyzing insert size distribution for orientation RF...
[M::mem_pestat] (25, 50, 75) percentile: (25, 83, 214)
[M::mem_pestat] low and high boundaries for computing mean and std.dev: (1, 592)
[M::mem_pestat] mean and std.dev: (110.81, 115.85)
[M::mem_pestat] low and high boundaries for proper pairs: (1, 781)
[M::mem_pestat] analyzing insert size distribution for orientation RR...
[M::mem_pestat] (25, 50, 75) percentile: (53, 204, 3422)
[M::mem_pestat] low and high boundaries for computing mean and std.dev: (1, 10160)
[M::mem_pestat] mean and std.dev: (2150.27, 3296.28)
[M::mem_pestat] low and high boundaries for proper pairs: (1, 15335)
[M::mem_pestat] skip orientation FF
[M::mem_pestat] skip orientation RF
[M::mem_pestat] skip orientation RR
[M::mem_process_seqs] Processed 1813090 reads in 477.089 CPU sec, 32.125 real sec
[M::mem_pestat] # candidate unique pairs for (FF, FR, RF, RR): (79, 540678, 296, 44)
[M::mem_pestat] analyzing insert size distribution for orientation FF...
[M::mem_pestat] (25, 50, 75) percentile: (94, 208, 411)
[M::mem_pestat] low and high boundaries for computing mean and std.dev: (1, 1045)
[M::mem_pestat] mean and std.dev: (201.32, 151.81)
[M::mem_pestat] low and high boundaries for proper pairs: (1, 1362)
[M::mem_pestat] analyzing insert size distribution for orientation FR...
[M::mem_pestat] (25, 50, 75) percentile: (80, 122, 201)
[M::mem_pestat] low and high boundaries for computing mean and std.dev: (1, 443)
[M::mem_pestat] mean and std.dev: (147.54, 88.80)
[M::mem_pestat] low and high boundaries for proper pairs: (1, 564)
[M::mem_pestat] analyzing insert size distribution for orientation RF...
[M::mem_pestat] (25, 50, 75) percentile: (26, 69, 206)
[M::mem_pestat] low and high boundaries for computing mean and std.dev: (1, 566)
[M::mem_pestat] mean and std.dev: (111.13, 119.51)
[M::mem_pestat] low and high boundaries for proper pairs: (1, 746)
[M::mem_pestat] analyzing insert size distribution for orientation RR...
[M::mem_pestat] (25, 50, 75) percentile: (50, 191, 1027)
[M::mem_pestat] low and high boundaries for computing mean and std.dev: (1, 2981)
[M::mem_pestat] mean and std.dev: (403.84, 553.91)
[M::mem_pestat] low and high boundaries for proper pairs: (1, 3958)
[M::mem_pestat] skip orientation FF
[M::mem_pestat] skip orientation RF
[M::mem_pestat] skip orientation RR
[M::process] read 1809000 sequences (160000084 bp)...
[M::mem_process_seqs] Processed 1812960 reads in 480.611 CPU sec, 32.887 real sec
[M::mem_pestat] # candidate unique pairs for (FF, FR, RF, RR): (74, 542496, 252, 31)
[M::mem_pestat] analyzing insert size distribution for orientation FF...
[M::mem_pestat] (25, 50, 75) percentile: (114, 255, 488)
[M::mem_pestat] low and high boundaries for computing mean and std.dev: (1, 1236)
[M::mem_pestat] mean and std.dev: (231.68, 168.28)
[M::mem_pestat] low and high boundaries for proper pairs: (1, 1610)
[M::mem_pestat] analyzing insert size distribution for orientation FR...
[M::mem_pestat] (25, 50, 75) percentile: (80, 123, 203)
[M::mem_pestat] low and high boundaries for computing mean and std.dev: (1, 449)
[M::mem_pestat] mean and std.dev: (148.90, 90.17)
[M::mem_pestat] low and high boundaries for proper pairs: (1, 572)
[M::mem_pestat] analyzing insert size distribution for orientation RF...
[M::mem_pestat] (25, 50, 75) percentile: (27, 119, 229)
[M::mem_pestat] low and high boundaries for computing mean and std.dev: (1, 633)
[M::mem_pestat] mean and std.dev: (132.61, 138.39)
[M::mem_pestat] low and high boundaries for proper pairs: (1, 835)
[M::mem_pestat] analyzing insert size distribution for orientation RR...
[M::mem_pestat] (25, 50, 75) percentile: (48, 95, 172)
[M::mem_pestat] low and high boundaries for computing mean and std.dev: (1, 420)
[M::mem_pestat] mean and std.dev: (97.07, 71.63)
[M::mem_pestat] low and high boundaries for proper pairs: (1, 544)
[M::mem_pestat] skip orientation FF
[M::mem_pestat] skip orientation RF
[M::mem_pestat] skip orientation RR
[M::process] read 1812592 sequences (160000036 bp)...
[M::mem_process_seqs] Processed 1809000 reads in 491.003 CPU sec, 33.803 real sec
[M::process] read 20358 sequences (1788307 bp)...
[M::mem_pestat] # candidate unique pairs for (FF, FR, RF, RR): (88, 542499, 257, 35)
[M::mem_pestat] analyzing insert size distribution for orientation FF...
[M::mem_pestat] (25, 50, 75) percentile: (115, 232, 470)
[M::mem_pestat] low and high boundaries for computing mean and std.dev: (1, 1180)
[M::mem_pestat] mean and std.dev: (225.96, 180.62)
[M::mem_pestat] low and high boundaries for proper pairs: (1, 1535)
[M::mem_pestat] analyzing insert size distribution for orientation FR...
[M::mem_pestat] (25, 50, 75) percentile: (79, 121, 201)
[M::mem_pestat] low and high boundaries for computing mean and std.dev: (1, 445)
[M::mem_pestat] mean and std.dev: (147.33, 89.15)
[M::mem_pestat] low and high boundaries for proper pairs: (1, 567)
[M::mem_pestat] analyzing insert size distribution for orientation RF...
[M::mem_pestat] (25, 50, 75) percentile: (26, 108, 203)
[M::mem_pestat] low and high boundaries for computing mean and std.dev: (1, 557)
[M::mem_pestat] mean and std.dev: (115.22, 111.54)
[M::mem_pestat] low and high boundaries for proper pairs: (1, 734)
[M::mem_pestat] analyzing insert size distribution for orientation RR...
[M::mem_pestat] (25, 50, 75) percentile: (38, 100, 462)
[M::mem_pestat] low and high boundaries for computing mean and std.dev: (1, 1310)
[M::mem_pestat] mean and std.dev: (127.90, 152.48)
[M::mem_pestat] low and high boundaries for proper pairs: (1, 1734)
[M::mem_pestat] skip orientation FF
[M::mem_pestat] skip orientation RF
[M::mem_pestat] skip orientation RR
[M::mem_process_seqs] Processed 1812592 reads in 470.654 CPU sec, 32.973 real sec
[M::mem_pestat] # candidate unique pairs for (FF, FR, RF, RR): (1, 6093, 3, 0)
[M::mem_pestat] skip orientation FF as there are not enough pairs
[M::mem_pestat] analyzing insert size distribution for orientation FR...
[M::mem_pestat] (25, 50, 75) percentile: (79, 120, 200)
[M::mem_pestat] low and high boundaries for computing mean and std.dev: (1, 442)
[M::mem_pestat] mean and std.dev: (146.63, 88.66)
[M::mem_pestat] low and high boundaries for proper pairs: (1, 563)
[M::mem_pestat] skip orientation RF as there are not enough pairs
[M::mem_pestat] skip orientation RR as there are not enough pairs
[M::mem_process_seqs] Processed 20358 reads in 10.926 CPU sec, 0.802 real sec
[main] Version: 0.7.17-r1188
[main] CMD: bwa mem -t 16 /home/groups/MaxsonLab/indices/GRch38/GCA_000001405.15_GRCh38_no_alt_analysis_set.fasta samples/trim/MOLM24D_3_R1_fastqc_tpaired.fastq.gz samples/trim/MOLM24D_3_R2_fastqc_tpaired.fastq.gz
[main] Real time: 1676.641 sec; CPU: 24140.245 sec
[Thu Sep 10 16:33:29 2020]
Finished job 0.
1 of 1 steps (100%) done
