Building DAG of jobs...
Using shell: /usr/bin/bash
Provided cores: 16
Rules claiming more threads will be scaled down.
Job counts:
	count	jobs
	1	align
	1

[Thu Sep 10 15:57:24 2020]
Job 0: --- Aligning reads to reference.

Activating conda environment: /home/groups/MaxsonLab/kongg/atac_seq2/.snakemake/conda/714e46c9
[M::bwa_idx_load_from_disk] read 0 ALT contigs
[M::process] read 1742402 sequences (160000124 bp)...
[M::process] read 1741396 sequences (160000027 bp)...
[M::mem_pestat] # candidate unique pairs for (FF, FR, RF, RR): (52, 601432, 734, 36)
[M::mem_pestat] analyzing insert size distribution for orientation FF...
[M::mem_pestat] (25, 50, 75) percentile: (70, 165, 309)
[M::mem_pestat] low and high boundaries for computing mean and std.dev: (1, 787)
[M::mem_pestat] mean and std.dev: (175.81, 134.40)
[M::mem_pestat] low and high boundaries for proper pairs: (1, 1026)
[M::mem_pestat] analyzing insert size distribution for orientation FR...
[M::mem_pestat] (25, 50, 75) percentile: (99, 178, 234)
[M::mem_pestat] low and high boundaries for computing mean and std.dev: (1, 504)
[M::mem_pestat] mean and std.dev: (184.24, 102.96)
[M::mem_pestat] low and high boundaries for proper pairs: (1, 639)
[M::mem_pestat] analyzing insert size distribution for orientation RF...
[M::mem_pestat] (25, 50, 75) percentile: (25, 81, 239)
[M::mem_pestat] low and high boundaries for computing mean and std.dev: (1, 667)
[M::mem_pestat] mean and std.dev: (132.36, 146.21)
[M::mem_pestat] low and high boundaries for proper pairs: (1, 881)
[M::mem_pestat] analyzing insert size distribution for orientation RR...
[M::mem_pestat] (25, 50, 75) percentile: (53, 99, 342)
[M::mem_pestat] low and high boundaries for computing mean and std.dev: (1, 920)
[M::mem_pestat] mean and std.dev: (174.53, 194.28)
[M::mem_pestat] low and high boundaries for proper pairs: (1, 1209)
[M::mem_pestat] skip orientation FF
[M::mem_pestat] skip orientation RF
[M::mem_pestat] skip orientation RR
[M::mem_process_seqs] Processed 1742402 reads in 569.973 CPU sec, 42.403 real sec
[M::process] read 1747052 sequences (160000054 bp)...
[M::mem_pestat] # candidate unique pairs for (FF, FR, RF, RR): (42, 600708, 732, 44)
[M::mem_pestat] analyzing insert size distribution for orientation FF...
[M::mem_pestat] (25, 50, 75) percentile: (85, 182, 357)
[M::mem_pestat] low and high boundaries for computing mean and std.dev: (1, 901)
[M::mem_pestat] mean and std.dev: (195.39, 159.39)
[M::mem_pestat] low and high boundaries for proper pairs: (1, 1173)
[M::mem_pestat] analyzing insert size distribution for orientation FR...
[M::mem_pestat] (25, 50, 75) percentile: (99, 177, 233)
[M::mem_pestat] low and high boundaries for computing mean and std.dev: (1, 501)
[M::mem_pestat] mean and std.dev: (183.77, 102.70)
[M::mem_pestat] low and high boundaries for proper pairs: (1, 635)
[M::mem_pestat] analyzing insert size distribution for orientation RF...
[M::mem_pestat] (25, 50, 75) percentile: (24, 71, 222)
[M::mem_pestat] low and high boundaries for computing mean and std.dev: (1, 618)
[M::mem_pestat] mean and std.dev: (124.66, 142.85)
[M::mem_pestat] low and high boundaries for proper pairs: (1, 816)
[M::mem_pestat] analyzing insert size distribution for orientation RR...
[M::mem_pestat] (25, 50, 75) percentile: (47, 123, 301)
[M::mem_pestat] low and high boundaries for computing mean and std.dev: (1, 809)
[M::mem_pestat] mean and std.dev: (161.73, 146.05)
[M::mem_pestat] low and high boundaries for proper pairs: (1, 1063)
[M::mem_pestat] skip orientation FF
[M::mem_pestat] skip orientation RF
[M::mem_pestat] skip orientation RR
[M::mem_process_seqs] Processed 1741396 reads in 548.262 CPU sec, 35.883 real sec
[M::mem_pestat] # candidate unique pairs for (FF, FR, RF, RR): (45, 600409, 753, 31)
[M::mem_pestat] analyzing insert size distribution for orientation FF...
[M::mem_pestat] (25, 50, 75) percentile: (58, 170, 305)
[M::mem_pestat] low and high boundaries for computing mean and std.dev: (1, 799)
[M::mem_pestat] mean and std.dev: (161.71, 116.96)
[M::mem_pestat] low and high boundaries for proper pairs: (1, 1046)
[M::mem_pestat] analyzing insert size distribution for orientation FR...
[M::mem_pestat] (25, 50, 75) percentile: (98, 175, 229)
[M::mem_pestat] low and high boundaries for computing mean and std.dev: (1, 491)
[M::mem_pestat] mean and std.dev: (180.67, 100.38)
[M::mem_pestat] low and high boundaries for proper pairs: (1, 622)
[M::mem_pestat] analyzing insert size distribution for orientation RF...
[M::mem_pestat] (25, 50, 75) percentile: (25, 85, 228)
[M::mem_pestat] low and high boundaries for computing mean and std.dev: (1, 634)
[M::mem_pestat] mean and std.dev: (138.73, 152.98)
[M::mem_pestat] low and high boundaries for proper pairs: (1, 837)
[M::mem_pestat] analyzing insert size distribution for orientation RR...
[M::mem_pestat] (25, 50, 75) percentile: (59, 66, 217)
[M::mem_pestat] low and high boundaries for computing mean and std.dev: (1, 533)
[M::mem_pestat] mean and std.dev: (106.29, 90.83)
[M::mem_pestat] low and high boundaries for proper pairs: (1, 691)
[M::mem_pestat] skip orientation FF
[M::mem_pestat] skip orientation RF
[M::mem_pestat] skip orientation RR
[M::process] read 1742322 sequences (160000190 bp)...
[M::mem_process_seqs] Processed 1747052 reads in 564.213 CPU sec, 37.095 real sec
[M::process] read 1742388 sequences (160000106 bp)...
[M::mem_pestat] # candidate unique pairs for (FF, FR, RF, RR): (45, 598887, 744, 29)
[M::mem_pestat] analyzing insert size distribution for orientation FF...
[M::mem_pestat] (25, 50, 75) percentile: (69, 172, 493)
[M::mem_pestat] low and high boundaries for computing mean and std.dev: (1, 1341)
[M::mem_pestat] mean and std.dev: (216.72, 195.05)
[M::mem_pestat] low and high boundaries for proper pairs: (1, 1765)
[M::mem_pestat] analyzing insert size distribution for orientation FR...
[M::mem_pestat] (25, 50, 75) percentile: (99, 177, 232)
[M::mem_pestat] low and high boundaries for computing mean and std.dev: (1, 498)
[M::mem_pestat] mean and std.dev: (182.90, 102.08)
[M::mem_pestat] low and high boundaries for proper pairs: (1, 631)
[M::mem_pestat] analyzing insert size distribution for orientation RF...
[M::mem_pestat] (25, 50, 75) percentile: (23, 90, 233)
[M::mem_pestat] low and high boundaries for computing mean and std.dev: (1, 653)
[M::mem_pestat] mean and std.dev: (129.82, 145.60)
[M::mem_pestat] low and high boundaries for proper pairs: (1, 863)
[M::mem_pestat] analyzing insert size distribution for orientation RR...
[M::mem_pestat] (25, 50, 75) percentile: (66, 117, 206)
[M::mem_pestat] low and high boundaries for computing mean and std.dev: (1, 486)
[M::mem_pestat] mean and std.dev: (131.46, 81.74)
[M::mem_pestat] low and high boundaries for proper pairs: (1, 626)
[M::mem_pestat] skip orientation FF
[M::mem_pestat] skip orientation RF
[M::mem_pestat] skip orientation RR
[M::mem_process_seqs] Processed 1742322 reads in 555.906 CPU sec, 36.459 real sec
[M::mem_pestat] # candidate unique pairs for (FF, FR, RF, RR): (43, 599181, 753, 34)
[M::mem_pestat] analyzing insert size distribution for orientation FF...
[M::mem_pestat] (25, 50, 75) percentile: (184, 363, 1939)
[M::mem_pestat] low and high boundaries for computing mean and std.dev: (1, 5449)
[M::mem_pestat] mean and std.dev: (1127.48, 1484.96)
[M::mem_pestat] low and high boundaries for proper pairs: (1, 7204)
[M::mem_pestat] analyzing insert size distribution for orientation FR...
[M::mem_pestat] (25, 50, 75) percentile: (99, 177, 234)
[M::mem_pestat] low and high boundaries for computing mean and std.dev: (1, 504)
[M::mem_pestat] mean and std.dev: (183.97, 103.09)
[M::mem_pestat] low and high boundaries for proper pairs: (1, 639)
[M::mem_pestat] analyzing insert size distribution for orientation RF...
[M::mem_pestat] (25, 50, 75) percentile: (26, 93, 214)
[M::mem_pestat] low and high boundaries for computing mean and std.dev: (1, 590)
[M::mem_pestat] mean and std.dev: (127.28, 132.54)
[M::mem_pestat] low and high boundaries for proper pairs: (1, 778)
[M::mem_pestat] analyzing insert size distribution for orientation RR...
[M::mem_pestat] (25, 50, 75) percentile: (63, 105, 440)
[M::mem_pestat] low and high boundaries for computing mean and std.dev: (1, 1194)
[M::mem_pestat] mean and std.dev: (176.69, 189.36)
[M::mem_pestat] low and high boundaries for proper pairs: (1, 1571)
[M::mem_pestat] skip orientation FF
[M::mem_pestat] skip orientation RF
[M::mem_pestat] skip orientation RR
[M::process] read 1747654 sequences (160000175 bp)...
[M::mem_process_seqs] Processed 1742388 reads in 543.429 CPU sec, 35.359 real sec
[M::process] read 1756274 sequences (160000135 bp)...
[M::mem_pestat] # candidate unique pairs for (FF, FR, RF, RR): (91, 594006, 733, 72)
[M::mem_pestat] analyzing insert size distribution for orientation FF...
[M::mem_pestat] (25, 50, 75) percentile: (95, 252, 390)
[M::mem_pestat] low and high boundaries for computing mean and std.dev: (1, 980)
[M::mem_pestat] mean and std.dev: (208.89, 177.41)
[M::mem_pestat] low and high boundaries for proper pairs: (1, 1275)
[M::mem_pestat] analyzing insert size distribution for orientation FR...
[M::mem_pestat] (25, 50, 75) percentile: (100, 177, 231)
[M::mem_pestat] low and high boundaries for computing mean and std.dev: (1, 493)
[M::mem_pestat] mean and std.dev: (182.37, 100.33)
[M::mem_pestat] low and high boundaries for proper pairs: (1, 624)
[M::mem_pestat] analyzing insert size distribution for orientation RF...
[M::mem_pestat] (25, 50, 75) percentile: (26, 90, 266)
[M::mem_pestat] low and high boundaries for computing mean and std.dev: (1, 746)
[M::mem_pestat] mean and std.dev: (142.40, 165.94)
[M::mem_pestat] low and high boundaries for proper pairs: (1, 986)
[M::mem_pestat] analyzing insert size distribution for orientation RR...
[M::mem_pestat] (25, 50, 75) percentile: (73, 182, 2024)
[M::mem_pestat] low and high boundaries for computing mean and std.dev: (1, 5926)
[M::mem_pestat] mean and std.dev: (860.99, 1375.18)
[M::mem_pestat] low and high boundaries for proper pairs: (1, 7877)
[M::mem_pestat] skip orientation FF
[M::mem_pestat] skip orientation RF
[M::mem_pestat] skip orientation RR
[M::mem_process_seqs] Processed 1747654 reads in 578.555 CPU sec, 37.805 real sec
[M::process] read 1758134 sequences (160000068 bp)...
[M::mem_pestat] # candidate unique pairs for (FF, FR, RF, RR): (120, 594179, 714, 86)
[M::mem_pestat] analyzing insert size distribution for orientation FF...
[M::mem_pestat] (25, 50, 75) percentile: (123, 231, 491)
[M::mem_pestat] low and high boundaries for computing mean and std.dev: (1, 1227)
[M::mem_pestat] mean and std.dev: (271.90, 236.27)
[M::mem_pestat] low and high boundaries for proper pairs: (1, 1595)
[M::mem_pestat] analyzing insert size distribution for orientation FR...
[M::mem_pestat] (25, 50, 75) percentile: (98, 173, 226)
[M::mem_pestat] low and high boundaries for computing mean and std.dev: (1, 482)
[M::mem_pestat] mean and std.dev: (178.03, 97.57)
[M::mem_pestat] low and high boundaries for proper pairs: (1, 610)
[M::mem_pestat] analyzing insert size distribution for orientation RF...
[M::mem_pestat] (25, 50, 75) percentile: (24, 99, 291)
[M::mem_pestat] low and high boundaries for computing mean and std.dev: (1, 825)
[M::mem_pestat] mean and std.dev: (150.99, 180.58)
[M::mem_pestat] low and high boundaries for proper pairs: (1, 1092)
[M::mem_pestat] analyzing insert size distribution for orientation RR...
[M::mem_pestat] (25, 50, 75) percentile: (62, 156, 1249)
[M::mem_pestat] low and high boundaries for computing mean and std.dev: (1, 3623)
[M::mem_pestat] mean and std.dev: (516.88, 840.85)
[M::mem_pestat] low and high boundaries for proper pairs: (1, 4810)
[M::mem_pestat] skip orientation FF
[M::mem_pestat] skip orientation RF
[M::mem_pestat] skip orientation RR
[M::mem_process_seqs] Processed 1756274 reads in 576.903 CPU sec, 37.705 real sec
[M::process] read 1751398 sequences (160000151 bp)...
[M::mem_pestat] # candidate unique pairs for (FF, FR, RF, RR): (123, 594025, 748, 78)
[M::mem_pestat] analyzing insert size distribution for orientation FF...
[M::mem_pestat] (25, 50, 75) percentile: (107, 257, 477)
[M::mem_pestat] low and high boundaries for computing mean and std.dev: (1, 1217)
[M::mem_pestat] mean and std.dev: (224.82, 179.59)
[M::mem_pestat] low and high boundaries for proper pairs: (1, 1587)
[M::mem_pestat] analyzing insert size distribution for orientation FR...
[M::mem_pestat] (25, 50, 75) percentile: (97, 172, 225)
[M::mem_pestat] low and high boundaries for computing mean and std.dev: (1, 481)
[M::mem_pestat] mean and std.dev: (176.83, 97.11)
[M::mem_pestat] low and high boundaries for proper pairs: (1, 609)
[M::mem_pestat] analyzing insert size distribution for orientation RF...
[M::mem_pestat] (25, 50, 75) percentile: (25, 79, 226)
[M::mem_pestat] low and high boundaries for computing mean and std.dev: (1, 628)
[M::mem_pestat] mean and std.dev: (124.60, 139.21)
[M::mem_pestat] low and high boundaries for proper pairs: (1, 829)
[M::mem_pestat] analyzing insert size distribution for orientation RR...
[M::mem_pestat] (25, 50, 75) percentile: (73, 274, 2467)
[M::mem_pestat] low and high boundaries for computing mean and std.dev: (1, 7255)
[M::mem_pestat] mean and std.dev: (1238.31, 1805.53)
[M::mem_pestat] low and high boundaries for proper pairs: (1, 9649)
[M::mem_pestat] skip orientation FF
[M::mem_pestat] skip orientation RF
[M::mem_pestat] skip orientation RR
[M::mem_process_seqs] Processed 1758134 reads in 580.079 CPU sec, 38.107 real sec
[M::process] read 1744390 sequences (160000034 bp)...
[M::mem_pestat] # candidate unique pairs for (FF, FR, RF, RR): (144, 594660, 790, 81)
[M::mem_pestat] analyzing insert size distribution for orientation FF...
[M::mem_pestat] (25, 50, 75) percentile: (129, 233, 449)
[M::mem_pestat] low and high boundaries for computing mean and std.dev: (1, 1089)
[M::mem_pestat] mean and std.dev: (240.96, 180.31)
[M::mem_pestat] low and high boundaries for proper pairs: (1, 1409)
[M::mem_pestat] analyzing insert size distribution for orientation FR...
[M::mem_pestat] (25, 50, 75) percentile: (99, 175, 228)
[M::mem_pestat] low and high boundaries for computing mean and std.dev: (1, 486)
[M::mem_pestat] mean and std.dev: (179.64, 98.48)
[M::mem_pestat] low and high boundaries for proper pairs: (1, 615)
[M::mem_pestat] analyzing insert size distribution for orientation RF...
[M::mem_pestat] (25, 50, 75) percentile: (27, 103, 252)
[M::mem_pestat] low and high boundaries for computing mean and std.dev: (1, 702)
[M::mem_pestat] mean and std.dev: (134.71, 146.51)
[M::mem_pestat] low and high boundaries for proper pairs: (1, 927)
[M::mem_pestat] analyzing insert size distribution for orientation RR...
[M::mem_pestat] (25, 50, 75) percentile: (57, 225, 2932)
[M::mem_pestat] low and high boundaries for computing mean and std.dev: (1, 8682)
[M::mem_pestat] mean and std.dev: (1595.32, 2432.12)
[M::mem_pestat] low and high boundaries for proper pairs: (1, 11557)
[M::mem_pestat] skip orientation FF
[M::mem_pestat] skip orientation RF
[M::mem_pestat] skip orientation RR
[M::mem_process_seqs] Processed 1751398 reads in 561.252 CPU sec, 36.755 real sec
[M::process] read 1742284 sequences (160000032 bp)...
[M::mem_pestat] # candidate unique pairs for (FF, FR, RF, RR): (59, 600041, 719, 39)
[M::mem_pestat] analyzing insert size distribution for orientation FF...
[M::mem_pestat] (25, 50, 75) percentile: (86, 187, 311)
[M::mem_pestat] low and high boundaries for computing mean and std.dev: (1, 761)
[M::mem_pestat] mean and std.dev: (188.42, 134.11)
[M::mem_pestat] low and high boundaries for proper pairs: (1, 986)
[M::mem_pestat] analyzing insert size distribution for orientation FR...
[M::mem_pestat] (25, 50, 75) percentile: (99, 177, 232)
[M::mem_pestat] low and high boundaries for computing mean and std.dev: (1, 498)
[M::mem_pestat] mean and std.dev: (182.45, 101.66)
[M::mem_pestat] low and high boundaries for proper pairs: (1, 631)
[M::mem_pestat] analyzing insert size distribution for orientation RF...
[M::mem_pestat] (25, 50, 75) percentile: (25, 79, 233)
[M::mem_pestat] low and high boundaries for computing mean and std.dev: (1, 649)
[M::mem_pestat] mean and std.dev: (131.03, 146.26)
[M::mem_pestat] low and high boundaries for proper pairs: (1, 857)
[M::mem_pestat] analyzing insert size distribution for orientation RR...
[M::mem_pestat] (25, 50, 75) percentile: (55, 128, 386)
[M::mem_pestat] low and high boundaries for computing mean and std.dev: (1, 1048)
[M::mem_pestat] mean and std.dev: (182.85, 209.79)
[M::mem_pestat] low and high boundaries for proper pairs: (1, 1379)
[M::mem_pestat] skip orientation FF
[M::mem_pestat] skip orientation RF
[M::mem_pestat] skip orientation RR
[M::mem_process_seqs] Processed 1744390 reads in 552.586 CPU sec, 35.989 real sec
[M::process] read 1751334 sequences (160000015 bp)...
[M::mem_pestat] # candidate unique pairs for (FF, FR, RF, RR): (65, 601143, 777, 43)
[M::mem_pestat] analyzing insert size distribution for orientation FF...
[M::mem_pestat] (25, 50, 75) percentile: (98, 209, 353)
[M::mem_pestat] low and high boundaries for computing mean and std.dev: (1, 863)
[M::mem_pestat] mean and std.dev: (210.76, 158.56)
[M::mem_pestat] low and high boundaries for proper pairs: (1, 1118)
[M::mem_pestat] analyzing insert size distribution for orientation FR...
[M::mem_pestat] (25, 50, 75) percentile: (99, 177, 232)
[M::mem_pestat] low and high boundaries for computing mean and std.dev: (1, 498)
[M::mem_pestat] mean and std.dev: (182.91, 102.25)
[M::mem_pestat] low and high boundaries for proper pairs: (1, 631)
[M::mem_pestat] analyzing insert size distribution for orientation RF...
[M::mem_pestat] (25, 50, 75) percentile: (24, 77, 221)
[M::mem_pestat] low and high boundaries for computing mean and std.dev: (1, 615)
[M::mem_pestat] mean and std.dev: (133.15, 145.77)
[M::mem_pestat] low and high boundaries for proper pairs: (1, 812)
[M::mem_pestat] analyzing insert size distribution for orientation RR...
[M::mem_pestat] (25, 50, 75) percentile: (46, 131, 294)
[M::mem_pestat] low and high boundaries for computing mean and std.dev: (1, 790)
[M::mem_pestat] mean and std.dev: (149.26, 135.74)
[M::mem_pestat] low and high boundaries for proper pairs: (1, 1038)
[M::mem_pestat] skip orientation FF
[M::mem_pestat] skip orientation RF
[M::mem_pestat] skip orientation RR
[M::mem_process_seqs] Processed 1742284 reads in 547.856 CPU sec, 35.818 real sec
[M::mem_pestat] # candidate unique pairs for (FF, FR, RF, RR): (54, 602797, 758, 35)
[M::mem_pestat] analyzing insert size distribution for orientation FF...
[M::mem_pestat] (25, 50, 75) percentile: (68, 168, 403)
[M::mem_pestat] low and high boundaries for computing mean and std.dev: (1, 1073)
[M::mem_pestat] mean and std.dev: (204.77, 200.56)
[M::mem_pestat] low and high boundaries for proper pairs: (1, 1408)
[M::mem_pestat] analyzing insert size distribution for orientation FR...
[M::mem_pestat] (25, 50, 75) percentile: (98, 175, 229)
[M::mem_pestat] low and high boundaries for computing mean and std.dev: (1, 491)
[M::mem_pestat] mean and std.dev: (180.78, 100.46)
[M::mem_pestat] low and high boundaries for proper pairs: (1, 622)
[M::mem_pestat] analyzing insert size distribution for orientation RF...
[M::mem_pestat] (25, 50, 75) percentile: (25, 101, 218)
[M::mem_pestat] low and high boundaries for computing mean and std.dev: (1, 604)
[M::mem_pestat] mean and std.dev: (126.93, 133.20)
[M::mem_pestat] low and high boundaries for proper pairs: (1, 797)
[M::mem_pestat] analyzing insert size distribution for orientation RR...
[M::mem_pestat] (25, 50, 75) percentile: (82, 130, 333)
[M::mem_pestat] low and high boundaries for computing mean and std.dev: (1, 835)
[M::mem_pestat] mean and std.dev: (158.50, 145.86)
[M::mem_pestat] low and high boundaries for proper pairs: (1, 1086)
[M::mem_pestat] skip orientation FF
[M::mem_pestat] skip orientation RF
[M::mem_pestat] skip orientation RR
[M::process] read 1743318 sequences (160000039 bp)...
[M::mem_process_seqs] Processed 1751334 reads in 555.179 CPU sec, 36.070 real sec
[M::process] read 1740952 sequences (160000081 bp)...
[M::mem_pestat] # candidate unique pairs for (FF, FR, RF, RR): (59, 601753, 752, 35)
[M::mem_pestat] analyzing insert size distribution for orientation FF...
[M::mem_pestat] (25, 50, 75) percentile: (80, 172, 282)
[M::mem_pestat] low and high boundaries for computing mean and std.dev: (1, 686)
[M::mem_pestat] mean and std.dev: (163.02, 120.61)
[M::mem_pestat] low and high boundaries for proper pairs: (1, 888)
[M::mem_pestat] analyzing insert size distribution for orientation FR...
[M::mem_pestat] (25, 50, 75) percentile: (99, 177, 234)
[M::mem_pestat] low and high boundaries for computing mean and std.dev: (1, 504)
[M::mem_pestat] mean and std.dev: (184.05, 103.13)
[M::mem_pestat] low and high boundaries for proper pairs: (1, 639)
[M::mem_pestat] analyzing insert size distribution for orientation RF...
[M::mem_pestat] (25, 50, 75) percentile: (22, 55, 216)
[M::mem_pestat] low and high boundaries for computing mean and std.dev: (1, 604)
[M::mem_pestat] mean and std.dev: (126.42, 143.12)
[M::mem_pestat] low and high boundaries for proper pairs: (1, 798)
[M::mem_pestat] analyzing insert size distribution for orientation RR...
[M::mem_pestat] (25, 50, 75) percentile: (53, 118, 195)
[M::mem_pestat] low and high boundaries for computing mean and std.dev: (1, 479)
[M::mem_pestat] mean and std.dev: (116.97, 78.92)
[M::mem_pestat] low and high boundaries for proper pairs: (1, 621)
[M::mem_pestat] skip orientation FF
[M::mem_pestat] skip orientation RF
[M::mem_pestat] skip orientation RR
[M::mem_process_seqs] Processed 1743318 reads in 571.029 CPU sec, 37.486 real sec
[M::process] read 1748886 sequences (160000022 bp)...
[M::mem_pestat] # candidate unique pairs for (FF, FR, RF, RR): (40, 601381, 762, 39)
[M::mem_pestat] analyzing insert size distribution for orientation FF...
[M::mem_pestat] (25, 50, 75) percentile: (111, 196, 317)
[M::mem_pestat] low and high boundaries for computing mean and std.dev: (1, 729)
[M::mem_pestat] mean and std.dev: (200.68, 130.38)
[M::mem_pestat] low and high boundaries for proper pairs: (1, 935)
[M::mem_pestat] analyzing insert size distribution for orientation FR...
[M::mem_pestat] (25, 50, 75) percentile: (99, 178, 235)
[M::mem_pestat] low and high boundaries for computing mean and std.dev: (1, 507)
[M::mem_pestat] mean and std.dev: (184.89, 103.49)
[M::mem_pestat] low and high boundaries for proper pairs: (1, 643)
[M::mem_pestat] analyzing insert size distribution for orientation RF...
[M::mem_pestat] (25, 50, 75) percentile: (25, 117, 234)
[M::mem_pestat] low and high boundaries for computing mean and std.dev: (1, 652)
[M::mem_pestat] mean and std.dev: (137.66, 150.84)
[M::mem_pestat] low and high boundaries for proper pairs: (1, 861)
[M::mem_pestat] analyzing insert size distribution for orientation RR...
[M::mem_pestat] (25, 50, 75) percentile: (47, 74, 185)
[M::mem_pestat] low and high boundaries for computing mean and std.dev: (1, 461)
[M::mem_pestat] mean and std.dev: (103.08, 83.84)
[M::mem_pestat] low and high boundaries for proper pairs: (1, 599)
[M::mem_pestat] skip orientation FF
[M::mem_pestat] skip orientation RF
[M::mem_pestat] skip orientation RR
[M::mem_process_seqs] Processed 1740952 reads in 548.567 CPU sec, 35.759 real sec
[M::process] read 1758940 sequences (160000108 bp)...
[M::mem_pestat] # candidate unique pairs for (FF, FR, RF, RR): (108, 594405, 801, 66)
[M::mem_pestat] analyzing insert size distribution for orientation FF...
[M::mem_pestat] (25, 50, 75) percentile: (88, 225, 385)
[M::mem_pestat] low and high boundaries for computing mean and std.dev: (1, 979)
[M::mem_pestat] mean and std.dev: (188.66, 134.17)
[M::mem_pestat] low and high boundaries for proper pairs: (1, 1276)
[M::mem_pestat] analyzing insert size distribution for orientation FR...
[M::mem_pestat] (25, 50, 75) percentile: (99, 176, 230)
[M::mem_pestat] low and high boundaries for computing mean and std.dev: (1, 492)
[M::mem_pestat] mean and std.dev: (181.14, 99.71)
[M::mem_pestat] low and high boundaries for proper pairs: (1, 623)
[M::mem_pestat] analyzing insert size distribution for orientation RF...
[M::mem_pestat] (25, 50, 75) percentile: (26, 132, 252)
[M::mem_pestat] low and high boundaries for computing mean and std.dev: (1, 704)
[M::mem_pestat] mean and std.dev: (142.32, 152.10)
[M::mem_pestat] low and high boundaries for proper pairs: (1, 930)
[M::mem_pestat] analyzing insert size distribution for orientation RR...
[M::mem_pestat] (25, 50, 75) percentile: (46, 119, 316)
[M::mem_pestat] low and high boundaries for computing mean and std.dev: (1, 856)
[M::mem_pestat] mean and std.dev: (124.66, 131.07)
[M::mem_pestat] low and high boundaries for proper pairs: (1, 1126)
[M::mem_pestat] skip orientation FF
[M::mem_pestat] skip orientation RF
[M::mem_pestat] skip orientation RR
[M::mem_process_seqs] Processed 1748886 reads in 562.689 CPU sec, 36.571 real sec
[M::process] read 1756480 sequences (160000066 bp)...
[M::mem_pestat] # candidate unique pairs for (FF, FR, RF, RR): (148, 591901, 698, 84)
[M::mem_pestat] analyzing insert size distribution for orientation FF...
[M::mem_pestat] (25, 50, 75) percentile: (109, 241, 575)
[M::mem_pestat] low and high boundaries for computing mean and std.dev: (1, 1507)
[M::mem_pestat] mean and std.dev: (269.38, 281.91)
[M::mem_pestat] low and high boundaries for proper pairs: (1, 1973)
[M::mem_pestat] analyzing insert size distribution for orientation FR...
[M::mem_pestat] (25, 50, 75) percentile: (97, 172, 225)
[M::mem_pestat] low and high boundaries for computing mean and std.dev: (1, 481)
[M::mem_pestat] mean and std.dev: (177.08, 97.24)
[M::mem_pestat] low and high boundaries for proper pairs: (1, 609)
[M::mem_pestat] analyzing insert size distribution for orientation RF...
[M::mem_pestat] (25, 50, 75) percentile: (28, 101, 240)
[M::mem_pestat] low and high boundaries for computing mean and std.dev: (1, 664)
[M::mem_pestat] mean and std.dev: (129.99, 145.30)
[M::mem_pestat] low and high boundaries for proper pairs: (1, 876)
[M::mem_pestat] analyzing insert size distribution for orientation RR...
[M::mem_pestat] (25, 50, 75) percentile: (57, 274, 1858)
[M::mem_pestat] low and high boundaries for computing mean and std.dev: (1, 5460)
[M::mem_pestat] mean and std.dev: (832.15, 1254.08)
[M::mem_pestat] low and high boundaries for proper pairs: (1, 7261)
[M::mem_pestat] skip orientation FF
[M::mem_pestat] skip orientation RF
[M::mem_pestat] skip orientation RR
[M::mem_process_seqs] Processed 1758940 reads in 581.410 CPU sec, 38.095 real sec
[M::process] read 1744544 sequences (160000098 bp)...
[M::mem_pestat] # candidate unique pairs for (FF, FR, RF, RR): (142, 594896, 744, 81)
[M::mem_pestat] analyzing insert size distribution for orientation FF...
[M::mem_pestat] (25, 50, 75) percentile: (94, 285, 550)
[M::mem_pestat] low and high boundaries for computing mean and std.dev: (1, 1462)
[M::mem_pestat] mean and std.dev: (238.38, 198.92)
[M::mem_pestat] low and high boundaries for proper pairs: (1, 1918)
[M::mem_pestat] analyzing insert size distribution for orientation FR...
[M::mem_pestat] (25, 50, 75) percentile: (98, 173, 227)
[M::mem_pestat] low and high boundaries for computing mean and std.dev: (1, 485)
[M::mem_pestat] mean and std.dev: (178.16, 97.97)
[M::mem_pestat] low and high boundaries for proper pairs: (1, 614)
[M::mem_pestat] analyzing insert size distribution for orientation RF...
[M::mem_pestat] (25, 50, 75) percentile: (25, 99, 244)
[M::mem_pestat] low and high boundaries for computing mean and std.dev: (1, 682)
[M::mem_pestat] mean and std.dev: (130.82, 143.88)
[M::mem_pestat] low and high boundaries for proper pairs: (1, 901)
[M::mem_pestat] analyzing insert size distribution for orientation RR...
[M::mem_pestat] (25, 50, 75) percentile: (40, 134, 1167)
[M::mem_pestat] low and high boundaries for computing mean and std.dev: (1, 3421)
[M::mem_pestat] mean and std.dev: (421.74, 737.12)
[M::mem_pestat] low and high boundaries for proper pairs: (1, 4548)
[M::mem_pestat] skip orientation FF
[M::mem_pestat] skip orientation RF
[M::mem_pestat] skip orientation RR
[M::mem_process_seqs] Processed 1756480 reads in 566.090 CPU sec, 36.957 real sec
[M::process] read 1746638 sequences (160000067 bp)...
[M::mem_pestat] # candidate unique pairs for (FF, FR, RF, RR): (97, 597778, 814, 50)
[M::mem_pestat] analyzing insert size distribution for orientation FF...
[M::mem_pestat] (25, 50, 75) percentile: (86, 213, 397)
[M::mem_pestat] low and high boundaries for computing mean and std.dev: (1, 1019)
[M::mem_pestat] mean and std.dev: (212.84, 170.84)
[M::mem_pestat] low and high boundaries for proper pairs: (1, 1330)
[M::mem_pestat] analyzing insert size distribution for orientation FR...
[M::mem_pestat] (25, 50, 75) percentile: (100, 178, 233)
[M::mem_pestat] low and high boundaries for computing mean and std.dev: (1, 499)
[M::mem_pestat] mean and std.dev: (183.87, 101.77)
[M::mem_pestat] low and high boundaries for proper pairs: (1, 632)
[M::mem_pestat] analyzing insert size distribution for orientation RF...
[M::mem_pestat] (25, 50, 75) percentile: (27, 118, 228)
[M::mem_pestat] low and high boundaries for computing mean and std.dev: (1, 630)
[M::mem_pestat] mean and std.dev: (127.87, 135.50)
[M::mem_pestat] low and high boundaries for proper pairs: (1, 831)
[M::mem_pestat] analyzing insert size distribution for orientation RR...
[M::mem_pestat] (25, 50, 75) percentile: (47, 157, 935)
[M::mem_pestat] low and high boundaries for computing mean and std.dev: (1, 2711)
[M::mem_pestat] mean and std.dev: (260.25, 536.04)
[M::mem_pestat] low and high boundaries for proper pairs: (1, 3599)
[M::mem_pestat] skip orientation FF
[M::mem_pestat] skip orientation RF
[M::mem_pestat] skip orientation RR
[M::mem_process_seqs] Processed 1744544 reads in 545.044 CPU sec, 35.558 real sec
[M::process] read 1752202 sequences (160000058 bp)...
[M::mem_pestat] # candidate unique pairs for (FF, FR, RF, RR): (110, 594525, 769, 76)
[M::mem_pestat] analyzing insert size distribution for orientation FF...
[M::mem_pestat] (25, 50, 75) percentile: (104, 192, 363)
[M::mem_pestat] low and high boundaries for computing mean and std.dev: (1, 881)
[M::mem_pestat] mean and std.dev: (178.43, 127.45)
[M::mem_pestat] low and high boundaries for proper pairs: (1, 1140)
[M::mem_pestat] analyzing insert size distribution for orientation FR...
[M::mem_pestat] (25, 50, 75) percentile: (100, 176, 232)
[M::mem_pestat] low and high boundaries for computing mean and std.dev: (1, 496)
[M::mem_pestat] mean and std.dev: (182.37, 100.82)
[M::mem_pestat] low and high boundaries for proper pairs: (1, 628)
[M::mem_pestat] analyzing insert size distribution for orientation RF...
[M::mem_pestat] (25, 50, 75) percentile: (25, 110, 229)
[M::mem_pestat] low and high boundaries for computing mean and std.dev: (1, 637)
[M::mem_pestat] mean and std.dev: (128.25, 137.16)
[M::mem_pestat] low and high boundaries for proper pairs: (1, 841)
[M::mem_pestat] analyzing insert size distribution for orientation RR...
[M::mem_pestat] (25, 50, 75) percentile: (73, 200, 1970)
[M::mem_pestat] low and high boundaries for computing mean and std.dev: (1, 5764)
[M::mem_pestat] mean and std.dev: (798.21, 1382.70)
[M::mem_pestat] low and high boundaries for proper pairs: (1, 7661)
[M::mem_pestat] skip orientation FF
[M::mem_pestat] skip orientation RF
[M::mem_pestat] skip orientation RR
[M::mem_process_seqs] Processed 1746638 reads in 551.330 CPU sec, 35.929 real sec
[M::process] read 1748130 sequences (160000143 bp)...
[M::mem_pestat] # candidate unique pairs for (FF, FR, RF, RR): (116, 593567, 763, 69)
[M::mem_pestat] analyzing insert size distribution for orientation FF...
[M::mem_pestat] (25, 50, 75) percentile: (93, 204, 424)
[M::mem_pestat] low and high boundaries for computing mean and std.dev: (1, 1086)
[M::mem_pestat] mean and std.dev: (224.57, 185.09)
[M::mem_pestat] low and high boundaries for proper pairs: (1, 1417)
[M::mem_pestat] analyzing insert size distribution for orientation FR...
[M::mem_pestat] (25, 50, 75) percentile: (98, 174, 228)
[M::mem_pestat] low and high boundaries for computing mean and std.dev: (1, 488)
[M::mem_pestat] mean and std.dev: (179.30, 99.02)
[M::mem_pestat] low and high boundaries for proper pairs: (1, 618)
[M::mem_pestat] analyzing insert size distribution for orientation RF...
[M::mem_pestat] (25, 50, 75) percentile: (25, 102, 268)
[M::mem_pestat] low and high boundaries for computing mean and std.dev: (1, 754)
[M::mem_pestat] mean and std.dev: (134.79, 156.58)
[M::mem_pestat] low and high boundaries for proper pairs: (1, 997)
[M::mem_pestat] analyzing insert size distribution for orientation RR...
[M::mem_pestat] (25, 50, 75) percentile: (62, 130, 2659)
[M::mem_pestat] low and high boundaries for computing mean and std.dev: (1, 7853)
[M::mem_pestat] mean and std.dev: (1206.40, 1961.27)
[M::mem_pestat] low and high boundaries for proper pairs: (1, 10450)
[M::mem_pestat] skip orientation FF
[M::mem_pestat] skip orientation RF
[M::mem_pestat] skip orientation RR
[M::mem_process_seqs] Processed 1752202 reads in 554.701 CPU sec, 36.194 real sec
[M::process] read 1753490 sequences (160000051 bp)...
[M::mem_pestat] # candidate unique pairs for (FF, FR, RF, RR): (122, 597300, 747, 67)
[M::mem_pestat] analyzing insert size distribution for orientation FF...
[M::mem_pestat] (25, 50, 75) percentile: (97, 205, 442)
[M::mem_pestat] low and high boundaries for computing mean and std.dev: (1, 1132)
[M::mem_pestat] mean and std.dev: (211.41, 163.15)
[M::mem_pestat] low and high boundaries for proper pairs: (1, 1477)
[M::mem_pestat] analyzing insert size distribution for orientation FR...
[M::mem_pestat] (25, 50, 75) percentile: (98, 175, 229)
[M::mem_pestat] low and high boundaries for computing mean and std.dev: (1, 491)
[M::mem_pestat] mean and std.dev: (180.32, 99.60)
[M::mem_pestat] low and high boundaries for proper pairs: (1, 622)
[M::mem_pestat] analyzing insert size distribution for orientation RF...
[M::mem_pestat] (25, 50, 75) percentile: (27, 110, 313)
[M::mem_pestat] low and high boundaries for computing mean and std.dev: (1, 885)
[M::mem_pestat] mean and std.dev: (147.62, 175.81)
[M::mem_pestat] low and high boundaries for proper pairs: (1, 1171)
[M::mem_pestat] analyzing insert size distribution for orientation RR...
[M::mem_pestat] (25, 50, 75) percentile: (80, 179, 2462)
[M::mem_pestat] low and high boundaries for computing mean and std.dev: (1, 7226)
[M::mem_pestat] mean and std.dev: (1287.45, 1886.63)
[M::mem_pestat] low and high boundaries for proper pairs: (1, 9608)
[M::mem_pestat] skip orientation FF
[M::mem_pestat] skip orientation RF
[M::mem_pestat] skip orientation RR
[M::mem_process_seqs] Processed 1748130 reads in 559.510 CPU sec, 36.433 real sec
[M::process] read 1778098 sequences (160000065 bp)...
[M::mem_pestat] # candidate unique pairs for (FF, FR, RF, RR): (124, 598848, 741, 70)
[M::mem_pestat] analyzing insert size distribution for orientation FF...
[M::mem_pestat] (25, 50, 75) percentile: (119, 239, 510)
[M::mem_pestat] low and high boundaries for computing mean and std.dev: (1, 1292)
[M::mem_pestat] mean and std.dev: (233.87, 212.56)
[M::mem_pestat] low and high boundaries for proper pairs: (1, 1683)
[M::mem_pestat] analyzing insert size distribution for orientation FR...
[M::mem_pestat] (25, 50, 75) percentile: (98, 174, 227)
[M::mem_pestat] low and high boundaries for computing mean and std.dev: (1, 485)
[M::mem_pestat] mean and std.dev: (178.61, 98.31)
[M::mem_pestat] low and high boundaries for proper pairs: (1, 614)
[M::mem_pestat] analyzing insert size distribution for orientation RF...
[M::mem_pestat] (25, 50, 75) percentile: (25, 105, 228)
[M::mem_pestat] low and high boundaries for computing mean and std.dev: (1, 634)
[M::mem_pestat] mean and std.dev: (128.69, 139.87)
[M::mem_pestat] low and high boundaries for proper pairs: (1, 837)
[M::mem_pestat] analyzing insert size distribution for orientation RR...
[M::mem_pestat] (25, 50, 75) percentile: (56, 173, 423)
[M::mem_pestat] low and high boundaries for computing mean and std.dev: (1, 1157)
[M::mem_pestat] mean and std.dev: (178.40, 210.55)
[M::mem_pestat] low and high boundaries for proper pairs: (1, 1524)
[M::mem_pestat] skip orientation FF
[M::mem_pestat] skip orientation RF
[M::mem_pestat] skip orientation RR
[M::mem_process_seqs] Processed 1753490 reads in 567.535 CPU sec, 36.899 real sec
[M::process] read 1794604 sequences (160000127 bp)...
[M::mem_pestat] # candidate unique pairs for (FF, FR, RF, RR): (160, 592603, 682, 85)
[M::mem_pestat] analyzing insert size distribution for orientation FF...
[M::mem_pestat] (25, 50, 75) percentile: (88, 192, 581)
[M::mem_pestat] low and high boundaries for computing mean and std.dev: (1, 1567)
[M::mem_pestat] mean and std.dev: (246.24, 292.19)
[M::mem_pestat] low and high boundaries for proper pairs: (1, 2060)
[M::mem_pestat] analyzing insert size distribution for orientation FR...
[M::mem_pestat] (25, 50, 75) percentile: (95, 167, 218)
[M::mem_pestat] low and high boundaries for computing mean and std.dev: (1, 464)
[M::mem_pestat] mean and std.dev: (170.85, 91.67)
[M::mem_pestat] low and high boundaries for proper pairs: (1, 587)
[M::mem_pestat] analyzing insert size distribution for orientation RF...
[M::mem_pestat] (25, 50, 75) percentile: (26, 104, 244)
[M::mem_pestat] low and high boundaries for computing mean and std.dev: (1, 680)
[M::mem_pestat] mean and std.dev: (125.12, 137.70)
[M::mem_pestat] low and high boundaries for proper pairs: (1, 898)
[M::mem_pestat] analyzing insert size distribution for orientation RR...
[M::mem_pestat] (25, 50, 75) percentile: (56, 180, 2502)
[M::mem_pestat] low and high boundaries for computing mean and std.dev: (1, 7394)
[M::mem_pestat] mean and std.dev: (1164.06, 1839.98)
[M::mem_pestat] low and high boundaries for proper pairs: (1, 9840)
[M::mem_pestat] skip orientation FF
[M::mem_pestat] skip orientation RF
[M::mem_pestat] skip orientation RR
[M::mem_process_seqs] Processed 1778098 reads in 584.175 CPU sec, 38.052 real sec
[M::process] read 1787046 sequences (160000068 bp)...
[M::mem_pestat] # candidate unique pairs for (FF, FR, RF, RR): (214, 590652, 688, 122)
[M::mem_pestat] analyzing insert size distribution for orientation FF...
[M::mem_pestat] (25, 50, 75) percentile: (107, 257, 692)
[M::mem_pestat] low and high boundaries for computing mean and std.dev: (1, 1862)
[M::mem_pestat] mean and std.dev: (249.07, 263.37)
[M::mem_pestat] low and high boundaries for proper pairs: (1, 2447)
[M::mem_pestat] analyzing insert size distribution for orientation FR...
[M::mem_pestat] (25, 50, 75) percentile: (92, 161, 213)
[M::mem_pestat] low and high boundaries for computing mean and std.dev: (1, 455)
[M::mem_pestat] mean and std.dev: (165.23, 87.48)
[M::mem_pestat] low and high boundaries for proper pairs: (1, 576)
[M::mem_pestat] analyzing insert size distribution for orientation RF...
[M::mem_pestat] (25, 50, 75) percentile: (27, 142, 356)
[M::mem_pestat] low and high boundaries for computing mean and std.dev: (1, 1014)
[M::mem_pestat] mean and std.dev: (162.42, 205.84)
[M::mem_pestat] low and high boundaries for proper pairs: (1, 1343)
[M::mem_pestat] analyzing insert size distribution for orientation RR...
[M::mem_pestat] (25, 50, 75) percentile: (51, 189, 2109)
[M::mem_pestat] low and high boundaries for computing mean and std.dev: (1, 6225)
[M::mem_pestat] mean and std.dev: (758.75, 1276.16)
[M::mem_pestat] low and high boundaries for proper pairs: (1, 8283)
[M::mem_pestat] skip orientation FF
[M::mem_pestat] skip orientation RF
[M::mem_pestat] skip orientation RR
[M::mem_process_seqs] Processed 1794604 reads in 608.855 CPU sec, 39.723 real sec
[M::process] read 1767424 sequences (160000188 bp)...
[M::mem_pestat] # candidate unique pairs for (FF, FR, RF, RR): (170, 595037, 664, 133)
[M::mem_pestat] analyzing insert size distribution for orientation FF...
[M::mem_pestat] (25, 50, 75) percentile: (93, 227, 1205)
[M::mem_pestat] low and high boundaries for computing mean and std.dev: (1, 3429)
[M::mem_pestat] mean and std.dev: (397.41, 690.31)
[M::mem_pestat] low and high boundaries for proper pairs: (1, 4541)
[M::mem_pestat] analyzing insert size distribution for orientation FR...
[M::mem_pestat] (25, 50, 75) percentile: (93, 163, 214)
[M::mem_pestat] low and high boundaries for computing mean and std.dev: (1, 456)
[M::mem_pestat] mean and std.dev: (166.94, 88.26)
[M::mem_pestat] low and high boundaries for proper pairs: (1, 577)
[M::mem_pestat] analyzing insert size distribution for orientation RF...
[M::mem_pestat] (25, 50, 75) percentile: (25, 101, 235)
[M::mem_pestat] low and high boundaries for computing mean and std.dev: (1, 655)
[M::mem_pestat] mean and std.dev: (124.12, 135.16)
[M::mem_pestat] low and high boundaries for proper pairs: (1, 865)
[M::mem_pestat] analyzing insert size distribution for orientation RR...
[M::mem_pestat] (25, 50, 75) percentile: (55, 176, 2328)
[M::mem_pestat] low and high boundaries for computing mean and std.dev: (1, 6874)
[M::mem_pestat] mean and std.dev: (986.08, 1512.42)
[M::mem_pestat] low and high boundaries for proper pairs: (1, 9147)
[M::mem_pestat] skip orientation FF
[M::mem_pestat] skip orientation RF
[M::mem_pestat] skip orientation RR
[M::mem_process_seqs] Processed 1787046 reads in 599.922 CPU sec, 39.208 real sec
[M::process] read 1747588 sequences (160000189 bp)...
[M::mem_pestat] # candidate unique pairs for (FF, FR, RF, RR): (97, 597020, 714, 62)
[M::mem_pestat] analyzing insert size distribution for orientation FF...
[M::mem_pestat] (25, 50, 75) percentile: (88, 199, 772)
[M::mem_pestat] low and high boundaries for computing mean and std.dev: (1, 2140)
[M::mem_pestat] mean and std.dev: (213.88, 255.30)
[M::mem_pestat] low and high boundaries for proper pairs: (1, 2824)
[M::mem_pestat] analyzing insert size distribution for orientation FR...
[M::mem_pestat] (25, 50, 75) percentile: (95, 169, 220)
[M::mem_pestat] low and high boundaries for computing mean and std.dev: (1, 470)
[M::mem_pestat] mean and std.dev: (173.19, 93.88)
[M::mem_pestat] low and high boundaries for proper pairs: (1, 595)
[M::mem_pestat] analyzing insert size distribution for orientation RF...
[M::mem_pestat] (25, 50, 75) percentile: (24, 93, 211)
[M::mem_pestat] low and high boundaries for computing mean and std.dev: (1, 585)
[M::mem_pestat] mean and std.dev: (121.24, 127.30)
[M::mem_pestat] low and high boundaries for proper pairs: (1, 772)
[M::mem_pestat] analyzing insert size distribution for orientation RR...
[M::mem_pestat] (25, 50, 75) percentile: (54, 177, 1519)
[M::mem_pestat] low and high boundaries for computing mean and std.dev: (1, 4449)
[M::mem_pestat] mean and std.dev: (719.79, 1223.90)
[M::mem_pestat] low and high boundaries for proper pairs: (1, 5914)
[M::mem_pestat] skip orientation FF
[M::mem_pestat] skip orientation RF
[M::mem_pestat] skip orientation RR
[M::mem_process_seqs] Processed 1767424 reads in 586.946 CPU sec, 38.200 real sec
[M::process] read 1751396 sequences (160000101 bp)...
[M::mem_pestat] # candidate unique pairs for (FF, FR, RF, RR): (74, 597641, 748, 56)
[M::mem_pestat] analyzing insert size distribution for orientation FF...
[M::mem_pestat] (25, 50, 75) percentile: (125, 205, 503)
[M::mem_pestat] low and high boundaries for computing mean and std.dev: (1, 1259)
[M::mem_pestat] mean and std.dev: (243.03, 189.04)
[M::mem_pestat] low and high boundaries for proper pairs: (1, 1637)
[M::mem_pestat] analyzing insert size distribution for orientation FR...
[M::mem_pestat] (25, 50, 75) percentile: (99, 177, 230)
[M::mem_pestat] low and high boundaries for computing mean and std.dev: (1, 492)
[M::mem_pestat] mean and std.dev: (181.89, 99.95)
[M::mem_pestat] low and high boundaries for proper pairs: (1, 623)
[M::mem_pestat] analyzing insert size distribution for orientation RF...
[M::mem_pestat] (25, 50, 75) percentile: (25, 114, 228)
[M::mem_pestat] low and high boundaries for computing mean and std.dev: (1, 634)
[M::mem_pestat] mean and std.dev: (134.80, 144.97)
[M::mem_pestat] low and high boundaries for proper pairs: (1, 837)
[M::mem_pestat] analyzing insert size distribution for orientation RR...
[M::mem_pestat] (25, 50, 75) percentile: (54, 171, 1749)
[M::mem_pestat] low and high boundaries for computing mean and std.dev: (1, 5139)
[M::mem_pestat] mean and std.dev: (619.73, 1156.49)
[M::mem_pestat] low and high boundaries for proper pairs: (1, 6834)
[M::mem_pestat] skip orientation FF
[M::mem_pestat] skip orientation RF
[M::mem_pestat] skip orientation RR
[M::mem_process_seqs] Processed 1747588 reads in 571.390 CPU sec, 37.283 real sec
[M::process] read 1749610 sequences (160000179 bp)...
[M::mem_pestat] # candidate unique pairs for (FF, FR, RF, RR): (49, 599082, 769, 30)
[M::mem_pestat] analyzing insert size distribution for orientation FF...
[M::mem_pestat] (25, 50, 75) percentile: (91, 190, 435)
[M::mem_pestat] low and high boundaries for computing mean and std.dev: (1, 1123)
[M::mem_pestat] mean and std.dev: (240.93, 211.59)
[M::mem_pestat] low and high boundaries for proper pairs: (1, 1467)
[M::mem_pestat] analyzing insert size distribution for orientation FR...
[M::mem_pestat] (25, 50, 75) percentile: (99, 176, 228)
[M::mem_pestat] low and high boundaries for computing mean and std.dev: (1, 486)
[M::mem_pestat] mean and std.dev: (180.30, 98.96)
[M::mem_pestat] low and high boundaries for proper pairs: (1, 615)
[M::mem_pestat] analyzing insert size distribution for orientation RF...
[M::mem_pestat] (25, 50, 75) percentile: (26, 95, 216)
[M::mem_pestat] low and high boundaries for computing mean and std.dev: (1, 596)
[M::mem_pestat] mean and std.dev: (125.97, 134.05)
[M::mem_pestat] low and high boundaries for proper pairs: (1, 786)
[M::mem_pestat] analyzing insert size distribution for orientation RR...
[M::mem_pestat] (25, 50, 75) percentile: (64, 161, 231)
[M::mem_pestat] low and high boundaries for computing mean and std.dev: (1, 565)
[M::mem_pestat] mean and std.dev: (157.39, 94.53)
[M::mem_pestat] low and high boundaries for proper pairs: (1, 732)
[M::mem_pestat] skip orientation FF
[M::mem_pestat] skip orientation RF
[M::mem_pestat] skip orientation RR
[M::mem_process_seqs] Processed 1751396 reads in 571.266 CPU sec, 37.209 real sec
[M::process] read 1755672 sequences (160000153 bp)...
[M::mem_pestat] # candidate unique pairs for (FF, FR, RF, RR): (43, 599141, 783, 30)
[M::mem_pestat] analyzing insert size distribution for orientation FF...
[M::mem_pestat] (25, 50, 75) percentile: (152, 204, 450)
[M::mem_pestat] low and high boundaries for computing mean and std.dev: (1, 1046)
[M::mem_pestat] mean and std.dev: (218.83, 143.34)
[M::mem_pestat] low and high boundaries for proper pairs: (1, 1344)
[M::mem_pestat] analyzing insert size distribution for orientation FR...
[M::mem_pestat] (25, 50, 75) percentile: (99, 176, 230)
[M::mem_pestat] low and high boundaries for computing mean and std.dev: (1, 492)
[M::mem_pestat] mean and std.dev: (181.75, 100.02)
[M::mem_pestat] low and high boundaries for proper pairs: (1, 623)
[M::mem_pestat] analyzing insert size distribution for orientation RF...
[M::mem_pestat] (25, 50, 75) percentile: (25, 104, 226)
[M::mem_pestat] low and high boundaries for computing mean and std.dev: (1, 628)
[M::mem_pestat] mean and std.dev: (131.21, 141.96)
[M::mem_pestat] low and high boundaries for proper pairs: (1, 829)
[M::mem_pestat] analyzing insert size distribution for orientation RR...
[M::mem_pestat] (25, 50, 75) percentile: (58, 124, 240)
[M::mem_pestat] low and high boundaries for computing mean and std.dev: (1, 604)
[M::mem_pestat] mean and std.dev: (108.71, 75.07)
[M::mem_pestat] low and high boundaries for proper pairs: (1, 786)
[M::mem_pestat] skip orientation FF
[M::mem_pestat] skip orientation RF
[M::mem_pestat] skip orientation RR
[M::mem_process_seqs] Processed 1749610 reads in 589.498 CPU sec, 38.368 real sec
[M::process] read 1759112 sequences (160000067 bp)...
[M::mem_pestat] # candidate unique pairs for (FF, FR, RF, RR): (37, 598899, 724, 47)
[M::mem_pestat] analyzing insert size distribution for orientation FF...
[M::mem_pestat] (25, 50, 75) percentile: (72, 159, 462)
[M::mem_pestat] low and high boundaries for computing mean and std.dev: (1, 1242)
[M::mem_pestat] mean and std.dev: (224.74, 216.79)
[M::mem_pestat] low and high boundaries for proper pairs: (1, 1632)
[M::mem_pestat] analyzing insert size distribution for orientation FR...
[M::mem_pestat] (25, 50, 75) percentile: (98, 175, 227)
[M::mem_pestat] low and high boundaries for computing mean and std.dev: (1, 485)
[M::mem_pestat] mean and std.dev: (179.47, 98.66)
[M::mem_pestat] low and high boundaries for proper pairs: (1, 614)
[M::mem_pestat] analyzing insert size distribution for orientation RF...
[M::mem_pestat] (25, 50, 75) percentile: (24, 116, 316)
[M::mem_pestat] low and high boundaries for computing mean and std.dev: (1, 900)
[M::mem_pestat] mean and std.dev: (157.77, 189.42)
[M::mem_pestat] low and high boundaries for proper pairs: (1, 1192)
[M::mem_pestat] analyzing insert size distribution for orientation RR...
[M::mem_pestat] (25, 50, 75) percentile: (64, 141, 631)
[M::mem_pestat] low and high boundaries for computing mean and std.dev: (1, 1765)
[M::mem_pestat] mean and std.dev: (202.38, 265.70)
[M::mem_pestat] low and high boundaries for proper pairs: (1, 2332)
[M::mem_pestat] skip orientation FF
[M::mem_pestat] skip orientation RF
[M::mem_pestat] skip orientation RR
[M::mem_process_seqs] Processed 1755672 reads in 569.507 CPU sec, 36.994 real sec
[M::process] read 1764572 sequences (160000181 bp)...
[M::mem_pestat] # candidate unique pairs for (FF, FR, RF, RR): (73, 598823, 731, 36)
[M::mem_pestat] analyzing insert size distribution for orientation FF...
[M::mem_pestat] (25, 50, 75) percentile: (138, 233, 490)
[M::mem_pestat] low and high boundaries for computing mean and std.dev: (1, 1194)
[M::mem_pestat] mean and std.dev: (230.93, 179.96)
[M::mem_pestat] low and high boundaries for proper pairs: (1, 1546)
[M::mem_pestat] analyzing insert size distribution for orientation FR...
[M::mem_pestat] (25, 50, 75) percentile: (96, 171, 222)
[M::mem_pestat] low and high boundaries for computing mean and std.dev: (1, 474)
[M::mem_pestat] mean and std.dev: (174.41, 94.38)
[M::mem_pestat] low and high boundaries for proper pairs: (1, 600)
[M::mem_pestat] analyzing insert size distribution for orientation RF...
[M::mem_pestat] (25, 50, 75) percentile: (25, 88, 222)
[M::mem_pestat] low and high boundaries for computing mean and std.dev: (1, 616)
[M::mem_pestat] mean and std.dev: (126.08, 137.11)
[M::mem_pestat] low and high boundaries for proper pairs: (1, 813)
[M::mem_pestat] analyzing insert size distribution for orientation RR...
[M::mem_pestat] (25, 50, 75) percentile: (83, 158, 301)
[M::mem_pestat] low and high boundaries for computing mean and std.dev: (1, 737)
[M::mem_pestat] mean and std.dev: (137.21, 86.07)
[M::mem_pestat] low and high boundaries for proper pairs: (1, 955)
[M::mem_pestat] skip orientation FF
[M::mem_pestat] skip orientation RF
[M::mem_pestat] skip orientation RR
[M::mem_process_seqs] Processed 1759112 reads in 565.339 CPU sec, 36.844 real sec
[M::process] read 1765990 sequences (160000106 bp)...
[M::mem_pestat] # candidate unique pairs for (FF, FR, RF, RR): (76, 599244, 752, 54)
[M::mem_pestat] analyzing insert size distribution for orientation FF...
[M::mem_pestat] (25, 50, 75) percentile: (103, 224, 407)
[M::mem_pestat] low and high boundaries for computing mean and std.dev: (1, 1015)
[M::mem_pestat] mean and std.dev: (214.34, 162.51)
[M::mem_pestat] low and high boundaries for proper pairs: (1, 1319)
[M::mem_pestat] analyzing insert size distribution for orientation FR...
[M::mem_pestat] (25, 50, 75) percentile: (95, 168, 219)
[M::mem_pestat] low and high boundaries for computing mean and std.dev: (1, 467)
[M::mem_pestat] mean and std.dev: (171.71, 92.48)
[M::mem_pestat] low and high boundaries for proper pairs: (1, 591)
[M::mem_pestat] analyzing insert size distribution for orientation RF...
[M::mem_pestat] (25, 50, 75) percentile: (26, 69, 218)
[M::mem_pestat] low and high boundaries for computing mean and std.dev: (1, 602)
[M::mem_pestat] mean and std.dev: (116.29, 129.27)
[M::mem_pestat] low and high boundaries for proper pairs: (1, 794)
[M::mem_pestat] analyzing insert size distribution for orientation RR...
[M::mem_pestat] (25, 50, 75) percentile: (46, 100, 346)
[M::mem_pestat] low and high boundaries for computing mean and std.dev: (1, 946)
[M::mem_pestat] mean and std.dev: (152.24, 193.10)
[M::mem_pestat] low and high boundaries for proper pairs: (1, 1246)
[M::mem_pestat] skip orientation FF
[M::mem_pestat] skip orientation RF
[M::mem_pestat] skip orientation RR
[M::mem_process_seqs] Processed 1764572 reads in 601.554 CPU sec, 39.315 real sec
[M::process] read 1081854 sequences (98231168 bp)...
[M::mem_pestat] # candidate unique pairs for (FF, FR, RF, RR): (74, 597576, 726, 52)
[M::mem_pestat] analyzing insert size distribution for orientation FF...
[M::mem_pestat] (25, 50, 75) percentile: (73, 183, 338)
[M::mem_pestat] low and high boundaries for computing mean and std.dev: (1, 868)
[M::mem_pestat] mean and std.dev: (192.87, 161.18)
[M::mem_pestat] low and high boundaries for proper pairs: (1, 1133)
[M::mem_pestat] analyzing insert size distribution for orientation FR...
[M::mem_pestat] (25, 50, 75) percentile: (96, 169, 219)
[M::mem_pestat] low and high boundaries for computing mean and std.dev: (1, 465)
[M::mem_pestat] mean and std.dev: (172.30, 92.58)
[M::mem_pestat] low and high boundaries for proper pairs: (1, 588)
[M::mem_pestat] analyzing insert size distribution for orientation RF...
[M::mem_pestat] (25, 50, 75) percentile: (25, 89, 260)
[M::mem_pestat] low and high boundaries for computing mean and std.dev: (1, 730)
[M::mem_pestat] mean and std.dev: (133.01, 153.85)
[M::mem_pestat] low and high boundaries for proper pairs: (1, 965)
[M::mem_pestat] analyzing insert size distribution for orientation RR...
[M::mem_pestat] (25, 50, 75) percentile: (60, 351, 2212)
[M::mem_pestat] low and high boundaries for computing mean and std.dev: (1, 6516)
[M::mem_pestat] mean and std.dev: (753.67, 1035.02)
[M::mem_pestat] low and high boundaries for proper pairs: (1, 8668)
[M::mem_pestat] skip orientation FF
[M::mem_pestat] skip orientation RF
[M::mem_pestat] skip orientation RR
[M::mem_process_seqs] Processed 1765990 reads in 608.617 CPU sec, 39.510 real sec
[M::mem_pestat] # candidate unique pairs for (FF, FR, RF, RR): (42, 366478, 445, 32)
[M::mem_pestat] analyzing insert size distribution for orientation FF...
[M::mem_pestat] (25, 50, 75) percentile: (81, 171, 334)
[M::mem_pestat] low and high boundaries for computing mean and std.dev: (1, 840)
[M::mem_pestat] mean and std.dev: (183.16, 130.44)
[M::mem_pestat] low and high boundaries for proper pairs: (1, 1093)
[M::mem_pestat] analyzing insert size distribution for orientation FR...
[M::mem_pestat] (25, 50, 75) percentile: (97, 170, 221)
[M::mem_pestat] low and high boundaries for computing mean and std.dev: (1, 469)
[M::mem_pestat] mean and std.dev: (174.01, 93.60)
[M::mem_pestat] low and high boundaries for proper pairs: (1, 593)
[M::mem_pestat] analyzing insert size distribution for orientation RF...
[M::mem_pestat] (25, 50, 75) percentile: (22, 66, 199)
[M::mem_pestat] low and high boundaries for computing mean and std.dev: (1, 553)
[M::mem_pestat] mean and std.dev: (113.36, 124.54)
[M::mem_pestat] low and high boundaries for proper pairs: (1, 730)
[M::mem_pestat] analyzing insert size distribution for orientation RR...
[M::mem_pestat] (25, 50, 75) percentile: (118, 177, 450)
[M::mem_pestat] low and high boundaries for computing mean and std.dev: (1, 1114)
[M::mem_pestat] mean and std.dev: (154.00, 99.91)
[M::mem_pestat] low and high boundaries for proper pairs: (1, 1446)
[M::mem_pestat] skip orientation FF
[M::mem_pestat] skip orientation RF
[M::mem_pestat] skip orientation RR
[M::mem_process_seqs] Processed 1081854 reads in 376.499 CPU sec, 25.317 real sec
[main] Version: 0.7.17-r1188
[main] CMD: bwa mem -t 16 /home/groups/MaxsonLab/indices/GRch38/GCA_000001405.15_GRCh38_no_alt_analysis_set.fasta samples/trim/MOLM24X_3_R1_fastqc_tpaired.fastq.gz samples/trim/MOLM24X_3_R2_fastqc_tpaired.fastq.gz
[main] Real time: 1294.335 sec; CPU: 19186.716 sec
[Thu Sep 10 16:19:13 2020]
Finished job 0.
1 of 1 steps (100%) done
