Building DAG of jobs...
Using shell: /usr/bin/bash
Provided cores: 16
Rules claiming more threads will be scaled down.
Job counts:
	count	jobs
	1	align
	1

[Thu Sep 10 15:53:14 2020]
Job 0: --- Aligning reads to reference.

Activating conda environment: /home/groups/MaxsonLab/kongg/atac_seq2/.snakemake/conda/714e46c9
[M::bwa_idx_load_from_disk] read 0 ALT contigs
[M::process] read 1736552 sequences (160000166 bp)...
[M::process] read 1740374 sequences (160000100 bp)...
[M::mem_pestat] # candidate unique pairs for (FF, FR, RF, RR): (46, 572363, 703, 38)
[M::mem_pestat] analyzing insert size distribution for orientation FF...
[M::mem_pestat] (25, 50, 75) percentile: (52, 103, 228)
[M::mem_pestat] low and high boundaries for computing mean and std.dev: (1, 580)
[M::mem_pestat] mean and std.dev: (145.36, 119.07)
[M::mem_pestat] low and high boundaries for proper pairs: (1, 756)
[M::mem_pestat] analyzing insert size distribution for orientation FR...
[M::mem_pestat] (25, 50, 75) percentile: (100, 174, 234)
[M::mem_pestat] low and high boundaries for computing mean and std.dev: (1, 502)
[M::mem_pestat] mean and std.dev: (183.76, 102.17)
[M::mem_pestat] low and high boundaries for proper pairs: (1, 636)
[M::mem_pestat] analyzing insert size distribution for orientation RF...
[M::mem_pestat] (25, 50, 75) percentile: (22, 61, 254)
[M::mem_pestat] low and high boundaries for computing mean and std.dev: (1, 718)
[M::mem_pestat] mean and std.dev: (133.03, 157.16)
[M::mem_pestat] low and high boundaries for proper pairs: (1, 950)
[M::mem_pestat] analyzing insert size distribution for orientation RR...
[M::mem_pestat] (25, 50, 75) percentile: (60, 174, 390)
[M::mem_pestat] low and high boundaries for computing mean and std.dev: (1, 1050)
[M::mem_pestat] mean and std.dev: (135.83, 105.43)
[M::mem_pestat] low and high boundaries for proper pairs: (1, 1380)
[M::mem_pestat] skip orientation FF
[M::mem_pestat] skip orientation RF
[M::mem_pestat] skip orientation RR
[M::mem_process_seqs] Processed 1736552 reads in 500.393 CPU sec, 36.927 real sec
[M::mem_pestat] # candidate unique pairs for (FF, FR, RF, RR): (57, 571249, 672, 47)
[M::mem_pestat] analyzing insert size distribution for orientation FF...
[M::mem_pestat] (25, 50, 75) percentile: (86, 163, 348)
[M::mem_pestat] low and high boundaries for computing mean and std.dev: (1, 872)
[M::mem_pestat] mean and std.dev: (178.06, 150.32)
[M::mem_pestat] low and high boundaries for proper pairs: (1, 1134)
[M::mem_pestat] analyzing insert size distribution for orientation FR...
[M::mem_pestat] (25, 50, 75) percentile: (100, 172, 231)
[M::mem_pestat] low and high boundaries for computing mean and std.dev: (1, 493)
[M::mem_pestat] mean and std.dev: (181.64, 100.27)
[M::mem_pestat] low and high boundaries for proper pairs: (1, 624)
[M::mem_pestat] analyzing insert size distribution for orientation RF...
[M::mem_pestat] (25, 50, 75) percentile: (26, 78, 227)
[M::mem_pestat] low and high boundaries for computing mean and std.dev: (1, 629)
[M::mem_pestat] mean and std.dev: (126.37, 137.50)
[M::mem_pestat] low and high boundaries for proper pairs: (1, 830)
[M::mem_pestat] analyzing insert size distribution for orientation RR...
[M::mem_pestat] (25, 50, 75) percentile: (83, 175, 349)
[M::mem_pestat] low and high boundaries for computing mean and std.dev: (1, 881)
[M::mem_pestat] mean and std.dev: (162.36, 117.27)
[M::mem_pestat] low and high boundaries for proper pairs: (1, 1147)
[M::mem_pestat] skip orientation FF
[M::mem_pestat] skip orientation RF
[M::mem_pestat] skip orientation RR
[M::process] read 1740054 sequences (160000022 bp)...
[M::mem_process_seqs] Processed 1740374 reads in 497.958 CPU sec, 33.070 real sec
[M::mem_pestat] # candidate unique pairs for (FF, FR, RF, RR): (74, 568976, 639, 40)
[M::mem_pestat] analyzing insert size distribution for orientation FF...
[M::mem_pestat] (25, 50, 75) percentile: (100, 227, 467)
[M::mem_pestat] low and high boundaries for computing mean and std.dev: (1, 1201)
[M::mem_pestat] mean and std.dev: (201.59, 149.85)
[M::mem_pestat] low and high boundaries for proper pairs: (1, 1568)
[M::mem_pestat] analyzing insert size distribution for orientation FR...
[M::mem_pestat] (25, 50, 75) percentile: (99, 172, 232)
[M::mem_pestat] low and high boundaries for computing mean and std.dev: (1, 498)
[M::mem_pestat] mean and std.dev: (181.93, 101.09)
[M::mem_pestat] low and high boundaries for proper pairs: (1, 631)
[M::mem_pestat] analyzing insert size distribution for orientation RF...
[M::mem_pestat] (25, 50, 75) percentile: (25, 60, 206)
[M::mem_pestat] low and high boundaries for computing mean and std.dev: (1, 568)
[M::mem_pestat] mean and std.dev: (115.55, 126.99)
[M::mem_pestat] low and high boundaries for proper pairs: (1, 749)
[M::mem_pestat] analyzing insert size distribution for orientation RR...
[M::mem_pestat] (25, 50, 75) percentile: (85, 166, 3441)
[M::mem_pestat] low and high boundaries for computing mean and std.dev: (1, 10153)
[M::mem_pestat] mean and std.dev: (1446.20, 2342.36)
[M::mem_pestat] low and high boundaries for proper pairs: (1, 13509)
[M::mem_pestat] skip orientation FF
[M::mem_pestat] skip orientation RF
[M::mem_pestat] skip orientation RR
[M::process] read 1741846 sequences (160000038 bp)...
[M::mem_process_seqs] Processed 1740054 reads in 497.546 CPU sec, 32.560 real sec
[M::mem_pestat] # candidate unique pairs for (FF, FR, RF, RR): (158, 567098, 672, 79)
[M::mem_pestat] analyzing insert size distribution for orientation FF...
[M::mem_pestat] (25, 50, 75) percentile: (93, 190, 437)
[M::mem_pestat] low and high boundaries for computing mean and std.dev: (1, 1125)
[M::mem_pestat] mean and std.dev: (201.60, 160.48)
[M::mem_pestat] low and high boundaries for proper pairs: (1, 1469)
[M::mem_pestat] analyzing insert size distribution for orientation FR...
[M::mem_pestat] (25, 50, 75) percentile: (101, 173, 233)
[M::mem_pestat] low and high boundaries for computing mean and std.dev: (1, 497)
[M::mem_pestat] mean and std.dev: (182.81, 100.73)
[M::mem_pestat] low and high boundaries for proper pairs: (1, 629)
[M::mem_pestat] analyzing insert size distribution for orientation RF...
[M::mem_pestat] (25, 50, 75) percentile: (23, 59, 230)
[M::mem_pestat] low and high boundaries for computing mean and std.dev: (1, 644)
[M::mem_pestat] mean and std.dev: (121.46, 138.81)
[M::mem_pestat] low and high boundaries for proper pairs: (1, 851)
[M::mem_pestat] analyzing insert size distribution for orientation RR...
[M::mem_pestat] (25, 50, 75) percentile: (62, 269, 3175)
[M::mem_pestat] low and high boundaries for computing mean and std.dev: (1, 9401)
[M::mem_pestat] mean and std.dev: (1745.17, 2430.44)
[M::mem_pestat] low and high boundaries for proper pairs: (1, 12514)
[M::mem_pestat] skip orientation FF
[M::mem_pestat] skip orientation RF
[M::mem_pestat] skip orientation RR
[M::process] read 1746004 sequences (160000070 bp)...
[M::mem_process_seqs] Processed 1741846 reads in 506.885 CPU sec, 33.246 real sec
[M::mem_pestat] # candidate unique pairs for (FF, FR, RF, RR): (197, 565583, 705, 97)
[M::mem_pestat] analyzing insert size distribution for orientation FF...
[M::mem_pestat] (25, 50, 75) percentile: (90, 201, 397)
[M::mem_pestat] low and high boundaries for computing mean and std.dev: (1, 1011)
[M::mem_pestat] mean and std.dev: (204.98, 165.34)
[M::mem_pestat] low and high boundaries for proper pairs: (1, 1318)
[M::mem_pestat] analyzing insert size distribution for orientation FR...
[M::mem_pestat] (25, 50, 75) percentile: (102, 173, 232)
[M::mem_pestat] low and high boundaries for computing mean and std.dev: (1, 492)
[M::mem_pestat] mean and std.dev: (182.09, 99.53)
[M::mem_pestat] low and high boundaries for proper pairs: (1, 622)
[M::mem_pestat] analyzing insert size distribution for orientation RF...
[M::mem_pestat] (25, 50, 75) percentile: (25, 70, 247)
[M::mem_pestat] low and high boundaries for computing mean and std.dev: (1, 691)
[M::mem_pestat] mean and std.dev: (120.21, 141.85)
[M::mem_pestat] low and high boundaries for proper pairs: (1, 913)
[M::mem_pestat] analyzing insert size distribution for orientation RR...
[M::mem_pestat] (25, 50, 75) percentile: (75, 217, 3306)
[M::mem_pestat] low and high boundaries for computing mean and std.dev: (1, 9768)
[M::mem_pestat] mean and std.dev: (1837.07, 2640.17)
[M::mem_pestat] low and high boundaries for proper pairs: (1, 12999)
[M::mem_pestat] skip orientation FF
[M::mem_pestat] skip orientation RF
[M::mem_pestat] skip orientation RR
[M::process] read 1747652 sequences (160000081 bp)...
[M::mem_process_seqs] Processed 1746004 reads in 510.047 CPU sec, 33.392 real sec
[M::process] read 1746804 sequences (160000125 bp)...
[M::mem_pestat] # candidate unique pairs for (FF, FR, RF, RR): (238, 565831, 705, 123)
[M::mem_pestat] analyzing insert size distribution for orientation FF...
[M::mem_pestat] (25, 50, 75) percentile: (97, 214, 412)
[M::mem_pestat] low and high boundaries for computing mean and std.dev: (1, 1042)
[M::mem_pestat] mean and std.dev: (218.81, 191.93)
[M::mem_pestat] low and high boundaries for proper pairs: (1, 1357)
[M::mem_pestat] analyzing insert size distribution for orientation FR...
[M::mem_pestat] (25, 50, 75) percentile: (101, 172, 231)
[M::mem_pestat] low and high boundaries for computing mean and std.dev: (1, 491)
[M::mem_pestat] mean and std.dev: (181.21, 99.08)
[M::mem_pestat] low and high boundaries for proper pairs: (1, 621)
[M::mem_pestat] analyzing insert size distribution for orientation RF...
[M::mem_pestat] (25, 50, 75) percentile: (26, 112, 259)
[M::mem_pestat] low and high boundaries for computing mean and std.dev: (1, 725)
[M::mem_pestat] mean and std.dev: (127.37, 142.25)
[M::mem_pestat] low and high boundaries for proper pairs: (1, 958)
[M::mem_pestat] analyzing insert size distribution for orientation RR...
[M::mem_pestat] (25, 50, 75) percentile: (53, 155, 1319)
[M::mem_pestat] low and high boundaries for computing mean and std.dev: (1, 3851)
[M::mem_pestat] mean and std.dev: (478.16, 799.01)
[M::mem_pestat] low and high boundaries for proper pairs: (1, 5117)
[M::mem_pestat] skip orientation FF
[M::mem_pestat] skip orientation RF
[M::mem_pestat] skip orientation RR
[M::mem_process_seqs] Processed 1747652 reads in 512.043 CPU sec, 33.596 real sec
[M::mem_pestat] # candidate unique pairs for (FF, FR, RF, RR): (244, 563215, 650, 130)
[M::mem_pestat] analyzing insert size distribution for orientation FF...
[M::mem_pestat] (25, 50, 75) percentile: (109, 247, 496)
[M::mem_pestat] low and high boundaries for computing mean and std.dev: (1, 1270)
[M::mem_pestat] mean and std.dev: (228.27, 199.21)
[M::mem_pestat] low and high boundaries for proper pairs: (1, 1657)
[M::mem_pestat] analyzing insert size distribution for orientation FR...
[M::mem_pestat] (25, 50, 75) percentile: (101, 172, 232)
[M::mem_pestat] low and high boundaries for computing mean and std.dev: (1, 494)
[M::mem_pestat] mean and std.dev: (181.56, 99.55)
[M::mem_pestat] low and high boundaries for proper pairs: (1, 625)
[M::mem_pestat] analyzing insert size distribution for orientation RF...
[M::mem_pestat] (25, 50, 75) percentile: (25, 93, 304)
[M::mem_pestat] low and high boundaries for computing mean and std.dev: (1, 862)
[M::mem_pestat] mean and std.dev: (143.78, 174.46)
[M::mem_pestat] low and high boundaries for proper pairs: (1, 1141)
[M::mem_pestat] analyzing insert size distribution for orientation RR...
[M::mem_pestat] (25, 50, 75) percentile: (37, 103, 582)
[M::mem_pestat] low and high boundaries for computing mean and std.dev: (1, 1672)
[M::mem_pestat] mean and std.dev: (160.63, 231.59)
[M::mem_pestat] low and high boundaries for proper pairs: (1, 2217)
[M::mem_pestat] skip orientation FF
[M::mem_pestat] skip orientation RF
[M::mem_pestat] skip orientation RR
[M::process] read 1746924 sequences (160000104 bp)...
[M::mem_process_seqs] Processed 1746804 reads in 506.884 CPU sec, 33.056 real sec
[M::process] read 1743458 sequences (160000111 bp)...
[M::mem_pestat] # candidate unique pairs for (FF, FR, RF, RR): (235, 566024, 695, 87)
[M::mem_pestat] analyzing insert size distribution for orientation FF...
[M::mem_pestat] (25, 50, 75) percentile: (111, 205, 478)
[M::mem_pestat] low and high boundaries for computing mean and std.dev: (1, 1212)
[M::mem_pestat] mean and std.dev: (221.38, 184.84)
[M::mem_pestat] low and high boundaries for proper pairs: (1, 1579)
[M::mem_pestat] analyzing insert size distribution for orientation FR...
[M::mem_pestat] (25, 50, 75) percentile: (102, 173, 233)
[M::mem_pestat] low and high boundaries for computing mean and std.dev: (1, 495)
[M::mem_pestat] mean and std.dev: (182.65, 100.12)
[M::mem_pestat] low and high boundaries for proper pairs: (1, 626)
[M::mem_pestat] analyzing insert size distribution for orientation RF...
[M::mem_pestat] (25, 50, 75) percentile: (25, 77, 335)
[M::mem_pestat] low and high boundaries for computing mean and std.dev: (1, 955)
[M::mem_pestat] mean and std.dev: (150.50, 187.08)
[M::mem_pestat] low and high boundaries for proper pairs: (1, 1265)
[M::mem_pestat] analyzing insert size distribution for orientation RR...
[M::mem_pestat] (25, 50, 75) percentile: (47, 102, 956)
[M::mem_pestat] low and high boundaries for computing mean and std.dev: (1, 2774)
[M::mem_pestat] mean and std.dev: (295.53, 497.96)
[M::mem_pestat] low and high boundaries for proper pairs: (1, 3683)
[M::mem_pestat] skip orientation FF
[M::mem_pestat] skip orientation RF
[M::mem_pestat] skip orientation RR
[M::mem_process_seqs] Processed 1746924 reads in 517.728 CPU sec, 33.864 real sec
[M::mem_pestat] # candidate unique pairs for (FF, FR, RF, RR): (188, 569707, 676, 80)
[M::mem_pestat] analyzing insert size distribution for orientation FF...
[M::mem_pestat] (25, 50, 75) percentile: (102, 202, 401)
[M::mem_pestat] low and high boundaries for computing mean and std.dev: (1, 999)
[M::mem_pestat] mean and std.dev: (219.42, 173.45)
[M::mem_pestat] low and high boundaries for proper pairs: (1, 1298)
[M::mem_pestat] analyzing insert size distribution for orientation FR...
[M::mem_pestat] (25, 50, 75) percentile: (101, 173, 233)
[M::mem_pestat] low and high boundaries for computing mean and std.dev: (1, 497)
[M::mem_pestat] mean and std.dev: (183.14, 100.89)
[M::mem_pestat] low and high boundaries for proper pairs: (1, 629)
[M::mem_pestat] analyzing insert size distribution for orientation RF...
[M::mem_pestat] (25, 50, 75) percentile: (24, 78, 226)
[M::mem_pestat] low and high boundaries for computing mean and std.dev: (1, 630)
[M::mem_pestat] mean and std.dev: (128.99, 142.94)
[M::mem_pestat] low and high boundaries for proper pairs: (1, 832)
[M::mem_pestat] analyzing insert size distribution for orientation RR...
[M::mem_pestat] (25, 50, 75) percentile: (45, 127, 408)
[M::mem_pestat] low and high boundaries for computing mean and std.dev: (1, 1134)
[M::mem_pestat] mean and std.dev: (137.14, 175.16)
[M::mem_pestat] low and high boundaries for proper pairs: (1, 1497)
[M::mem_pestat] skip orientation FF
[M::mem_pestat] skip orientation RF
[M::mem_pestat] skip orientation RR
[M::process] read 1740882 sequences (160000036 bp)...
[M::mem_process_seqs] Processed 1743458 reads in 506.258 CPU sec, 32.909 real sec
[M::mem_pestat] # candidate unique pairs for (FF, FR, RF, RR): (117, 569880, 670, 56)
[M::mem_pestat] analyzing insert size distribution for orientation FF...
[M::mem_pestat] (25, 50, 75) percentile: (91, 200, 395)
[M::mem_pestat] low and high boundaries for computing mean and std.dev: (1, 1003)
[M::mem_pestat] mean and std.dev: (216.99, 166.74)
[M::mem_pestat] low and high boundaries for proper pairs: (1, 1307)
[M::mem_pestat] analyzing insert size distribution for orientation FR...
[M::mem_pestat] (25, 50, 75) percentile: (100, 171, 231)
[M::mem_pestat] low and high boundaries for computing mean and std.dev: (1, 493)
[M::mem_pestat] mean and std.dev: (181.14, 100.01)
[M::mem_pestat] low and high boundaries for proper pairs: (1, 624)
[M::mem_pestat] analyzing insert size distribution for orientation RF...
[M::mem_pestat] (25, 50, 75) percentile: (23, 57, 212)
[M::mem_pestat] low and high boundaries for computing mean and std.dev: (1, 590)
[M::mem_pestat] mean and std.dev: (113.20, 123.33)
[M::mem_pestat] low and high boundaries for proper pairs: (1, 779)
[M::mem_pestat] analyzing insert size distribution for orientation RR...
[M::mem_pestat] (25, 50, 75) percentile: (52, 142, 956)
[M::mem_pestat] low and high boundaries for computing mean and std.dev: (1, 2764)
[M::mem_pestat] mean and std.dev: (277.85, 445.32)
[M::mem_pestat] low and high boundaries for proper pairs: (1, 3668)
[M::mem_pestat] skip orientation FF
[M::mem_pestat] skip orientation RF
[M::mem_pestat] skip orientation RR
[M::process] read 1744132 sequences (160000054 bp)...
[M::mem_process_seqs] Processed 1740882 reads in 504.026 CPU sec, 33.011 real sec
[M::mem_pestat] # candidate unique pairs for (FF, FR, RF, RR): (80, 572888, 659, 60)
[M::mem_pestat] analyzing insert size distribution for orientation FF...
[M::mem_pestat] (25, 50, 75) percentile: (93, 241, 361)
[M::mem_pestat] low and high boundaries for computing mean and std.dev: (1, 897)
[M::mem_pestat] mean and std.dev: (214.43, 139.71)
[M::mem_pestat] low and high boundaries for proper pairs: (1, 1165)
[M::mem_pestat] analyzing insert size distribution for orientation FR...
[M::mem_pestat] (25, 50, 75) percentile: (100, 171, 230)
[M::mem_pestat] low and high boundaries for computing mean and std.dev: (1, 490)
[M::mem_pestat] mean and std.dev: (180.72, 99.44)
[M::mem_pestat] low and high boundaries for proper pairs: (1, 620)
[M::mem_pestat] analyzing insert size distribution for orientation RF...
[M::mem_pestat] (25, 50, 75) percentile: (25, 67, 213)
[M::mem_pestat] low and high boundaries for computing mean and std.dev: (1, 589)
[M::mem_pestat] mean and std.dev: (113.99, 124.50)
[M::mem_pestat] low and high boundaries for proper pairs: (1, 777)
[M::mem_pestat] analyzing insert size distribution for orientation RR...
[M::mem_pestat] (25, 50, 75) percentile: (53, 147, 395)
[M::mem_pestat] low and high boundaries for computing mean and std.dev: (1, 1079)
[M::mem_pestat] mean and std.dev: (142.14, 131.48)
[M::mem_pestat] low and high boundaries for proper pairs: (1, 1421)
[M::mem_pestat] skip orientation FF
[M::mem_pestat] skip orientation RF
[M::mem_pestat] skip orientation RR
[M::process] read 1737240 sequences (160000067 bp)...
[M::mem_process_seqs] Processed 1744132 reads in 516.618 CPU sec, 33.887 real sec
[M::mem_pestat] # candidate unique pairs for (FF, FR, RF, RR): (90, 571751, 653, 37)
[M::mem_pestat] analyzing insert size distribution for orientation FF...
[M::mem_pestat] (25, 50, 75) percentile: (84, 172, 292)
[M::mem_pestat] low and high boundaries for computing mean and std.dev: (1, 708)
[M::mem_pestat] mean and std.dev: (186.80, 132.88)
[M::mem_pestat] low and high boundaries for proper pairs: (1, 916)
[M::mem_pestat] analyzing insert size distribution for orientation FR...
[M::mem_pestat] (25, 50, 75) percentile: (100, 173, 233)
[M::mem_pestat] low and high boundaries for computing mean and std.dev: (1, 499)
[M::mem_pestat] mean and std.dev: (183.23, 101.71)
[M::mem_pestat] low and high boundaries for proper pairs: (1, 632)
[M::mem_pestat] analyzing insert size distribution for orientation RF...
[M::mem_pestat] (25, 50, 75) percentile: (26, 71, 218)
[M::mem_pestat] low and high boundaries for computing mean and std.dev: (1, 602)
[M::mem_pestat] mean and std.dev: (131.54, 142.11)
[M::mem_pestat] low and high boundaries for proper pairs: (1, 794)
[M::mem_pestat] analyzing insert size distribution for orientation RR...
[M::mem_pestat] (25, 50, 75) percentile: (47, 79, 189)
[M::mem_pestat] low and high boundaries for computing mean and std.dev: (1, 473)
[M::mem_pestat] mean and std.dev: (114.79, 111.41)
[M::mem_pestat] low and high boundaries for proper pairs: (1, 615)
[M::mem_pestat] skip orientation FF
[M::mem_pestat] skip orientation RF
[M::mem_pestat] skip orientation RR
[M::process] read 1740370 sequences (160000104 bp)...
[M::mem_process_seqs] Processed 1737240 reads in 488.977 CPU sec, 33.345 real sec
[M::mem_pestat] # candidate unique pairs for (FF, FR, RF, RR): (199, 568017, 679, 116)
[M::mem_pestat] analyzing insert size distribution for orientation FF...
[M::mem_pestat] (25, 50, 75) percentile: (79, 188, 371)
[M::mem_pestat] low and high boundaries for computing mean and std.dev: (1, 955)
[M::mem_pestat] mean and std.dev: (206.42, 169.45)
[M::mem_pestat] low and high boundaries for proper pairs: (1, 1247)
[M::mem_pestat] analyzing insert size distribution for orientation FR...
[M::mem_pestat] (25, 50, 75) percentile: (102, 174, 235)
[M::mem_pestat] low and high boundaries for computing mean and std.dev: (1, 501)
[M::mem_pestat] mean and std.dev: (183.78, 101.76)
[M::mem_pestat] low and high boundaries for proper pairs: (1, 634)
[M::mem_pestat] analyzing insert size distribution for orientation RF...
[M::mem_pestat] (25, 50, 75) percentile: (25, 108, 292)
[M::mem_pestat] low and high boundaries for computing mean and std.dev: (1, 826)
[M::mem_pestat] mean and std.dev: (150.94, 176.17)
[M::mem_pestat] low and high boundaries for proper pairs: (1, 1093)
[M::mem_pestat] analyzing insert size distribution for orientation RR...
[M::mem_pestat] (25, 50, 75) percentile: (42, 99, 380)
[M::mem_pestat] low and high boundaries for computing mean and std.dev: (1, 1056)
[M::mem_pestat] mean and std.dev: (113.43, 135.86)
[M::mem_pestat] low and high boundaries for proper pairs: (1, 1394)
[M::mem_pestat] skip orientation FF
[M::mem_pestat] skip orientation RF
[M::mem_pestat] skip orientation RR
[M::process] read 1744982 sequences (160000070 bp)...
[M::mem_process_seqs] Processed 1740370 reads in 495.749 CPU sec, 33.360 real sec
[M::mem_pestat] # candidate unique pairs for (FF, FR, RF, RR): (232, 567321, 694, 104)
[M::mem_pestat] analyzing insert size distribution for orientation FF...
[M::mem_pestat] (25, 50, 75) percentile: (96, 200, 439)
[M::mem_pestat] low and high boundaries for computing mean and std.dev: (1, 1125)
[M::mem_pestat] mean and std.dev: (207.07, 170.02)
[M::mem_pestat] low and high boundaries for proper pairs: (1, 1468)
[M::mem_pestat] analyzing insert size distribution for orientation FR...
[M::mem_pestat] (25, 50, 75) percentile: (101, 172, 232)
[M::mem_pestat] low and high boundaries for computing mean and std.dev: (1, 494)
[M::mem_pestat] mean and std.dev: (181.58, 99.79)
[M::mem_pestat] low and high boundaries for proper pairs: (1, 625)
[M::mem_pestat] analyzing insert size distribution for orientation RF...
[M::mem_pestat] (25, 50, 75) percentile: (25, 87, 326)
[M::mem_pestat] low and high boundaries for computing mean and std.dev: (1, 928)
[M::mem_pestat] mean and std.dev: (151.74, 189.85)
[M::mem_pestat] low and high boundaries for proper pairs: (1, 1229)
[M::mem_pestat] analyzing insert size distribution for orientation RR...
[M::mem_pestat] (25, 50, 75) percentile: (49, 109, 1146)
[M::mem_pestat] low and high boundaries for computing mean and std.dev: (1, 3340)
[M::mem_pestat] mean and std.dev: (401.60, 765.92)
[M::mem_pestat] low and high boundaries for proper pairs: (1, 4437)
[M::mem_pestat] skip orientation FF
[M::mem_pestat] skip orientation RF
[M::mem_pestat] skip orientation RR
[M::process] read 1753692 sequences (160000095 bp)...
[M::mem_process_seqs] Processed 1744982 reads in 505.921 CPU sec, 32.976 real sec
[M::mem_pestat] # candidate unique pairs for (FF, FR, RF, RR): (243, 568849, 665, 112)
[M::mem_pestat] analyzing insert size distribution for orientation FF...
[M::mem_pestat] (25, 50, 75) percentile: (98, 194, 365)
[M::mem_pestat] low and high boundaries for computing mean and std.dev: (1, 899)
[M::mem_pestat] mean and std.dev: (199.05, 149.22)
[M::mem_pestat] low and high boundaries for proper pairs: (1, 1166)
[M::mem_pestat] analyzing insert size distribution for orientation FR...
[M::mem_pestat] (25, 50, 75) percentile: (99, 170, 228)
[M::mem_pestat] low and high boundaries for computing mean and std.dev: (1, 486)
[M::mem_pestat] mean and std.dev: (178.77, 97.99)
[M::mem_pestat] low and high boundaries for proper pairs: (1, 615)
[M::mem_pestat] analyzing insert size distribution for orientation RF...
[M::mem_pestat] (25, 50, 75) percentile: (26, 98, 338)
[M::mem_pestat] low and high boundaries for computing mean and std.dev: (1, 962)
[M::mem_pestat] mean and std.dev: (166.61, 209.80)
[M::mem_pestat] low and high boundaries for proper pairs: (1, 1274)
[M::mem_pestat] analyzing insert size distribution for orientation RR...
[M::mem_pestat] (25, 50, 75) percentile: (50, 123, 764)
[M::mem_pestat] low and high boundaries for computing mean and std.dev: (1, 2192)
[M::mem_pestat] mean and std.dev: (244.59, 415.82)
[M::mem_pestat] low and high boundaries for proper pairs: (1, 2906)
[M::mem_pestat] skip orientation FF
[M::mem_pestat] skip orientation RF
[M::mem_pestat] skip orientation RR
[M::process] read 1792966 sequences (160000059 bp)...
[M::mem_process_seqs] Processed 1753692 reads in 516.543 CPU sec, 33.666 real sec
[M::mem_pestat] # candidate unique pairs for (FF, FR, RF, RR): (284, 564704, 607, 185)
[M::mem_pestat] analyzing insert size distribution for orientation FF...
[M::mem_pestat] (25, 50, 75) percentile: (77, 188, 431)
[M::mem_pestat] low and high boundaries for computing mean and std.dev: (1, 1139)
[M::mem_pestat] mean and std.dev: (197.91, 183.64)
[M::mem_pestat] low and high boundaries for proper pairs: (1, 1493)
[M::mem_pestat] analyzing insert size distribution for orientation FR...
[M::mem_pestat] (25, 50, 75) percentile: (93, 153, 211)
[M::mem_pestat] low and high boundaries for computing mean and std.dev: (1, 447)
[M::mem_pestat] mean and std.dev: (162.47, 85.44)
[M::mem_pestat] low and high boundaries for proper pairs: (1, 565)
[M::mem_pestat] analyzing insert size distribution for orientation RF...
[M::mem_pestat] (25, 50, 75) percentile: (25, 137, 366)
[M::mem_pestat] low and high boundaries for computing mean and std.dev: (1, 1048)
[M::mem_pestat] mean and std.dev: (176.82, 218.18)
[M::mem_pestat] low and high boundaries for proper pairs: (1, 1389)
[M::mem_pestat] analyzing insert size distribution for orientation RR...
[M::mem_pestat] (25, 50, 75) percentile: (62, 295, 2204)
[M::mem_pestat] low and high boundaries for computing mean and std.dev: (1, 6488)
[M::mem_pestat] mean and std.dev: (1033.93, 1520.90)
[M::mem_pestat] low and high boundaries for proper pairs: (1, 8630)
[M::mem_pestat] skip orientation FF
[M::mem_pestat] skip orientation RF
[M::mem_pestat] skip orientation RR
[M::process] read 1787392 sequences (160000197 bp)...
[M::mem_process_seqs] Processed 1792966 reads in 532.060 CPU sec, 34.794 real sec
[M::mem_pestat] # candidate unique pairs for (FF, FR, RF, RR): (274, 570313, 594, 144)
[M::mem_pestat] analyzing insert size distribution for orientation FF...
[M::mem_pestat] (25, 50, 75) percentile: (88, 190, 371)
[M::mem_pestat] low and high boundaries for computing mean and std.dev: (1, 937)
[M::mem_pestat] mean and std.dev: (193.70, 162.46)
[M::mem_pestat] low and high boundaries for proper pairs: (1, 1220)
[M::mem_pestat] analyzing insert size distribution for orientation FR...
[M::mem_pestat] (25, 50, 75) percentile: (94, 157, 213)
[M::mem_pestat] low and high boundaries for computing mean and std.dev: (1, 451)
[M::mem_pestat] mean and std.dev: (164.80, 86.56)
[M::mem_pestat] low and high boundaries for proper pairs: (1, 570)
[M::mem_pestat] analyzing insert size distribution for orientation RF...
[M::mem_pestat] (25, 50, 75) percentile: (26, 150, 345)
[M::mem_pestat] low and high boundaries for computing mean and std.dev: (1, 983)
[M::mem_pestat] mean and std.dev: (163.55, 201.81)
[M::mem_pestat] low and high boundaries for proper pairs: (1, 1302)
[M::mem_pestat] analyzing insert size distribution for orientation RR...
[M::mem_pestat] (25, 50, 75) percentile: (50, 145, 1998)
[M::mem_pestat] low and high boundaries for computing mean and std.dev: (1, 5894)
[M::mem_pestat] mean and std.dev: (928.69, 1442.86)
[M::mem_pestat] low and high boundaries for proper pairs: (1, 7842)
[M::mem_pestat] skip orientation FF
[M::mem_pestat] skip orientation RF
[M::mem_pestat] skip orientation RR
[M::process] read 1739480 sequences (160000101 bp)...
[M::mem_process_seqs] Processed 1787392 reads in 540.846 CPU sec, 35.385 real sec
[M::mem_pestat] # candidate unique pairs for (FF, FR, RF, RR): (107, 566917, 692, 47)
[M::mem_pestat] analyzing insert size distribution for orientation FF...
[M::mem_pestat] (25, 50, 75) percentile: (76, 206, 527)
[M::mem_pestat] low and high boundaries for computing mean and std.dev: (1, 1429)
[M::mem_pestat] mean and std.dev: (261.36, 266.05)
[M::mem_pestat] low and high boundaries for proper pairs: (1, 1880)
[M::mem_pestat] analyzing insert size distribution for orientation FR...
[M::mem_pestat] (25, 50, 75) percentile: (103, 176, 236)
[M::mem_pestat] low and high boundaries for computing mean and std.dev: (1, 502)
[M::mem_pestat] mean and std.dev: (185.65, 101.56)
[M::mem_pestat] low and high boundaries for proper pairs: (1, 635)
[M::mem_pestat] analyzing insert size distribution for orientation RF...
[M::mem_pestat] (25, 50, 75) percentile: (25, 67, 247)
[M::mem_pestat] low and high boundaries for computing mean and std.dev: (1, 691)
[M::mem_pestat] mean and std.dev: (125.03, 145.62)
[M::mem_pestat] low and high boundaries for proper pairs: (1, 913)
[M::mem_pestat] analyzing insert size distribution for orientation RR...
[M::mem_pestat] (25, 50, 75) percentile: (43, 156, 325)
[M::mem_pestat] low and high boundaries for computing mean and std.dev: (1, 889)
[M::mem_pestat] mean and std.dev: (117.24, 105.01)
[M::mem_pestat] low and high boundaries for proper pairs: (1, 1171)
[M::mem_pestat] skip orientation FF
[M::mem_pestat] skip orientation RF
[M::mem_pestat] skip orientation RR
[M::process] read 1741282 sequences (160000194 bp)...
[M::mem_process_seqs] Processed 1739480 reads in 521.667 CPU sec, 34.078 real sec
[M::mem_pestat] # candidate unique pairs for (FF, FR, RF, RR): (94, 567918, 707, 49)
[M::mem_pestat] analyzing insert size distribution for orientation FF...
[M::mem_pestat] (25, 50, 75) percentile: (98, 204, 362)
[M::mem_pestat] low and high boundaries for computing mean and std.dev: (1, 890)
[M::mem_pestat] mean and std.dev: (227.45, 174.55)
[M::mem_pestat] low and high boundaries for proper pairs: (1, 1154)
[M::mem_pestat] analyzing insert size distribution for orientation FR...
[M::mem_pestat] (25, 50, 75) percentile: (103, 176, 235)
[M::mem_pestat] low and high boundaries for computing mean and std.dev: (1, 499)
[M::mem_pestat] mean and std.dev: (185.08, 100.98)
[M::mem_pestat] low and high boundaries for proper pairs: (1, 631)
[M::mem_pestat] analyzing insert size distribution for orientation RF...
[M::mem_pestat] (25, 50, 75) percentile: (22, 62, 217)
[M::mem_pestat] low and high boundaries for computing mean and std.dev: (1, 607)
[M::mem_pestat] mean and std.dev: (121.12, 142.24)
[M::mem_pestat] low and high boundaries for proper pairs: (1, 802)
[M::mem_pestat] analyzing insert size distribution for orientation RR...
[M::mem_pestat] (25, 50, 75) percentile: (67, 174, 1176)
[M::mem_pestat] low and high boundaries for computing mean and std.dev: (1, 3394)
[M::mem_pestat] mean and std.dev: (451.93, 639.69)
[M::mem_pestat] low and high boundaries for proper pairs: (1, 4503)
[M::mem_pestat] skip orientation FF
[M::mem_pestat] skip orientation RF
[M::mem_pestat] skip orientation RR
[M::process] read 1737906 sequences (160000122 bp)...
[M::mem_process_seqs] Processed 1741282 reads in 541.129 CPU sec, 35.255 real sec
[M::mem_pestat] # candidate unique pairs for (FF, FR, RF, RR): (88, 569006, 684, 52)
[M::mem_pestat] analyzing insert size distribution for orientation FF...
[M::mem_pestat] (25, 50, 75) percentile: (124, 220, 389)
[M::mem_pestat] low and high boundaries for computing mean and std.dev: (1, 919)
[M::mem_pestat] mean and std.dev: (226.04, 154.32)
[M::mem_pestat] low and high boundaries for proper pairs: (1, 1184)
[M::mem_pestat] analyzing insert size distribution for orientation FR...
[M::mem_pestat] (25, 50, 75) percentile: (104, 177, 237)
[M::mem_pestat] low and high boundaries for computing mean and std.dev: (1, 503)
[M::mem_pestat] mean and std.dev: (186.63, 102.24)
[M::mem_pestat] low and high boundaries for proper pairs: (1, 636)
[M::mem_pestat] analyzing insert size distribution for orientation RF...
[M::mem_pestat] (25, 50, 75) percentile: (22, 79, 228)
[M::mem_pestat] low and high boundaries for computing mean and std.dev: (1, 640)
[M::mem_pestat] mean and std.dev: (122.31, 135.22)
[M::mem_pestat] low and high boundaries for proper pairs: (1, 846)
[M::mem_pestat] analyzing insert size distribution for orientation RR...
[M::mem_pestat] (25, 50, 75) percentile: (60, 176, 1251)
[M::mem_pestat] low and high boundaries for computing mean and std.dev: (1, 3633)
[M::mem_pestat] mean and std.dev: (521.73, 745.09)
[M::mem_pestat] low and high boundaries for proper pairs: (1, 4824)
[M::mem_pestat] skip orientation FF
[M::mem_pestat] skip orientation RF
[M::mem_pestat] skip orientation RR
[M::process] read 1755610 sequences (160000101 bp)...
[M::mem_process_seqs] Processed 1737906 reads in 523.233 CPU sec, 34.070 real sec
[M::mem_pestat] # candidate unique pairs for (FF, FR, RF, RR): (94, 570497, 649, 69)
[M::mem_pestat] analyzing insert size distribution for orientation FF...
[M::mem_pestat] (25, 50, 75) percentile: (81, 190, 443)
[M::mem_pestat] low and high boundaries for computing mean and std.dev: (1, 1167)
[M::mem_pestat] mean and std.dev: (206.86, 179.15)
[M::mem_pestat] low and high boundaries for proper pairs: (1, 1529)
[M::mem_pestat] analyzing insert size distribution for orientation FR...
[M::mem_pestat] (25, 50, 75) percentile: (99, 168, 223)
[M::mem_pestat] low and high boundaries for computing mean and std.dev: (1, 471)
[M::mem_pestat] mean and std.dev: (174.96, 93.17)
[M::mem_pestat] low and high boundaries for proper pairs: (1, 595)
[M::mem_pestat] analyzing insert size distribution for orientation RF...
[M::mem_pestat] (25, 50, 75) percentile: (24, 86, 218)
[M::mem_pestat] low and high boundaries for computing mean and std.dev: (1, 606)
[M::mem_pestat] mean and std.dev: (126.52, 143.97)
[M::mem_pestat] low and high boundaries for proper pairs: (1, 800)
[M::mem_pestat] analyzing insert size distribution for orientation RR...
[M::mem_pestat] (25, 50, 75) percentile: (65, 142, 1071)
[M::mem_pestat] low and high boundaries for computing mean and std.dev: (1, 3083)
[M::mem_pestat] mean and std.dev: (304.91, 514.47)
[M::mem_pestat] low and high boundaries for proper pairs: (1, 4089)
[M::mem_pestat] skip orientation FF
[M::mem_pestat] skip orientation RF
[M::mem_pestat] skip orientation RR
[M::process] read 1759014 sequences (160000052 bp)...
[M::mem_process_seqs] Processed 1755610 reads in 525.168 CPU sec, 34.215 real sec
[M::mem_pestat] # candidate unique pairs for (FF, FR, RF, RR): (102, 573472, 645, 69)
[M::mem_pestat] analyzing insert size distribution for orientation FF...
[M::mem_pestat] (25, 50, 75) percentile: (84, 215, 499)
[M::mem_pestat] low and high boundaries for computing mean and std.dev: (1, 1329)
[M::mem_pestat] mean and std.dev: (230.13, 223.96)
[M::mem_pestat] low and high boundaries for proper pairs: (1, 1744)
[M::mem_pestat] analyzing insert size distribution for orientation FR...
[M::mem_pestat] (25, 50, 75) percentile: (98, 166, 220)
[M::mem_pestat] low and high boundaries for computing mean and std.dev: (1, 464)
[M::mem_pestat] mean and std.dev: (172.19, 91.04)
[M::mem_pestat] low and high boundaries for proper pairs: (1, 586)
[M::mem_pestat] analyzing insert size distribution for orientation RF...
[M::mem_pestat] (25, 50, 75) percentile: (24, 75, 212)
[M::mem_pestat] low and high boundaries for computing mean and std.dev: (1, 588)
[M::mem_pestat] mean and std.dev: (111.55, 116.13)
[M::mem_pestat] low and high boundaries for proper pairs: (1, 776)
[M::mem_pestat] analyzing insert size distribution for orientation RR...
[M::mem_pestat] (25, 50, 75) percentile: (57, 173, 1720)
[M::mem_pestat] low and high boundaries for computing mean and std.dev: (1, 5046)
[M::mem_pestat] mean and std.dev: (598.60, 1060.68)
[M::mem_pestat] low and high boundaries for proper pairs: (1, 6709)
[M::mem_pestat] skip orientation FF
[M::mem_pestat] skip orientation RF
[M::mem_pestat] skip orientation RR
[M::process] read 1753526 sequences (160000157 bp)...
[M::mem_process_seqs] Processed 1759014 reads in 533.729 CPU sec, 34.742 real sec
[M::process] read 285122 sequences (26015928 bp)...
[M::mem_pestat] # candidate unique pairs for (FF, FR, RF, RR): (106, 572185, 664, 70)
[M::mem_pestat] analyzing insert size distribution for orientation FF...
[M::mem_pestat] (25, 50, 75) percentile: (71, 167, 359)
[M::mem_pestat] low and high boundaries for computing mean and std.dev: (1, 935)
[M::mem_pestat] mean and std.dev: (181.37, 154.21)
[M::mem_pestat] low and high boundaries for proper pairs: (1, 1223)
[M::mem_pestat] analyzing insert size distribution for orientation FR...
[M::mem_pestat] (25, 50, 75) percentile: (100, 169, 223)
[M::mem_pestat] low and high boundaries for computing mean and std.dev: (1, 469)
[M::mem_pestat] mean and std.dev: (175.18, 92.64)
[M::mem_pestat] low and high boundaries for proper pairs: (1, 592)
[M::mem_pestat] analyzing insert size distribution for orientation RF...
[M::mem_pestat] (25, 50, 75) percentile: (25, 68, 219)
[M::mem_pestat] low and high boundaries for computing mean and std.dev: (1, 607)
[M::mem_pestat] mean and std.dev: (121.84, 134.19)
[M::mem_pestat] low and high boundaries for proper pairs: (1, 801)
[M::mem_pestat] analyzing insert size distribution for orientation RR...
[M::mem_pestat] (25, 50, 75) percentile: (63, 172, 1085)
[M::mem_pestat] low and high boundaries for computing mean and std.dev: (1, 3129)
[M::mem_pestat] mean and std.dev: (337.24, 547.71)
[M::mem_pestat] low and high boundaries for proper pairs: (1, 4151)
[M::mem_pestat] skip orientation FF
[M::mem_pestat] skip orientation RF
[M::mem_pestat] skip orientation RR
[M::mem_process_seqs] Processed 1753526 reads in 537.479 CPU sec, 34.948 real sec
[M::mem_pestat] # candidate unique pairs for (FF, FR, RF, RR): (23, 92585, 80, 9)
[M::mem_pestat] analyzing insert size distribution for orientation FF...
[M::mem_pestat] (25, 50, 75) percentile: (125, 158, 349)
[M::mem_pestat] low and high boundaries for computing mean and std.dev: (1, 797)
[M::mem_pestat] mean and std.dev: (181.37, 128.30)
[M::mem_pestat] low and high boundaries for proper pairs: (1, 1021)
[M::mem_pestat] analyzing insert size distribution for orientation FR...
[M::mem_pestat] (25, 50, 75) percentile: (99, 168, 222)
[M::mem_pestat] low and high boundaries for computing mean and std.dev: (1, 468)
[M::mem_pestat] mean and std.dev: (174.32, 92.31)
[M::mem_pestat] low and high boundaries for proper pairs: (1, 591)
[M::mem_pestat] analyzing insert size distribution for orientation RF...
[M::mem_pestat] (25, 50, 75) percentile: (35, 156, 361)
[M::mem_pestat] low and high boundaries for computing mean and std.dev: (1, 1013)
[M::mem_pestat] mean and std.dev: (210.01, 252.93)
[M::mem_pestat] low and high boundaries for proper pairs: (1, 1339)
[M::mem_pestat] skip orientation RR as there are not enough pairs
[M::mem_pestat] skip orientation FF
[M::mem_pestat] skip orientation RF
[M::mem_process_seqs] Processed 285122 reads in 93.503 CPU sec, 6.232 real sec
[main] Version: 0.7.17-r1188
[main] CMD: bwa mem -t 16 /home/groups/MaxsonLab/indices/GRch38/GCA_000001405.15_GRCh38_no_alt_analysis_set.fasta samples/trim/MOLM24C_2_R1_fastqc_tpaired.fastq.gz samples/trim/MOLM24C_2_R2_fastqc_tpaired.fastq.gz
[main] Real time: 830.850 sec; CPU: 11944.650 sec
[Thu Sep 10 16:07:19 2020]
Finished job 0.
1 of 1 steps (100%) done
