Building DAG of jobs...
Using shell: /usr/bin/bash
Provided cores: 8
Rules claiming more threads will be scaled down.
Job counts:
	count	jobs
	1	peak_catalog_no_downsmpl
	1

[Thu Sep 24 16:45:20 2020]
rule peak_catalog_no_downsmpl:
    input: samples/macs/MOLM24C_1_macsout_nodownsample/MOLM24C_1_macs_peaks.broadPeak, samples/macs/MOLM24C_2_macsout_nodownsample/MOLM24C_2_macs_peaks.broadPeak, samples/macs/MOLM24C_3_macsout_nodownsample/MOLM24C_3_macs_peaks.broadPeak, samples/macs/MOLM24D_1_macsout_nodownsample/MOLM24D_1_macs_peaks.broadPeak, samples/macs/MOLM24D_2_macsout_nodownsample/MOLM24D_2_macs_peaks.broadPeak, samples/macs/MOLM24D_3_macsout_nodownsample/MOLM24D_3_macs_peaks.broadPeak, samples/macs/MOLM24X_1_macsout_nodownsample/MOLM24X_1_macs_peaks.broadPeak, samples/macs/MOLM24X_2_macsout_nodownsample/MOLM24X_2_macs_peaks.broadPeak, samples/macs/MOLM24X_3_macsout_nodownsample/MOLM24X_3_macs_peaks.broadPeak
    output: samples/macs/reads_catalog_intervals_nodownsample.bed
    jobid: 0


        echo "" > samples/macs/all_broad_peaks_nodownsample.bed
        cat samples/macs/MOLM24C_1_macsout_nodownsample/MOLM24C_1_macs_peaks.broadPeak samples/macs/MOLM24C_2_macsout_nodownsample/MOLM24C_2_macs_peaks.broadPeak samples/macs/MOLM24C_3_macsout_nodownsample/MOLM24C_3_macs_peaks.broadPeak samples/macs/MOLM24D_1_macsout_nodownsample/MOLM24D_1_macs_peaks.broadPeak samples/macs/MOLM24D_2_macsout_nodownsample/MOLM24D_2_macs_peaks.broadPeak samples/macs/MOLM24D_3_macsout_nodownsample/MOLM24D_3_macs_peaks.broadPeak samples/macs/MOLM24X_1_macsout_nodownsample/MOLM24X_1_macs_peaks.broadPeak samples/macs/MOLM24X_2_macsout_nodownsample/MOLM24X_2_macs_peaks.broadPeak samples/macs/MOLM24X_3_macsout_nodownsample/MOLM24X_3_macs_peaks.broadPeak >> samples/macs/all_broad_peaks_nodownsample.bed
        Rscript --vanilla ./scripts/computing_peak_catalog_by_replicate.R samples/macs/all_broad_peaks_nodownsample.bed /home/groups/MaxsonLab/indices/GRch38/hg38.blacklist.v2.bed 2 samples/macs/reads_catalog_intervals_nodownsample.bed hg38 ./metadata_file.tsv  
        
Activating conda environment: /home/groups/MaxsonLab/kongg/atac_seq2/.snakemake/conda/4ce8de56

Attaching package: ‘dplyr’

The following objects are masked from ‘package:stats’:

    filter, lag

The following objects are masked from ‘package:base’:

    intersect, setdiff, setequal, union

Loading required package: BiocGenerics
Loading required package: parallel

Attaching package: ‘BiocGenerics’

The following objects are masked from ‘package:parallel’:

    clusterApply, clusterApplyLB, clusterCall, clusterEvalQ,
    clusterExport, clusterMap, parApply, parCapply, parLapply,
    parLapplyLB, parRapply, parSapply, parSapplyLB

The following objects are masked from ‘package:dplyr’:

    combine, intersect, setdiff, union

The following objects are masked from ‘package:stats’:

    IQR, mad, sd, var, xtabs

The following objects are masked from ‘package:base’:

    anyDuplicated, append, as.data.frame, basename, cbind, colMeans,
    colnames, colSums, dirname, do.call, duplicated, eval, evalq,
    Filter, Find, get, grep, grepl, intersect, is.unsorted, lapply,
    lengths, Map, mapply, match, mget, order, paste, pmax, pmax.int,
    pmin, pmin.int, Position, rank, rbind, Reduce, rowMeans, rownames,
    rowSums, sapply, setdiff, sort, table, tapply, union, unique,
    unsplit, which, which.max, which.min

Loading required package: IRanges
Loading required package: S4Vectors
Loading required package: stats4

Attaching package: ‘S4Vectors’

The following objects are masked from ‘package:dplyr’:

    first, rename

The following object is masked from ‘package:base’:

    expand.grid


Attaching package: ‘IRanges’

The following objects are masked from ‘package:dplyr’:

    collapse, desc, slice

Loading required package: GenomicRanges
Loading required package: GenomeInfoDb

Attaching package: ‘plyranges’

The following objects are masked from ‘package:dplyr’:

    between, n, n_distinct

The following object is masked from ‘package:stats’:

    filter


Attaching package: ‘purrr’

The following object is masked from ‘package:GenomicRanges’:

    reduce

The following object is masked from ‘package:IRanges’:

    reduce

Error in file(file, "rt") : cannot open the connection
Calls: read.delim -> read.table -> file
In addition: Warning message:
In file(file, "rt") :
  cannot open file './metadata_file.tsv': No such file or directory
Execution halted
[Thu Sep 24 16:45:56 2020]
Error in rule peak_catalog_no_downsmpl:
    jobid: 0
    output: samples/macs/reads_catalog_intervals_nodownsample.bed
    conda-env: /home/groups/MaxsonLab/kongg/atac_seq2/.snakemake/conda/4ce8de56
    shell:
        
        echo "" > samples/macs/all_broad_peaks_nodownsample.bed
        cat samples/macs/MOLM24C_1_macsout_nodownsample/MOLM24C_1_macs_peaks.broadPeak samples/macs/MOLM24C_2_macsout_nodownsample/MOLM24C_2_macs_peaks.broadPeak samples/macs/MOLM24C_3_macsout_nodownsample/MOLM24C_3_macs_peaks.broadPeak samples/macs/MOLM24D_1_macsout_nodownsample/MOLM24D_1_macs_peaks.broadPeak samples/macs/MOLM24D_2_macsout_nodownsample/MOLM24D_2_macs_peaks.broadPeak samples/macs/MOLM24D_3_macsout_nodownsample/MOLM24D_3_macs_peaks.broadPeak samples/macs/MOLM24X_1_macsout_nodownsample/MOLM24X_1_macs_peaks.broadPeak samples/macs/MOLM24X_2_macsout_nodownsample/MOLM24X_2_macs_peaks.broadPeak samples/macs/MOLM24X_3_macsout_nodownsample/MOLM24X_3_macs_peaks.broadPeak >> samples/macs/all_broad_peaks_nodownsample.bed
        Rscript --vanilla ./scripts/computing_peak_catalog_by_replicate.R samples/macs/all_broad_peaks_nodownsample.bed /home/groups/MaxsonLab/indices/GRch38/hg38.blacklist.v2.bed 2 samples/macs/reads_catalog_intervals_nodownsample.bed hg38 ./metadata_file.tsv  
        
        (one of the commands exited with non-zero exit code; note that snakemake uses bash strict mode!)

Shutting down, this might take some time.
Exiting because a job execution failed. Look above for error message
