Building DAG of jobs...
Using shell: /usr/bin/bash
Provided cores: 8
Rules claiming more threads will be scaled down.
Job counts:
	count	jobs
	1	MACS_no_downsmpl
	1

[Thu Sep 24 18:31:01 2020]
Job 0: --- running MACS ---


        macs2 callpeak --treatment samples/bamfiles/filtered/MOLM24D_2_rmChrM_dedup_quality_shiftedReads_sorted.bam --name MOLM24D_2_macs --format BAMPE --gsize 2.7e9 --outdir samples/macs/MOLM24D_2_macsout_nodownsample --broad
        
Activating conda environment: /home/groups/MaxsonLab/kongg/atac_seq2/.snakemake/conda/877573e9
INFO  @ Thu, 24 Sep 2020 18:32:09: 
# Command line: callpeak --treatment samples/bamfiles/filtered/MOLM24D_2_rmChrM_dedup_quality_shiftedReads_sorted.bam --name MOLM24D_2_macs --format BAMPE --gsize 2.7e9 --outdir samples/macs/MOLM24D_2_macsout_nodownsample --broad
# ARGUMENTS LIST:
# name = MOLM24D_2_macs
# format = BAMPE
# ChIP-seq file = ['samples/bamfiles/filtered/MOLM24D_2_rmChrM_dedup_quality_shiftedReads_sorted.bam']
# control file = None
# effective genome size = 2.70e+09
# band width = 300
# model fold = [5, 50]
# qvalue cutoff for narrow/strong regions = 5.00e-02
# qvalue cutoff for broad/weak regions = 1.00e-01
# The maximum gap between significant sites is assigned as the read length/tag size.
# The minimum length of peaks is assigned as the predicted fragment length "d".
# Larger dataset will be scaled towards smaller dataset.
# Range for calculating regional lambda is: 10000 bps
# Broad region calling is on
# Paired-End mode is on
 
INFO  @ Thu, 24 Sep 2020 18:32:09: #1 read fragment files... 
INFO  @ Thu, 24 Sep 2020 18:32:09: #1 read treatment fragments... 
INFO  @ Thu, 24 Sep 2020 18:32:12:  1000000 
INFO  @ Thu, 24 Sep 2020 18:32:15:  2000000 
INFO  @ Thu, 24 Sep 2020 18:32:18:  3000000 
INFO  @ Thu, 24 Sep 2020 18:32:21:  4000000 
INFO  @ Thu, 24 Sep 2020 18:32:24:  5000000 
INFO  @ Thu, 24 Sep 2020 18:32:26:  6000000 
INFO  @ Thu, 24 Sep 2020 18:32:29:  7000000 
INFO  @ Thu, 24 Sep 2020 18:32:32:  8000000 
INFO  @ Thu, 24 Sep 2020 18:32:35:  9000000 
INFO  @ Thu, 24 Sep 2020 18:32:38:  10000000 
INFO  @ Thu, 24 Sep 2020 18:32:41: 10999248 fragments have been read. 
INFO  @ Thu, 24 Sep 2020 18:32:47: #1 mean fragment size is determined as 154.0 bp from treatment 
INFO  @ Thu, 24 Sep 2020 18:32:47: #1 fragment size = 154.0 
INFO  @ Thu, 24 Sep 2020 18:32:47: #1  total fragments in treatment: 10999248 
INFO  @ Thu, 24 Sep 2020 18:32:47: #1 user defined the maximum fragments... 
INFO  @ Thu, 24 Sep 2020 18:32:47: #1 filter out redundant fragments by allowing at most 1 identical fragment(s) 
INFO  @ Thu, 24 Sep 2020 18:33:20: #1  fragments after filtering in treatment: 10985327 
INFO  @ Thu, 24 Sep 2020 18:33:20: #1  Redundant rate of treatment: 0.00 
INFO  @ Thu, 24 Sep 2020 18:33:20: #1 finished! 
INFO  @ Thu, 24 Sep 2020 18:33:20: #2 Build Peak Model... 
INFO  @ Thu, 24 Sep 2020 18:33:20: #2 Skipped... 
INFO  @ Thu, 24 Sep 2020 18:33:20: #3 Call peaks... 
INFO  @ Thu, 24 Sep 2020 18:33:20: #3 Call broad peaks with given level1 -log10qvalue cutoff and level2: 1.301030, 1.000000... 
INFO  @ Thu, 24 Sep 2020 18:33:20: #3 Pre-compute pvalue-qvalue table... 
INFO  @ Thu, 24 Sep 2020 18:34:10: #3 Call peaks for each chromosome... 
INFO  @ Thu, 24 Sep 2020 18:34:40: #4 Write output xls file... samples/macs/MOLM24D_2_macsout_nodownsample/MOLM24D_2_macs_peaks.xls 
INFO  @ Thu, 24 Sep 2020 18:34:40: #4 Write broad peak in broadPeak format file... samples/macs/MOLM24D_2_macsout_nodownsample/MOLM24D_2_macs_peaks.broadPeak 
INFO  @ Thu, 24 Sep 2020 18:34:41: #4 Write broad peak in bed12/gappedPeak format file... samples/macs/MOLM24D_2_macsout_nodownsample/MOLM24D_2_macs_peaks.gappedPeak 
INFO  @ Thu, 24 Sep 2020 18:34:41: Done! 
[Thu Sep 24 18:34:41 2020]
Finished job 0.
1 of 1 steps (100%) done
