Building DAG of jobs...
Using shell: /usr/bin/bash
Provided cores: 8
Rules claiming more threads will be scaled down.
Job counts:
	count	jobs
	1	MACS_no_downsmpl
	1

[Thu Sep 24 18:31:06 2020]
Job 0: --- running MACS ---


        macs2 callpeak --treatment samples/bamfiles/filtered/MOLM24C_3_rmChrM_dedup_quality_shiftedReads_sorted.bam --name MOLM24C_3_macs --format BAMPE --gsize 2.7e9 --outdir samples/macs/MOLM24C_3_macsout_nodownsample --broad
        
Activating conda environment: /home/groups/MaxsonLab/kongg/atac_seq2/.snakemake/conda/877573e9
INFO  @ Thu, 24 Sep 2020 18:32:13: 
# Command line: callpeak --treatment samples/bamfiles/filtered/MOLM24C_3_rmChrM_dedup_quality_shiftedReads_sorted.bam --name MOLM24C_3_macs --format BAMPE --gsize 2.7e9 --outdir samples/macs/MOLM24C_3_macsout_nodownsample --broad
# ARGUMENTS LIST:
# name = MOLM24C_3_macs
# format = BAMPE
# ChIP-seq file = ['samples/bamfiles/filtered/MOLM24C_3_rmChrM_dedup_quality_shiftedReads_sorted.bam']
# control file = None
# effective genome size = 2.70e+09
# band width = 300
# model fold = [5, 50]
# qvalue cutoff for narrow/strong regions = 5.00e-02
# qvalue cutoff for broad/weak regions = 1.00e-01
# The maximum gap between significant sites is assigned as the read length/tag size.
# The minimum length of peaks is assigned as the predicted fragment length "d".
# Larger dataset will be scaled towards smaller dataset.
# Range for calculating regional lambda is: 10000 bps
# Broad region calling is on
# Paired-End mode is on
 
INFO  @ Thu, 24 Sep 2020 18:32:13: #1 read fragment files... 
INFO  @ Thu, 24 Sep 2020 18:32:13: #1 read treatment fragments... 
INFO  @ Thu, 24 Sep 2020 18:32:16:  1000000 
INFO  @ Thu, 24 Sep 2020 18:32:19:  2000000 
INFO  @ Thu, 24 Sep 2020 18:32:22:  3000000 
INFO  @ Thu, 24 Sep 2020 18:32:25:  4000000 
INFO  @ Thu, 24 Sep 2020 18:32:28:  5000000 
INFO  @ Thu, 24 Sep 2020 18:32:31:  6000000 
INFO  @ Thu, 24 Sep 2020 18:32:33:  7000000 
INFO  @ Thu, 24 Sep 2020 18:32:36:  8000000 
INFO  @ Thu, 24 Sep 2020 18:32:39:  9000000 
INFO  @ Thu, 24 Sep 2020 18:32:42:  10000000 
INFO  @ Thu, 24 Sep 2020 18:32:45:  11000000 
INFO  @ Thu, 24 Sep 2020 18:32:47:  12000000 
INFO  @ Thu, 24 Sep 2020 18:32:50:  13000000 
INFO  @ Thu, 24 Sep 2020 18:32:53: 13791437 fragments have been read. 
INFO  @ Thu, 24 Sep 2020 18:33:00: #1 mean fragment size is determined as 179.8 bp from treatment 
INFO  @ Thu, 24 Sep 2020 18:33:00: #1 fragment size = 179.8 
INFO  @ Thu, 24 Sep 2020 18:33:00: #1  total fragments in treatment: 13791437 
INFO  @ Thu, 24 Sep 2020 18:33:00: #1 user defined the maximum fragments... 
INFO  @ Thu, 24 Sep 2020 18:33:00: #1 filter out redundant fragments by allowing at most 1 identical fragment(s) 
INFO  @ Thu, 24 Sep 2020 18:33:42: #1  fragments after filtering in treatment: 13771010 
INFO  @ Thu, 24 Sep 2020 18:33:42: #1  Redundant rate of treatment: 0.00 
INFO  @ Thu, 24 Sep 2020 18:33:42: #1 finished! 
INFO  @ Thu, 24 Sep 2020 18:33:42: #2 Build Peak Model... 
INFO  @ Thu, 24 Sep 2020 18:33:42: #2 Skipped... 
INFO  @ Thu, 24 Sep 2020 18:33:42: #3 Call peaks... 
INFO  @ Thu, 24 Sep 2020 18:33:42: #3 Call broad peaks with given level1 -log10qvalue cutoff and level2: 1.301030, 1.000000... 
INFO  @ Thu, 24 Sep 2020 18:33:42: #3 Pre-compute pvalue-qvalue table... 
INFO  @ Thu, 24 Sep 2020 18:34:44: #3 Call peaks for each chromosome... 
INFO  @ Thu, 24 Sep 2020 18:35:18: #4 Write output xls file... samples/macs/MOLM24C_3_macsout_nodownsample/MOLM24C_3_macs_peaks.xls 
INFO  @ Thu, 24 Sep 2020 18:35:18: #4 Write broad peak in broadPeak format file... samples/macs/MOLM24C_3_macsout_nodownsample/MOLM24C_3_macs_peaks.broadPeak 
INFO  @ Thu, 24 Sep 2020 18:35:18: #4 Write broad peak in bed12/gappedPeak format file... samples/macs/MOLM24C_3_macsout_nodownsample/MOLM24C_3_macs_peaks.gappedPeak 
INFO  @ Thu, 24 Sep 2020 18:35:18: Done! 
[Thu Sep 24 18:35:18 2020]
Finished job 0.
1 of 1 steps (100%) done
