Building DAG of jobs...
Using shell: /usr/bin/bash
Provided cores: 8
Rules claiming more threads will be scaled down.
Job counts:
	count	jobs
	1	trimming
	1

[Thu Sep 10 15:41:37 2020]
Job 0: --- Trimming ---

Activating conda environment: /home/groups/MaxsonLab/kongg/atac_seq2/.snakemake/conda/78dcc6b8
TrimmomaticPE: Started with arguments:
 -threads 8 samples/raw/MOLM24D_2_R1.fastq.gz samples/raw/MOLM24D_2_R2.fastq.gz samples/trim/MOLM24D_2_R1_fastqc_tpaired.fastq.gz samples/trim/MOLM24D_2_R1_fastqc_tunpaired.fastq.gz samples/trim/MOLM24D_2_R2_fastqc_tpaired.fastq.gz samples/trim/MOLM24D_2_R2_fastqc_tunpaired.fastq.gz ILLUMINACLIP:/home/groups/MaxsonLab/callahro/adapters/nextera_adapters.fasta:2:30:10 LEADING:3 TRAILING:3 SLIDINGWINDOW:4:15 MINLEN:30
Using Long Clipping Sequence: 'TCGTCGGCAGCGTCAGATGTGTATAAGAGACAG'
Using Medium Clipping Sequence: 'CTGTCTCTTATACACATCT'
Using Long Clipping Sequence: 'GTCTCGTGGGCTCGGAGATGTGTATAAGAGACAG'
ILLUMINACLIP: Using 0 prefix pairs, 3 forward/reverse sequences, 0 forward only sequences, 0 reverse only sequences
Quality encoding detected as phred33
Input Read Pairs: 33766632 Both Surviving: 30897812 (91.50%) Forward Only Surviving: 2174818 (6.44%) Reverse Only Surviving: 509494 (1.51%) Dropped: 184508 (0.55%)
TrimmomaticPE: Completed successfully
[Thu Sep 10 15:56:30 2020]
Finished job 0.
1 of 1 steps (100%) done
