Building DAG of jobs...
Using shell: /usr/bin/bash
Provided cores: 32
Rules claiming more threads will be scaled down.
Job counts:
	count	jobs
	1	index
	1

[Wed Sep 16 10:37:13 2020]
Job 0: --- indexing reads---


		sambamba index -t 4 samples/align/sorted/MOLM24D_1_sorted.bam samples/bamfiles/MOLM24D_1_sorted.bam.bai
		sambamba index -t 4 samples/bamfiles/MOLM24D_1_rmChrM_dedup_quality.bam samples/bamfiles/MOLM24D_1_rmChrM_dedup_quality.bam.bai
		
		
Activating conda environment: /home/groups/MaxsonLab/kongg/atac_seq2/.snakemake/conda/75351f1c

sambamba 0.6.8 by Artem Tarasov and Pjotr Prins (C) 2012-2018
    LDC 1.11.0 / DMD v2.081.2 / LLVM6.0.1 / bootstrap LDC - the LLVM D compiler (0.17.6git-0156298)


sambamba 0.6.8 by Artem Tarasov and Pjotr Prins (C) 2012-2018
    LDC 1.11.0 / DMD v2.081.2 / LLVM6.0.1 / bootstrap LDC - the LLVM D compiler (0.17.6git-0156298)

[Wed Sep 16 10:37:59 2020]
Finished job 0.
1 of 1 steps (100%) done
