Building DAG of jobs...
Using shell: /usr/bin/bash
Provided cores: 8
Rules claiming more threads will be scaled down.
Job counts:
	count	jobs
	1	sortbam2
	1

[Thu Sep 24 16:29:37 2020]
rule sortbam2:
    input: samples/bamfiles/MOLM24X_2_rmChrM_dedup_quality_shiftedReads.bam
    output: samples/bamfiles/filtered/MOLM24X_2_rmChrM_dedup_quality_shiftedReads_sorted.bam
    jobid: 0
    wildcards: sample=MOLM24X_2

samtools sort -@ 1 -m '2G' samples/bamfiles/MOLM24X_2_rmChrM_dedup_quality_shiftedReads.bam > samples/bamfiles/filtered/MOLM24X_2_rmChrM_dedup_quality_shiftedReads_sorted.bam; samtools index -b samples/bamfiles/filtered/MOLM24X_2_rmChrM_dedup_quality_shiftedReads_sorted.bam
Activating conda environment: /home/groups/MaxsonLab/kongg/atac_seq2/.snakemake/conda/714e46c9
[bam_sort_core] merging from 1 files and 1 in-memory blocks...
[Thu Sep 24 16:31:32 2020]
Finished job 0.
1 of 1 steps (100%) done
